[2.164s] Invoking command in '/home/max/temp_workspace/src/action_service_client': AMENT_PREFIX_PATH=/home/max/temp_workspace/install/action_tutorials_interfaces:${AMENT_PREFIX_PATH} CMAKE_PREFIX_PATH=/home/max/temp_workspace/install/action_tutorials_interfaces LD_LIBRARY_PATH=/home/max/temp_workspace/install/action_tutorials_interfaces/lib:${LD_LIBRARY_PATH} PYTHONPATH=/home/max/temp_workspace/install/action_service_client/lib/python3.8/site-packages:/home/max/temp_workspace/install/action_tutorials_interfaces/lib/python3.8/site-packages:${PYTHONPATH} /usr/bin/python3 setup.py egg_info --egg-base ../../build/action_service_client build --build-base /home/max/temp_workspace/build/action_service_client/build install --prefix /home/max/temp_workspace/install/action_service_client --record /home/max/temp_workspace/build/action_service_client/install.log --single-version-externally-managed
[2.475s] /home/max/.local/lib/python3.8/site-packages/setuptools/dist.py:771: UserWarning: Usage of dash-separated 'script-dir' will not be supported in future versions. Please use the underscore name 'script_dir' instead
[2.475s]   warnings.warn(
[2.475s] /home/max/.local/lib/python3.8/site-packages/setuptools/dist.py:771: UserWarning: Usage of dash-separated 'install-scripts' will not be supported in future versions. Please use the underscore name 'install_scripts' instead
[2.475s]   warnings.warn(
[2.558s] running egg_info
[2.572s] writing ../../build/action_service_client/action_service_client.egg-info/PKG-INFO
[2.572s] writing dependency_links to ../../build/action_service_client/action_service_client.egg-info/dependency_links.txt
[2.572s] writing entry points to ../../build/action_service_client/action_service_client.egg-info/entry_points.txt
[2.572s] writing requirements to ../../build/action_service_client/action_service_client.egg-info/requires.txt
[2.572s] writing top-level names to ../../build/action_service_client/action_service_client.egg-info/top_level.txt
[2.599s] reading manifest file '../../build/action_service_client/action_service_client.egg-info/SOURCES.txt'
[2.600s] writing manifest file '../../build/action_service_client/action_service_client.egg-info/SOURCES.txt'
[2.600s] running build
[2.600s] running build_py
[2.600s] running install
[2.600s] /home/max/.local/lib/python3.8/site-packages/setuptools/command/install.py:34: SetuptoolsDeprecationWarning: setup.py install is deprecated. Use build and pip and other standards-based tools.
[2.601s]   warnings.warn(
[2.607s] running install_lib
[2.620s] running install_data
[2.633s] running install_egg_info
[2.646s] removing '/home/max/temp_workspace/install/action_service_client/lib/python3.8/site-packages/action_service_client-0.0.0-py3.8.egg-info' (and everything under it)
[2.646s] Copying ../../build/action_service_client/action_service_client.egg-info to /home/max/temp_workspace/install/action_service_client/lib/python3.8/site-packages/action_service_client-0.0.0-py3.8.egg-info
[2.647s] running install_scripts
[2.719s] Installing squares_action_client script to /home/max/temp_workspace/install/action_service_client/lib/action_service_client
[2.719s] Installing squares_action_server script to /home/max/temp_workspace/install/action_service_client/lib/action_service_client
[2.720s] writing list of installed files to '/home/max/temp_workspace/build/action_service_client/install.log'
[2.839s] Invoked command in '/home/max/temp_workspace/src/action_service_client' returned '0': AMENT_PREFIX_PATH=/home/max/temp_workspace/install/action_tutorials_interfaces:${AMENT_PREFIX_PATH} CMAKE_PREFIX_PATH=/home/max/temp_workspace/install/action_tutorials_interfaces LD_LIBRARY_PATH=/home/max/temp_workspace/install/action_tutorials_interfaces/lib:${LD_LIBRARY_PATH} PYTHONPATH=/home/max/temp_workspace/install/action_service_client/lib/python3.8/site-packages:/home/max/temp_workspace/install/action_tutorials_interfaces/lib/python3.8/site-packages:${PYTHONPATH} /usr/bin/python3 setup.py egg_info --egg-base ../../build/action_service_client build --build-base /home/max/temp_workspace/build/action_service_client/build install --prefix /home/max/temp_workspace/install/action_service_client --record /home/max/temp_workspace/build/action_service_client/install.log --single-version-externally-managed
