[0.388s] DEBUG:colcon:Command line arguments: ['/usr/bin/colcon', 'build', '--packages-select', 'action_service_client']
[0.388s] DEBUG:colcon:Parsed command line arguments: Namespace(allow_overriding=[], ament_cmake_args=None, base_paths=['.'], build_base='build', catkin_cmake_args=None, catkin_skip_building_tests=False, cmake_args=None, cmake_clean_cache=False, cmake_clean_first=False, cmake_force_configure=False, cmake_target=None, cmake_target_skip_unavailable=False, continue_on_error=False, event_handlers=None, executor='parallel', ignore_user_meta=False, install_base='install', log_base=None, log_level=None, main=<bound method BuildVerb.main of <colcon_core.verb.build.BuildVerb object at 0x7f53755636a0>>, merge_install=False, metas=['./colcon.meta'], packages_above=None, packages_above_and_dependencies=None, packages_above_depth=None, packages_end=None, packages_ignore=None, packages_ignore_regex=None, packages_select=['action_service_client'], packages_select_build_failed=False, packages_select_by_dep=None, packages_select_regex=None, packages_select_test_failures=False, packages_skip=None, packages_skip_build_finished=False, packages_skip_by_dep=None, packages_skip_regex=None, packages_skip_test_passed=False, packages_skip_up_to=None, packages_start=None, packages_up_to=None, packages_up_to_regex=None, parallel_workers=4, paths=None, symlink_install=False, test_result_base=None, verb_extension=<colcon_core.verb.build.BuildVerb object at 0x7f53755636a0>, verb_name='build', verb_parser=<colcon_defaults.argument_parser.defaults.DefaultArgumentsDecorator object at 0x7f537542d400>)
[0.460s] Level 1:colcon.colcon_core.package_discovery:discover_packages(colcon_meta) check parameters
[0.461s] Level 1:colcon.colcon_core.package_discovery:discover_packages(recursive) check parameters
[0.461s] Level 1:colcon.colcon_core.package_discovery:discover_packages(ignore) check parameters
[0.461s] Level 1:colcon.colcon_core.package_discovery:discover_packages(path) check parameters
[0.461s] Level 1:colcon.colcon_core.package_discovery:discover_packages(colcon_meta) discover
[0.461s] Level 1:colcon.colcon_core.package_discovery:discover_packages(recursive) discover
[0.461s] INFO:colcon.colcon_core.package_discovery:Crawling recursively for packages in '/home/max/temp_workspace'
[0.461s] Level 1:colcon.colcon_core.package_identification:_identify(.) by extensions ['ignore', 'ignore_ament_install']
[0.461s] Level 1:colcon.colcon_core.package_identification:_identify(.) by extension 'ignore'
[0.461s] Level 1:colcon.colcon_core.package_identification:_identify(.) by extension 'ignore_ament_install'
[0.461s] Level 1:colcon.colcon_core.package_identification:_identify(.) by extensions ['colcon_pkg']
[0.461s] Level 1:colcon.colcon_core.package_identification:_identify(.) by extension 'colcon_pkg'
[0.461s] Level 1:colcon.colcon_core.package_identification:_identify(.) by extensions ['colcon_meta']
[0.461s] Level 1:colcon.colcon_core.package_identification:_identify(.) by extension 'colcon_meta'
[0.462s] Level 1:colcon.colcon_core.package_identification:_identify(.) by extensions ['ros']
[0.462s] Level 1:colcon.colcon_core.package_identification:_identify(.) by extension 'ros'
[0.482s] Level 1:colcon.colcon_core.package_identification:_identify(.) by extensions ['cmake', 'python']
[0.482s] Level 1:colcon.colcon_core.package_identification:_identify(.) by extension 'cmake'
[0.482s] Level 1:colcon.colcon_core.package_identification:_identify(.) by extension 'python'
[0.482s] Level 1:colcon.colcon_core.package_identification:_identify(.) by extensions ['python_setup_py']
[0.482s] Level 1:colcon.colcon_core.package_identification:_identify(.) by extension 'python_setup_py'
[0.482s] Level 1:colcon.colcon_core.package_identification:_identify(build) by extensions ['ignore', 'ignore_ament_install']
[0.483s] Level 1:colcon.colcon_core.package_identification:_identify(build) by extension 'ignore'
[0.483s] Level 1:colcon.colcon_core.package_identification:_identify(build) ignored
[0.483s] Level 1:colcon.colcon_core.package_identification:_identify(install) by extensions ['ignore', 'ignore_ament_install']
[0.483s] Level 1:colcon.colcon_core.package_identification:_identify(install) by extension 'ignore'
[0.483s] Level 1:colcon.colcon_core.package_identification:_identify(install) ignored
[0.483s] Level 1:colcon.colcon_core.package_identification:_identify(log) by extensions ['ignore', 'ignore_ament_install']
[0.483s] Level 1:colcon.colcon_core.package_identification:_identify(log) by extension 'ignore'
[0.483s] Level 1:colcon.colcon_core.package_identification:_identify(log) ignored
[0.484s] Level 1:colcon.colcon_core.package_identification:_identify(readme) by extensions ['ignore', 'ignore_ament_install']
[0.484s] Level 1:colcon.colcon_core.package_identification:_identify(readme) by extension 'ignore'
[0.484s] Level 1:colcon.colcon_core.package_identification:_identify(readme) by extension 'ignore_ament_install'
[0.484s] Level 1:colcon.colcon_core.package_identification:_identify(readme) by extensions ['colcon_pkg']
[0.484s] Level 1:colcon.colcon_core.package_identification:_identify(readme) by extension 'colcon_pkg'
[0.484s] Level 1:colcon.colcon_core.package_identification:_identify(readme) by extensions ['colcon_meta']
[0.484s] Level 1:colcon.colcon_core.package_identification:_identify(readme) by extension 'colcon_meta'
[0.484s] Level 1:colcon.colcon_core.package_identification:_identify(readme) by extensions ['ros']
[0.484s] Level 1:colcon.colcon_core.package_identification:_identify(readme) by extension 'ros'
[0.484s] Level 1:colcon.colcon_core.package_identification:_identify(readme) by extensions ['cmake', 'python']
[0.484s] Level 1:colcon.colcon_core.package_identification:_identify(readme) by extension 'cmake'
[0.485s] Level 1:colcon.colcon_core.package_identification:_identify(readme) by extension 'python'
[0.485s] Level 1:colcon.colcon_core.package_identification:_identify(readme) by extensions ['python_setup_py']
[0.485s] Level 1:colcon.colcon_core.package_identification:_identify(readme) by extension 'python_setup_py'
[0.485s] Level 1:colcon.colcon_core.package_identification:_identify(src) by extensions ['ignore', 'ignore_ament_install']
[0.485s] Level 1:colcon.colcon_core.package_identification:_identify(src) by extension 'ignore'
[0.485s] Level 1:colcon.colcon_core.package_identification:_identify(src) by extension 'ignore_ament_install'
[0.485s] Level 1:colcon.colcon_core.package_identification:_identify(src) by extensions ['colcon_pkg']
[0.485s] Level 1:colcon.colcon_core.package_identification:_identify(src) by extension 'colcon_pkg'
[0.485s] Level 1:colcon.colcon_core.package_identification:_identify(src) by extensions ['colcon_meta']
[0.485s] Level 1:colcon.colcon_core.package_identification:_identify(src) by extension 'colcon_meta'
[0.485s] Level 1:colcon.colcon_core.package_identification:_identify(src) by extensions ['ros']
[0.485s] Level 1:colcon.colcon_core.package_identification:_identify(src) by extension 'ros'
[0.485s] Level 1:colcon.colcon_core.package_identification:_identify(src) by extensions ['cmake', 'python']
[0.485s] Level 1:colcon.colcon_core.package_identification:_identify(src) by extension 'cmake'
[0.486s] Level 1:colcon.colcon_core.package_identification:_identify(src) by extension 'python'
[0.486s] Level 1:colcon.colcon_core.package_identification:_identify(src) by extensions ['python_setup_py']
[0.486s] Level 1:colcon.colcon_core.package_identification:_identify(src) by extension 'python_setup_py'
[0.486s] Level 1:colcon.colcon_core.package_identification:_identify(src/action_service_client) by extensions ['ignore', 'ignore_ament_install']
[0.486s] Level 1:colcon.colcon_core.package_identification:_identify(src/action_service_client) by extension 'ignore'
[0.486s] Level 1:colcon.colcon_core.package_identification:_identify(src/action_service_client) by extension 'ignore_ament_install'
[0.486s] Level 1:colcon.colcon_core.package_identification:_identify(src/action_service_client) by extensions ['colcon_pkg']
[0.486s] Level 1:colcon.colcon_core.package_identification:_identify(src/action_service_client) by extension 'colcon_pkg'
[0.486s] Level 1:colcon.colcon_core.package_identification:_identify(src/action_service_client) by extensions ['colcon_meta']
[0.486s] Level 1:colcon.colcon_core.package_identification:_identify(src/action_service_client) by extension 'colcon_meta'
[0.486s] Level 1:colcon.colcon_core.package_identification:_identify(src/action_service_client) by extensions ['ros']
[0.486s] Level 1:colcon.colcon_core.package_identification:_identify(src/action_service_client) by extension 'ros'
[0.489s] DEBUG:colcon.colcon_core.package_identification:Package 'src/action_service_client' with type 'ros.ament_python' and name 'action_service_client'
[0.489s] Level 1:colcon.colcon_core.package_identification:_identify(src/action_tutorials_interfaces) by extensions ['ignore', 'ignore_ament_install']
[0.490s] Level 1:colcon.colcon_core.package_identification:_identify(src/action_tutorials_interfaces) by extension 'ignore'
[0.490s] Level 1:colcon.colcon_core.package_identification:_identify(src/action_tutorials_interfaces) by extension 'ignore_ament_install'
[0.490s] Level 1:colcon.colcon_core.package_identification:_identify(src/action_tutorials_interfaces) by extensions ['colcon_pkg']
[0.490s] Level 1:colcon.colcon_core.package_identification:_identify(src/action_tutorials_interfaces) by extension 'colcon_pkg'
[0.490s] Level 1:colcon.colcon_core.package_identification:_identify(src/action_tutorials_interfaces) by extensions ['colcon_meta']
[0.490s] Level 1:colcon.colcon_core.package_identification:_identify(src/action_tutorials_interfaces) by extension 'colcon_meta'
[0.490s] Level 1:colcon.colcon_core.package_identification:_identify(src/action_tutorials_interfaces) by extensions ['ros']
[0.490s] Level 1:colcon.colcon_core.package_identification:_identify(src/action_tutorials_interfaces) by extension 'ros'
[0.491s] DEBUG:colcon.colcon_core.package_identification:Package 'src/action_tutorials_interfaces' with type 'ros.ament_cmake' and name 'action_tutorials_interfaces'
[0.491s] Level 1:colcon.colcon_core.package_identification:_identify(src/build) by extensions ['ignore', 'ignore_ament_install']
[0.491s] Level 1:colcon.colcon_core.package_identification:_identify(src/build) by extension 'ignore'
[0.491s] Level 1:colcon.colcon_core.package_identification:_identify(src/build) ignored
[0.491s] Level 1:colcon.colcon_core.package_identification:_identify(src/install) by extensions ['ignore', 'ignore_ament_install']
[0.491s] Level 1:colcon.colcon_core.package_identification:_identify(src/install) by extension 'ignore'
[0.491s] Level 1:colcon.colcon_core.package_identification:_identify(src/install) ignored
[0.492s] Level 1:colcon.colcon_core.package_identification:_identify(src/listener) by extensions ['ignore', 'ignore_ament_install']
[0.492s] Level 1:colcon.colcon_core.package_identification:_identify(src/listener) by extension 'ignore'
[0.492s] Level 1:colcon.colcon_core.package_identification:_identify(src/listener) by extension 'ignore_ament_install'
[0.492s] Level 1:colcon.colcon_core.package_identification:_identify(src/listener) by extensions ['colcon_pkg']
[0.492s] Level 1:colcon.colcon_core.package_identification:_identify(src/listener) by extension 'colcon_pkg'
[0.492s] Level 1:colcon.colcon_core.package_identification:_identify(src/listener) by extensions ['colcon_meta']
[0.492s] Level 1:colcon.colcon_core.package_identification:_identify(src/listener) by extension 'colcon_meta'
[0.492s] Level 1:colcon.colcon_core.package_identification:_identify(src/listener) by extensions ['ros']
[0.492s] Level 1:colcon.colcon_core.package_identification:_identify(src/listener) by extension 'ros'
[0.493s] DEBUG:colcon.colcon_core.package_identification:Package 'src/listener' with type 'ros.ament_python' and name 'listener'
[0.493s] Level 1:colcon.colcon_core.package_identification:_identify(src/log) by extensions ['ignore', 'ignore_ament_install']
[0.493s] Level 1:colcon.colcon_core.package_identification:_identify(src/log) by extension 'ignore'
[0.493s] Level 1:colcon.colcon_core.package_identification:_identify(src/log) ignored
[0.493s] Level 1:colcon.colcon_core.package_identification:_identify(src/service) by extensions ['ignore', 'ignore_ament_install']
[0.493s] Level 1:colcon.colcon_core.package_identification:_identify(src/service) by extension 'ignore'
[0.493s] Level 1:colcon.colcon_core.package_identification:_identify(src/service) by extension 'ignore_ament_install'
[0.494s] Level 1:colcon.colcon_core.package_identification:_identify(src/service) by extensions ['colcon_pkg']
[0.494s] Level 1:colcon.colcon_core.package_identification:_identify(src/service) by extension 'colcon_pkg'
[0.494s] Level 1:colcon.colcon_core.package_identification:_identify(src/service) by extensions ['colcon_meta']
[0.494s] Level 1:colcon.colcon_core.package_identification:_identify(src/service) by extension 'colcon_meta'
[0.494s] Level 1:colcon.colcon_core.package_identification:_identify(src/service) by extensions ['ros']
[0.494s] Level 1:colcon.colcon_core.package_identification:_identify(src/service) by extension 'ros'
[0.494s] DEBUG:colcon.colcon_core.package_identification:Package 'src/service' with type 'ros.ament_python' and name 'service'
[0.495s] Level 1:colcon.colcon_core.package_identification:_identify(src/talker) by extensions ['ignore', 'ignore_ament_install']
[0.495s] Level 1:colcon.colcon_core.package_identification:_identify(src/talker) by extension 'ignore'
[0.495s] Level 1:colcon.colcon_core.package_identification:_identify(src/talker) by extension 'ignore_ament_install'
[0.495s] Level 1:colcon.colcon_core.package_identification:_identify(src/talker) by extensions ['colcon_pkg']
[0.495s] Level 1:colcon.colcon_core.package_identification:_identify(src/talker) by extension 'colcon_pkg'
[0.495s] Level 1:colcon.colcon_core.package_identification:_identify(src/talker) by extensions ['colcon_meta']
[0.495s] Level 1:colcon.colcon_core.package_identification:_identify(src/talker) by extension 'colcon_meta'
[0.495s] Level 1:colcon.colcon_core.package_identification:_identify(src/talker) by extensions ['ros']
[0.495s] Level 1:colcon.colcon_core.package_identification:_identify(src/talker) by extension 'ros'
[0.496s] DEBUG:colcon.colcon_core.package_identification:Package 'src/talker' with type 'ros.ament_python' and name 'talker'
[0.496s] Level 1:colcon.colcon_core.package_identification:_identify(src/test_interfaces1) by extensions ['ignore', 'ignore_ament_install']
[0.496s] Level 1:colcon.colcon_core.package_identification:_identify(src/test_interfaces1) by extension 'ignore'
[0.496s] Level 1:colcon.colcon_core.package_identification:_identify(src/test_interfaces1) by extension 'ignore_ament_install'
[0.496s] Level 1:colcon.colcon_core.package_identification:_identify(src/test_interfaces1) by extensions ['colcon_pkg']
[0.496s] Level 1:colcon.colcon_core.package_identification:_identify(src/test_interfaces1) by extension 'colcon_pkg'
[0.496s] Level 1:colcon.colcon_core.package_identification:_identify(src/test_interfaces1) by extensions ['colcon_meta']
[0.496s] Level 1:colcon.colcon_core.package_identification:_identify(src/test_interfaces1) by extension 'colcon_meta'
[0.496s] Level 1:colcon.colcon_core.package_identification:_identify(src/test_interfaces1) by extensions ['ros']
[0.496s] Level 1:colcon.colcon_core.package_identification:_identify(src/test_interfaces1) by extension 'ros'
[0.497s] DEBUG:colcon.colcon_core.package_identification:Package 'src/test_interfaces1' with type 'ros.ament_cmake' and name 'test_interfaces1'
[0.497s] Level 1:colcon.colcon_core.package_discovery:discover_packages(recursive) using defaults
[0.497s] Level 1:colcon.colcon_core.package_discovery:discover_packages(ignore) discover
[0.497s] Level 1:colcon.colcon_core.package_discovery:discover_packages(ignore) using defaults
[0.497s] Level 1:colcon.colcon_core.package_discovery:discover_packages(path) discover
[0.497s] Level 1:colcon.colcon_core.package_discovery:discover_packages(path) using defaults
[0.525s] INFO:colcon.colcon_core.package_selection:Skipping not selected package 'action_tutorials_interfaces' in 'src/action_tutorials_interfaces'
[0.525s] INFO:colcon.colcon_core.package_selection:Skipping not selected package 'listener' in 'src/listener'
[0.525s] INFO:colcon.colcon_core.package_selection:Skipping not selected package 'talker' in 'src/talker'
[0.525s] INFO:colcon.colcon_core.package_selection:Skipping not selected package 'test_interfaces1' in 'src/test_interfaces1'
[0.525s] INFO:colcon.colcon_core.package_selection:Skipping not selected package 'service' in 'src/service'
[0.526s] Level 1:colcon.colcon_core.package_discovery:discover_packages(prefix_path) check parameters
[0.526s] Level 1:colcon.colcon_core.package_discovery:discover_packages(prefix_path) discover
[0.530s] DEBUG:colcon.colcon_installed_package_information.package_discovery:Found 256 installed packages in /opt/ros/foxy
[0.531s] Level 1:colcon.colcon_core.package_discovery:discover_packages(prefix_path) using defaults
[0.600s] Level 5:colcon.colcon_core.verb:set package 'action_service_client' build argument 'cmake_args' from command line to 'None'
[0.600s] Level 5:colcon.colcon_core.verb:set package 'action_service_client' build argument 'cmake_target' from command line to 'None'
[0.600s] Level 5:colcon.colcon_core.verb:set package 'action_service_client' build argument 'cmake_target_skip_unavailable' from command line to 'False'
[0.600s] Level 5:colcon.colcon_core.verb:set package 'action_service_client' build argument 'cmake_clean_cache' from command line to 'False'
[0.600s] Level 5:colcon.colcon_core.verb:set package 'action_service_client' build argument 'cmake_clean_first' from command line to 'False'
[0.600s] Level 5:colcon.colcon_core.verb:set package 'action_service_client' build argument 'cmake_force_configure' from command line to 'False'
[0.601s] Level 5:colcon.colcon_core.verb:set package 'action_service_client' build argument 'ament_cmake_args' from command line to 'None'
[0.601s] Level 5:colcon.colcon_core.verb:set package 'action_service_client' build argument 'catkin_cmake_args' from command line to 'None'
[0.601s] Level 5:colcon.colcon_core.verb:set package 'action_service_client' build argument 'catkin_skip_building_tests' from command line to 'False'
[0.601s] DEBUG:colcon.colcon_core.verb:Building package 'action_service_client' with the following arguments: {'ament_cmake_args': None, 'build_base': '/home/max/temp_workspace/build/action_service_client', 'catkin_cmake_args': None, 'catkin_skip_building_tests': False, 'cmake_args': None, 'cmake_clean_cache': False, 'cmake_clean_first': False, 'cmake_force_configure': False, 'cmake_target': None, 'cmake_target_skip_unavailable': False, 'install_base': '/home/max/temp_workspace/install/action_service_client', 'merge_install': False, 'path': '/home/max/temp_workspace/src/action_service_client', 'symlink_install': False, 'test_result_base': None}
[0.603s] INFO:colcon.colcon_core.executor:Executing jobs using 'parallel' executor
[0.613s] DEBUG:colcon.colcon_parallel_executor.executor.parallel:run_until_complete
[0.613s] INFO:colcon.colcon_ros.task.ament_python.build:Building ROS package in '/home/max/temp_workspace/src/action_service_client' with build type 'ament_python'
[0.613s] Level 1:colcon.colcon_core.shell:create_environment_hook('action_service_client', 'ament_prefix_path')
[0.620s] INFO:colcon.colcon_core.plugin_system:Skipping extension 'colcon_core.shell.bat': Not used on non-Windows systems
[0.621s] INFO:colcon.colcon_core.shell:Creating environment hook '/home/max/temp_workspace/install/action_service_client/share/action_service_client/hook/ament_prefix_path.ps1'
[0.622s] INFO:colcon.colcon_core.shell:Creating environment descriptor '/home/max/temp_workspace/install/action_service_client/share/action_service_client/hook/ament_prefix_path.dsv'
[0.622s] INFO:colcon.colcon_core.shell:Creating environment hook '/home/max/temp_workspace/install/action_service_client/share/action_service_client/hook/ament_prefix_path.sh'
[0.626s] INFO:colcon.colcon_core.shell:Skip shell extension 'powershell' for command environment: Not usable outside of PowerShell
[0.626s] DEBUG:colcon.colcon_core.shell:Skip shell extension 'dsv' for command environment
[1.003s] INFO:colcon.colcon_core.task.python.build:Building Python package in '/home/max/temp_workspace/src/action_service_client'
[1.009s] INFO:colcon.colcon_core.shell:Skip shell extension 'powershell' for command environment: Not usable outside of PowerShell
[1.010s] DEBUG:colcon.colcon_core.shell:Skip shell extension 'dsv' for command environment
[1.705s] DEBUG:colcon.colcon_core.event_handler.log_command:Invoking command in '/home/max/temp_workspace/src/action_service_client': AMENT_PREFIX_PATH=/home/max/temp_workspace/install/action_tutorials_interfaces:${AMENT_PREFIX_PATH} CMAKE_PREFIX_PATH=/home/max/temp_workspace/install/action_tutorials_interfaces LD_LIBRARY_PATH=/home/max/temp_workspace/install/action_tutorials_interfaces/lib:${LD_LIBRARY_PATH} PYTHONPATH=/home/max/temp_workspace/install/action_service_client/lib/python3.8/site-packages:/home/max/temp_workspace/install/action_tutorials_interfaces/lib/python3.8/site-packages:${PYTHONPATH} /usr/bin/python3 setup.py egg_info --egg-base ../../build/action_service_client build --build-base /home/max/temp_workspace/build/action_service_client/build install --prefix /home/max/temp_workspace/install/action_service_client --record /home/max/temp_workspace/build/action_service_client/install.log --single-version-externally-managed
[2.252s] DEBUG:colcon.colcon_core.event_handler.log_command:Invoked command in '/home/max/temp_workspace/src/action_service_client' returned '0': AMENT_PREFIX_PATH=/home/max/temp_workspace/install/action_tutorials_interfaces:${AMENT_PREFIX_PATH} CMAKE_PREFIX_PATH=/home/max/temp_workspace/install/action_tutorials_interfaces LD_LIBRARY_PATH=/home/max/temp_workspace/install/action_tutorials_interfaces/lib:${LD_LIBRARY_PATH} PYTHONPATH=/home/max/temp_workspace/install/action_service_client/lib/python3.8/site-packages:/home/max/temp_workspace/install/action_tutorials_interfaces/lib/python3.8/site-packages:${PYTHONPATH} /usr/bin/python3 setup.py egg_info --egg-base ../../build/action_service_client build --build-base /home/max/temp_workspace/build/action_service_client/build install --prefix /home/max/temp_workspace/install/action_service_client --record /home/max/temp_workspace/build/action_service_client/install.log --single-version-externally-managed
[2.265s] Level 1:colcon.colcon_core.environment:checking '/home/max/temp_workspace/install/action_service_client' for CMake module files
[2.265s] Level 1:colcon.colcon_core.environment:checking '/home/max/temp_workspace/install/action_service_client' for CMake config files
[2.266s] Level 1:colcon.colcon_core.environment:checking '/home/max/temp_workspace/install/action_service_client/lib'
[2.267s] Level 1:colcon.colcon_core.environment:checking '/home/max/temp_workspace/install/action_service_client/bin'
[2.267s] Level 1:colcon.colcon_core.environment:checking '/home/max/temp_workspace/install/action_service_client/lib/pkgconfig/action_service_client.pc'
[2.267s] Level 1:colcon.colcon_core.environment:checking '/home/max/temp_workspace/install/action_service_client/lib/python3.8/site-packages'
[2.267s] Level 1:colcon.colcon_core.shell:create_environment_hook('action_service_client', 'pythonpath')
[2.272s] INFO:colcon.colcon_core.shell:Creating environment hook '/home/max/temp_workspace/install/action_service_client/share/action_service_client/hook/pythonpath.ps1'
[2.273s] INFO:colcon.colcon_core.shell:Creating environment descriptor '/home/max/temp_workspace/install/action_service_client/share/action_service_client/hook/pythonpath.dsv'
[2.274s] INFO:colcon.colcon_core.shell:Creating environment hook '/home/max/temp_workspace/install/action_service_client/share/action_service_client/hook/pythonpath.sh'
[2.274s] Level 1:colcon.colcon_core.environment:checking '/home/max/temp_workspace/install/action_service_client/bin'
[2.275s] Level 1:colcon.colcon_core.environment:create_environment_scripts_only(action_service_client)
[2.280s] INFO:colcon.colcon_core.shell:Creating package script '/home/max/temp_workspace/install/action_service_client/share/action_service_client/package.ps1'
[2.281s] INFO:colcon.colcon_core.shell:Creating package descriptor '/home/max/temp_workspace/install/action_service_client/share/action_service_client/package.dsv'
[2.282s] INFO:colcon.colcon_core.shell:Creating package script '/home/max/temp_workspace/install/action_service_client/share/action_service_client/package.sh'
[2.283s] INFO:colcon.colcon_core.shell:Creating package script '/home/max/temp_workspace/install/action_service_client/share/action_service_client/package.bash'
[2.284s] INFO:colcon.colcon_core.shell:Creating package script '/home/max/temp_workspace/install/action_service_client/share/action_service_client/package.zsh'
[2.285s] Level 1:colcon.colcon_core.environment:create_file_with_runtime_dependencies(/home/max/temp_workspace/install/action_service_client/share/colcon-core/packages/action_service_client)
[2.285s] DEBUG:colcon.colcon_parallel_executor.executor.parallel:closing loop
[2.285s] DEBUG:colcon.colcon_parallel_executor.executor.parallel:loop closed
[2.286s] DEBUG:colcon.colcon_parallel_executor.executor.parallel:run_until_complete finished with '0'
[2.286s] DEBUG:colcon.colcon_core.event_reactor:joining thread
[2.295s] INFO:colcon.colcon_core.plugin_system:Skipping extension 'colcon_notification.desktop_notification.terminal_notifier': Not used on non-Darwin systems
[2.296s] INFO:colcon.colcon_core.plugin_system:Skipping extension 'colcon_notification.desktop_notification.win32': Not used on non-Windows systems
[2.296s] INFO:colcon.colcon_notification.desktop_notification:Sending desktop notification using 'notify2'
[2.314s] DEBUG:colcon.colcon_core.event_reactor:joined thread
[2.321s] INFO:colcon.colcon_core.shell:Creating prefix script '/home/max/temp_workspace/install/local_setup.ps1'
[2.323s] INFO:colcon.colcon_core.shell:Creating prefix util module '/home/max/temp_workspace/install/_local_setup_util_ps1.py'
[2.325s] INFO:colcon.colcon_core.shell:Creating prefix chain script '/home/max/temp_workspace/install/setup.ps1'
[2.327s] INFO:colcon.colcon_core.shell:Creating prefix script '/home/max/temp_workspace/install/local_setup.sh'
[2.328s] INFO:colcon.colcon_core.shell:Creating prefix util module '/home/max/temp_workspace/install/_local_setup_util_sh.py'
[2.329s] INFO:colcon.colcon_core.shell:Creating prefix chain script '/home/max/temp_workspace/install/setup.sh'
[2.331s] INFO:colcon.colcon_core.shell:Creating prefix script '/home/max/temp_workspace/install/local_setup.bash'
[2.332s] INFO:colcon.colcon_core.shell:Creating prefix chain script '/home/max/temp_workspace/install/setup.bash'
[2.334s] INFO:colcon.colcon_core.shell:Creating prefix script '/home/max/temp_workspace/install/local_setup.zsh'
[2.334s] INFO:colcon.colcon_core.shell:Creating prefix chain script '/home/max/temp_workspace/install/setup.zsh'
