[2.488s] Invoking command in '/home/max/temp_workspace/src/action_service_client': AMENT_PREFIX_PATH=/home/max/temp_workspace/install/action_tutorials_interfaces:${AMENT_PREFIX_PATH} CMAKE_PREFIX_PATH=/home/max/temp_workspace/install/action_tutorials_interfaces LD_LIBRARY_PATH=/home/max/temp_workspace/install/action_tutorials_interfaces/lib:${LD_LIBRARY_PATH} PYTHONPATH=/home/max/temp_workspace/install/action_service_client/lib/python3.8/site-packages:/home/max/temp_workspace/install/action_tutorials_interfaces/lib/python3.8/site-packages:${PYTHONPATH} /usr/bin/python3 setup.py egg_info --egg-base ../../build/action_service_client build --build-base /home/max/temp_workspace/build/action_service_client/build install --prefix /home/max/temp_workspace/install/action_service_client --record /home/max/temp_workspace/build/action_service_client/install.log --single-version-externally-managed
[2.956s] /home/max/.local/lib/python3.8/site-packages/setuptools/dist.py:771: UserWarning: Usage of dash-separated 'script-dir' will not be supported in future versions. Please use the underscore name 'script_dir' instead
[2.956s]   warnings.warn(
[2.957s] /home/max/.local/lib/python3.8/site-packages/setuptools/dist.py:771: UserWarning: Usage of dash-separated 'install-scripts' will not be supported in future versions. Please use the underscore name 'install_scripts' instead
[2.958s]   warnings.warn(
[3.098s] running egg_info
[3.122s] writing ../../build/action_service_client/action_service_client.egg-info/PKG-INFO
[3.123s] writing dependency_links to ../../build/action_service_client/action_service_client.egg-info/dependency_links.txt
[3.124s] writing entry points to ../../build/action_service_client/action_service_client.egg-info/entry_points.txt
[3.125s] writing requirements to ../../build/action_service_client/action_service_client.egg-info/requires.txt
[3.125s] writing top-level names to ../../build/action_service_client/action_service_client.egg-info/top_level.txt
[3.182s] reading manifest file '../../build/action_service_client/action_service_client.egg-info/SOURCES.txt'
[3.185s] writing manifest file '../../build/action_service_client/action_service_client.egg-info/SOURCES.txt'
[3.185s] running build
[3.186s] running build_py
[3.187s] copying action_service_client/action_client.py -> /home/max/temp_workspace/build/action_service_client/build/lib/action_service_client
[3.187s] running install
[3.188s] /home/max/.local/lib/python3.8/site-packages/setuptools/command/install.py:34: SetuptoolsDeprecationWarning: setup.py install is deprecated. Use build and pip and other standards-based tools.
[3.188s]   warnings.warn(
[3.208s] running install_lib
[3.229s] copying /home/max/temp_workspace/build/action_service_client/build/lib/action_service_client/action_client.py -> /home/max/temp_workspace/install/action_service_client/lib/python3.8/site-packages/action_service_client
[3.229s] byte-compiling /home/max/temp_workspace/install/action_service_client/lib/python3.8/site-packages/action_service_client/action_client.py to action_client.cpython-38.pyc
[3.233s] running install_data
[3.256s] running install_egg_info
[3.275s] removing '/home/max/temp_workspace/install/action_service_client/lib/python3.8/site-packages/action_service_client-0.0.0-py3.8.egg-info' (and everything under it)
[3.283s] Copying ../../build/action_service_client/action_service_client.egg-info to /home/max/temp_workspace/install/action_service_client/lib/python3.8/site-packages/action_service_client-0.0.0-py3.8.egg-info
[3.284s] running install_scripts
[3.354s] Installing squares_action_client script to /home/max/temp_workspace/install/action_service_client/lib/action_service_client
[3.354s] Installing squares_action_server script to /home/max/temp_workspace/install/action_service_client/lib/action_service_client
[3.355s] writing list of installed files to '/home/max/temp_workspace/build/action_service_client/install.log'
[3.422s] Invoked command in '/home/max/temp_workspace/src/action_service_client' returned '0': AMENT_PREFIX_PATH=/home/max/temp_workspace/install/action_tutorials_interfaces:${AMENT_PREFIX_PATH} CMAKE_PREFIX_PATH=/home/max/temp_workspace/install/action_tutorials_interfaces LD_LIBRARY_PATH=/home/max/temp_workspace/install/action_tutorials_interfaces/lib:${LD_LIBRARY_PATH} PYTHONPATH=/home/max/temp_workspace/install/action_service_client/lib/python3.8/site-packages:/home/max/temp_workspace/install/action_tutorials_interfaces/lib/python3.8/site-packages:${PYTHONPATH} /usr/bin/python3 setup.py egg_info --egg-base ../../build/action_service_client build --build-base /home/max/temp_workspace/build/action_service_client/build install --prefix /home/max/temp_workspace/install/action_service_client --record /home/max/temp_workspace/build/action_service_client/install.log --single-version-externally-managed
