/home/jasper/.local/lib/python3.8/site-packages/setuptools/dist.py:771: UserWarning: Usage of dash-separated 'script-dir' will not be supported in future versions. Please use the underscore name 'script_dir' instead
  warnings.warn(
/home/jasper/.local/lib/python3.8/site-packages/setuptools/dist.py:771: UserWarning: Usage of dash-separated 'install-scripts' will not be supported in future versions. Please use the underscore name 'install_scripts' instead
  warnings.warn(
running egg_info
writing ../../build/talker/talker.egg-info/PKG-INFO
writing dependency_links to ../../build/talker/talker.egg-info/dependency_links.txt
writing entry points to ../../build/talker/talker.egg-info/entry_points.txt
writing requirements to ../../build/talker/talker.egg-info/requires.txt
writing top-level names to ../../build/talker/talker.egg-info/top_level.txt
reading manifest file '../../build/talker/talker.egg-info/SOURCES.txt'
writing manifest file '../../build/talker/talker.egg-info/SOURCES.txt'
running build
running build_py
copying talker/__init__.py -> /home/jasper/dev/temp_workspace/build/talker/build/lib/talker
copying talker/main.py -> /home/jasper/dev/temp_workspace/build/talker/build/lib/talker
running install
/home/jasper/.local/lib/python3.8/site-packages/setuptools/command/install.py:34: SetuptoolsDeprecationWarning: setup.py install is deprecated. Use build and pip and other standards-based tools.
  warnings.warn(
running install_lib
copying /home/jasper/dev/temp_workspace/build/talker/build/lib/talker/__init__.py -> /home/jasper/dev/temp_workspace/install/talker/lib/python3.8/site-packages/talker
copying /home/jasper/dev/temp_workspace/build/talker/build/lib/talker/main.py -> /home/jasper/dev/temp_workspace/install/talker/lib/python3.8/site-packages/talker
running install_data
copying resource/talker -> /home/jasper/dev/temp_workspace/install/talker/share/ament_index/resource_index/packages
running install_egg_info
removing '/home/jasper/dev/temp_workspace/install/talker/lib/python3.8/site-packages/talker-0.0.0-py3.8.egg-info' (and everything under it)
Copying ../../build/talker/talker.egg-info to /home/jasper/dev/temp_workspace/install/talker/lib/python3.8/site-packages/talker-0.0.0-py3.8.egg-info
running install_scripts
Installing talker script to /home/jasper/dev/temp_workspace/install/talker/lib/talker
writing list of installed files to '/home/jasper/dev/temp_workspace/build/talker/install.log'
