[1.458s] Invoking command in '/home/jasper/dev/temp_workspace/src/talker': PYTHONPATH=/home/jasper/dev/temp_workspace/install/talker/lib/python3.8/site-packages:${PYTHONPATH} /usr/bin/python3 setup.py egg_info --egg-base ../../build/talker build --build-base /home/jasper/dev/temp_workspace/build/talker/build install --prefix /home/jasper/dev/temp_workspace/install/talker --record /home/jasper/dev/temp_workspace/build/talker/install.log --single-version-externally-managed
[1.791s] /home/jasper/.local/lib/python3.8/site-packages/setuptools/dist.py:771: UserWarning: Usage of dash-separated 'script-dir' will not be supported in future versions. Please use the underscore name 'script_dir' instead
[1.791s]   warnings.warn(
[1.791s] /home/jasper/.local/lib/python3.8/site-packages/setuptools/dist.py:771: UserWarning: Usage of dash-separated 'install-scripts' will not be supported in future versions. Please use the underscore name 'install_scripts' instead
[1.791s]   warnings.warn(
[1.881s] running egg_info
[1.895s] writing ../../build/talker/talker.egg-info/PKG-INFO
[1.895s] writing dependency_links to ../../build/talker/talker.egg-info/dependency_links.txt
[1.895s] writing entry points to ../../build/talker/talker.egg-info/entry_points.txt
[1.896s] writing requirements to ../../build/talker/talker.egg-info/requires.txt
[1.896s] writing top-level names to ../../build/talker/talker.egg-info/top_level.txt
[1.925s] reading manifest file '../../build/talker/talker.egg-info/SOURCES.txt'
[1.926s] writing manifest file '../../build/talker/talker.egg-info/SOURCES.txt'
[1.926s] running build
[1.927s] running build_py
[1.927s] copying talker/__init__.py -> /home/jasper/dev/temp_workspace/build/talker/build/lib/talker
[1.927s] copying talker/main.py -> /home/jasper/dev/temp_workspace/build/talker/build/lib/talker
[1.927s] running install
[1.927s] /home/jasper/.local/lib/python3.8/site-packages/setuptools/command/install.py:34: SetuptoolsDeprecationWarning: setup.py install is deprecated. Use build and pip and other standards-based tools.
[1.927s]   warnings.warn(
[1.935s] running install_lib
[1.949s] copying /home/jasper/dev/temp_workspace/build/talker/build/lib/talker/__init__.py -> /home/jasper/dev/temp_workspace/install/talker/lib/python3.8/site-packages/talker
[1.950s] copying /home/jasper/dev/temp_workspace/build/talker/build/lib/talker/main.py -> /home/jasper/dev/temp_workspace/install/talker/lib/python3.8/site-packages/talker
[1.950s] running install_data
[1.964s] copying resource/talker -> /home/jasper/dev/temp_workspace/install/talker/share/ament_index/resource_index/packages
[1.964s] running install_egg_info
[1.978s] removing '/home/jasper/dev/temp_workspace/install/talker/lib/python3.8/site-packages/talker-0.0.0-py3.8.egg-info' (and everything under it)
[1.979s] Copying ../../build/talker/talker.egg-info to /home/jasper/dev/temp_workspace/install/talker/lib/python3.8/site-packages/talker-0.0.0-py3.8.egg-info
[1.980s] running install_scripts
[2.052s] Installing talker script to /home/jasper/dev/temp_workspace/install/talker/lib/talker
[2.052s] writing list of installed files to '/home/jasper/dev/temp_workspace/build/talker/install.log'
[2.124s] Invoked command in '/home/jasper/dev/temp_workspace/src/talker' returned '0': PYTHONPATH=/home/jasper/dev/temp_workspace/install/talker/lib/python3.8/site-packages:${PYTHONPATH} /usr/bin/python3 setup.py egg_info --egg-base ../../build/talker build --build-base /home/jasper/dev/temp_workspace/build/talker/build install --prefix /home/jasper/dev/temp_workspace/install/talker --record /home/jasper/dev/temp_workspace/build/talker/install.log --single-version-externally-managed
