[2.621s] Invoking command in '/home/max/temp_workspace/src/talker': PYTHONPATH=/home/max/temp_workspace/install/talker/lib/python3.8/site-packages:${PYTHONPATH} /usr/bin/python3 setup.py egg_info --egg-base ../../build/talker build --build-base /home/max/temp_workspace/build/talker/build install --prefix /home/max/temp_workspace/install/talker --record /home/max/temp_workspace/build/talker/install.log --single-version-externally-managed
[3.113s] /home/max/.local/lib/python3.8/site-packages/setuptools/dist.py:771: UserWarning: Usage of dash-separated 'script-dir' will not be supported in future versions. Please use the underscore name 'script_dir' instead
[3.113s]   warnings.warn(
[3.114s] /home/max/.local/lib/python3.8/site-packages/setuptools/dist.py:771: UserWarning: Usage of dash-separated 'install-scripts' will not be supported in future versions. Please use the underscore name 'install_scripts' instead
[3.114s]   warnings.warn(
[3.234s] running egg_info
[3.257s] writing ../../build/talker/talker.egg-info/PKG-INFO
[3.258s] writing dependency_links to ../../build/talker/talker.egg-info/dependency_links.txt
[3.258s] writing entry points to ../../build/talker/talker.egg-info/entry_points.txt
[3.259s] writing requirements to ../../build/talker/talker.egg-info/requires.txt
[3.259s] writing top-level names to ../../build/talker/talker.egg-info/top_level.txt
[3.315s] reading manifest file '../../build/talker/talker.egg-info/SOURCES.txt'
[3.316s] writing manifest file '../../build/talker/talker.egg-info/SOURCES.txt'
[3.317s] running build
[3.317s] running build_py
[3.318s] running install
[3.318s] /home/max/.local/lib/python3.8/site-packages/setuptools/command/install.py:34: SetuptoolsDeprecationWarning: setup.py install is deprecated. Use build and pip and other standards-based tools.
[3.318s]   warnings.warn(
[3.330s] running install_lib
[3.353s] running install_data
[3.376s] running install_egg_info
[3.399s] removing '/home/max/temp_workspace/install/talker/lib/python3.8/site-packages/talker-0.0.0-py3.8.egg-info' (and everything under it)
[3.400s] Copying ../../build/talker/talker.egg-info to /home/max/temp_workspace/install/talker/lib/python3.8/site-packages/talker-0.0.0-py3.8.egg-info
[3.401s] running install_scripts
[3.502s] Installing talker script to /home/max/temp_workspace/install/talker/lib/talker
[3.503s] writing list of installed files to '/home/max/temp_workspace/build/talker/install.log'
[3.570s] Invoked command in '/home/max/temp_workspace/src/talker' returned '0': PYTHONPATH=/home/max/temp_workspace/install/talker/lib/python3.8/site-packages:${PYTHONPATH} /usr/bin/python3 setup.py egg_info --egg-base ../../build/talker build --build-base /home/max/temp_workspace/build/talker/build install --prefix /home/max/temp_workspace/install/talker --record /home/max/temp_workspace/build/talker/install.log --single-version-externally-managed
