[0.691s] Invoking command in '/home/max/temp_workspace/src/talker': PYTHONPATH=/home/max/temp_workspace/install/talker/lib/python3.8/site-packages:${PYTHONPATH} /usr/bin/python3 setup.py egg_info --egg-base ../../build/talker build --build-base /home/max/temp_workspace/build/talker/build install --prefix /home/max/temp_workspace/install/talker --record /home/max/temp_workspace/build/talker/install.log --single-version-externally-managed
[0.930s] running egg_info
[0.930s] writing ../../build/talker/talker.egg-info/PKG-INFO
[0.931s] writing dependency_links to ../../build/talker/talker.egg-info/dependency_links.txt
[0.931s] writing entry points to ../../build/talker/talker.egg-info/entry_points.txt
[0.931s] writing requirements to ../../build/talker/talker.egg-info/requires.txt
[0.931s] writing top-level names to ../../build/talker/talker.egg-info/top_level.txt
[0.970s] reading manifest file '../../build/talker/talker.egg-info/SOURCES.txt'
[0.971s] writing manifest file '../../build/talker/talker.egg-info/SOURCES.txt'
[0.971s] running build
[0.971s] running build_py
[0.971s] running install
[0.972s] running install_lib
[0.974s] running install_data
[0.974s] running install_egg_info
[0.976s] removing '/home/max/temp_workspace/install/talker/lib/python3.8/site-packages/talker-0.0.0-py3.8.egg-info' (and everything under it)
[0.976s] Copying ../../build/talker/talker.egg-info to /home/max/temp_workspace/install/talker/lib/python3.8/site-packages/talker-0.0.0-py3.8.egg-info
[0.977s] running install_scripts
[0.996s] Installing talker script to /home/max/temp_workspace/install/talker/lib/talker
[0.997s] writing list of installed files to '/home/max/temp_workspace/build/talker/install.log'
[1.025s] Invoked command in '/home/max/temp_workspace/src/talker' returned '0': PYTHONPATH=/home/max/temp_workspace/install/talker/lib/python3.8/site-packages:${PYTHONPATH} /usr/bin/python3 setup.py egg_info --egg-base ../../build/talker build --build-base /home/max/temp_workspace/build/talker/build install --prefix /home/max/temp_workspace/install/talker --record /home/max/temp_workspace/build/talker/install.log --single-version-externally-managed
