[3.143s] Invoking command in '/home/max/temp_workspace/src/listener': PYTHONPATH=/home/max/temp_workspace/install/listener/lib/python3.8/site-packages:${PYTHONPATH} /usr/bin/python3 setup.py egg_info --egg-base ../../build/listener build --build-base /home/max/temp_workspace/build/listener/build install --prefix /home/max/temp_workspace/install/listener --record /home/max/temp_workspace/build/listener/install.log --single-version-externally-managed
[3.807s] /home/max/.local/lib/python3.8/site-packages/setuptools/dist.py:771: UserWarning: Usage of dash-separated 'script-dir' will not be supported in future versions. Please use the underscore name 'script_dir' instead
[3.807s]   warnings.warn(
[3.809s] /home/max/.local/lib/python3.8/site-packages/setuptools/dist.py:771: UserWarning: Usage of dash-separated 'install-scripts' will not be supported in future versions. Please use the underscore name 'install_scripts' instead
[3.810s]   warnings.warn(
[3.985s] running egg_info
[4.015s] writing ../../build/listener/listener.egg-info/PKG-INFO
[4.016s] writing dependency_links to ../../build/listener/listener.egg-info/dependency_links.txt
[4.016s] writing entry points to ../../build/listener/listener.egg-info/entry_points.txt
[4.016s] writing requirements to ../../build/listener/listener.egg-info/requires.txt
[4.017s] writing top-level names to ../../build/listener/listener.egg-info/top_level.txt
[4.060s] reading manifest file '../../build/listener/listener.egg-info/SOURCES.txt'
[4.062s] writing manifest file '../../build/listener/listener.egg-info/SOURCES.txt'
[4.062s] running build
[4.063s] running build_py
[4.063s] running install
[4.063s] /home/max/.local/lib/python3.8/site-packages/setuptools/command/install.py:34: SetuptoolsDeprecationWarning: setup.py install is deprecated. Use build and pip and other standards-based tools.
[4.063s]   warnings.warn(
[4.082s] running install_lib
[4.104s] running install_data
[4.125s] running install_egg_info
[4.161s] removing '/home/max/temp_workspace/install/listener/lib/python3.8/site-packages/listener-0.0.0-py3.8.egg-info' (and everything under it)
[4.162s] Copying ../../build/listener/listener.egg-info to /home/max/temp_workspace/install/listener/lib/python3.8/site-packages/listener-0.0.0-py3.8.egg-info
[4.168s] running install_scripts
[4.392s] Installing listener script to /home/max/temp_workspace/install/listener/lib/listener
[4.393s] writing list of installed files to '/home/max/temp_workspace/build/listener/install.log'
[4.495s] Invoked command in '/home/max/temp_workspace/src/listener' returned '0': PYTHONPATH=/home/max/temp_workspace/install/listener/lib/python3.8/site-packages:${PYTHONPATH} /usr/bin/python3 setup.py egg_info --egg-base ../../build/listener build --build-base /home/max/temp_workspace/build/listener/build install --prefix /home/max/temp_workspace/install/listener --record /home/max/temp_workspace/build/listener/install.log --single-version-externally-managed
