[5.554s] Invoking command in '/home/max/temp_workspace/src/talker': PYTHONPATH=/home/max/temp_workspace/install/talker/lib/python3.8/site-packages:${PYTHONPATH} /usr/bin/python3 setup.py egg_info --egg-base ../../build/talker build --build-base /home/max/temp_workspace/build/talker/build install --prefix /home/max/temp_workspace/install/talker --record /home/max/temp_workspace/build/talker/install.log --single-version-externally-managed
[6.089s] /home/max/.local/lib/python3.8/site-packages/setuptools/dist.py:771: UserWarning: Usage of dash-separated 'script-dir' will not be supported in future versions. Please use the underscore name 'script_dir' instead
[6.090s]   warnings.warn(
[6.090s] /home/max/.local/lib/python3.8/site-packages/setuptools/dist.py:771: UserWarning: Usage of dash-separated 'install-scripts' will not be supported in future versions. Please use the underscore name 'install_scripts' instead
[6.090s]   warnings.warn(
[6.246s] running egg_info
[6.272s] writing ../../build/talker/talker.egg-info/PKG-INFO
[6.274s] writing dependency_links to ../../build/talker/talker.egg-info/dependency_links.txt
[6.275s] writing entry points to ../../build/talker/talker.egg-info/entry_points.txt
[6.276s] writing requirements to ../../build/talker/talker.egg-info/requires.txt
[6.276s] writing top-level names to ../../build/talker/talker.egg-info/top_level.txt
[6.334s] reading manifest file '../../build/talker/talker.egg-info/SOURCES.txt'
[6.336s] writing manifest file '../../build/talker/talker.egg-info/SOURCES.txt'
[6.337s] running build
[6.337s] running build_py
[6.338s] running install
[6.339s] /home/max/.local/lib/python3.8/site-packages/setuptools/command/install.py:34: SetuptoolsDeprecationWarning: setup.py install is deprecated. Use build and pip and other standards-based tools.
[6.340s]   warnings.warn(
[6.353s] running install_lib
[6.378s] running install_data
[6.404s] running install_egg_info
[6.431s] removing '/home/max/temp_workspace/install/talker/lib/python3.8/site-packages/talker-0.0.0-py3.8.egg-info' (and everything under it)
[6.441s] Copying ../../build/talker/talker.egg-info to /home/max/temp_workspace/install/talker/lib/python3.8/site-packages/talker-0.0.0-py3.8.egg-info
[6.444s] running install_scripts
[6.560s] Installing talker script to /home/max/temp_workspace/install/talker/lib/talker
[6.562s] writing list of installed files to '/home/max/temp_workspace/build/talker/install.log'
[6.692s] Invoked command in '/home/max/temp_workspace/src/talker' returned '0': PYTHONPATH=/home/max/temp_workspace/install/talker/lib/python3.8/site-packages:${PYTHONPATH} /usr/bin/python3 setup.py egg_info --egg-base ../../build/talker build --build-base /home/max/temp_workspace/build/talker/build install --prefix /home/max/temp_workspace/install/talker --record /home/max/temp_workspace/build/talker/install.log --single-version-externally-managed
