[0.083s] Invoking command in '/home/max/temp_workspace/build/interfaces': CMAKE_PREFIX_PATH=/opt/ros/foxy /usr/bin/cmake --build /home/max/temp_workspace/build/interfaces -- -j4 -l4
[1.764s] [  3%] Built target interfaces__cpp
[1.764s] [ 12%] Built target interfaces__rosidl_generator_c
[1.765s] [ 22%] Built target interfaces__rosidl_typesupport_introspection_cpp
[1.765s] [ 32%] Built target interfaces__rosidl_typesupport_cpp
[1.766s] [ 41%] Built target interfaces__rosidl_typesupport_fastrtps_cpp
[1.766s] [ 51%] Built target interfaces__rosidl_typesupport_c
[1.768s] [ 61%] Built target interfaces__rosidl_typesupport_introspection_c
[1.769s] [ 70%] Built target interfaces__rosidl_typesupport_fastrtps_c
[1.770s] [ 70%] Built target interfaces
[1.770s] [ 74%] Built target interfaces__py
[1.770s] [ 80%] Built target interfaces__python
[1.770s] [ 87%] Built target interfaces__rosidl_typesupport_c__pyext
[1.770s] [ 93%] Built target interfaces__rosidl_typesupport_fastrtps_c__pyext
[1.772s] [100%] Built target interfaces__rosidl_typesupport_introspection_c__pyext
[1.773s] Invoked command in '/home/max/temp_workspace/build/interfaces' returned '0': CMAKE_PREFIX_PATH=/opt/ros/foxy /usr/bin/cmake --build /home/max/temp_workspace/build/interfaces -- -j4 -l4
[1.892s] Invoking command in '/home/max/temp_workspace/build/interfaces': CMAKE_PREFIX_PATH=/opt/ros/foxy /usr/bin/cmake --install /home/max/temp_workspace/build/interfaces
[1.913s] -- Install configuration: ""
[1.913s] -- Up-to-date: /home/max/temp_workspace/install/interfaces/share/ament_index/resource_index/rosidl_interfaces/interfaces
[1.914s] -- Up-to-date: /home/max/temp_workspace/install/interfaces/include/interfaces
[1.914s] -- Up-to-date: /home/max/temp_workspace/install/interfaces/include/interfaces/srv
[1.915s] -- Up-to-date: /home/max/temp_workspace/install/interfaces/include/interfaces/srv/detail
[1.915s] -- Up-to-date: /home/max/temp_workspace/install/interfaces/include/interfaces/srv/detail/get_distance__functions.c
[1.916s] -- Up-to-date: /home/max/temp_workspace/install/interfaces/include/interfaces/srv/detail/get_distance__struct.h
[1.916s] -- Up-to-date: /home/max/temp_workspace/install/interfaces/include/interfaces/srv/detail/get_distance__functions.h
[1.918s] -- Up-to-date: /home/max/temp_workspace/install/interfaces/include/interfaces/srv/detail/get_distance__type_support.h
[1.919s] -- Up-to-date: /home/max/temp_workspace/install/interfaces/include/interfaces/srv/get_distance.h
[1.919s] -- Up-to-date: /home/max/temp_workspace/install/interfaces/include/interfaces/msg
[1.919s] -- Up-to-date: /home/max/temp_workspace/install/interfaces/include/interfaces/msg/rosidl_generator_c__visibility_control.h
[1.920s] -- Up-to-date: /home/max/temp_workspace/install/interfaces/share/interfaces/environment/library_path.sh
[1.926s] -- Up-to-date: /home/max/temp_workspace/install/interfaces/share/interfaces/environment/library_path.dsv
[1.927s] -- Up-to-date: /home/max/temp_workspace/install/interfaces/lib/libinterfaces__rosidl_generator_c.so
[1.927s] -- Up-to-date: /home/max/temp_workspace/install/interfaces/include/interfaces
[1.927s] -- Up-to-date: /home/max/temp_workspace/install/interfaces/include/interfaces/srv
[1.927s] -- Up-to-date: /home/max/temp_workspace/install/interfaces/include/interfaces/srv/detail
[1.928s] -- Up-to-date: /home/max/temp_workspace/install/interfaces/include/interfaces/srv/detail/get_distance__rosidl_typesupport_fastrtps_c.h
[1.928s] -- Up-to-date: /home/max/temp_workspace/install/interfaces/include/interfaces/msg
[1.928s] -- Up-to-date: /home/max/temp_workspace/install/interfaces/include/interfaces/msg/rosidl_typesupport_fastrtps_c__visibility_control.h
[1.928s] -- Up-to-date: /home/max/temp_workspace/install/interfaces/lib/libinterfaces__rosidl_typesupport_fastrtps_c.so
[1.929s] -- Up-to-date: /home/max/temp_workspace/install/interfaces/include/interfaces
[1.929s] -- Up-to-date: /home/max/temp_workspace/install/interfaces/include/interfaces/srv
[1.929s] -- Up-to-date: /home/max/temp_workspace/install/interfaces/include/interfaces/srv/detail
[1.929s] -- Up-to-date: /home/max/temp_workspace/install/interfaces/include/interfaces/srv/detail/get_distance__rosidl_typesupport_fastrtps_cpp.hpp
[1.930s] -- Up-to-date: /home/max/temp_workspace/install/interfaces/include/interfaces/srv/detail/dds_fastrtps
[1.930s] -- Up-to-date: /home/max/temp_workspace/install/interfaces/include/interfaces/msg
[1.930s] -- Up-to-date: /home/max/temp_workspace/install/interfaces/include/interfaces/msg/rosidl_typesupport_fastrtps_cpp__visibility_control.h
[1.931s] -- Up-to-date: /home/max/temp_workspace/install/interfaces/lib/libinterfaces__rosidl_typesupport_fastrtps_cpp.so
[1.931s] -- Up-to-date: /home/max/temp_workspace/install/interfaces/include/interfaces
[1.931s] -- Up-to-date: /home/max/temp_workspace/install/interfaces/include/interfaces/srv
[1.931s] -- Up-to-date: /home/max/temp_workspace/install/interfaces/include/interfaces/srv/detail
[1.932s] -- Up-to-date: /home/max/temp_workspace/install/interfaces/include/interfaces/srv/detail/get_distance__type_support.c
[1.932s] -- Up-to-date: /home/max/temp_workspace/install/interfaces/include/interfaces/srv/detail/get_distance__rosidl_typesupport_introspection_c.h
[1.932s] -- Up-to-date: /home/max/temp_workspace/install/interfaces/include/interfaces/msg
[1.932s] -- Up-to-date: /home/max/temp_workspace/install/interfaces/include/interfaces/msg/rosidl_typesupport_introspection_c__visibility_control.h
[1.933s] -- Up-to-date: /home/max/temp_workspace/install/interfaces/lib/libinterfaces__rosidl_typesupport_introspection_c.so
[1.933s] -- Up-to-date: /home/max/temp_workspace/install/interfaces/lib/libinterfaces__rosidl_typesupport_c.so
[1.939s] -- Up-to-date: /home/max/temp_workspace/install/interfaces/include/interfaces
[1.940s] -- Up-to-date: /home/max/temp_workspace/install/interfaces/include/interfaces/srv
[1.940s] -- Up-to-date: /home/max/temp_workspace/install/interfaces/include/interfaces/srv/detail
[1.940s] -- Up-to-date: /home/max/temp_workspace/install/interfaces/include/interfaces/srv/detail/get_distance__struct.hpp
[1.941s] -- Up-to-date: /home/max/temp_workspace/install/interfaces/include/interfaces/srv/detail/get_distance__traits.hpp
[1.941s] -- Up-to-date: /home/max/temp_workspace/install/interfaces/include/interfaces/srv/detail/get_distance__builder.hpp
[1.941s] -- Up-to-date: /home/max/temp_workspace/install/interfaces/include/interfaces/srv/get_distance.hpp
[1.941s] -- Up-to-date: /home/max/temp_workspace/install/interfaces/include/interfaces
[1.942s] -- Up-to-date: /home/max/temp_workspace/install/interfaces/include/interfaces/srv
[1.942s] -- Up-to-date: /home/max/temp_workspace/install/interfaces/include/interfaces/srv/detail
[1.942s] -- Up-to-date: /home/max/temp_workspace/install/interfaces/include/interfaces/srv/detail/get_distance__rosidl_typesupport_introspection_cpp.hpp
[1.943s] -- Up-to-date: /home/max/temp_workspace/install/interfaces/include/interfaces/srv/detail/get_distance__type_support.cpp
[1.943s] -- Up-to-date: /home/max/temp_workspace/install/interfaces/lib/libinterfaces__rosidl_typesupport_introspection_cpp.so
[1.943s] -- Up-to-date: /home/max/temp_workspace/install/interfaces/lib/libinterfaces__rosidl_typesupport_cpp.so
[1.943s] -- Up-to-date: /home/max/temp_workspace/install/interfaces/share/interfaces/environment/pythonpath.sh
[1.944s] -- Up-to-date: /home/max/temp_workspace/install/interfaces/share/interfaces/environment/pythonpath.dsv
[1.944s] -- Up-to-date: /home/max/temp_workspace/install/interfaces/lib/python3.8/site-packages/interfaces/__init__.py
[2.019s] -- Up-to-date: /home/max/temp_workspace/install/interfaces/lib/python3.8/site-packages/interfaces/srv
[2.019s] -- Up-to-date: /home/max/temp_workspace/install/interfaces/lib/python3.8/site-packages/interfaces/srv/_get_distance_s.c
[2.019s] -- Up-to-date: /home/max/temp_workspace/install/interfaces/lib/python3.8/site-packages/interfaces/srv/_get_distance.py
[2.019s] -- Up-to-date: /home/max/temp_workspace/install/interfaces/lib/python3.8/site-packages/interfaces/srv/__init__.py
[2.020s] -- Up-to-date: /home/max/temp_workspace/install/interfaces/lib/python3.8/site-packages/interfaces/interfaces_s__rosidl_typesupport_fastrtps_c.cpython-38-x86_64-linux-gnu.so
[2.020s] -- Up-to-date: /home/max/temp_workspace/install/interfaces/lib/python3.8/site-packages/interfaces/interfaces_s__rosidl_typesupport_introspection_c.cpython-38-x86_64-linux-gnu.so
[2.020s] -- Up-to-date: /home/max/temp_workspace/install/interfaces/lib/python3.8/site-packages/interfaces/interfaces_s__rosidl_typesupport_c.cpython-38-x86_64-linux-gnu.so
[2.020s] -- Up-to-date: /home/max/temp_workspace/install/interfaces/lib/libinterfaces__python.so
[2.020s] -- Up-to-date: /home/max/temp_workspace/install/interfaces/share/interfaces/srv/GetDistance.idl
[2.020s] -- Up-to-date: /home/max/temp_workspace/install/interfaces/share/interfaces/srv/GetDistance.srv
[2.020s] -- Up-to-date: /home/max/temp_workspace/install/interfaces/share/interfaces/srv/GetDistance_Request.msg
[2.021s] -- Up-to-date: /home/max/temp_workspace/install/interfaces/share/interfaces/srv/GetDistance_Response.msg
[2.021s] -- Up-to-date: /home/max/temp_workspace/install/interfaces/share/ament_index/resource_index/package_run_dependencies/interfaces
[2.022s] -- Up-to-date: /home/max/temp_workspace/install/interfaces/share/ament_index/resource_index/parent_prefix_path/interfaces
[2.022s] -- Up-to-date: /home/max/temp_workspace/install/interfaces/share/interfaces/environment/ament_prefix_path.sh
[2.022s] -- Up-to-date: /home/max/temp_workspace/install/interfaces/share/interfaces/environment/ament_prefix_path.dsv
[2.023s] -- Up-to-date: /home/max/temp_workspace/install/interfaces/share/interfaces/environment/path.sh
[2.023s] -- Up-to-date: /home/max/temp_workspace/install/interfaces/share/interfaces/environment/path.dsv
[2.023s] -- Up-to-date: /home/max/temp_workspace/install/interfaces/share/interfaces/local_setup.bash
[2.027s] -- Up-to-date: /home/max/temp_workspace/install/interfaces/share/interfaces/local_setup.sh
[2.027s] -- Up-to-date: /home/max/temp_workspace/install/interfaces/share/interfaces/local_setup.zsh
[2.027s] -- Up-to-date: /home/max/temp_workspace/install/interfaces/share/interfaces/local_setup.dsv
[2.031s] -- Installing: /home/max/temp_workspace/install/interfaces/share/interfaces/package.dsv
[2.031s] -- Up-to-date: /home/max/temp_workspace/install/interfaces/share/ament_index/resource_index/packages/interfaces
[2.031s] -- Up-to-date: /home/max/temp_workspace/install/interfaces/share/interfaces/cmake/interfaces__rosidl_generator_cExport.cmake
[2.031s] -- Up-to-date: /home/max/temp_workspace/install/interfaces/share/interfaces/cmake/interfaces__rosidl_generator_cExport-noconfig.cmake
[2.032s] -- Up-to-date: /home/max/temp_workspace/install/interfaces/share/interfaces/cmake/interfaces__rosidl_typesupport_introspection_cExport.cmake
[2.032s] -- Up-to-date: /home/max/temp_workspace/install/interfaces/share/interfaces/cmake/interfaces__rosidl_typesupport_introspection_cExport-noconfig.cmake
[2.032s] -- Up-to-date: /home/max/temp_workspace/install/interfaces/share/interfaces/cmake/interfaces__rosidl_typesupport_cExport.cmake
[2.032s] -- Up-to-date: /home/max/temp_workspace/install/interfaces/share/interfaces/cmake/interfaces__rosidl_typesupport_cExport-noconfig.cmake
[2.032s] -- Up-to-date: /home/max/temp_workspace/install/interfaces/share/interfaces/cmake/interfaces__rosidl_generator_cppExport.cmake
[2.032s] -- Up-to-date: /home/max/temp_workspace/install/interfaces/share/interfaces/cmake/interfaces__rosidl_typesupport_introspection_cppExport.cmake
[2.032s] -- Up-to-date: /home/max/temp_workspace/install/interfaces/share/interfaces/cmake/interfaces__rosidl_typesupport_introspection_cppExport-noconfig.cmake
[2.033s] -- Up-to-date: /home/max/temp_workspace/install/interfaces/share/interfaces/cmake/interfaces__rosidl_typesupport_cppExport.cmake
[2.033s] -- Up-to-date: /home/max/temp_workspace/install/interfaces/share/interfaces/cmake/interfaces__rosidl_typesupport_cppExport-noconfig.cmake
[2.033s] -- Up-to-date: /home/max/temp_workspace/install/interfaces/share/interfaces/cmake/rosidl_cmake-extras.cmake
[2.033s] -- Up-to-date: /home/max/temp_workspace/install/interfaces/share/interfaces/cmake/ament_cmake_export_dependencies-extras.cmake
[2.033s] -- Up-to-date: /home/max/temp_workspace/install/interfaces/share/interfaces/cmake/ament_cmake_export_libraries-extras.cmake
[2.033s] -- Up-to-date: /home/max/temp_workspace/install/interfaces/share/interfaces/cmake/ament_cmake_export_targets-extras.cmake
[2.033s] -- Up-to-date: /home/max/temp_workspace/install/interfaces/share/interfaces/cmake/ament_cmake_export_include_directories-extras.cmake
[2.033s] -- Up-to-date: /home/max/temp_workspace/install/interfaces/share/interfaces/cmake/rosidl_cmake_export_typesupport_libraries-extras.cmake
[2.036s] -- Up-to-date: /home/max/temp_workspace/install/interfaces/share/interfaces/cmake/rosidl_cmake_export_typesupport_targets-extras.cmake
[2.036s] -- Up-to-date: /home/max/temp_workspace/install/interfaces/share/interfaces/cmake/interfacesConfig.cmake
[2.036s] -- Up-to-date: /home/max/temp_workspace/install/interfaces/share/interfaces/cmake/interfacesConfig-version.cmake
[2.036s] -- Up-to-date: /home/max/temp_workspace/install/interfaces/share/interfaces/package.xml
[2.042s] Invoked command in '/home/max/temp_workspace/build/interfaces' returned '0': CMAKE_PREFIX_PATH=/opt/ros/foxy /usr/bin/cmake --install /home/max/temp_workspace/build/interfaces
