[1.140s] Invoking command in '/home/max/temp_workspace/src/service': PYTHONPATH=/home/max/temp_workspace/install/service/lib/python3.8/site-packages:${PYTHONPATH} /usr/bin/python3 setup.py egg_info --egg-base ../../build/service build --build-base /home/max/temp_workspace/build/service/build install --prefix /home/max/temp_workspace/install/service --record /home/max/temp_workspace/build/service/install.log --single-version-externally-managed
[1.454s] /home/max/.local/lib/python3.8/site-packages/setuptools/dist.py:771: UserWarning: Usage of dash-separated 'script-dir' will not be supported in future versions. Please use the underscore name 'script_dir' instead
[1.455s]   warnings.warn(
[1.455s] /home/max/.local/lib/python3.8/site-packages/setuptools/dist.py:771: UserWarning: Usage of dash-separated 'install-scripts' will not be supported in future versions. Please use the underscore name 'install_scripts' instead
[1.455s]   warnings.warn(
[1.535s] running egg_info
[1.548s] writing ../../build/service/service.egg-info/PKG-INFO
[1.548s] writing dependency_links to ../../build/service/service.egg-info/dependency_links.txt
[1.549s] writing entry points to ../../build/service/service.egg-info/entry_points.txt
[1.549s] writing requirements to ../../build/service/service.egg-info/requires.txt
[1.549s] writing top-level names to ../../build/service/service.egg-info/top_level.txt
[1.575s] reading manifest file '../../build/service/service.egg-info/SOURCES.txt'
[1.576s] writing manifest file '../../build/service/service.egg-info/SOURCES.txt'
[1.576s] running build
[1.577s] running build_py
[1.577s] copying service/main.py -> /home/max/temp_workspace/build/service/build/lib/service
[1.577s] running install
[1.577s] /home/max/.local/lib/python3.8/site-packages/setuptools/command/install.py:34: SetuptoolsDeprecationWarning: setup.py install is deprecated. Use build and pip and other standards-based tools.
[1.577s]   warnings.warn(
[1.583s] running install_lib
[1.596s] copying /home/max/temp_workspace/build/service/build/lib/service/main.py -> /home/max/temp_workspace/install/service/lib/python3.8/site-packages/service
[1.597s] byte-compiling /home/max/temp_workspace/install/service/lib/python3.8/site-packages/service/main.py to main.cpython-38.pyc
[1.597s]   File "/home/max/temp_workspace/install/service/lib/python3.8/site-packages/service/main.py", line 47
[1.597s]     def main(args = none)
[1.597s]                         ^
[1.598s] SyntaxError: invalid syntax
[1.598s] 
[1.598s] running install_data
[1.610s] running install_egg_info
[1.623s] removing '/home/max/temp_workspace/install/service/lib/python3.8/site-packages/service-0.0.0-py3.8.egg-info' (and everything under it)
[1.623s] Copying ../../build/service/service.egg-info to /home/max/temp_workspace/install/service/lib/python3.8/site-packages/service-0.0.0-py3.8.egg-info
[1.625s] running install_scripts
[1.696s] Installing client script to /home/max/temp_workspace/install/service/lib/service
[1.696s] Installing service script to /home/max/temp_workspace/install/service/lib/service
[1.696s] writing list of installed files to '/home/max/temp_workspace/build/service/install.log'
[1.755s] Invoked command in '/home/max/temp_workspace/src/service' returned '0': PYTHONPATH=/home/max/temp_workspace/install/service/lib/python3.8/site-packages:${PYTHONPATH} /usr/bin/python3 setup.py egg_info --egg-base ../../build/service build --build-base /home/max/temp_workspace/build/service/build install --prefix /home/max/temp_workspace/install/service --record /home/max/temp_workspace/build/service/install.log --single-version-externally-managed
