[3.074s] Invoking command in '/home/max/temp_workspace/src/talker': PYTHONPATH=/home/max/temp_workspace/install/talker/lib/python3.8/site-packages:${PYTHONPATH} /usr/bin/python3 setup.py egg_info --egg-base ../../build/talker build --build-base /home/max/temp_workspace/build/talker/build install --prefix /home/max/temp_workspace/install/talker --record /home/max/temp_workspace/build/talker/install.log --single-version-externally-managed
[3.580s] /home/max/.local/lib/python3.8/site-packages/setuptools/dist.py:771: UserWarning: Usage of dash-separated 'script-dir' will not be supported in future versions. Please use the underscore name 'script_dir' instead
[3.580s]   warnings.warn(
[3.581s] /home/max/.local/lib/python3.8/site-packages/setuptools/dist.py:771: UserWarning: Usage of dash-separated 'install-scripts' will not be supported in future versions. Please use the underscore name 'install_scripts' instead
[3.581s]   warnings.warn(
[3.731s] running egg_info
[3.760s] writing ../../build/talker/talker.egg-info/PKG-INFO
[3.761s] writing dependency_links to ../../build/talker/talker.egg-info/dependency_links.txt
[3.761s] writing entry points to ../../build/talker/talker.egg-info/entry_points.txt
[3.762s] writing requirements to ../../build/talker/talker.egg-info/requires.txt
[3.762s] writing top-level names to ../../build/talker/talker.egg-info/top_level.txt
[3.812s] reading manifest file '../../build/talker/talker.egg-info/SOURCES.txt'
[3.813s] writing manifest file '../../build/talker/talker.egg-info/SOURCES.txt'
[3.814s] running build
[3.814s] running build_py
[3.814s] running install
[3.815s] /home/max/.local/lib/python3.8/site-packages/setuptools/command/install.py:34: SetuptoolsDeprecationWarning: setup.py install is deprecated. Use build and pip and other standards-based tools.
[3.815s]   warnings.warn(
[3.827s] running install_lib
[3.853s] running install_data
[3.875s] running install_egg_info
[3.899s] removing '/home/max/temp_workspace/install/talker/lib/python3.8/site-packages/talker-0.0.0-py3.8.egg-info' (and everything under it)
[3.900s] Copying ../../build/talker/talker.egg-info to /home/max/temp_workspace/install/talker/lib/python3.8/site-packages/talker-0.0.0-py3.8.egg-info
[3.903s] running install_scripts
[4.089s] Installing talker script to /home/max/temp_workspace/install/talker/lib/talker
[4.091s] writing list of installed files to '/home/max/temp_workspace/build/talker/install.log'
[4.172s] Invoked command in '/home/max/temp_workspace/src/talker' returned '0': PYTHONPATH=/home/max/temp_workspace/install/talker/lib/python3.8/site-packages:${PYTHONPATH} /usr/bin/python3 setup.py egg_info --egg-base ../../build/talker build --build-base /home/max/temp_workspace/build/talker/build install --prefix /home/max/temp_workspace/install/talker --record /home/max/temp_workspace/build/talker/install.log --single-version-externally-managed
