[0.019s] Invoking command in '/home/max/temp_workspace/build/action_tutorials_interfaces': CMAKE_PREFIX_PATH=${CMAKE_PREFIX_PATH}:/home/max/temp_workspace/install/service:/home/max/temp_workspace/install/talker:/home/max/temp_workspace/install/listener:/opt/ros/foxy /usr/bin/cmake /home/max/temp_workspace/src/action_tutorials_interfaces -DCMAKE_INSTALL_PREFIX=/home/max/temp_workspace/install/action_tutorials_interfaces
[0.085s] -- The C compiler identification is GNU 9.4.0
[0.153s] -- The CXX compiler identification is GNU 9.4.0
[0.159s] -- Check for working C compiler: /usr/bin/cc
[0.238s] -- Check for working C compiler: /usr/bin/cc -- works
[0.239s] -- Detecting C compiler ABI info
[0.328s] -- Detecting C compiler ABI info - done
[0.348s] -- Detecting C compile features
[0.348s] -- Detecting C compile features - done
[0.353s] -- Check for working CXX compiler: /usr/bin/c++
[0.494s] -- Check for working CXX compiler: /usr/bin/c++ -- works
[0.497s] -- Detecting CXX compiler ABI info
[0.641s] -- Detecting CXX compiler ABI info - done
[0.664s] -- Detecting CXX compile features
[0.665s] -- Detecting CXX compile features - done
[0.668s] -- Found ament_cmake: 0.9.9 (/opt/ros/foxy/share/ament_cmake/cmake)
[0.705s] -- Found PythonInterp: /usr/bin/python3 (found suitable version "3.8.10", minimum required is "3") 
[0.706s] -- Using PYTHON_EXECUTABLE: /usr/bin/python3
[1.063s] -- Found ament_lint_auto: 0.9.6 (/opt/ros/foxy/share/ament_lint_auto/cmake)
[1.201s] -- Found rosidl_default_generators: 1.0.1 (/opt/ros/foxy/share/rosidl_default_generators/cmake)
[1.208s] -- Using all available rosidl_typesupport_c: rosidl_typesupport_fastrtps_c;rosidl_typesupport_introspection_c
[1.220s] -- Found rosidl_adapter: 1.2.1 (/opt/ros/foxy/share/rosidl_adapter/cmake)
[1.388s] -- Found OpenSSL: /usr/lib/x86_64-linux-gnu/libcrypto.so (found version "1.1.1f")  
[1.440s] -- Found FastRTPS: /opt/ros/foxy/include  
[1.569s] -- Using all available rosidl_typesupport_cpp: rosidl_typesupport_fastrtps_cpp;rosidl_typesupport_introspection_cpp
[1.633s] -- Found PythonInterp: /usr/bin/python3 (found version "3.8.10") 
[1.865s] -- Found ament_cmake_ros: 0.9.2 (/opt/ros/foxy/share/ament_cmake_ros/cmake)
[2.059s] -- Using all available rosidl_typesupport_c: rosidl_typesupport_fastrtps_c;rosidl_typesupport_introspection_c
[2.110s] -- Using all available rosidl_typesupport_cpp: rosidl_typesupport_fastrtps_cpp;rosidl_typesupport_introspection_cpp
[2.155s] -- Found PythonInterp: /usr/bin/python3 (found suitable version "3.8.10", minimum required is "3.5") 
[2.157s] -- Found python_cmake_module: 0.8.1 (/opt/ros/foxy/share/python_cmake_module/cmake)
[2.198s] -- Found PythonLibs: /usr/lib/x86_64-linux-gnu/libpython3.8.so (found suitable version "3.8.10", minimum required is "3.5") 
[2.198s] -- Using PYTHON_EXECUTABLE: /usr/bin/python3
[2.198s] -- Using PYTHON_INCLUDE_DIRS: /usr/include/python3.8
[2.198s] -- Using PYTHON_LIBRARIES: /usr/lib/x86_64-linux-gnu/libpython3.8.so
[2.222s] -- Found PythonExtra: .so  
[2.548s] -- Added test 'copyright' to check source files copyright and LICENSE
[2.551s] -- Added test 'lint_cmake' to check CMake code style
[2.553s] -- Added test 'xmllint' to check XML markup files
[2.568s] -- Configuring done
[2.648s] -- Generating done
[2.652s] -- Build files have been written to: /home/max/temp_workspace/build/action_tutorials_interfaces
[2.663s] Invoked command in '/home/max/temp_workspace/build/action_tutorials_interfaces' returned '0': CMAKE_PREFIX_PATH=${CMAKE_PREFIX_PATH}:/home/max/temp_workspace/install/service:/home/max/temp_workspace/install/talker:/home/max/temp_workspace/install/listener:/opt/ros/foxy /usr/bin/cmake /home/max/temp_workspace/src/action_tutorials_interfaces -DCMAKE_INSTALL_PREFIX=/home/max/temp_workspace/install/action_tutorials_interfaces
[2.667s] Invoking command in '/home/max/temp_workspace/build/action_tutorials_interfaces': CMAKE_PREFIX_PATH=${CMAKE_PREFIX_PATH}:/home/max/temp_workspace/install/service:/home/max/temp_workspace/install/talker:/home/max/temp_workspace/install/listener:/opt/ros/foxy /usr/bin/cmake --build /home/max/temp_workspace/build/action_tutorials_interfaces -- -j4 -l4
[2.714s] [35m[1mScanning dependencies of target action_tutorials_interfaces__cpp[0m
[2.718s] [  3%] [34m[1mGenerating C code for ROS interfaces[0m
[2.731s] [  6%] [34m[1mGenerating C++ code for ROS interfaces[0m
[3.450s] [  6%] Built target action_tutorials_interfaces__cpp
[3.467s] [  9%] [34m[1mGenerating C++ introspection for ROS interfaces[0m
[3.469s] [ 12%] [34m[1mGenerating C++ type support dispatch for ROS interfaces[0m
[3.469s] [ 16%] [34m[1mGenerating C++ type support for eProsima Fast-RTPS[0m
[3.484s] [35m[1mScanning dependencies of target action_tutorials_interfaces__rosidl_generator_c[0m
[3.526s] [ 19%] [32mBuilding C object CMakeFiles/action_tutorials_interfaces__rosidl_generator_c.dir/rosidl_generator_c/action_tutorials_interfaces/action/detail/squares__functions.c.o[0m
[3.822s] [ 22%] [32m[1mLinking C shared library libaction_tutorials_interfaces__rosidl_generator_c.so[0m
[3.946s] [ 22%] Built target action_tutorials_interfaces__rosidl_generator_c
[3.978s] [ 25%] [34m[1mGenerating C introspection for ROS interfaces[0m
[4.248s] [35m[1mScanning dependencies of target action_tutorials_interfaces__rosidl_typesupport_cpp[0m
[4.329s] [ 29%] [32mBuilding CXX object CMakeFiles/action_tutorials_interfaces__rosidl_typesupport_cpp.dir/rosidl_typesupport_cpp/action_tutorials_interfaces/action/squares__type_support.cpp.o[0m
[4.368s] [35m[1mScanning dependencies of target action_tutorials_interfaces__rosidl_typesupport_introspection_cpp[0m
[4.399s] [35m[1mScanning dependencies of target action_tutorials_interfaces__rosidl_typesupport_fastrtps_cpp[0m
[4.417s] [ 32%] [32mBuilding CXX object CMakeFiles/action_tutorials_interfaces__rosidl_typesupport_introspection_cpp.dir/rosidl_typesupport_introspection_cpp/action_tutorials_interfaces/action/detail/squares__type_support.cpp.o[0m
[4.458s] [ 35%] [32mBuilding CXX object CMakeFiles/action_tutorials_interfaces__rosidl_typesupport_fastrtps_cpp.dir/rosidl_typesupport_fastrtps_cpp/action_tutorials_interfaces/action/detail/dds_fastrtps/squares__type_support.cpp.o[0m
[4.862s] [35m[1mScanning dependencies of target action_tutorials_interfaces__rosidl_typesupport_introspection_c[0m
[4.938s] [ 38%] [32mBuilding C object CMakeFiles/action_tutorials_interfaces__rosidl_typesupport_introspection_c.dir/rosidl_typesupport_introspection_c/action_tutorials_interfaces/action/detail/squares__type_support.c.o[0m
[5.137s] [ 41%] [32m[1mLinking C shared library libaction_tutorials_interfaces__rosidl_typesupport_introspection_c.so[0m
[5.201s] [ 41%] Built target action_tutorials_interfaces__rosidl_typesupport_introspection_c
[5.219s] [ 45%] [34m[1mGenerating C type support dispatch for ROS interfaces[0m
[5.259s] [ 48%] [32m[1mLinking CXX shared library libaction_tutorials_interfaces__rosidl_typesupport_cpp.so[0m
[5.338s] [ 51%] [32m[1mLinking CXX shared library libaction_tutorials_interfaces__rosidl_typesupport_introspection_cpp.so[0m
[5.447s] [ 51%] Built target action_tutorials_interfaces__rosidl_typesupport_cpp
[5.523s] [ 51%] Built target action_tutorials_interfaces__rosidl_typesupport_introspection_cpp
[5.702s] [ 54%] [32m[1mLinking CXX shared library libaction_tutorials_interfaces__rosidl_typesupport_fastrtps_cpp.so[0m
[5.862s] [35m[1mScanning dependencies of target action_tutorials_interfaces__rosidl_typesupport_c[0m
[5.896s] [ 54%] Built target action_tutorials_interfaces__rosidl_typesupport_fastrtps_cpp
[5.901s] [ 58%] [32mBuilding CXX object CMakeFiles/action_tutorials_interfaces__rosidl_typesupport_c.dir/rosidl_typesupport_c/action_tutorials_interfaces/action/squares__type_support.cpp.o[0m
[5.917s] [ 61%] [34m[1mGenerating C type support for eProsima Fast-RTPS[0m
[5.997s] [ 64%] [32m[1mLinking CXX shared library libaction_tutorials_interfaces__rosidl_typesupport_c.so[0m
[6.085s] [ 64%] Built target action_tutorials_interfaces__rosidl_typesupport_c
[6.411s] [35m[1mScanning dependencies of target action_tutorials_interfaces__rosidl_typesupport_fastrtps_c[0m
[6.434s] [ 67%] [32mBuilding CXX object CMakeFiles/action_tutorials_interfaces__rosidl_typesupport_fastrtps_c.dir/rosidl_typesupport_fastrtps_c/action_tutorials_interfaces/action/detail/squares__type_support_c.cpp.o[0m
[6.869s] [ 70%] [32m[1mLinking CXX shared library libaction_tutorials_interfaces__rosidl_typesupport_fastrtps_c.so[0m
[6.991s] [ 70%] Built target action_tutorials_interfaces__rosidl_typesupport_fastrtps_c
[7.005s] [35m[1mScanning dependencies of target action_tutorials_interfaces[0m
[7.020s] [ 70%] Built target action_tutorials_interfaces
[7.033s] [35m[1mScanning dependencies of target action_tutorials_interfaces__py[0m
[7.045s] [ 74%] [34m[1mGenerating Python code for ROS interfaces[0m
[8.174s] [ 74%] Built target action_tutorials_interfaces__py
[8.187s] [35m[1mScanning dependencies of target action_tutorials_interfaces__python[0m
[8.225s] [ 77%] [32mBuilding C object CMakeFiles/action_tutorials_interfaces__python.dir/rosidl_generator_py/action_tutorials_interfaces/action/_squares_s.c.o[0m
[8.388s] [ 80%] [32m[1mLinking C shared library rosidl_generator_py/action_tutorials_interfaces/libaction_tutorials_interfaces__python.so[0m
[8.438s] [ 80%] Built target action_tutorials_interfaces__python
[8.451s] [35m[1mScanning dependencies of target action_tutorials_interfaces__rosidl_typesupport_c__pyext[0m
[8.454s] [35m[1mScanning dependencies of target action_tutorials_interfaces__rosidl_typesupport_introspection_c__pyext[0m
[8.455s] [35m[1mScanning dependencies of target action_tutorials_interfaces__rosidl_typesupport_fastrtps_c__pyext[0m
[8.481s] [ 83%] [32mBuilding C object CMakeFiles/action_tutorials_interfaces__rosidl_typesupport_c__pyext.dir/rosidl_generator_py/action_tutorials_interfaces/_action_tutorials_interfaces_s.ep.rosidl_typesupport_c.c.o[0m
[8.487s] [ 87%] [32mBuilding C object CMakeFiles/action_tutorials_interfaces__rosidl_typesupport_introspection_c__pyext.dir/rosidl_generator_py/action_tutorials_interfaces/_action_tutorials_interfaces_s.ep.rosidl_typesupport_introspection_c.c.o[0m
[8.492s] [ 90%] [32mBuilding C object CMakeFiles/action_tutorials_interfaces__rosidl_typesupport_fastrtps_c__pyext.dir/rosidl_generator_py/action_tutorials_interfaces/_action_tutorials_interfaces_s.ep.rosidl_typesupport_fastrtps_c.c.o[0m
[8.622s] [ 93%] [32m[1mLinking C shared library rosidl_generator_py/action_tutorials_interfaces/action_tutorials_interfaces_s__rosidl_typesupport_c.cpython-38-x86_64-linux-gnu.so[0m
[8.639s] [ 96%] [32m[1mLinking C shared library rosidl_generator_py/action_tutorials_interfaces/action_tutorials_interfaces_s__rosidl_typesupport_introspection_c.cpython-38-x86_64-linux-gnu.so[0m
[8.673s] [100%] [32m[1mLinking CXX shared library rosidl_generator_py/action_tutorials_interfaces/action_tutorials_interfaces_s__rosidl_typesupport_fastrtps_c.cpython-38-x86_64-linux-gnu.so[0m
[8.680s] [100%] Built target action_tutorials_interfaces__rosidl_typesupport_c__pyext
[8.698s] [100%] Built target action_tutorials_interfaces__rosidl_typesupport_introspection_c__pyext
[8.758s] [100%] Built target action_tutorials_interfaces__rosidl_typesupport_fastrtps_c__pyext
[8.771s] Invoked command in '/home/max/temp_workspace/build/action_tutorials_interfaces' returned '0': CMAKE_PREFIX_PATH=${CMAKE_PREFIX_PATH}:/home/max/temp_workspace/install/service:/home/max/temp_workspace/install/talker:/home/max/temp_workspace/install/listener:/opt/ros/foxy /usr/bin/cmake --build /home/max/temp_workspace/build/action_tutorials_interfaces -- -j4 -l4
[8.841s] Invoking command in '/home/max/temp_workspace/build/action_tutorials_interfaces': CMAKE_PREFIX_PATH=${CMAKE_PREFIX_PATH}:/home/max/temp_workspace/install/service:/home/max/temp_workspace/install/talker:/home/max/temp_workspace/install/listener:/opt/ros/foxy /usr/bin/cmake --install /home/max/temp_workspace/build/action_tutorials_interfaces
[8.855s] -- Install configuration: ""
[8.855s] -- Installing: /home/max/temp_workspace/install/action_tutorials_interfaces/share/ament_index/resource_index/rosidl_interfaces/action_tutorials_interfaces
[8.855s] -- Installing: /home/max/temp_workspace/install/action_tutorials_interfaces/include/action_tutorials_interfaces
[8.856s] -- Installing: /home/max/temp_workspace/install/action_tutorials_interfaces/include/action_tutorials_interfaces/msg
[8.856s] -- Installing: /home/max/temp_workspace/install/action_tutorials_interfaces/include/action_tutorials_interfaces/msg/rosidl_generator_c__visibility_control.h
[8.856s] -- Installing: /home/max/temp_workspace/install/action_tutorials_interfaces/include/action_tutorials_interfaces/action
[8.856s] -- Installing: /home/max/temp_workspace/install/action_tutorials_interfaces/include/action_tutorials_interfaces/action/detail
[8.856s] -- Installing: /home/max/temp_workspace/install/action_tutorials_interfaces/include/action_tutorials_interfaces/action/detail/squares__functions.c
[8.856s] -- Installing: /home/max/temp_workspace/install/action_tutorials_interfaces/include/action_tutorials_interfaces/action/detail/squares__struct.h
[8.856s] -- Installing: /home/max/temp_workspace/install/action_tutorials_interfaces/include/action_tutorials_interfaces/action/detail/squares__type_support.h
[8.857s] -- Installing: /home/max/temp_workspace/install/action_tutorials_interfaces/include/action_tutorials_interfaces/action/detail/squares__functions.h
[8.857s] -- Installing: /home/max/temp_workspace/install/action_tutorials_interfaces/include/action_tutorials_interfaces/action/squares.h
[8.857s] -- Installing: /home/max/temp_workspace/install/action_tutorials_interfaces/share/action_tutorials_interfaces/environment/library_path.sh
[8.857s] -- Installing: /home/max/temp_workspace/install/action_tutorials_interfaces/share/action_tutorials_interfaces/environment/library_path.dsv
[8.858s] -- Installing: /home/max/temp_workspace/install/action_tutorials_interfaces/lib/libaction_tutorials_interfaces__rosidl_generator_c.so
[8.858s] -- Set runtime path of "/home/max/temp_workspace/install/action_tutorials_interfaces/lib/libaction_tutorials_interfaces__rosidl_generator_c.so" to ""
[8.859s] -- Up-to-date: /home/max/temp_workspace/install/action_tutorials_interfaces/include/action_tutorials_interfaces
[8.859s] -- Up-to-date: /home/max/temp_workspace/install/action_tutorials_interfaces/include/action_tutorials_interfaces/msg
[8.859s] -- Installing: /home/max/temp_workspace/install/action_tutorials_interfaces/include/action_tutorials_interfaces/msg/rosidl_typesupport_fastrtps_c__visibility_control.h
[8.859s] -- Up-to-date: /home/max/temp_workspace/install/action_tutorials_interfaces/include/action_tutorials_interfaces/action
[8.859s] -- Up-to-date: /home/max/temp_workspace/install/action_tutorials_interfaces/include/action_tutorials_interfaces/action/detail
[8.859s] -- Installing: /home/max/temp_workspace/install/action_tutorials_interfaces/include/action_tutorials_interfaces/action/detail/squares__rosidl_typesupport_fastrtps_c.h
[8.860s] -- Installing: /home/max/temp_workspace/install/action_tutorials_interfaces/lib/libaction_tutorials_interfaces__rosidl_typesupport_fastrtps_c.so
[8.860s] -- Set runtime path of "/home/max/temp_workspace/install/action_tutorials_interfaces/lib/libaction_tutorials_interfaces__rosidl_typesupport_fastrtps_c.so" to ""
[8.860s] -- Up-to-date: /home/max/temp_workspace/install/action_tutorials_interfaces/include/action_tutorials_interfaces
[8.860s] -- Up-to-date: /home/max/temp_workspace/install/action_tutorials_interfaces/include/action_tutorials_interfaces/msg
[8.861s] -- Installing: /home/max/temp_workspace/install/action_tutorials_interfaces/include/action_tutorials_interfaces/msg/rosidl_typesupport_fastrtps_cpp__visibility_control.h
[8.861s] -- Up-to-date: /home/max/temp_workspace/install/action_tutorials_interfaces/include/action_tutorials_interfaces/action
[8.861s] -- Up-to-date: /home/max/temp_workspace/install/action_tutorials_interfaces/include/action_tutorials_interfaces/action/detail
[8.861s] -- Installing: /home/max/temp_workspace/install/action_tutorials_interfaces/include/action_tutorials_interfaces/action/detail/squares__rosidl_typesupport_fastrtps_cpp.hpp
[8.861s] -- Installing: /home/max/temp_workspace/install/action_tutorials_interfaces/include/action_tutorials_interfaces/action/detail/dds_fastrtps
[8.861s] -- Installing: /home/max/temp_workspace/install/action_tutorials_interfaces/lib/libaction_tutorials_interfaces__rosidl_typesupport_fastrtps_cpp.so
[8.862s] -- Set runtime path of "/home/max/temp_workspace/install/action_tutorials_interfaces/lib/libaction_tutorials_interfaces__rosidl_typesupport_fastrtps_cpp.so" to ""
[8.862s] -- Up-to-date: /home/max/temp_workspace/install/action_tutorials_interfaces/include/action_tutorials_interfaces
[8.862s] -- Up-to-date: /home/max/temp_workspace/install/action_tutorials_interfaces/include/action_tutorials_interfaces/msg
[8.862s] -- Installing: /home/max/temp_workspace/install/action_tutorials_interfaces/include/action_tutorials_interfaces/msg/rosidl_typesupport_introspection_c__visibility_control.h
[8.863s] -- Up-to-date: /home/max/temp_workspace/install/action_tutorials_interfaces/include/action_tutorials_interfaces/action
[8.863s] -- Up-to-date: /home/max/temp_workspace/install/action_tutorials_interfaces/include/action_tutorials_interfaces/action/detail
[8.863s] -- Installing: /home/max/temp_workspace/install/action_tutorials_interfaces/include/action_tutorials_interfaces/action/detail/squares__type_support.c
[8.863s] -- Installing: /home/max/temp_workspace/install/action_tutorials_interfaces/include/action_tutorials_interfaces/action/detail/squares__rosidl_typesupport_introspection_c.h
[8.863s] -- Installing: /home/max/temp_workspace/install/action_tutorials_interfaces/lib/libaction_tutorials_interfaces__rosidl_typesupport_introspection_c.so
[8.864s] -- Set runtime path of "/home/max/temp_workspace/install/action_tutorials_interfaces/lib/libaction_tutorials_interfaces__rosidl_typesupport_introspection_c.so" to ""
[8.864s] -- Installing: /home/max/temp_workspace/install/action_tutorials_interfaces/lib/libaction_tutorials_interfaces__rosidl_typesupport_c.so
[8.864s] -- Set runtime path of "/home/max/temp_workspace/install/action_tutorials_interfaces/lib/libaction_tutorials_interfaces__rosidl_typesupport_c.so" to ""
[8.864s] -- Up-to-date: /home/max/temp_workspace/install/action_tutorials_interfaces/include/action_tutorials_interfaces
[8.865s] -- Up-to-date: /home/max/temp_workspace/install/action_tutorials_interfaces/include/action_tutorials_interfaces/action
[8.865s] -- Up-to-date: /home/max/temp_workspace/install/action_tutorials_interfaces/include/action_tutorials_interfaces/action/detail
[8.865s] -- Installing: /home/max/temp_workspace/install/action_tutorials_interfaces/include/action_tutorials_interfaces/action/detail/squares__builder.hpp
[8.865s] -- Installing: /home/max/temp_workspace/install/action_tutorials_interfaces/include/action_tutorials_interfaces/action/detail/squares__struct.hpp
[8.865s] -- Installing: /home/max/temp_workspace/install/action_tutorials_interfaces/include/action_tutorials_interfaces/action/detail/squares__traits.hpp
[8.865s] -- Installing: /home/max/temp_workspace/install/action_tutorials_interfaces/include/action_tutorials_interfaces/action/squares.hpp
[8.865s] -- Up-to-date: /home/max/temp_workspace/install/action_tutorials_interfaces/include/action_tutorials_interfaces
[8.865s] -- Up-to-date: /home/max/temp_workspace/install/action_tutorials_interfaces/include/action_tutorials_interfaces/action
[8.866s] -- Up-to-date: /home/max/temp_workspace/install/action_tutorials_interfaces/include/action_tutorials_interfaces/action/detail
[8.866s] -- Installing: /home/max/temp_workspace/install/action_tutorials_interfaces/include/action_tutorials_interfaces/action/detail/squares__rosidl_typesupport_introspection_cpp.hpp
[8.866s] -- Installing: /home/max/temp_workspace/install/action_tutorials_interfaces/include/action_tutorials_interfaces/action/detail/squares__type_support.cpp
[8.866s] -- Installing: /home/max/temp_workspace/install/action_tutorials_interfaces/lib/libaction_tutorials_interfaces__rosidl_typesupport_introspection_cpp.so
[8.867s] -- Set runtime path of "/home/max/temp_workspace/install/action_tutorials_interfaces/lib/libaction_tutorials_interfaces__rosidl_typesupport_introspection_cpp.so" to ""
[8.867s] -- Installing: /home/max/temp_workspace/install/action_tutorials_interfaces/lib/libaction_tutorials_interfaces__rosidl_typesupport_cpp.so
[8.868s] -- Set runtime path of "/home/max/temp_workspace/install/action_tutorials_interfaces/lib/libaction_tutorials_interfaces__rosidl_typesupport_cpp.so" to ""
[8.868s] -- Installing: /home/max/temp_workspace/install/action_tutorials_interfaces/share/action_tutorials_interfaces/environment/pythonpath.sh
[8.868s] -- Installing: /home/max/temp_workspace/install/action_tutorials_interfaces/share/action_tutorials_interfaces/environment/pythonpath.dsv
[8.868s] -- Installing: /home/max/temp_workspace/install/action_tutorials_interfaces/lib/python3.8/site-packages/action_tutorials_interfaces/__init__.py
[8.901s] Compiling '/home/max/temp_workspace/install/action_tutorials_interfaces/lib/python3.8/site-packages/action_tutorials_interfaces/__init__.py'...
[8.905s] -- Installing: /home/max/temp_workspace/install/action_tutorials_interfaces/lib/python3.8/site-packages/action_tutorials_interfaces/action
[8.905s] -- Installing: /home/max/temp_workspace/install/action_tutorials_interfaces/lib/python3.8/site-packages/action_tutorials_interfaces/action/_squares_s.c
[8.905s] -- Installing: /home/max/temp_workspace/install/action_tutorials_interfaces/lib/python3.8/site-packages/action_tutorials_interfaces/action/__init__.py
[8.906s] -- Installing: /home/max/temp_workspace/install/action_tutorials_interfaces/lib/python3.8/site-packages/action_tutorials_interfaces/action/_squares.py
[8.906s] -- Installing: /home/max/temp_workspace/install/action_tutorials_interfaces/lib/python3.8/site-packages/action_tutorials_interfaces/action_tutorials_interfaces_s__rosidl_typesupport_fastrtps_c.cpython-38-x86_64-linux-gnu.so
[8.907s] -- Set runtime path of "/home/max/temp_workspace/install/action_tutorials_interfaces/lib/python3.8/site-packages/action_tutorials_interfaces/action_tutorials_interfaces_s__rosidl_typesupport_fastrtps_c.cpython-38-x86_64-linux-gnu.so" to ""
[8.907s] -- Installing: /home/max/temp_workspace/install/action_tutorials_interfaces/lib/python3.8/site-packages/action_tutorials_interfaces/action_tutorials_interfaces_s__rosidl_typesupport_introspection_c.cpython-38-x86_64-linux-gnu.so
[8.909s] -- Set runtime path of "/home/max/temp_workspace/install/action_tutorials_interfaces/lib/python3.8/site-packages/action_tutorials_interfaces/action_tutorials_interfaces_s__rosidl_typesupport_introspection_c.cpython-38-x86_64-linux-gnu.so" to ""
[8.909s] -- Installing: /home/max/temp_workspace/install/action_tutorials_interfaces/lib/python3.8/site-packages/action_tutorials_interfaces/action_tutorials_interfaces_s__rosidl_typesupport_c.cpython-38-x86_64-linux-gnu.so
[8.910s] -- Set runtime path of "/home/max/temp_workspace/install/action_tutorials_interfaces/lib/python3.8/site-packages/action_tutorials_interfaces/action_tutorials_interfaces_s__rosidl_typesupport_c.cpython-38-x86_64-linux-gnu.so" to ""
[8.910s] -- Installing: /home/max/temp_workspace/install/action_tutorials_interfaces/lib/libaction_tutorials_interfaces__python.so
[8.910s] -- Set runtime path of "/home/max/temp_workspace/install/action_tutorials_interfaces/lib/libaction_tutorials_interfaces__python.so" to ""
[8.911s] -- Installing: /home/max/temp_workspace/install/action_tutorials_interfaces/share/action_tutorials_interfaces/action/Squares.idl
[8.911s] -- Installing: /home/max/temp_workspace/install/action_tutorials_interfaces/share/action_tutorials_interfaces/action/Squares.action
[8.911s] -- Installing: /home/max/temp_workspace/install/action_tutorials_interfaces/share/ament_index/resource_index/package_run_dependencies/action_tutorials_interfaces
[8.912s] -- Installing: /home/max/temp_workspace/install/action_tutorials_interfaces/share/ament_index/resource_index/parent_prefix_path/action_tutorials_interfaces
[8.912s] -- Installing: /home/max/temp_workspace/install/action_tutorials_interfaces/share/action_tutorials_interfaces/environment/ament_prefix_path.sh
[8.912s] -- Installing: /home/max/temp_workspace/install/action_tutorials_interfaces/share/action_tutorials_interfaces/environment/ament_prefix_path.dsv
[8.912s] -- Installing: /home/max/temp_workspace/install/action_tutorials_interfaces/share/action_tutorials_interfaces/environment/path.sh
[8.912s] -- Installing: /home/max/temp_workspace/install/action_tutorials_interfaces/share/action_tutorials_interfaces/environment/path.dsv
[8.913s] -- Installing: /home/max/temp_workspace/install/action_tutorials_interfaces/share/action_tutorials_interfaces/local_setup.bash
[8.913s] -- Installing: /home/max/temp_workspace/install/action_tutorials_interfaces/share/action_tutorials_interfaces/local_setup.sh
[8.913s] -- Installing: /home/max/temp_workspace/install/action_tutorials_interfaces/share/action_tutorials_interfaces/local_setup.zsh
[8.913s] -- Installing: /home/max/temp_workspace/install/action_tutorials_interfaces/share/action_tutorials_interfaces/local_setup.dsv
[8.913s] -- Installing: /home/max/temp_workspace/install/action_tutorials_interfaces/share/action_tutorials_interfaces/package.dsv
[8.914s] -- Installing: /home/max/temp_workspace/install/action_tutorials_interfaces/share/ament_index/resource_index/packages/action_tutorials_interfaces
[8.914s] -- Installing: /home/max/temp_workspace/install/action_tutorials_interfaces/share/action_tutorials_interfaces/cmake/action_tutorials_interfaces__rosidl_generator_cExport.cmake
[8.914s] -- Installing: /home/max/temp_workspace/install/action_tutorials_interfaces/share/action_tutorials_interfaces/cmake/action_tutorials_interfaces__rosidl_generator_cExport-noconfig.cmake
[8.915s] -- Installing: /home/max/temp_workspace/install/action_tutorials_interfaces/share/action_tutorials_interfaces/cmake/action_tutorials_interfaces__rosidl_typesupport_introspection_cExport.cmake
[8.915s] -- Installing: /home/max/temp_workspace/install/action_tutorials_interfaces/share/action_tutorials_interfaces/cmake/action_tutorials_interfaces__rosidl_typesupport_introspection_cExport-noconfig.cmake
[8.915s] -- Installing: /home/max/temp_workspace/install/action_tutorials_interfaces/share/action_tutorials_interfaces/cmake/action_tutorials_interfaces__rosidl_typesupport_cExport.cmake
[8.915s] -- Installing: /home/max/temp_workspace/install/action_tutorials_interfaces/share/action_tutorials_interfaces/cmake/action_tutorials_interfaces__rosidl_typesupport_cExport-noconfig.cmake
[8.916s] -- Installing: /home/max/temp_workspace/install/action_tutorials_interfaces/share/action_tutorials_interfaces/cmake/action_tutorials_interfaces__rosidl_generator_cppExport.cmake
[8.916s] -- Installing: /home/max/temp_workspace/install/action_tutorials_interfaces/share/action_tutorials_interfaces/cmake/action_tutorials_interfaces__rosidl_typesupport_introspection_cppExport.cmake
[8.916s] -- Installing: /home/max/temp_workspace/install/action_tutorials_interfaces/share/action_tutorials_interfaces/cmake/action_tutorials_interfaces__rosidl_typesupport_introspection_cppExport-noconfig.cmake
[8.916s] -- Installing: /home/max/temp_workspace/install/action_tutorials_interfaces/share/action_tutorials_interfaces/cmake/action_tutorials_interfaces__rosidl_typesupport_cppExport.cmake
[8.917s] -- Installing: /home/max/temp_workspace/install/action_tutorials_interfaces/share/action_tutorials_interfaces/cmake/action_tutorials_interfaces__rosidl_typesupport_cppExport-noconfig.cmake
[8.917s] -- Installing: /home/max/temp_workspace/install/action_tutorials_interfaces/share/action_tutorials_interfaces/cmake/rosidl_cmake-extras.cmake
[8.917s] -- Installing: /home/max/temp_workspace/install/action_tutorials_interfaces/share/action_tutorials_interfaces/cmake/ament_cmake_export_dependencies-extras.cmake
[8.917s] -- Installing: /home/max/temp_workspace/install/action_tutorials_interfaces/share/action_tutorials_interfaces/cmake/ament_cmake_export_libraries-extras.cmake
[8.917s] -- Installing: /home/max/temp_workspace/install/action_tutorials_interfaces/share/action_tutorials_interfaces/cmake/ament_cmake_export_targets-extras.cmake
[8.918s] -- Installing: /home/max/temp_workspace/install/action_tutorials_interfaces/share/action_tutorials_interfaces/cmake/ament_cmake_export_include_directories-extras.cmake
[8.918s] -- Installing: /home/max/temp_workspace/install/action_tutorials_interfaces/share/action_tutorials_interfaces/cmake/rosidl_cmake_export_typesupport_libraries-extras.cmake
[8.918s] -- Installing: /home/max/temp_workspace/install/action_tutorials_interfaces/share/action_tutorials_interfaces/cmake/rosidl_cmake_export_typesupport_targets-extras.cmake
[8.918s] -- Installing: /home/max/temp_workspace/install/action_tutorials_interfaces/share/action_tutorials_interfaces/cmake/action_tutorials_interfacesConfig.cmake
[8.918s] -- Installing: /home/max/temp_workspace/install/action_tutorials_interfaces/share/action_tutorials_interfaces/cmake/action_tutorials_interfacesConfig-version.cmake
[8.919s] -- Installing: /home/max/temp_workspace/install/action_tutorials_interfaces/share/action_tutorials_interfaces/package.xml
[8.923s] Invoked command in '/home/max/temp_workspace/build/action_tutorials_interfaces' returned '0': CMAKE_PREFIX_PATH=${CMAKE_PREFIX_PATH}:/home/max/temp_workspace/install/service:/home/max/temp_workspace/install/talker:/home/max/temp_workspace/install/listener:/opt/ros/foxy /usr/bin/cmake --install /home/max/temp_workspace/build/action_tutorials_interfaces
