[2.598s] Invoking command in '/home/max/temp_workspace/src/listener': PYTHONPATH=/home/max/temp_workspace/install/listener/lib/python3.8/site-packages:${PYTHONPATH} /usr/bin/python3 setup.py egg_info --egg-base ../../build/listener build --build-base /home/max/temp_workspace/build/listener/build install --prefix /home/max/temp_workspace/install/listener --record /home/max/temp_workspace/build/listener/install.log --single-version-externally-managed
[2.985s] /home/max/.local/lib/python3.8/site-packages/setuptools/dist.py:771: UserWarning: Usage of dash-separated 'script-dir' will not be supported in future versions. Please use the underscore name 'script_dir' instead
[2.986s]   warnings.warn(
[2.986s] /home/max/.local/lib/python3.8/site-packages/setuptools/dist.py:771: UserWarning: Usage of dash-separated 'install-scripts' will not be supported in future versions. Please use the underscore name 'install_scripts' instead
[2.986s]   warnings.warn(
[3.070s] running egg_info
[3.083s] writing ../../build/listener/listener.egg-info/PKG-INFO
[3.084s] writing dependency_links to ../../build/listener/listener.egg-info/dependency_links.txt
[3.084s] writing entry points to ../../build/listener/listener.egg-info/entry_points.txt
[3.085s] writing requirements to ../../build/listener/listener.egg-info/requires.txt
[3.085s] writing top-level names to ../../build/listener/listener.egg-info/top_level.txt
[3.114s] reading manifest file '../../build/listener/listener.egg-info/SOURCES.txt'
[3.115s] writing manifest file '../../build/listener/listener.egg-info/SOURCES.txt'
[3.116s] running build
[3.116s] running build_py
[3.116s] running install
[3.117s] /home/max/.local/lib/python3.8/site-packages/setuptools/command/install.py:34: SetuptoolsDeprecationWarning: setup.py install is deprecated. Use build and pip and other standards-based tools.
[3.117s]   warnings.warn(
[3.123s] running install_lib
[3.137s] running install_data
[3.151s] running install_egg_info
[3.166s] removing '/home/max/temp_workspace/install/listener/lib/python3.8/site-packages/listener-0.0.0-py3.8.egg-info' (and everything under it)
[3.166s] Copying ../../build/listener/listener.egg-info to /home/max/temp_workspace/install/listener/lib/python3.8/site-packages/listener-0.0.0-py3.8.egg-info
[3.167s] running install_scripts
[3.256s] Installing listener script to /home/max/temp_workspace/install/listener/lib/listener
[3.257s] writing list of installed files to '/home/max/temp_workspace/build/listener/install.log'
[3.331s] Invoked command in '/home/max/temp_workspace/src/listener' returned '0': PYTHONPATH=/home/max/temp_workspace/install/listener/lib/python3.8/site-packages:${PYTHONPATH} /usr/bin/python3 setup.py egg_info --egg-base ../../build/listener build --build-base /home/max/temp_workspace/build/listener/build install --prefix /home/max/temp_workspace/install/listener --record /home/max/temp_workspace/build/listener/install.log --single-version-externally-managed
