[1.595s] Invoking command in '/home/max/temp_workspace/src/talker': PYTHONPATH=/home/max/temp_workspace/install/talker/lib/python3.8/site-packages:${PYTHONPATH} /usr/bin/python3 setup.py egg_info --egg-base ../../build/talker build --build-base /home/max/temp_workspace/build/talker/build install --prefix /home/max/temp_workspace/install/talker --record /home/max/temp_workspace/build/talker/install.log --single-version-externally-managed
[1.940s] /home/max/.local/lib/python3.8/site-packages/setuptools/dist.py:771: UserWarning: Usage of dash-separated 'script-dir' will not be supported in future versions. Please use the underscore name 'script_dir' instead
[1.940s]   warnings.warn(
[1.941s] /home/max/.local/lib/python3.8/site-packages/setuptools/dist.py:771: UserWarning: Usage of dash-separated 'install-scripts' will not be supported in future versions. Please use the underscore name 'install_scripts' instead
[1.941s]   warnings.warn(
[2.030s] running egg_info
[2.045s] writing ../../build/talker/talker.egg-info/PKG-INFO
[2.046s] writing dependency_links to ../../build/talker/talker.egg-info/dependency_links.txt
[2.046s] writing entry points to ../../build/talker/talker.egg-info/entry_points.txt
[2.046s] writing requirements to ../../build/talker/talker.egg-info/requires.txt
[2.046s] writing top-level names to ../../build/talker/talker.egg-info/top_level.txt
[2.075s] reading manifest file '../../build/talker/talker.egg-info/SOURCES.txt'
[2.077s] writing manifest file '../../build/talker/talker.egg-info/SOURCES.txt'
[2.077s] running build
[2.077s] running build_py
[2.077s] running install
[2.077s] /home/max/.local/lib/python3.8/site-packages/setuptools/command/install.py:34: SetuptoolsDeprecationWarning: setup.py install is deprecated. Use build and pip and other standards-based tools.
[2.078s]   warnings.warn(
[2.085s] running install_lib
[2.100s] running install_data
[2.114s] running install_egg_info
[2.129s] removing '/home/max/temp_workspace/install/talker/lib/python3.8/site-packages/talker-0.0.0-py3.8.egg-info' (and everything under it)
[2.130s] Copying ../../build/talker/talker.egg-info to /home/max/temp_workspace/install/talker/lib/python3.8/site-packages/talker-0.0.0-py3.8.egg-info
[2.131s] running install_scripts
[2.212s] Installing talker script to /home/max/temp_workspace/install/talker/lib/talker
[2.212s] writing list of installed files to '/home/max/temp_workspace/build/talker/install.log'
[2.330s] Invoked command in '/home/max/temp_workspace/src/talker' returned '0': PYTHONPATH=/home/max/temp_workspace/install/talker/lib/python3.8/site-packages:${PYTHONPATH} /usr/bin/python3 setup.py egg_info --egg-base ../../build/talker build --build-base /home/max/temp_workspace/build/talker/build install --prefix /home/max/temp_workspace/install/talker --record /home/max/temp_workspace/build/talker/install.log --single-version-externally-managed
