[3.157s] Invoking command in '/home/max/temp_workspace/src/talker': PYTHONPATH=/home/max/temp_workspace/install/talker/lib/python3.8/site-packages:${PYTHONPATH} /usr/bin/python3 setup.py egg_info --egg-base ../../build/talker build --build-base /home/max/temp_workspace/build/talker/build install --prefix /home/max/temp_workspace/install/talker --record /home/max/temp_workspace/build/talker/install.log --single-version-externally-managed
[3.776s] /home/max/.local/lib/python3.8/site-packages/setuptools/dist.py:771: UserWarning: Usage of dash-separated 'script-dir' will not be supported in future versions. Please use the underscore name 'script_dir' instead
[3.776s]   warnings.warn(
[3.776s] /home/max/.local/lib/python3.8/site-packages/setuptools/dist.py:771: UserWarning: Usage of dash-separated 'install-scripts' will not be supported in future versions. Please use the underscore name 'install_scripts' instead
[3.776s]   warnings.warn(
[3.913s] running egg_info
[3.932s] writing ../../build/talker/talker.egg-info/PKG-INFO
[3.932s] writing dependency_links to ../../build/talker/talker.egg-info/dependency_links.txt
[3.932s] writing entry points to ../../build/talker/talker.egg-info/entry_points.txt
[3.932s] writing requirements to ../../build/talker/talker.egg-info/requires.txt
[3.933s] writing top-level names to ../../build/talker/talker.egg-info/top_level.txt
[3.961s] reading manifest file '../../build/talker/talker.egg-info/SOURCES.txt'
[3.962s] writing manifest file '../../build/talker/talker.egg-info/SOURCES.txt'
[3.962s] running build
[3.962s] running build_py
[3.962s] running install
[3.963s] /home/max/.local/lib/python3.8/site-packages/setuptools/command/install.py:34: SetuptoolsDeprecationWarning: setup.py install is deprecated. Use build and pip and other standards-based tools.
[3.963s]   warnings.warn(
[3.970s] running install_lib
[3.984s] running install_data
[4.004s] running install_egg_info
[4.026s] removing '/home/max/temp_workspace/install/talker/lib/python3.8/site-packages/talker-0.0.0-py3.8.egg-info' (and everything under it)
[4.028s] Copying ../../build/talker/talker.egg-info to /home/max/temp_workspace/install/talker/lib/python3.8/site-packages/talker-0.0.0-py3.8.egg-info
[4.030s] running install_scripts
[4.168s] Installing talker script to /home/max/temp_workspace/install/talker/lib/talker
[4.168s] writing list of installed files to '/home/max/temp_workspace/build/talker/install.log'
[4.307s] Invoked command in '/home/max/temp_workspace/src/talker' returned '0': PYTHONPATH=/home/max/temp_workspace/install/talker/lib/python3.8/site-packages:${PYTHONPATH} /usr/bin/python3 setup.py egg_info --egg-base ../../build/talker build --build-base /home/max/temp_workspace/build/talker/build install --prefix /home/max/temp_workspace/install/talker --record /home/max/temp_workspace/build/talker/install.log --single-version-externally-managed
