[0.385s] DEBUG:colcon:Command line arguments: ['/usr/bin/colcon', 'build', '--packages-select', 'interfaces']
[0.385s] DEBUG:colcon:Parsed command line arguments: Namespace(allow_overriding=[], ament_cmake_args=None, base_paths=['.'], build_base='build', catkin_cmake_args=None, catkin_skip_building_tests=False, cmake_args=None, cmake_clean_cache=False, cmake_clean_first=False, cmake_force_configure=False, cmake_target=None, cmake_target_skip_unavailable=False, continue_on_error=False, event_handlers=None, executor='parallel', ignore_user_meta=False, install_base='install', log_base=None, log_level=None, main=<bound method BuildVerb.main of <colcon_core.verb.build.BuildVerb object at 0x7fc3c5266bb0>>, merge_install=False, metas=['./colcon.meta'], packages_above=None, packages_above_and_dependencies=None, packages_above_depth=None, packages_end=None, packages_ignore=None, packages_ignore_regex=None, packages_select=['interfaces'], packages_select_build_failed=False, packages_select_by_dep=None, packages_select_regex=None, packages_select_test_failures=False, packages_skip=None, packages_skip_build_finished=False, packages_skip_by_dep=None, packages_skip_regex=None, packages_skip_test_passed=False, packages_skip_up_to=None, packages_start=None, packages_up_to=None, packages_up_to_regex=None, parallel_workers=4, paths=None, symlink_install=False, test_result_base=None, verb_extension=<colcon_core.verb.build.BuildVerb object at 0x7fc3c5266bb0>, verb_name='build', verb_parser=<colcon_defaults.argument_parser.defaults.DefaultArgumentsDecorator object at 0x7fc3c51ada90>)
[0.452s] Level 1:colcon.colcon_core.package_discovery:discover_packages(colcon_meta) check parameters
[0.452s] Level 1:colcon.colcon_core.package_discovery:discover_packages(recursive) check parameters
[0.452s] Level 1:colcon.colcon_core.package_discovery:discover_packages(ignore) check parameters
[0.452s] Level 1:colcon.colcon_core.package_discovery:discover_packages(path) check parameters
[0.452s] Level 1:colcon.colcon_core.package_discovery:discover_packages(colcon_meta) discover
[0.452s] Level 1:colcon.colcon_core.package_discovery:discover_packages(recursive) discover
[0.452s] INFO:colcon.colcon_core.package_discovery:Crawling recursively for packages in '/home/max/temp_workspace/src'
[0.452s] Level 1:colcon.colcon_core.package_identification:_identify(.) by extensions ['ignore', 'ignore_ament_install']
[0.452s] Level 1:colcon.colcon_core.package_identification:_identify(.) by extension 'ignore'
[0.452s] Level 1:colcon.colcon_core.package_identification:_identify(.) by extension 'ignore_ament_install'
[0.453s] Level 1:colcon.colcon_core.package_identification:_identify(.) by extensions ['colcon_pkg']
[0.453s] Level 1:colcon.colcon_core.package_identification:_identify(.) by extension 'colcon_pkg'
[0.453s] Level 1:colcon.colcon_core.package_identification:_identify(.) by extensions ['colcon_meta']
[0.453s] Level 1:colcon.colcon_core.package_identification:_identify(.) by extension 'colcon_meta'
[0.453s] Level 1:colcon.colcon_core.package_identification:_identify(.) by extensions ['ros']
[0.453s] Level 1:colcon.colcon_core.package_identification:_identify(.) by extension 'ros'
[0.472s] Level 1:colcon.colcon_core.package_identification:_identify(.) by extensions ['cmake', 'python']
[0.472s] Level 1:colcon.colcon_core.package_identification:_identify(.) by extension 'cmake'
[0.472s] Level 1:colcon.colcon_core.package_identification:_identify(.) by extension 'python'
[0.472s] Level 1:colcon.colcon_core.package_identification:_identify(.) by extensions ['python_setup_py']
[0.472s] Level 1:colcon.colcon_core.package_identification:_identify(.) by extension 'python_setup_py'
[0.472s] Level 1:colcon.colcon_core.package_identification:_identify(build) by extensions ['ignore', 'ignore_ament_install']
[0.472s] Level 1:colcon.colcon_core.package_identification:_identify(build) by extension 'ignore'
[0.473s] Level 1:colcon.colcon_core.package_identification:_identify(build) ignored
[0.473s] Level 1:colcon.colcon_core.package_identification:_identify(install) by extensions ['ignore', 'ignore_ament_install']
[0.473s] Level 1:colcon.colcon_core.package_identification:_identify(install) by extension 'ignore'
[0.473s] Level 1:colcon.colcon_core.package_identification:_identify(install) ignored
[0.473s] Level 1:colcon.colcon_core.package_identification:_identify(interfaces) by extensions ['ignore', 'ignore_ament_install']
[0.473s] Level 1:colcon.colcon_core.package_identification:_identify(interfaces) by extension 'ignore'
[0.473s] Level 1:colcon.colcon_core.package_identification:_identify(interfaces) by extension 'ignore_ament_install'
[0.473s] Level 1:colcon.colcon_core.package_identification:_identify(interfaces) by extensions ['colcon_pkg']
[0.473s] Level 1:colcon.colcon_core.package_identification:_identify(interfaces) by extension 'colcon_pkg'
[0.474s] Level 1:colcon.colcon_core.package_identification:_identify(interfaces) by extensions ['colcon_meta']
[0.474s] Level 1:colcon.colcon_core.package_identification:_identify(interfaces) by extension 'colcon_meta'
[0.474s] Level 1:colcon.colcon_core.package_identification:_identify(interfaces) by extensions ['ros']
[0.474s] Level 1:colcon.colcon_core.package_identification:_identify(interfaces) by extension 'ros'
[0.476s] DEBUG:colcon.colcon_core.package_identification:Package 'interfaces' with type 'ros.ament_cmake' and name 'interfaces'
[0.476s] Level 1:colcon.colcon_core.package_identification:_identify(listener) by extensions ['ignore', 'ignore_ament_install']
[0.476s] Level 1:colcon.colcon_core.package_identification:_identify(listener) by extension 'ignore'
[0.477s] Level 1:colcon.colcon_core.package_identification:_identify(listener) by extension 'ignore_ament_install'
[0.477s] Level 1:colcon.colcon_core.package_identification:_identify(listener) by extensions ['colcon_pkg']
[0.477s] Level 1:colcon.colcon_core.package_identification:_identify(listener) by extension 'colcon_pkg'
[0.477s] Level 1:colcon.colcon_core.package_identification:_identify(listener) by extensions ['colcon_meta']
[0.477s] Level 1:colcon.colcon_core.package_identification:_identify(listener) by extension 'colcon_meta'
[0.477s] Level 1:colcon.colcon_core.package_identification:_identify(listener) by extensions ['ros']
[0.477s] Level 1:colcon.colcon_core.package_identification:_identify(listener) by extension 'ros'
[0.478s] DEBUG:colcon.colcon_core.package_identification:Package 'listener' with type 'ros.ament_python' and name 'listener'
[0.478s] Level 1:colcon.colcon_core.package_identification:_identify(log) by extensions ['ignore', 'ignore_ament_install']
[0.478s] Level 1:colcon.colcon_core.package_identification:_identify(log) by extension 'ignore'
[0.478s] Level 1:colcon.colcon_core.package_identification:_identify(log) ignored
[0.478s] Level 1:colcon.colcon_core.package_identification:_identify(service) by extensions ['ignore', 'ignore_ament_install']
[0.478s] Level 1:colcon.colcon_core.package_identification:_identify(service) by extension 'ignore'
[0.478s] Level 1:colcon.colcon_core.package_identification:_identify(service) by extension 'ignore_ament_install'
[0.478s] Level 1:colcon.colcon_core.package_identification:_identify(service) by extensions ['colcon_pkg']
[0.479s] Level 1:colcon.colcon_core.package_identification:_identify(service) by extension 'colcon_pkg'
[0.479s] Level 1:colcon.colcon_core.package_identification:_identify(service) by extensions ['colcon_meta']
[0.479s] Level 1:colcon.colcon_core.package_identification:_identify(service) by extension 'colcon_meta'
[0.479s] Level 1:colcon.colcon_core.package_identification:_identify(service) by extensions ['ros']
[0.479s] Level 1:colcon.colcon_core.package_identification:_identify(service) by extension 'ros'
[0.479s] DEBUG:colcon.colcon_core.package_identification:Package 'service' with type 'ros.ament_python' and name 'service'
[0.479s] Level 1:colcon.colcon_core.package_identification:_identify(talker) by extensions ['ignore', 'ignore_ament_install']
[0.480s] Level 1:colcon.colcon_core.package_identification:_identify(talker) by extension 'ignore'
[0.480s] Level 1:colcon.colcon_core.package_identification:_identify(talker) by extension 'ignore_ament_install'
[0.480s] Level 1:colcon.colcon_core.package_identification:_identify(talker) by extensions ['colcon_pkg']
[0.480s] Level 1:colcon.colcon_core.package_identification:_identify(talker) by extension 'colcon_pkg'
[0.480s] Level 1:colcon.colcon_core.package_identification:_identify(talker) by extensions ['colcon_meta']
[0.480s] Level 1:colcon.colcon_core.package_identification:_identify(talker) by extension 'colcon_meta'
[0.480s] Level 1:colcon.colcon_core.package_identification:_identify(talker) by extensions ['ros']
[0.480s] Level 1:colcon.colcon_core.package_identification:_identify(talker) by extension 'ros'
[0.481s] DEBUG:colcon.colcon_core.package_identification:Package 'talker' with type 'ros.ament_python' and name 'talker'
[0.481s] Level 1:colcon.colcon_core.package_discovery:discover_packages(recursive) using defaults
[0.481s] Level 1:colcon.colcon_core.package_discovery:discover_packages(ignore) discover
[0.481s] Level 1:colcon.colcon_core.package_discovery:discover_packages(ignore) using defaults
[0.481s] Level 1:colcon.colcon_core.package_discovery:discover_packages(path) discover
[0.481s] Level 1:colcon.colcon_core.package_discovery:discover_packages(path) using defaults
[0.509s] INFO:colcon.colcon_core.package_selection:Skipping not selected package 'listener' in 'listener'
[0.509s] INFO:colcon.colcon_core.package_selection:Skipping not selected package 'service' in 'service'
[0.509s] INFO:colcon.colcon_core.package_selection:Skipping not selected package 'talker' in 'talker'
[0.510s] Level 1:colcon.colcon_core.package_discovery:discover_packages(prefix_path) check parameters
[0.510s] Level 1:colcon.colcon_core.package_discovery:discover_packages(prefix_path) discover
[0.514s] DEBUG:colcon.colcon_installed_package_information.package_discovery:Found 1 installed packages in /home/max/temp_workspace/src/install
[0.515s] DEBUG:colcon.colcon_installed_package_information.package_discovery:Found 3 installed packages in /home/max/temp_workspace/install
[0.518s] DEBUG:colcon.colcon_installed_package_information.package_discovery:Found 256 installed packages in /opt/ros/foxy
[0.520s] Level 1:colcon.colcon_core.package_discovery:discover_packages(prefix_path) using defaults
[0.592s] Level 5:colcon.colcon_core.verb:set package 'interfaces' build argument 'cmake_args' from command line to 'None'
[0.593s] Level 5:colcon.colcon_core.verb:set package 'interfaces' build argument 'cmake_target' from command line to 'None'
[0.593s] Level 5:colcon.colcon_core.verb:set package 'interfaces' build argument 'cmake_target_skip_unavailable' from command line to 'False'
[0.593s] Level 5:colcon.colcon_core.verb:set package 'interfaces' build argument 'cmake_clean_cache' from command line to 'False'
[0.593s] Level 5:colcon.colcon_core.verb:set package 'interfaces' build argument 'cmake_clean_first' from command line to 'False'
[0.593s] Level 5:colcon.colcon_core.verb:set package 'interfaces' build argument 'cmake_force_configure' from command line to 'False'
[0.593s] Level 5:colcon.colcon_core.verb:set package 'interfaces' build argument 'ament_cmake_args' from command line to 'None'
[0.593s] Level 5:colcon.colcon_core.verb:set package 'interfaces' build argument 'catkin_cmake_args' from command line to 'None'
[0.593s] Level 5:colcon.colcon_core.verb:set package 'interfaces' build argument 'catkin_skip_building_tests' from command line to 'False'
[0.593s] DEBUG:colcon.colcon_core.verb:Building package 'interfaces' with the following arguments: {'ament_cmake_args': None, 'build_base': '/home/max/temp_workspace/src/build/interfaces', 'catkin_cmake_args': None, 'catkin_skip_building_tests': False, 'cmake_args': None, 'cmake_clean_cache': False, 'cmake_clean_first': False, 'cmake_force_configure': False, 'cmake_target': None, 'cmake_target_skip_unavailable': False, 'install_base': '/home/max/temp_workspace/src/install/interfaces', 'merge_install': False, 'path': '/home/max/temp_workspace/src/interfaces', 'symlink_install': False, 'test_result_base': None}
[0.595s] INFO:colcon.colcon_core.executor:Executing jobs using 'parallel' executor
[0.605s] DEBUG:colcon.colcon_parallel_executor.executor.parallel:run_until_complete
[0.605s] INFO:colcon.colcon_ros.task.ament_cmake.build:Building ROS package in '/home/max/temp_workspace/src/interfaces' with build type 'ament_cmake'
[0.605s] INFO:colcon.colcon_cmake.task.cmake.build:Building CMake package in '/home/max/temp_workspace/src/interfaces'
[0.612s] INFO:colcon.colcon_core.plugin_system:Skipping extension 'colcon_core.shell.bat': Not used on non-Windows systems
[0.612s] INFO:colcon.colcon_core.shell:Skip shell extension 'powershell' for command environment: Not usable outside of PowerShell
[0.613s] DEBUG:colcon.colcon_core.shell:Skip shell extension 'dsv' for command environment
[0.628s] DEBUG:colcon.colcon_core.event_handler.log_command:Invoking command in '/home/max/temp_workspace/src/build/interfaces': CMAKE_PREFIX_PATH=${CMAKE_PREFIX_PATH}:/home/max/temp_workspace/install/talker:/home/max/temp_workspace/install/listener:/opt/ros/foxy /usr/bin/cmake --build /home/max/temp_workspace/src/build/interfaces -- -j4 -l4
[5.209s] DEBUG:colcon.colcon_core.event_handler.log_command:Invoked command in '/home/max/temp_workspace/src/build/interfaces' returned '0': CMAKE_PREFIX_PATH=${CMAKE_PREFIX_PATH}:/home/max/temp_workspace/install/talker:/home/max/temp_workspace/install/listener:/opt/ros/foxy /usr/bin/cmake --build /home/max/temp_workspace/src/build/interfaces -- -j4 -l4
[5.278s] DEBUG:colcon.colcon_core.event_handler.log_command:Invoking command in '/home/max/temp_workspace/src/build/interfaces': CMAKE_PREFIX_PATH=${CMAKE_PREFIX_PATH}:/home/max/temp_workspace/install/talker:/home/max/temp_workspace/install/listener:/opt/ros/foxy /usr/bin/cmake --install /home/max/temp_workspace/src/build/interfaces
[5.354s] Level 1:colcon.colcon_core.environment:create_environment_scripts_only(interfaces)
[5.358s] DEBUG:colcon.colcon_core.event_handler.log_command:Invoked command in '/home/max/temp_workspace/src/build/interfaces' returned '0': CMAKE_PREFIX_PATH=${CMAKE_PREFIX_PATH}:/home/max/temp_workspace/install/talker:/home/max/temp_workspace/install/listener:/opt/ros/foxy /usr/bin/cmake --install /home/max/temp_workspace/src/build/interfaces
[5.364s] Level 1:colcon.colcon_core.environment:checking '/home/max/temp_workspace/src/install/interfaces' for CMake module files
[5.365s] Level 1:colcon.colcon_core.environment:checking '/home/max/temp_workspace/src/install/interfaces' for CMake config files
[5.365s] Level 1:colcon.colcon_core.shell:create_environment_hook('interfaces', 'cmake_prefix_path')
[5.369s] INFO:colcon.colcon_core.shell:Creating environment hook '/home/max/temp_workspace/src/install/interfaces/share/interfaces/hook/cmake_prefix_path.ps1'
[5.370s] INFO:colcon.colcon_core.shell:Creating environment descriptor '/home/max/temp_workspace/src/install/interfaces/share/interfaces/hook/cmake_prefix_path.dsv'
[5.370s] INFO:colcon.colcon_core.shell:Creating environment hook '/home/max/temp_workspace/src/install/interfaces/share/interfaces/hook/cmake_prefix_path.sh'
[5.371s] Level 1:colcon.colcon_core.environment:checking '/home/max/temp_workspace/src/install/interfaces/lib'
[5.371s] Level 1:colcon.colcon_core.shell:create_environment_hook('interfaces', 'ld_library_path_lib')
[5.375s] INFO:colcon.colcon_core.shell:Creating environment hook '/home/max/temp_workspace/src/install/interfaces/share/interfaces/hook/ld_library_path_lib.ps1'
[5.375s] INFO:colcon.colcon_core.shell:Creating environment descriptor '/home/max/temp_workspace/src/install/interfaces/share/interfaces/hook/ld_library_path_lib.dsv'
[5.375s] INFO:colcon.colcon_core.shell:Creating environment hook '/home/max/temp_workspace/src/install/interfaces/share/interfaces/hook/ld_library_path_lib.sh'
[5.376s] Level 1:colcon.colcon_core.environment:checking '/home/max/temp_workspace/src/install/interfaces/bin'
[5.376s] Level 1:colcon.colcon_core.environment:checking '/home/max/temp_workspace/src/install/interfaces/lib/pkgconfig/interfaces.pc'
[5.376s] Level 1:colcon.colcon_core.environment:checking '/home/max/temp_workspace/src/install/interfaces/lib/python3.8/site-packages'
[5.376s] Level 1:colcon.colcon_core.shell:create_environment_hook('interfaces', 'pythonpath')
[5.380s] INFO:colcon.colcon_core.shell:Creating environment hook '/home/max/temp_workspace/src/install/interfaces/share/interfaces/hook/pythonpath.ps1'
[5.380s] INFO:colcon.colcon_core.shell:Creating environment descriptor '/home/max/temp_workspace/src/install/interfaces/share/interfaces/hook/pythonpath.dsv'
[5.380s] INFO:colcon.colcon_core.shell:Creating environment hook '/home/max/temp_workspace/src/install/interfaces/share/interfaces/hook/pythonpath.sh'
[5.381s] Level 1:colcon.colcon_core.environment:checking '/home/max/temp_workspace/src/install/interfaces/bin'
[5.385s] INFO:colcon.colcon_core.shell:Creating package script '/home/max/temp_workspace/src/install/interfaces/share/interfaces/package.ps1'
[5.385s] INFO:colcon.colcon_core.shell:Creating package descriptor '/home/max/temp_workspace/src/install/interfaces/share/interfaces/package.dsv'
[5.386s] INFO:colcon.colcon_core.shell:Creating package script '/home/max/temp_workspace/src/install/interfaces/share/interfaces/package.sh'
[5.387s] INFO:colcon.colcon_core.shell:Creating package script '/home/max/temp_workspace/src/install/interfaces/share/interfaces/package.bash'
[5.388s] INFO:colcon.colcon_core.shell:Creating package script '/home/max/temp_workspace/src/install/interfaces/share/interfaces/package.zsh'
[5.388s] Level 1:colcon.colcon_core.environment:create_file_with_runtime_dependencies(/home/max/temp_workspace/src/install/interfaces/share/colcon-core/packages/interfaces)
[5.442s] Level 1:colcon.colcon_core.environment:create_environment_scripts_only(interfaces)
[5.447s] Level 1:colcon.colcon_core.environment:checking '/home/max/temp_workspace/src/install/interfaces' for CMake module files
[5.448s] Level 1:colcon.colcon_core.environment:checking '/home/max/temp_workspace/src/install/interfaces' for CMake config files
[5.448s] Level 1:colcon.colcon_core.shell:create_environment_hook('interfaces', 'cmake_prefix_path')
[5.452s] INFO:colcon.colcon_core.shell:Creating environment hook '/home/max/temp_workspace/src/install/interfaces/share/interfaces/hook/cmake_prefix_path.ps1'
[5.452s] INFO:colcon.colcon_core.shell:Creating environment descriptor '/home/max/temp_workspace/src/install/interfaces/share/interfaces/hook/cmake_prefix_path.dsv'
[5.453s] INFO:colcon.colcon_core.shell:Creating environment hook '/home/max/temp_workspace/src/install/interfaces/share/interfaces/hook/cmake_prefix_path.sh'
[5.453s] Level 1:colcon.colcon_core.environment:checking '/home/max/temp_workspace/src/install/interfaces/lib'
[5.454s] Level 1:colcon.colcon_core.shell:create_environment_hook('interfaces', 'ld_library_path_lib')
[5.457s] INFO:colcon.colcon_core.shell:Creating environment hook '/home/max/temp_workspace/src/install/interfaces/share/interfaces/hook/ld_library_path_lib.ps1'
[5.458s] INFO:colcon.colcon_core.shell:Creating environment descriptor '/home/max/temp_workspace/src/install/interfaces/share/interfaces/hook/ld_library_path_lib.dsv'
[5.458s] INFO:colcon.colcon_core.shell:Creating environment hook '/home/max/temp_workspace/src/install/interfaces/share/interfaces/hook/ld_library_path_lib.sh'
[5.458s] Level 1:colcon.colcon_core.environment:checking '/home/max/temp_workspace/src/install/interfaces/bin'
[5.458s] Level 1:colcon.colcon_core.environment:checking '/home/max/temp_workspace/src/install/interfaces/lib/pkgconfig/interfaces.pc'
[5.459s] Level 1:colcon.colcon_core.environment:checking '/home/max/temp_workspace/src/install/interfaces/lib/python3.8/site-packages'
[5.459s] Level 1:colcon.colcon_core.shell:create_environment_hook('interfaces', 'pythonpath')
[5.462s] INFO:colcon.colcon_core.shell:Creating environment hook '/home/max/temp_workspace/src/install/interfaces/share/interfaces/hook/pythonpath.ps1'
[5.463s] INFO:colcon.colcon_core.shell:Creating environment descriptor '/home/max/temp_workspace/src/install/interfaces/share/interfaces/hook/pythonpath.dsv'
[5.463s] INFO:colcon.colcon_core.shell:Creating environment hook '/home/max/temp_workspace/src/install/interfaces/share/interfaces/hook/pythonpath.sh'
[5.463s] Level 1:colcon.colcon_core.environment:checking '/home/max/temp_workspace/src/install/interfaces/bin'
[5.467s] INFO:colcon.colcon_core.shell:Creating package script '/home/max/temp_workspace/src/install/interfaces/share/interfaces/package.ps1'
[5.468s] INFO:colcon.colcon_core.shell:Creating package descriptor '/home/max/temp_workspace/src/install/interfaces/share/interfaces/package.dsv'
[5.468s] INFO:colcon.colcon_core.shell:Creating package script '/home/max/temp_workspace/src/install/interfaces/share/interfaces/package.sh'
[5.469s] INFO:colcon.colcon_core.shell:Creating package script '/home/max/temp_workspace/src/install/interfaces/share/interfaces/package.bash'
[5.469s] INFO:colcon.colcon_core.shell:Creating package script '/home/max/temp_workspace/src/install/interfaces/share/interfaces/package.zsh'
[5.469s] Level 1:colcon.colcon_core.environment:create_file_with_runtime_dependencies(/home/max/temp_workspace/src/install/interfaces/share/colcon-core/packages/interfaces)
[5.470s] DEBUG:colcon.colcon_parallel_executor.executor.parallel:closing loop
[5.470s] DEBUG:colcon.colcon_parallel_executor.executor.parallel:loop closed
[5.470s] DEBUG:colcon.colcon_parallel_executor.executor.parallel:run_until_complete finished with '0'
[5.471s] DEBUG:colcon.colcon_core.event_reactor:joining thread
[5.480s] INFO:colcon.colcon_core.plugin_system:Skipping extension 'colcon_notification.desktop_notification.terminal_notifier': Not used on non-Darwin systems
[5.480s] INFO:colcon.colcon_core.plugin_system:Skipping extension 'colcon_notification.desktop_notification.win32': Not used on non-Windows systems
[5.480s] INFO:colcon.colcon_notification.desktop_notification:Sending desktop notification using 'notify2'
[5.495s] DEBUG:colcon.colcon_core.event_reactor:joined thread
[5.499s] INFO:colcon.colcon_core.shell:Creating prefix script '/home/max/temp_workspace/src/install/local_setup.ps1'
[5.500s] INFO:colcon.colcon_core.shell:Creating prefix util module '/home/max/temp_workspace/src/install/_local_setup_util_ps1.py'
[5.501s] INFO:colcon.colcon_core.shell:Creating prefix chain script '/home/max/temp_workspace/src/install/setup.ps1'
[5.504s] INFO:colcon.colcon_core.shell:Creating prefix script '/home/max/temp_workspace/src/install/local_setup.sh'
[5.505s] INFO:colcon.colcon_core.shell:Creating prefix util module '/home/max/temp_workspace/src/install/_local_setup_util_sh.py'
[5.506s] INFO:colcon.colcon_core.shell:Creating prefix chain script '/home/max/temp_workspace/src/install/setup.sh'
[5.509s] INFO:colcon.colcon_core.shell:Creating prefix script '/home/max/temp_workspace/src/install/local_setup.bash'
[5.510s] INFO:colcon.colcon_core.shell:Creating prefix chain script '/home/max/temp_workspace/src/install/setup.bash'
[5.514s] INFO:colcon.colcon_core.shell:Creating prefix script '/home/max/temp_workspace/src/install/local_setup.zsh'
[5.514s] INFO:colcon.colcon_core.shell:Creating prefix chain script '/home/max/temp_workspace/src/install/setup.zsh'
