[1.031s] Invoking command in '/home/max/temp_workspace/src/talker': PYTHONPATH=/home/max/temp_workspace/install/talker/lib/python3.8/site-packages:${PYTHONPATH} /usr/bin/python3 setup.py egg_info --egg-base ../../build/talker build --build-base /home/max/temp_workspace/build/talker/build install --prefix /home/max/temp_workspace/install/talker --record /home/max/temp_workspace/build/talker/install.log --single-version-externally-managed
[1.317s] /home/max/.local/lib/python3.8/site-packages/setuptools/dist.py:771: UserWarning: Usage of dash-separated 'script-dir' will not be supported in future versions. Please use the underscore name 'script_dir' instead
[1.317s]   warnings.warn(
[1.318s] /home/max/.local/lib/python3.8/site-packages/setuptools/dist.py:771: UserWarning: Usage of dash-separated 'install-scripts' will not be supported in future versions. Please use the underscore name 'install_scripts' instead
[1.318s]   warnings.warn(
[1.393s] running egg_info
[1.404s] writing ../../build/talker/talker.egg-info/PKG-INFO
[1.405s] writing dependency_links to ../../build/talker/talker.egg-info/dependency_links.txt
[1.405s] writing entry points to ../../build/talker/talker.egg-info/entry_points.txt
[1.405s] writing requirements to ../../build/talker/talker.egg-info/requires.txt
[1.406s] writing top-level names to ../../build/talker/talker.egg-info/top_level.txt
[1.431s] reading manifest file '../../build/talker/talker.egg-info/SOURCES.txt'
[1.432s] writing manifest file '../../build/talker/talker.egg-info/SOURCES.txt'
[1.432s] running build
[1.432s] running build_py
[1.432s] running install
[1.432s] /home/max/.local/lib/python3.8/site-packages/setuptools/command/install.py:34: SetuptoolsDeprecationWarning: setup.py install is deprecated. Use build and pip and other standards-based tools.
[1.433s]   warnings.warn(
[1.439s] running install_lib
[1.450s] running install_data
[1.461s] running install_egg_info
[1.472s] removing '/home/max/temp_workspace/install/talker/lib/python3.8/site-packages/talker-0.0.0-py3.8.egg-info' (and everything under it)
[1.472s] Copying ../../build/talker/talker.egg-info to /home/max/temp_workspace/install/talker/lib/python3.8/site-packages/talker-0.0.0-py3.8.egg-info
[1.473s] running install_scripts
[1.538s] Installing talker script to /home/max/temp_workspace/install/talker/lib/talker
[1.539s] writing list of installed files to '/home/max/temp_workspace/build/talker/install.log'
[1.598s] Invoked command in '/home/max/temp_workspace/src/talker' returned '0': PYTHONPATH=/home/max/temp_workspace/install/talker/lib/python3.8/site-packages:${PYTHONPATH} /usr/bin/python3 setup.py egg_info --egg-base ../../build/talker build --build-base /home/max/temp_workspace/build/talker/build install --prefix /home/max/temp_workspace/install/talker --record /home/max/temp_workspace/build/talker/install.log --single-version-externally-managed
