[0.020s] Invoking command in '/home/max/temp_workspace/src/build/interfaces': CMAKE_PREFIX_PATH=${CMAKE_PREFIX_PATH}:/home/max/temp_workspace/install/talker:/home/max/temp_workspace/install/listener:/opt/ros/foxy /usr/bin/cmake --build /home/max/temp_workspace/src/build/interfaces -- -j4 -l4
[0.053s] -- Found ament_cmake: 0.9.9 (/opt/ros/foxy/share/ament_cmake/cmake)
[0.077s] -- Found PythonInterp: /usr/bin/python3 (found suitable version "3.8.10", minimum required is "3") 
[0.077s] -- Using PYTHON_EXECUTABLE: /usr/bin/python3
[0.301s] -- Found rosidl_default_generators: 1.0.1 (/opt/ros/foxy/share/rosidl_default_generators/cmake)
[0.304s] -- Using all available rosidl_typesupport_c: rosidl_typesupport_fastrtps_c;rosidl_typesupport_introspection_c
[0.308s] -- Found rosidl_adapter: 1.2.1 (/opt/ros/foxy/share/rosidl_adapter/cmake)
[0.494s] -- Using all available rosidl_typesupport_cpp: rosidl_typesupport_fastrtps_cpp;rosidl_typesupport_introspection_cpp
[0.549s] -- Found PythonInterp: /usr/bin/python3 (found version "3.8.10") 
[0.691s] -- Found ament_cmake_ros: 0.9.2 (/opt/ros/foxy/share/ament_cmake_ros/cmake)
[0.789s] -- Using all available rosidl_typesupport_c: rosidl_typesupport_fastrtps_c;rosidl_typesupport_introspection_c
[0.797s] -- Using all available rosidl_typesupport_cpp: rosidl_typesupport_fastrtps_cpp;rosidl_typesupport_introspection_cpp
[0.821s] -- Found PythonInterp: /usr/bin/python3 (found suitable version "3.8.10", minimum required is "3.5") 
[0.821s] -- Found python_cmake_module: 0.8.1 (/opt/ros/foxy/share/python_cmake_module/cmake)
[0.847s] -- Using PYTHON_EXECUTABLE: /usr/bin/python3
[0.847s] -- Using PYTHON_INCLUDE_DIRS: /usr/include/python3.8
[0.847s] -- Using PYTHON_LIBRARIES: /usr/lib/x86_64-linux-gnu/libpython3.8.so
[0.862s] -- Found ament_lint_auto: 0.9.6 (/opt/ros/foxy/share/ament_lint_auto/cmake)
[0.873s] -- Added test 'copyright' to check source files copyright and LICENSE
[0.875s] -- Added test 'lint_cmake' to check CMake code style
[0.876s] -- Added test 'xmllint' to check XML markup files
[0.881s] -- Configuring done
[0.914s] -- Generating done
[0.917s] -- Build files have been written to: /home/max/temp_workspace/src/build/interfaces
[0.945s] [  3%] [34m[1mGenerating C code for ROS interfaces[0m
[0.957s] [  6%] [34m[1mGenerating C++ code for ROS interfaces[0m
[1.262s] [  6%] Built target interfaces__cpp
[1.263s] [35m[1mScanning dependencies of target interfaces__rosidl_generator_c[0m
[1.279s] [ 16%] [34m[1mGenerating C++ type support for eProsima Fast-RTPS[0m
[1.279s] [ 16%] [34m[1mGenerating C++ introspection for ROS interfaces[0m
[1.279s] [ 16%] [34m[1mGenerating C++ type support dispatch for ROS interfaces[0m
[1.282s] [ 19%] [32mBuilding C object CMakeFiles/interfaces__rosidl_generator_c.dir/rosidl_generator_c/interfaces/srv/detail/get_distance__functions.c.o[0m
[1.359s] [ 22%] [32m[1mLinking C shared library libinterfaces__rosidl_generator_c.so[0m
[1.419s] [ 22%] Built target interfaces__rosidl_generator_c
[1.438s] [ 25%] [34m[1mGenerating C type support dispatch for ROS interfaces[0m
[1.737s] [35m[1mScanning dependencies of target interfaces__rosidl_typesupport_cpp[0m
[1.758s] [ 29%] [32mBuilding CXX object CMakeFiles/interfaces__rosidl_typesupport_cpp.dir/rosidl_typesupport_cpp/interfaces/srv/get_distance__type_support.cpp.o[0m
[1.788s] [35m[1mScanning dependencies of target interfaces__rosidl_typesupport_introspection_cpp[0m
[1.810s] [ 32%] [32mBuilding CXX object CMakeFiles/interfaces__rosidl_typesupport_introspection_cpp.dir/rosidl_typesupport_introspection_cpp/interfaces/srv/detail/get_distance__type_support.cpp.o[0m
[1.816s] [35m[1mScanning dependencies of target interfaces__rosidl_typesupport_fastrtps_cpp[0m
[1.851s] [ 35%] [32mBuilding CXX object CMakeFiles/interfaces__rosidl_typesupport_fastrtps_cpp.dir/rosidl_typesupport_fastrtps_cpp/interfaces/srv/detail/dds_fastrtps/get_distance__type_support.cpp.o[0m
[1.903s] [35m[1mScanning dependencies of target interfaces__rosidl_typesupport_c[0m
[1.923s] [ 38%] [32mBuilding CXX object CMakeFiles/interfaces__rosidl_typesupport_c.dir/rosidl_typesupport_c/interfaces/srv/get_distance__type_support.cpp.o[0m
[1.979s] [ 41%] [32m[1mLinking CXX shared library libinterfaces__rosidl_typesupport_c.so[0m
[2.052s] [ 41%] Built target interfaces__rosidl_typesupport_c
[2.071s] [ 45%] [34m[1mGenerating C introspection for ROS interfaces[0m
[2.326s] [ 48%] [32m[1mLinking CXX shared library libinterfaces__rosidl_typesupport_cpp.so[0m
[2.362s] [ 51%] [32m[1mLinking CXX shared library libinterfaces__rosidl_typesupport_introspection_cpp.so[0m
[2.403s] [ 51%] Built target interfaces__rosidl_typesupport_cpp
[2.436s] [ 51%] Built target interfaces__rosidl_typesupport_introspection_cpp
[2.581s] [35m[1mScanning dependencies of target interfaces__rosidl_typesupport_introspection_c[0m
[2.596s] [ 54%] [32mBuilding C object CMakeFiles/interfaces__rosidl_typesupport_introspection_c.dir/rosidl_typesupport_introspection_c/interfaces/srv/detail/get_distance__type_support.c.o[0m
[2.632s] [ 58%] [32m[1mLinking CXX shared library libinterfaces__rosidl_typesupport_fastrtps_cpp.so[0m
[2.636s] [ 61%] [32m[1mLinking C shared library libinterfaces__rosidl_typesupport_introspection_c.so[0m
[2.670s] [ 61%] Built target interfaces__rosidl_typesupport_introspection_c
[2.752s] [ 61%] Built target interfaces__rosidl_typesupport_fastrtps_cpp
[2.767s] [ 64%] [34m[1mGenerating C type support for eProsima Fast-RTPS[0m
[3.051s] [35m[1mScanning dependencies of target interfaces__rosidl_typesupport_fastrtps_c[0m
[3.067s] [ 67%] [32mBuilding CXX object CMakeFiles/interfaces__rosidl_typesupport_fastrtps_c.dir/rosidl_typesupport_fastrtps_c/interfaces/srv/detail/get_distance__type_support_c.cpp.o[0m
[3.441s] [ 70%] [32m[1mLinking CXX shared library libinterfaces__rosidl_typesupport_fastrtps_c.so[0m
[3.559s] [ 70%] Built target interfaces__rosidl_typesupport_fastrtps_c
[3.588s] [ 70%] Built target interfaces
[3.613s] [ 74%] [34m[1mGenerating Python code for ROS interfaces[0m
[4.150s] [ 74%] Built target interfaces__py
[4.163s] [35m[1mScanning dependencies of target interfaces__python[0m
[4.180s] [ 77%] [32mBuilding C object CMakeFiles/interfaces__python.dir/rosidl_generator_py/interfaces/srv/_get_distance_s.c.o[0m
[4.278s] [ 80%] [32m[1mLinking C shared library rosidl_generator_py/interfaces/libinterfaces__python.so[0m
[4.319s] [ 80%] Built target interfaces__python
[4.333s] [35m[1mScanning dependencies of target interfaces__rosidl_typesupport_introspection_c__pyext[0m
[4.335s] [35m[1mScanning dependencies of target interfaces__rosidl_typesupport_c__pyext[0m
[4.338s] [35m[1mScanning dependencies of target interfaces__rosidl_typesupport_fastrtps_c__pyext[0m
[4.356s] [ 83%] [32mBuilding C object CMakeFiles/interfaces__rosidl_typesupport_introspection_c__pyext.dir/rosidl_generator_py/interfaces/_interfaces_s.ep.rosidl_typesupport_introspection_c.c.o[0m
[4.362s] [ 87%] [32mBuilding C object CMakeFiles/interfaces__rosidl_typesupport_c__pyext.dir/rosidl_generator_py/interfaces/_interfaces_s.ep.rosidl_typesupport_c.c.o[0m
[4.364s] [ 90%] [32mBuilding C object CMakeFiles/interfaces__rosidl_typesupport_fastrtps_c__pyext.dir/rosidl_generator_py/interfaces/_interfaces_s.ep.rosidl_typesupport_fastrtps_c.c.o[0m
[4.458s] [ 93%] [32m[1mLinking C shared library rosidl_generator_py/interfaces/interfaces_s__rosidl_typesupport_c.cpython-38-x86_64-linux-gnu.so[0m
[4.500s] [ 93%] Built target interfaces__rosidl_typesupport_c__pyext
[4.510s] [ 96%] [32m[1mLinking C shared library rosidl_generator_py/interfaces/interfaces_s__rosidl_typesupport_introspection_c.cpython-38-x86_64-linux-gnu.so[0m
[4.516s] [100%] [32m[1mLinking CXX shared library rosidl_generator_py/interfaces/interfaces_s__rosidl_typesupport_fastrtps_c.cpython-38-x86_64-linux-gnu.so[0m
[4.550s] [100%] Built target interfaces__rosidl_typesupport_introspection_c__pyext
[4.588s] [100%] Built target interfaces__rosidl_typesupport_fastrtps_c__pyext
[4.601s] Invoked command in '/home/max/temp_workspace/src/build/interfaces' returned '0': CMAKE_PREFIX_PATH=${CMAKE_PREFIX_PATH}:/home/max/temp_workspace/install/talker:/home/max/temp_workspace/install/listener:/opt/ros/foxy /usr/bin/cmake --build /home/max/temp_workspace/src/build/interfaces -- -j4 -l4
[4.670s] Invoking command in '/home/max/temp_workspace/src/build/interfaces': CMAKE_PREFIX_PATH=${CMAKE_PREFIX_PATH}:/home/max/temp_workspace/install/talker:/home/max/temp_workspace/install/listener:/opt/ros/foxy /usr/bin/cmake --install /home/max/temp_workspace/src/build/interfaces
[4.681s] -- Install configuration: ""
[4.681s] -- Up-to-date: /home/max/temp_workspace/src/install/interfaces/share/ament_index/resource_index/rosidl_interfaces/interfaces
[4.681s] -- Up-to-date: /home/max/temp_workspace/src/install/interfaces/include/interfaces
[4.682s] -- Up-to-date: /home/max/temp_workspace/src/install/interfaces/include/interfaces/srv
[4.682s] -- Up-to-date: /home/max/temp_workspace/src/install/interfaces/include/interfaces/srv/detail
[4.682s] -- Installing: /home/max/temp_workspace/src/install/interfaces/include/interfaces/srv/detail/get_distance__functions.c
[4.682s] -- Installing: /home/max/temp_workspace/src/install/interfaces/include/interfaces/srv/detail/get_distance__struct.h
[4.682s] -- Installing: /home/max/temp_workspace/src/install/interfaces/include/interfaces/srv/detail/get_distance__functions.h
[4.683s] -- Installing: /home/max/temp_workspace/src/install/interfaces/include/interfaces/srv/detail/get_distance__type_support.h
[4.683s] -- Installing: /home/max/temp_workspace/src/install/interfaces/include/interfaces/srv/get_distance.h
[4.683s] -- Up-to-date: /home/max/temp_workspace/src/install/interfaces/include/interfaces/msg
[4.683s] -- Up-to-date: /home/max/temp_workspace/src/install/interfaces/include/interfaces/msg/rosidl_generator_c__visibility_control.h
[4.683s] -- Up-to-date: /home/max/temp_workspace/src/install/interfaces/share/interfaces/environment/library_path.sh
[4.683s] -- Installing: /home/max/temp_workspace/src/install/interfaces/share/interfaces/environment/library_path.dsv
[4.684s] -- Installing: /home/max/temp_workspace/src/install/interfaces/lib/libinterfaces__rosidl_generator_c.so
[4.684s] -- Set runtime path of "/home/max/temp_workspace/src/install/interfaces/lib/libinterfaces__rosidl_generator_c.so" to ""
[4.684s] -- Up-to-date: /home/max/temp_workspace/src/install/interfaces/include/interfaces
[4.684s] -- Up-to-date: /home/max/temp_workspace/src/install/interfaces/include/interfaces/srv
[4.684s] -- Up-to-date: /home/max/temp_workspace/src/install/interfaces/include/interfaces/srv/detail
[4.685s] -- Installing: /home/max/temp_workspace/src/install/interfaces/include/interfaces/srv/detail/get_distance__rosidl_typesupport_fastrtps_c.h
[4.685s] -- Up-to-date: /home/max/temp_workspace/src/install/interfaces/include/interfaces/msg
[4.685s] -- Up-to-date: /home/max/temp_workspace/src/install/interfaces/include/interfaces/msg/rosidl_typesupport_fastrtps_c__visibility_control.h
[4.685s] -- Installing: /home/max/temp_workspace/src/install/interfaces/lib/libinterfaces__rosidl_typesupport_fastrtps_c.so
[4.685s] -- Set runtime path of "/home/max/temp_workspace/src/install/interfaces/lib/libinterfaces__rosidl_typesupport_fastrtps_c.so" to ""
[4.686s] -- Up-to-date: /home/max/temp_workspace/src/install/interfaces/include/interfaces
[4.686s] -- Up-to-date: /home/max/temp_workspace/src/install/interfaces/include/interfaces/srv
[4.686s] -- Up-to-date: /home/max/temp_workspace/src/install/interfaces/include/interfaces/srv/detail
[4.686s] -- Installing: /home/max/temp_workspace/src/install/interfaces/include/interfaces/srv/detail/get_distance__rosidl_typesupport_fastrtps_cpp.hpp
[4.686s] -- Up-to-date: /home/max/temp_workspace/src/install/interfaces/include/interfaces/srv/detail/dds_fastrtps
[4.686s] -- Up-to-date: /home/max/temp_workspace/src/install/interfaces/include/interfaces/msg
[4.687s] -- Up-to-date: /home/max/temp_workspace/src/install/interfaces/include/interfaces/msg/rosidl_typesupport_fastrtps_cpp__visibility_control.h
[4.687s] -- Installing: /home/max/temp_workspace/src/install/interfaces/lib/libinterfaces__rosidl_typesupport_fastrtps_cpp.so
[4.687s] -- Set runtime path of "/home/max/temp_workspace/src/install/interfaces/lib/libinterfaces__rosidl_typesupport_fastrtps_cpp.so" to ""
[4.687s] -- Up-to-date: /home/max/temp_workspace/src/install/interfaces/include/interfaces
[4.688s] -- Up-to-date: /home/max/temp_workspace/src/install/interfaces/include/interfaces/srv
[4.688s] -- Up-to-date: /home/max/temp_workspace/src/install/interfaces/include/interfaces/srv/detail
[4.688s] -- Installing: /home/max/temp_workspace/src/install/interfaces/include/interfaces/srv/detail/get_distance__type_support.c
[4.688s] -- Installing: /home/max/temp_workspace/src/install/interfaces/include/interfaces/srv/detail/get_distance__rosidl_typesupport_introspection_c.h
[4.688s] -- Up-to-date: /home/max/temp_workspace/src/install/interfaces/include/interfaces/msg
[4.688s] -- Up-to-date: /home/max/temp_workspace/src/install/interfaces/include/interfaces/msg/rosidl_typesupport_introspection_c__visibility_control.h
[4.689s] -- Installing: /home/max/temp_workspace/src/install/interfaces/lib/libinterfaces__rosidl_typesupport_introspection_c.so
[4.689s] -- Set runtime path of "/home/max/temp_workspace/src/install/interfaces/lib/libinterfaces__rosidl_typesupport_introspection_c.so" to ""
[4.689s] -- Installing: /home/max/temp_workspace/src/install/interfaces/lib/libinterfaces__rosidl_typesupport_c.so
[4.690s] -- Set runtime path of "/home/max/temp_workspace/src/install/interfaces/lib/libinterfaces__rosidl_typesupport_c.so" to ""
[4.690s] -- Up-to-date: /home/max/temp_workspace/src/install/interfaces/include/interfaces
[4.690s] -- Up-to-date: /home/max/temp_workspace/src/install/interfaces/include/interfaces/srv
[4.690s] -- Up-to-date: /home/max/temp_workspace/src/install/interfaces/include/interfaces/srv/detail
[4.690s] -- Installing: /home/max/temp_workspace/src/install/interfaces/include/interfaces/srv/detail/get_distance__struct.hpp
[4.691s] -- Installing: /home/max/temp_workspace/src/install/interfaces/include/interfaces/srv/detail/get_distance__traits.hpp
[4.691s] -- Installing: /home/max/temp_workspace/src/install/interfaces/include/interfaces/srv/detail/get_distance__builder.hpp
[4.691s] -- Installing: /home/max/temp_workspace/src/install/interfaces/include/interfaces/srv/get_distance.hpp
[4.691s] -- Up-to-date: /home/max/temp_workspace/src/install/interfaces/include/interfaces
[4.691s] -- Up-to-date: /home/max/temp_workspace/src/install/interfaces/include/interfaces/srv
[4.691s] -- Up-to-date: /home/max/temp_workspace/src/install/interfaces/include/interfaces/srv/detail
[4.691s] -- Installing: /home/max/temp_workspace/src/install/interfaces/include/interfaces/srv/detail/get_distance__rosidl_typesupport_introspection_cpp.hpp
[4.692s] -- Installing: /home/max/temp_workspace/src/install/interfaces/include/interfaces/srv/detail/get_distance__type_support.cpp
[4.692s] -- Installing: /home/max/temp_workspace/src/install/interfaces/lib/libinterfaces__rosidl_typesupport_introspection_cpp.so
[4.692s] -- Set runtime path of "/home/max/temp_workspace/src/install/interfaces/lib/libinterfaces__rosidl_typesupport_introspection_cpp.so" to ""
[4.692s] -- Installing: /home/max/temp_workspace/src/install/interfaces/lib/libinterfaces__rosidl_typesupport_cpp.so
[4.693s] -- Set runtime path of "/home/max/temp_workspace/src/install/interfaces/lib/libinterfaces__rosidl_typesupport_cpp.so" to ""
[4.693s] -- Up-to-date: /home/max/temp_workspace/src/install/interfaces/share/interfaces/environment/pythonpath.sh
[4.693s] -- Installing: /home/max/temp_workspace/src/install/interfaces/share/interfaces/environment/pythonpath.dsv
[4.693s] -- Installing: /home/max/temp_workspace/src/install/interfaces/lib/python3.8/site-packages/interfaces/__init__.py
[4.729s] Compiling '/home/max/temp_workspace/src/install/interfaces/lib/python3.8/site-packages/interfaces/__init__.py'...
[4.734s] -- Up-to-date: /home/max/temp_workspace/src/install/interfaces/lib/python3.8/site-packages/interfaces/srv
[4.734s] -- Installing: /home/max/temp_workspace/src/install/interfaces/lib/python3.8/site-packages/interfaces/srv/_get_distance_s.c
[4.735s] -- Installing: /home/max/temp_workspace/src/install/interfaces/lib/python3.8/site-packages/interfaces/srv/_get_distance.py
[4.735s] -- Installing: /home/max/temp_workspace/src/install/interfaces/lib/python3.8/site-packages/interfaces/srv/__init__.py
[4.735s] -- Installing: /home/max/temp_workspace/src/install/interfaces/lib/python3.8/site-packages/interfaces/interfaces_s__rosidl_typesupport_fastrtps_c.cpython-38-x86_64-linux-gnu.so
[4.735s] -- Set runtime path of "/home/max/temp_workspace/src/install/interfaces/lib/python3.8/site-packages/interfaces/interfaces_s__rosidl_typesupport_fastrtps_c.cpython-38-x86_64-linux-gnu.so" to ""
[4.736s] -- Installing: /home/max/temp_workspace/src/install/interfaces/lib/python3.8/site-packages/interfaces/interfaces_s__rosidl_typesupport_introspection_c.cpython-38-x86_64-linux-gnu.so
[4.737s] -- Set runtime path of "/home/max/temp_workspace/src/install/interfaces/lib/python3.8/site-packages/interfaces/interfaces_s__rosidl_typesupport_introspection_c.cpython-38-x86_64-linux-gnu.so" to ""
[4.737s] -- Installing: /home/max/temp_workspace/src/install/interfaces/lib/python3.8/site-packages/interfaces/interfaces_s__rosidl_typesupport_c.cpython-38-x86_64-linux-gnu.so
[4.738s] -- Set runtime path of "/home/max/temp_workspace/src/install/interfaces/lib/python3.8/site-packages/interfaces/interfaces_s__rosidl_typesupport_c.cpython-38-x86_64-linux-gnu.so" to ""
[4.738s] -- Installing: /home/max/temp_workspace/src/install/interfaces/lib/libinterfaces__python.so
[4.739s] -- Set runtime path of "/home/max/temp_workspace/src/install/interfaces/lib/libinterfaces__python.so" to ""
[4.739s] -- Installing: /home/max/temp_workspace/src/install/interfaces/share/interfaces/srv/GetDistance.idl
[4.739s] -- Installing: /home/max/temp_workspace/src/install/interfaces/share/interfaces/srv/GetDistance.srv
[4.739s] -- Installing: /home/max/temp_workspace/src/install/interfaces/share/interfaces/srv/GetDistance_Request.msg
[4.739s] -- Up-to-date: /home/max/temp_workspace/src/install/interfaces/share/interfaces/srv/GetDistance_Response.msg
[4.739s] -- Up-to-date: /home/max/temp_workspace/src/install/interfaces/share/ament_index/resource_index/package_run_dependencies/interfaces
[4.740s] -- Installing: /home/max/temp_workspace/src/install/interfaces/share/ament_index/resource_index/parent_prefix_path/interfaces
[4.740s] -- Up-to-date: /home/max/temp_workspace/src/install/interfaces/share/interfaces/environment/ament_prefix_path.sh
[4.740s] -- Installing: /home/max/temp_workspace/src/install/interfaces/share/interfaces/environment/ament_prefix_path.dsv
[4.740s] -- Up-to-date: /home/max/temp_workspace/src/install/interfaces/share/interfaces/environment/path.sh
[4.740s] -- Installing: /home/max/temp_workspace/src/install/interfaces/share/interfaces/environment/path.dsv
[4.741s] -- Up-to-date: /home/max/temp_workspace/src/install/interfaces/share/interfaces/local_setup.bash
[4.741s] -- Up-to-date: /home/max/temp_workspace/src/install/interfaces/share/interfaces/local_setup.sh
[4.741s] -- Up-to-date: /home/max/temp_workspace/src/install/interfaces/share/interfaces/local_setup.zsh
[4.741s] -- Installing: /home/max/temp_workspace/src/install/interfaces/share/interfaces/local_setup.dsv
[4.741s] -- Installing: /home/max/temp_workspace/src/install/interfaces/share/interfaces/package.dsv
[4.741s] -- Up-to-date: /home/max/temp_workspace/src/install/interfaces/share/ament_index/resource_index/packages/interfaces
[4.742s] -- Up-to-date: /home/max/temp_workspace/src/install/interfaces/share/interfaces/cmake/interfaces__rosidl_generator_cExport.cmake
[4.742s] -- Installing: /home/max/temp_workspace/src/install/interfaces/share/interfaces/cmake/interfaces__rosidl_generator_cExport-noconfig.cmake
[4.742s] -- Up-to-date: /home/max/temp_workspace/src/install/interfaces/share/interfaces/cmake/interfaces__rosidl_typesupport_introspection_cExport.cmake
[4.742s] -- Installing: /home/max/temp_workspace/src/install/interfaces/share/interfaces/cmake/interfaces__rosidl_typesupport_introspection_cExport-noconfig.cmake
[4.743s] -- Up-to-date: /home/max/temp_workspace/src/install/interfaces/share/interfaces/cmake/interfaces__rosidl_typesupport_cExport.cmake
[4.743s] -- Installing: /home/max/temp_workspace/src/install/interfaces/share/interfaces/cmake/interfaces__rosidl_typesupport_cExport-noconfig.cmake
[4.743s] -- Up-to-date: /home/max/temp_workspace/src/install/interfaces/share/interfaces/cmake/interfaces__rosidl_generator_cppExport.cmake
[4.743s] -- Up-to-date: /home/max/temp_workspace/src/install/interfaces/share/interfaces/cmake/interfaces__rosidl_typesupport_introspection_cppExport.cmake
[4.743s] -- Installing: /home/max/temp_workspace/src/install/interfaces/share/interfaces/cmake/interfaces__rosidl_typesupport_introspection_cppExport-noconfig.cmake
[4.744s] -- Up-to-date: /home/max/temp_workspace/src/install/interfaces/share/interfaces/cmake/interfaces__rosidl_typesupport_cppExport.cmake
[4.744s] -- Installing: /home/max/temp_workspace/src/install/interfaces/share/interfaces/cmake/interfaces__rosidl_typesupport_cppExport-noconfig.cmake
[4.744s] -- Up-to-date: /home/max/temp_workspace/src/install/interfaces/share/interfaces/cmake/rosidl_cmake-extras.cmake
[4.744s] -- Up-to-date: /home/max/temp_workspace/src/install/interfaces/share/interfaces/cmake/ament_cmake_export_dependencies-extras.cmake
[4.744s] -- Up-to-date: /home/max/temp_workspace/src/install/interfaces/share/interfaces/cmake/ament_cmake_export_libraries-extras.cmake
[4.745s] -- Up-to-date: /home/max/temp_workspace/src/install/interfaces/share/interfaces/cmake/ament_cmake_export_targets-extras.cmake
[4.745s] -- Up-to-date: /home/max/temp_workspace/src/install/interfaces/share/interfaces/cmake/ament_cmake_export_include_directories-extras.cmake
[4.745s] -- Up-to-date: /home/max/temp_workspace/src/install/interfaces/share/interfaces/cmake/rosidl_cmake_export_typesupport_libraries-extras.cmake
[4.745s] -- Up-to-date: /home/max/temp_workspace/src/install/interfaces/share/interfaces/cmake/rosidl_cmake_export_typesupport_targets-extras.cmake
[4.745s] -- Up-to-date: /home/max/temp_workspace/src/install/interfaces/share/interfaces/cmake/interfacesConfig.cmake
[4.745s] -- Up-to-date: /home/max/temp_workspace/src/install/interfaces/share/interfaces/cmake/interfacesConfig-version.cmake
[4.745s] -- Up-to-date: /home/max/temp_workspace/src/install/interfaces/share/interfaces/package.xml
[4.750s] Invoked command in '/home/max/temp_workspace/src/build/interfaces' returned '0': CMAKE_PREFIX_PATH=${CMAKE_PREFIX_PATH}:/home/max/temp_workspace/install/talker:/home/max/temp_workspace/install/listener:/opt/ros/foxy /usr/bin/cmake --install /home/max/temp_workspace/src/build/interfaces
