[0.022s] Invoking command in '/home/max/temp_workspace/src/build/interfaces': CMAKE_PREFIX_PATH=${CMAKE_PREFIX_PATH}:/home/max/temp_workspace/install/talker:/home/max/temp_workspace/install/listener:/opt/ros/foxy /usr/bin/cmake --build /home/max/temp_workspace/src/build/interfaces -- -j4 -l4
[0.085s] [  6%] Built target interfaces__cpp
[0.085s] [ 12%] Built target interfaces__rosidl_generator_c
[0.114s] [ 22%] Built target interfaces__rosidl_typesupport_introspection_c
[0.118s] [ 32%] Built target interfaces__rosidl_typesupport_cpp
[0.119s] [ 41%] Built target interfaces__rosidl_typesupport_c
[0.143s] [ 51%] Built target interfaces__rosidl_typesupport_introspection_cpp
[0.147s] [ 61%] Built target interfaces__rosidl_typesupport_fastrtps_cpp
[0.176s] [ 70%] Built target interfaces__rosidl_typesupport_fastrtps_c
[0.199s] [ 70%] Built target interfaces
[0.223s] [ 74%] Built target interfaces__py
[0.254s] [ 80%] Built target interfaces__python
[0.289s] [ 87%] Built target interfaces__rosidl_typesupport_c__pyext
[0.289s] [ 93%] Built target interfaces__rosidl_typesupport_introspection_c__pyext
[0.292s] [100%] Built target interfaces__rosidl_typesupport_fastrtps_c__pyext
[0.305s] Invoked command in '/home/max/temp_workspace/src/build/interfaces' returned '0': CMAKE_PREFIX_PATH=${CMAKE_PREFIX_PATH}:/home/max/temp_workspace/install/talker:/home/max/temp_workspace/install/listener:/opt/ros/foxy /usr/bin/cmake --build /home/max/temp_workspace/src/build/interfaces -- -j4 -l4
[0.382s] Invoking command in '/home/max/temp_workspace/src/build/interfaces': CMAKE_PREFIX_PATH=${CMAKE_PREFIX_PATH}:/home/max/temp_workspace/install/talker:/home/max/temp_workspace/install/listener:/opt/ros/foxy /usr/bin/cmake --install /home/max/temp_workspace/src/build/interfaces
[0.398s] -- Install configuration: ""
[0.399s] -- Up-to-date: /home/max/temp_workspace/src/install/interfaces/share/ament_index/resource_index/rosidl_interfaces/interfaces
[0.399s] -- Up-to-date: /home/max/temp_workspace/src/install/interfaces/include/interfaces
[0.399s] -- Up-to-date: /home/max/temp_workspace/src/install/interfaces/include/interfaces/srv
[0.399s] -- Up-to-date: /home/max/temp_workspace/src/install/interfaces/include/interfaces/srv/detail
[0.400s] -- Up-to-date: /home/max/temp_workspace/src/install/interfaces/include/interfaces/srv/detail/get_distance__functions.c
[0.400s] -- Up-to-date: /home/max/temp_workspace/src/install/interfaces/include/interfaces/srv/detail/get_distance__struct.h
[0.400s] -- Up-to-date: /home/max/temp_workspace/src/install/interfaces/include/interfaces/srv/detail/get_distance__functions.h
[0.400s] -- Up-to-date: /home/max/temp_workspace/src/install/interfaces/include/interfaces/srv/detail/get_distance__type_support.h
[0.400s] -- Up-to-date: /home/max/temp_workspace/src/install/interfaces/include/interfaces/srv/get_distance.h
[0.400s] -- Up-to-date: /home/max/temp_workspace/src/install/interfaces/include/interfaces/msg
[0.401s] -- Up-to-date: /home/max/temp_workspace/src/install/interfaces/include/interfaces/msg/rosidl_generator_c__visibility_control.h
[0.401s] -- Up-to-date: /home/max/temp_workspace/src/install/interfaces/share/interfaces/environment/library_path.sh
[0.401s] -- Up-to-date: /home/max/temp_workspace/src/install/interfaces/share/interfaces/environment/library_path.dsv
[0.402s] -- Up-to-date: /home/max/temp_workspace/src/install/interfaces/lib/libinterfaces__rosidl_generator_c.so
[0.402s] -- Up-to-date: /home/max/temp_workspace/src/install/interfaces/include/interfaces
[0.402s] -- Up-to-date: /home/max/temp_workspace/src/install/interfaces/include/interfaces/srv
[0.402s] -- Up-to-date: /home/max/temp_workspace/src/install/interfaces/include/interfaces/srv/detail
[0.402s] -- Up-to-date: /home/max/temp_workspace/src/install/interfaces/include/interfaces/srv/detail/get_distance__rosidl_typesupport_fastrtps_c.h
[0.403s] -- Up-to-date: /home/max/temp_workspace/src/install/interfaces/include/interfaces/msg
[0.403s] -- Up-to-date: /home/max/temp_workspace/src/install/interfaces/include/interfaces/msg/rosidl_typesupport_fastrtps_c__visibility_control.h
[0.403s] -- Up-to-date: /home/max/temp_workspace/src/install/interfaces/lib/libinterfaces__rosidl_typesupport_fastrtps_c.so
[0.403s] -- Up-to-date: /home/max/temp_workspace/src/install/interfaces/include/interfaces
[0.403s] -- Up-to-date: /home/max/temp_workspace/src/install/interfaces/include/interfaces/srv
[0.404s] -- Up-to-date: /home/max/temp_workspace/src/install/interfaces/include/interfaces/srv/detail
[0.404s] -- Up-to-date: /home/max/temp_workspace/src/install/interfaces/include/interfaces/srv/detail/get_distance__rosidl_typesupport_fastrtps_cpp.hpp
[0.404s] -- Up-to-date: /home/max/temp_workspace/src/install/interfaces/include/interfaces/srv/detail/dds_fastrtps
[0.404s] -- Up-to-date: /home/max/temp_workspace/src/install/interfaces/include/interfaces/msg
[0.405s] -- Up-to-date: /home/max/temp_workspace/src/install/interfaces/include/interfaces/msg/rosidl_typesupport_fastrtps_cpp__visibility_control.h
[0.405s] -- Up-to-date: /home/max/temp_workspace/src/install/interfaces/lib/libinterfaces__rosidl_typesupport_fastrtps_cpp.so
[0.405s] -- Up-to-date: /home/max/temp_workspace/src/install/interfaces/include/interfaces
[0.406s] -- Up-to-date: /home/max/temp_workspace/src/install/interfaces/include/interfaces/srv
[0.406s] -- Up-to-date: /home/max/temp_workspace/src/install/interfaces/include/interfaces/srv/detail
[0.406s] -- Up-to-date: /home/max/temp_workspace/src/install/interfaces/include/interfaces/srv/detail/get_distance__type_support.c
[0.406s] -- Up-to-date: /home/max/temp_workspace/src/install/interfaces/include/interfaces/srv/detail/get_distance__rosidl_typesupport_introspection_c.h
[0.406s] -- Up-to-date: /home/max/temp_workspace/src/install/interfaces/include/interfaces/msg
[0.407s] -- Up-to-date: /home/max/temp_workspace/src/install/interfaces/include/interfaces/msg/rosidl_typesupport_introspection_c__visibility_control.h
[0.407s] -- Up-to-date: /home/max/temp_workspace/src/install/interfaces/lib/libinterfaces__rosidl_typesupport_introspection_c.so
[0.407s] -- Up-to-date: /home/max/temp_workspace/src/install/interfaces/lib/libinterfaces__rosidl_typesupport_c.so
[0.407s] -- Up-to-date: /home/max/temp_workspace/src/install/interfaces/include/interfaces
[0.407s] -- Up-to-date: /home/max/temp_workspace/src/install/interfaces/include/interfaces/srv
[0.408s] -- Up-to-date: /home/max/temp_workspace/src/install/interfaces/include/interfaces/srv/detail
[0.408s] -- Up-to-date: /home/max/temp_workspace/src/install/interfaces/include/interfaces/srv/detail/get_distance__struct.hpp
[0.408s] -- Up-to-date: /home/max/temp_workspace/src/install/interfaces/include/interfaces/srv/detail/get_distance__traits.hpp
[0.408s] -- Up-to-date: /home/max/temp_workspace/src/install/interfaces/include/interfaces/srv/detail/get_distance__builder.hpp
[0.408s] -- Up-to-date: /home/max/temp_workspace/src/install/interfaces/include/interfaces/srv/get_distance.hpp
[0.408s] -- Up-to-date: /home/max/temp_workspace/src/install/interfaces/include/interfaces
[0.408s] -- Up-to-date: /home/max/temp_workspace/src/install/interfaces/include/interfaces/srv
[0.408s] -- Up-to-date: /home/max/temp_workspace/src/install/interfaces/include/interfaces/srv/detail
[0.409s] -- Up-to-date: /home/max/temp_workspace/src/install/interfaces/include/interfaces/srv/detail/get_distance__rosidl_typesupport_introspection_cpp.hpp
[0.409s] -- Up-to-date: /home/max/temp_workspace/src/install/interfaces/include/interfaces/srv/detail/get_distance__type_support.cpp
[0.409s] -- Up-to-date: /home/max/temp_workspace/src/install/interfaces/lib/libinterfaces__rosidl_typesupport_introspection_cpp.so
[0.409s] -- Up-to-date: /home/max/temp_workspace/src/install/interfaces/lib/libinterfaces__rosidl_typesupport_cpp.so
[0.409s] -- Up-to-date: /home/max/temp_workspace/src/install/interfaces/share/interfaces/environment/pythonpath.sh
[0.409s] -- Up-to-date: /home/max/temp_workspace/src/install/interfaces/share/interfaces/environment/pythonpath.dsv
[0.409s] -- Up-to-date: /home/max/temp_workspace/src/install/interfaces/lib/python3.8/site-packages/interfaces/__init__.py
[0.460s] -- Up-to-date: /home/max/temp_workspace/src/install/interfaces/lib/python3.8/site-packages/interfaces/srv
[0.461s] -- Up-to-date: /home/max/temp_workspace/src/install/interfaces/lib/python3.8/site-packages/interfaces/srv/_get_distance_s.c
[0.461s] -- Up-to-date: /home/max/temp_workspace/src/install/interfaces/lib/python3.8/site-packages/interfaces/srv/_get_distance.py
[0.461s] -- Up-to-date: /home/max/temp_workspace/src/install/interfaces/lib/python3.8/site-packages/interfaces/srv/__init__.py
[0.461s] -- Up-to-date: /home/max/temp_workspace/src/install/interfaces/lib/python3.8/site-packages/interfaces/interfaces_s__rosidl_typesupport_fastrtps_c.cpython-38-x86_64-linux-gnu.so
[0.462s] -- Up-to-date: /home/max/temp_workspace/src/install/interfaces/lib/python3.8/site-packages/interfaces/interfaces_s__rosidl_typesupport_introspection_c.cpython-38-x86_64-linux-gnu.so
[0.463s] -- Up-to-date: /home/max/temp_workspace/src/install/interfaces/lib/python3.8/site-packages/interfaces/interfaces_s__rosidl_typesupport_c.cpython-38-x86_64-linux-gnu.so
[0.464s] -- Up-to-date: /home/max/temp_workspace/src/install/interfaces/lib/libinterfaces__python.so
[0.464s] -- Up-to-date: /home/max/temp_workspace/src/install/interfaces/share/interfaces/srv/GetDistance.idl
[0.465s] -- Up-to-date: /home/max/temp_workspace/src/install/interfaces/share/interfaces/srv/GetDistance.srv
[0.465s] -- Up-to-date: /home/max/temp_workspace/src/install/interfaces/share/interfaces/srv/GetDistance_Request.msg
[0.465s] -- Up-to-date: /home/max/temp_workspace/src/install/interfaces/share/interfaces/srv/GetDistance_Response.msg
[0.465s] -- Up-to-date: /home/max/temp_workspace/src/install/interfaces/share/ament_index/resource_index/package_run_dependencies/interfaces
[0.466s] -- Up-to-date: /home/max/temp_workspace/src/install/interfaces/share/ament_index/resource_index/parent_prefix_path/interfaces
[0.466s] -- Up-to-date: /home/max/temp_workspace/src/install/interfaces/share/interfaces/environment/ament_prefix_path.sh
[0.466s] -- Up-to-date: /home/max/temp_workspace/src/install/interfaces/share/interfaces/environment/ament_prefix_path.dsv
[0.466s] -- Up-to-date: /home/max/temp_workspace/src/install/interfaces/share/interfaces/environment/path.sh
[0.466s] -- Up-to-date: /home/max/temp_workspace/src/install/interfaces/share/interfaces/environment/path.dsv
[0.467s] -- Up-to-date: /home/max/temp_workspace/src/install/interfaces/share/interfaces/local_setup.bash
[0.467s] -- Up-to-date: /home/max/temp_workspace/src/install/interfaces/share/interfaces/local_setup.sh
[0.467s] -- Up-to-date: /home/max/temp_workspace/src/install/interfaces/share/interfaces/local_setup.zsh
[0.467s] -- Up-to-date: /home/max/temp_workspace/src/install/interfaces/share/interfaces/local_setup.dsv
[0.467s] -- Installing: /home/max/temp_workspace/src/install/interfaces/share/interfaces/package.dsv
[0.468s] -- Up-to-date: /home/max/temp_workspace/src/install/interfaces/share/ament_index/resource_index/packages/interfaces
[0.468s] -- Up-to-date: /home/max/temp_workspace/src/install/interfaces/share/interfaces/cmake/interfaces__rosidl_generator_cExport.cmake
[0.468s] -- Up-to-date: /home/max/temp_workspace/src/install/interfaces/share/interfaces/cmake/interfaces__rosidl_generator_cExport-noconfig.cmake
[0.468s] -- Up-to-date: /home/max/temp_workspace/src/install/interfaces/share/interfaces/cmake/interfaces__rosidl_typesupport_introspection_cExport.cmake
[0.468s] -- Up-to-date: /home/max/temp_workspace/src/install/interfaces/share/interfaces/cmake/interfaces__rosidl_typesupport_introspection_cExport-noconfig.cmake
[0.469s] -- Up-to-date: /home/max/temp_workspace/src/install/interfaces/share/interfaces/cmake/interfaces__rosidl_typesupport_cExport.cmake
[0.469s] -- Up-to-date: /home/max/temp_workspace/src/install/interfaces/share/interfaces/cmake/interfaces__rosidl_typesupport_cExport-noconfig.cmake
[0.469s] -- Up-to-date: /home/max/temp_workspace/src/install/interfaces/share/interfaces/cmake/interfaces__rosidl_generator_cppExport.cmake
[0.469s] -- Up-to-date: /home/max/temp_workspace/src/install/interfaces/share/interfaces/cmake/interfaces__rosidl_typesupport_introspection_cppExport.cmake
[0.470s] -- Up-to-date: /home/max/temp_workspace/src/install/interfaces/share/interfaces/cmake/interfaces__rosidl_typesupport_introspection_cppExport-noconfig.cmake
[0.470s] -- Up-to-date: /home/max/temp_workspace/src/install/interfaces/share/interfaces/cmake/interfaces__rosidl_typesupport_cppExport.cmake
[0.470s] -- Up-to-date: /home/max/temp_workspace/src/install/interfaces/share/interfaces/cmake/interfaces__rosidl_typesupport_cppExport-noconfig.cmake
[0.470s] -- Up-to-date: /home/max/temp_workspace/src/install/interfaces/share/interfaces/cmake/rosidl_cmake-extras.cmake
[0.470s] -- Up-to-date: /home/max/temp_workspace/src/install/interfaces/share/interfaces/cmake/ament_cmake_export_dependencies-extras.cmake
[0.470s] -- Up-to-date: /home/max/temp_workspace/src/install/interfaces/share/interfaces/cmake/ament_cmake_export_libraries-extras.cmake
[0.471s] -- Up-to-date: /home/max/temp_workspace/src/install/interfaces/share/interfaces/cmake/ament_cmake_export_targets-extras.cmake
[0.471s] -- Up-to-date: /home/max/temp_workspace/src/install/interfaces/share/interfaces/cmake/ament_cmake_export_include_directories-extras.cmake
[0.471s] -- Up-to-date: /home/max/temp_workspace/src/install/interfaces/share/interfaces/cmake/rosidl_cmake_export_typesupport_libraries-extras.cmake
[0.471s] -- Up-to-date: /home/max/temp_workspace/src/install/interfaces/share/interfaces/cmake/rosidl_cmake_export_typesupport_targets-extras.cmake
[0.471s] -- Up-to-date: /home/max/temp_workspace/src/install/interfaces/share/interfaces/cmake/interfacesConfig.cmake
[0.471s] -- Up-to-date: /home/max/temp_workspace/src/install/interfaces/share/interfaces/cmake/interfacesConfig-version.cmake
[0.472s] -- Up-to-date: /home/max/temp_workspace/src/install/interfaces/share/interfaces/package.xml
[0.476s] Invoked command in '/home/max/temp_workspace/src/build/interfaces' returned '0': CMAKE_PREFIX_PATH=${CMAKE_PREFIX_PATH}:/home/max/temp_workspace/install/talker:/home/max/temp_workspace/install/listener:/opt/ros/foxy /usr/bin/cmake --install /home/max/temp_workspace/src/build/interfaces
