/home/max/.local/lib/python3.8/site-packages/setuptools/dist.py:771: UserWarning: Usage of dash-separated 'script-dir' will not be supported in future versions. Please use the underscore name 'script_dir' instead
  warnings.warn(
/home/max/.local/lib/python3.8/site-packages/setuptools/dist.py:771: UserWarning: Usage of dash-separated 'install-scripts' will not be supported in future versions. Please use the underscore name 'install_scripts' instead
  warnings.warn(
running egg_info
creating ../../build/service/service.egg-info
writing ../../build/service/service.egg-info/PKG-INFO
writing dependency_links to ../../build/service/service.egg-info/dependency_links.txt
writing entry points to ../../build/service/service.egg-info/entry_points.txt
writing requirements to ../../build/service/service.egg-info/requires.txt
writing top-level names to ../../build/service/service.egg-info/top_level.txt
writing manifest file '../../build/service/service.egg-info/SOURCES.txt'
reading manifest file '../../build/service/service.egg-info/SOURCES.txt'
writing manifest file '../../build/service/service.egg-info/SOURCES.txt'
running build
running build_py
creating /home/max/temp_workspace/build/service/build
creating /home/max/temp_workspace/build/service/build/lib
creating /home/max/temp_workspace/build/service/build/lib/service
copying service/main.py -> /home/max/temp_workspace/build/service/build/lib/service
copying service/__init__.py -> /home/max/temp_workspace/build/service/build/lib/service
copying service/clientmain.py -> /home/max/temp_workspace/build/service/build/lib/service
running install
/home/max/.local/lib/python3.8/site-packages/setuptools/command/install.py:34: SetuptoolsDeprecationWarning: setup.py install is deprecated. Use build and pip and other standards-based tools.
  warnings.warn(
running install_lib
creating /home/max/temp_workspace/install/service/lib/python3.8/site-packages/service
copying /home/max/temp_workspace/build/service/build/lib/service/main.py -> /home/max/temp_workspace/install/service/lib/python3.8/site-packages/service
copying /home/max/temp_workspace/build/service/build/lib/service/__init__.py -> /home/max/temp_workspace/install/service/lib/python3.8/site-packages/service
copying /home/max/temp_workspace/build/service/build/lib/service/clientmain.py -> /home/max/temp_workspace/install/service/lib/python3.8/site-packages/service
byte-compiling /home/max/temp_workspace/install/service/lib/python3.8/site-packages/service/main.py to main.cpython-38.pyc
byte-compiling /home/max/temp_workspace/install/service/lib/python3.8/site-packages/service/__init__.py to __init__.cpython-38.pyc
byte-compiling /home/max/temp_workspace/install/service/lib/python3.8/site-packages/service/clientmain.py to clientmain.cpython-38.pyc
running install_data
creating /home/max/temp_workspace/install/service/share/ament_index
creating /home/max/temp_workspace/install/service/share/ament_index/resource_index
creating /home/max/temp_workspace/install/service/share/ament_index/resource_index/packages
copying resource/service -> /home/max/temp_workspace/install/service/share/ament_index/resource_index/packages
copying package.xml -> /home/max/temp_workspace/install/service/share/service
running install_egg_info
Copying ../../build/service/service.egg-info to /home/max/temp_workspace/install/service/lib/python3.8/site-packages/service-0.0.0-py3.8.egg-info
running install_scripts
Installing client script to /home/max/temp_workspace/install/service/lib/service
Installing service script to /home/max/temp_workspace/install/service/lib/service
writing list of installed files to '/home/max/temp_workspace/build/service/install.log'
