[0.019s] Invoking command in '/home/max/temp_workspace/src/build/interfaces': CMAKE_PREFIX_PATH=/home/max/temp_workspace/install/talker:/home/max/temp_workspace/install/listener:/opt/ros/foxy /usr/bin/cmake /home/max/temp_workspace/src/interfaces -DCMAKE_INSTALL_PREFIX=/home/max/temp_workspace/src/install/interfaces
[0.078s] -- The C compiler identification is GNU 9.4.0
[0.139s] -- The CXX compiler identification is GNU 9.4.0
[0.144s] -- Check for working C compiler: /usr/bin/cc
[0.218s] -- Check for working C compiler: /usr/bin/cc -- works
[0.219s] -- Detecting C compiler ABI info
[0.294s] -- Detecting C compiler ABI info - done
[0.307s] -- Detecting C compile features
[0.307s] -- Detecting C compile features - done
[0.310s] -- Check for working CXX compiler: /usr/bin/c++
[0.411s] -- Check for working CXX compiler: /usr/bin/c++ -- works
[0.412s] -- Detecting CXX compiler ABI info
[0.535s] -- Detecting CXX compiler ABI info - done
[0.551s] -- Detecting CXX compile features
[0.552s] -- Detecting CXX compile features - done
[0.554s] -- Found ament_cmake: 0.9.9 (/opt/ros/foxy/share/ament_cmake/cmake)
[0.582s] -- Found PythonInterp: /usr/bin/python3 (found suitable version "3.8.10", minimum required is "3") 
[0.582s] -- Using PYTHON_EXECUTABLE: /usr/bin/python3
[0.816s] -- Found rosidl_default_generators: 1.0.1 (/opt/ros/foxy/share/rosidl_default_generators/cmake)
[0.820s] -- Using all available rosidl_typesupport_c: rosidl_typesupport_fastrtps_c;rosidl_typesupport_introspection_c
[0.827s] -- Found rosidl_adapter: 1.2.1 (/opt/ros/foxy/share/rosidl_adapter/cmake)
[0.924s] -- Found OpenSSL: /usr/lib/x86_64-linux-gnu/libcrypto.so (found version "1.1.1f")  
[0.955s] -- Found FastRTPS: /opt/ros/foxy/include  
[1.039s] -- Using all available rosidl_typesupport_cpp: rosidl_typesupport_fastrtps_cpp;rosidl_typesupport_introspection_cpp
[1.093s] -- Found PythonInterp: /usr/bin/python3 (found version "3.8.10") 
[1.278s] -- Found ament_cmake_ros: 0.9.2 (/opt/ros/foxy/share/ament_cmake_ros/cmake)
[1.391s] -- Using all available rosidl_typesupport_c: rosidl_typesupport_fastrtps_c;rosidl_typesupport_introspection_c
[1.399s] -- Using all available rosidl_typesupport_cpp: rosidl_typesupport_fastrtps_cpp;rosidl_typesupport_introspection_cpp
[1.423s] -- Found PythonInterp: /usr/bin/python3 (found suitable version "3.8.10", minimum required is "3.5") 
[1.424s] -- Found python_cmake_module: 0.8.1 (/opt/ros/foxy/share/python_cmake_module/cmake)
[1.454s] -- Found PythonLibs: /usr/lib/x86_64-linux-gnu/libpython3.8.so (found suitable version "3.8.10", minimum required is "3.5") 
[1.454s] -- Using PYTHON_EXECUTABLE: /usr/bin/python3
[1.454s] -- Using PYTHON_INCLUDE_DIRS: /usr/include/python3.8
[1.454s] -- Using PYTHON_LIBRARIES: /usr/lib/x86_64-linux-gnu/libpython3.8.so
[1.477s] -- Found PythonExtra: .so  
[1.781s] -- Found ament_lint_auto: 0.9.6 (/opt/ros/foxy/share/ament_lint_auto/cmake)
[1.805s] -- Added test 'copyright' to check source files copyright and LICENSE
[1.807s] -- Added test 'lint_cmake' to check CMake code style
[1.809s] -- Added test 'xmllint' to check XML markup files
[1.814s] -- Configuring done
[1.849s] -- Generating done
[1.852s] -- Build files have been written to: /home/max/temp_workspace/src/build/interfaces
[1.861s] Invoked command in '/home/max/temp_workspace/src/build/interfaces' returned '0': CMAKE_PREFIX_PATH=/home/max/temp_workspace/install/talker:/home/max/temp_workspace/install/listener:/opt/ros/foxy /usr/bin/cmake /home/max/temp_workspace/src/interfaces -DCMAKE_INSTALL_PREFIX=/home/max/temp_workspace/src/install/interfaces
[1.865s] Invoking command in '/home/max/temp_workspace/src/build/interfaces': CMAKE_PREFIX_PATH=/home/max/temp_workspace/install/talker:/home/max/temp_workspace/install/listener:/opt/ros/foxy /usr/bin/cmake --build /home/max/temp_workspace/src/build/interfaces -- -j4 -l4
[1.910s] [  3%] [34m[1mGenerating C code for ROS interfaces[0m
[1.910s] [35m[1mScanning dependencies of target interfaces__cpp[0m
[1.922s] [  6%] [34m[1mGenerating C++ code for ROS interfaces[0m
[2.230s] [  6%] Built target interfaces__cpp
[2.245s] [35m[1mScanning dependencies of target interfaces__rosidl_generator_c[0m
[2.246s] [ 12%] [34m[1mGenerating C++ introspection for ROS interfaces[0m
[2.246s] [ 12%] [34m[1mGenerating C++ type support dispatch for ROS interfaces[0m
[2.249s] [ 16%] [34m[1mGenerating C++ type support for eProsima Fast-RTPS[0m
[2.266s] [ 19%] [32mBuilding C object CMakeFiles/interfaces__rosidl_generator_c.dir/rosidl_generator_c/interfaces/srv/detail/get_distance__functions.c.o[0m
[2.364s] [ 22%] [32m[1mLinking C shared library libinterfaces__rosidl_generator_c.so[0m
[2.423s] [ 22%] Built target interfaces__rosidl_generator_c
[2.442s] [ 25%] [34m[1mGenerating C type support dispatch for ROS interfaces[0m
[2.695s] [35m[1mScanning dependencies of target interfaces__rosidl_typesupport_cpp[0m
[2.718s] [ 29%] [32mBuilding CXX object CMakeFiles/interfaces__rosidl_typesupport_cpp.dir/rosidl_typesupport_cpp/interfaces/srv/get_distance__type_support.cpp.o[0m
[2.727s] [35m[1mScanning dependencies of target interfaces__rosidl_typesupport_introspection_cpp[0m
[2.755s] [ 32%] [32mBuilding CXX object CMakeFiles/interfaces__rosidl_typesupport_introspection_cpp.dir/rosidl_typesupport_introspection_cpp/interfaces/srv/detail/get_distance__type_support.cpp.o[0m
[2.787s] [35m[1mScanning dependencies of target interfaces__rosidl_typesupport_fastrtps_cpp[0m
[2.823s] [ 35%] [32mBuilding CXX object CMakeFiles/interfaces__rosidl_typesupport_fastrtps_cpp.dir/rosidl_typesupport_fastrtps_cpp/interfaces/srv/detail/dds_fastrtps/get_distance__type_support.cpp.o[0m
[2.885s] [35m[1mScanning dependencies of target interfaces__rosidl_typesupport_c[0m
[2.909s] [ 38%] [32mBuilding CXX object CMakeFiles/interfaces__rosidl_typesupport_c.dir/rosidl_typesupport_c/interfaces/srv/get_distance__type_support.cpp.o[0m
[2.966s] [ 41%] [32m[1mLinking CXX shared library libinterfaces__rosidl_typesupport_c.so[0m
[3.037s] [ 41%] Built target interfaces__rosidl_typesupport_c
[3.055s] [ 45%] [34m[1mGenerating C introspection for ROS interfaces[0m
[3.264s] [ 48%] [32m[1mLinking CXX shared library libinterfaces__rosidl_typesupport_cpp.so[0m
[3.324s] [ 51%] [32m[1mLinking CXX shared library libinterfaces__rosidl_typesupport_introspection_cpp.so[0m
[3.336s] [ 51%] Built target interfaces__rosidl_typesupport_cpp
[3.378s] [ 51%] Built target interfaces__rosidl_typesupport_introspection_cpp
[3.554s] [35m[1mScanning dependencies of target interfaces__rosidl_typesupport_introspection_c[0m
[3.568s] [ 54%] [32mBuilding C object CMakeFiles/interfaces__rosidl_typesupport_introspection_c.dir/rosidl_typesupport_introspection_c/interfaces/srv/detail/get_distance__type_support.c.o[0m
[3.601s] [ 58%] [32m[1mLinking CXX shared library libinterfaces__rosidl_typesupport_fastrtps_cpp.so[0m
[3.607s] [ 61%] [32m[1mLinking C shared library libinterfaces__rosidl_typesupport_introspection_c.so[0m
[3.640s] [ 61%] Built target interfaces__rosidl_typesupport_introspection_c
[3.723s] [ 61%] Built target interfaces__rosidl_typesupport_fastrtps_cpp
[3.738s] [ 64%] [34m[1mGenerating C type support for eProsima Fast-RTPS[0m
[4.015s] [35m[1mScanning dependencies of target interfaces__rosidl_typesupport_fastrtps_c[0m
[4.032s] [ 67%] [32mBuilding CXX object CMakeFiles/interfaces__rosidl_typesupport_fastrtps_c.dir/rosidl_typesupport_fastrtps_c/interfaces/srv/detail/get_distance__type_support_c.cpp.o[0m
[4.394s] [ 70%] [32m[1mLinking CXX shared library libinterfaces__rosidl_typesupport_fastrtps_c.so[0m
[4.513s] [ 70%] Built target interfaces__rosidl_typesupport_fastrtps_c
[4.527s] [35m[1mScanning dependencies of target interfaces[0m
[4.542s] [ 70%] Built target interfaces
[4.555s] [35m[1mScanning dependencies of target interfaces__py[0m
[4.568s] [ 74%] [34m[1mGenerating Python code for ROS interfaces[0m
[5.096s] [ 74%] Built target interfaces__py
[5.108s] [35m[1mScanning dependencies of target interfaces__python[0m
[5.129s] [ 77%] [32mBuilding C object CMakeFiles/interfaces__python.dir/rosidl_generator_py/interfaces/srv/_get_distance_s.c.o[0m
[5.224s] [ 80%] [32m[1mLinking C shared library rosidl_generator_py/interfaces/libinterfaces__python.so[0m
[5.267s] [ 80%] Built target interfaces__python
[5.279s] [35m[1mScanning dependencies of target interfaces__rosidl_typesupport_c__pyext[0m
[5.282s] [35m[1mScanning dependencies of target interfaces__rosidl_typesupport_introspection_c__pyext[0m
[5.283s] [35m[1mScanning dependencies of target interfaces__rosidl_typesupport_fastrtps_c__pyext[0m
[5.307s] [ 83%] [32mBuilding C object CMakeFiles/interfaces__rosidl_typesupport_c__pyext.dir/rosidl_generator_py/interfaces/_interfaces_s.ep.rosidl_typesupport_c.c.o[0m
[5.309s] [ 87%] [32mBuilding C object CMakeFiles/interfaces__rosidl_typesupport_fastrtps_c__pyext.dir/rosidl_generator_py/interfaces/_interfaces_s.ep.rosidl_typesupport_fastrtps_c.c.o[0m
[5.317s] [ 90%] [32mBuilding C object CMakeFiles/interfaces__rosidl_typesupport_introspection_c__pyext.dir/rosidl_generator_py/interfaces/_interfaces_s.ep.rosidl_typesupport_introspection_c.c.o[0m
[5.406s] [ 93%] [32m[1mLinking CXX shared library rosidl_generator_py/interfaces/interfaces_s__rosidl_typesupport_fastrtps_c.cpython-38-x86_64-linux-gnu.so[0m
[5.458s] [ 96%] [32m[1mLinking C shared library rosidl_generator_py/interfaces/interfaces_s__rosidl_typesupport_c.cpython-38-x86_64-linux-gnu.so[0m
[5.467s] [100%] [32m[1mLinking C shared library rosidl_generator_py/interfaces/interfaces_s__rosidl_typesupport_introspection_c.cpython-38-x86_64-linux-gnu.so[0m
[5.495s] [100%] Built target interfaces__rosidl_typesupport_fastrtps_c__pyext
[5.504s] [100%] Built target interfaces__rosidl_typesupport_c__pyext
[5.513s] [100%] Built target interfaces__rosidl_typesupport_introspection_c__pyext
[5.526s] Invoked command in '/home/max/temp_workspace/src/build/interfaces' returned '0': CMAKE_PREFIX_PATH=/home/max/temp_workspace/install/talker:/home/max/temp_workspace/install/listener:/opt/ros/foxy /usr/bin/cmake --build /home/max/temp_workspace/src/build/interfaces -- -j4 -l4
[5.594s] Invoking command in '/home/max/temp_workspace/src/build/interfaces': CMAKE_PREFIX_PATH=/home/max/temp_workspace/install/talker:/home/max/temp_workspace/install/listener:/opt/ros/foxy /usr/bin/cmake --install /home/max/temp_workspace/src/build/interfaces
[5.605s] -- Install configuration: ""
[5.605s] -- Installing: /home/max/temp_workspace/src/install/interfaces/share/ament_index/resource_index/rosidl_interfaces/interfaces
[5.605s] -- Installing: /home/max/temp_workspace/src/install/interfaces/include/interfaces
[5.605s] -- Installing: /home/max/temp_workspace/src/install/interfaces/include/interfaces/srv
[5.605s] -- Installing: /home/max/temp_workspace/src/install/interfaces/include/interfaces/srv/detail
[5.605s] -- Installing: /home/max/temp_workspace/src/install/interfaces/include/interfaces/srv/detail/get_distance__functions.c
[5.606s] -- Installing: /home/max/temp_workspace/src/install/interfaces/include/interfaces/srv/detail/get_distance__struct.h
[5.606s] -- Installing: /home/max/temp_workspace/src/install/interfaces/include/interfaces/srv/detail/get_distance__functions.h
[5.606s] -- Installing: /home/max/temp_workspace/src/install/interfaces/include/interfaces/srv/detail/get_distance__type_support.h
[5.606s] -- Installing: /home/max/temp_workspace/src/install/interfaces/include/interfaces/srv/get_distance.h
[5.606s] -- Installing: /home/max/temp_workspace/src/install/interfaces/include/interfaces/msg
[5.606s] -- Installing: /home/max/temp_workspace/src/install/interfaces/include/interfaces/msg/rosidl_generator_c__visibility_control.h
[5.606s] -- Installing: /home/max/temp_workspace/src/install/interfaces/share/interfaces/environment/library_path.sh
[5.607s] -- Installing: /home/max/temp_workspace/src/install/interfaces/share/interfaces/environment/library_path.dsv
[5.607s] -- Installing: /home/max/temp_workspace/src/install/interfaces/lib/libinterfaces__rosidl_generator_c.so
[5.607s] -- Set runtime path of "/home/max/temp_workspace/src/install/interfaces/lib/libinterfaces__rosidl_generator_c.so" to ""
[5.608s] -- Up-to-date: /home/max/temp_workspace/src/install/interfaces/include/interfaces
[5.608s] -- Up-to-date: /home/max/temp_workspace/src/install/interfaces/include/interfaces/srv
[5.608s] -- Up-to-date: /home/max/temp_workspace/src/install/interfaces/include/interfaces/srv/detail
[5.608s] -- Installing: /home/max/temp_workspace/src/install/interfaces/include/interfaces/srv/detail/get_distance__rosidl_typesupport_fastrtps_c.h
[5.608s] -- Up-to-date: /home/max/temp_workspace/src/install/interfaces/include/interfaces/msg
[5.608s] -- Installing: /home/max/temp_workspace/src/install/interfaces/include/interfaces/msg/rosidl_typesupport_fastrtps_c__visibility_control.h
[5.608s] -- Installing: /home/max/temp_workspace/src/install/interfaces/lib/libinterfaces__rosidl_typesupport_fastrtps_c.so
[5.608s] -- Set runtime path of "/home/max/temp_workspace/src/install/interfaces/lib/libinterfaces__rosidl_typesupport_fastrtps_c.so" to ""
[5.609s] -- Up-to-date: /home/max/temp_workspace/src/install/interfaces/include/interfaces
[5.609s] -- Up-to-date: /home/max/temp_workspace/src/install/interfaces/include/interfaces/srv
[5.609s] -- Up-to-date: /home/max/temp_workspace/src/install/interfaces/include/interfaces/srv/detail
[5.609s] -- Installing: /home/max/temp_workspace/src/install/interfaces/include/interfaces/srv/detail/get_distance__rosidl_typesupport_fastrtps_cpp.hpp
[5.609s] -- Installing: /home/max/temp_workspace/src/install/interfaces/include/interfaces/srv/detail/dds_fastrtps
[5.609s] -- Up-to-date: /home/max/temp_workspace/src/install/interfaces/include/interfaces/msg
[5.609s] -- Installing: /home/max/temp_workspace/src/install/interfaces/include/interfaces/msg/rosidl_typesupport_fastrtps_cpp__visibility_control.h
[5.609s] -- Installing: /home/max/temp_workspace/src/install/interfaces/lib/libinterfaces__rosidl_typesupport_fastrtps_cpp.so
[5.610s] -- Set runtime path of "/home/max/temp_workspace/src/install/interfaces/lib/libinterfaces__rosidl_typesupport_fastrtps_cpp.so" to ""
[5.610s] -- Up-to-date: /home/max/temp_workspace/src/install/interfaces/include/interfaces
[5.610s] -- Up-to-date: /home/max/temp_workspace/src/install/interfaces/include/interfaces/srv
[5.610s] -- Up-to-date: /home/max/temp_workspace/src/install/interfaces/include/interfaces/srv/detail
[5.610s] -- Installing: /home/max/temp_workspace/src/install/interfaces/include/interfaces/srv/detail/get_distance__type_support.c
[5.610s] -- Installing: /home/max/temp_workspace/src/install/interfaces/include/interfaces/srv/detail/get_distance__rosidl_typesupport_introspection_c.h
[5.611s] -- Up-to-date: /home/max/temp_workspace/src/install/interfaces/include/interfaces/msg
[5.611s] -- Installing: /home/max/temp_workspace/src/install/interfaces/include/interfaces/msg/rosidl_typesupport_introspection_c__visibility_control.h
[5.611s] -- Installing: /home/max/temp_workspace/src/install/interfaces/lib/libinterfaces__rosidl_typesupport_introspection_c.so
[5.611s] -- Set runtime path of "/home/max/temp_workspace/src/install/interfaces/lib/libinterfaces__rosidl_typesupport_introspection_c.so" to ""
[5.611s] -- Installing: /home/max/temp_workspace/src/install/interfaces/lib/libinterfaces__rosidl_typesupport_c.so
[5.612s] -- Set runtime path of "/home/max/temp_workspace/src/install/interfaces/lib/libinterfaces__rosidl_typesupport_c.so" to ""
[5.612s] -- Up-to-date: /home/max/temp_workspace/src/install/interfaces/include/interfaces
[5.612s] -- Up-to-date: /home/max/temp_workspace/src/install/interfaces/include/interfaces/srv
[5.612s] -- Up-to-date: /home/max/temp_workspace/src/install/interfaces/include/interfaces/srv/detail
[5.613s] -- Installing: /home/max/temp_workspace/src/install/interfaces/include/interfaces/srv/detail/get_distance__struct.hpp
[5.613s] -- Installing: /home/max/temp_workspace/src/install/interfaces/include/interfaces/srv/detail/get_distance__traits.hpp
[5.613s] -- Installing: /home/max/temp_workspace/src/install/interfaces/include/interfaces/srv/detail/get_distance__builder.hpp
[5.613s] -- Installing: /home/max/temp_workspace/src/install/interfaces/include/interfaces/srv/get_distance.hpp
[5.613s] -- Up-to-date: /home/max/temp_workspace/src/install/interfaces/include/interfaces
[5.613s] -- Up-to-date: /home/max/temp_workspace/src/install/interfaces/include/interfaces/srv
[5.613s] -- Up-to-date: /home/max/temp_workspace/src/install/interfaces/include/interfaces/srv/detail
[5.613s] -- Installing: /home/max/temp_workspace/src/install/interfaces/include/interfaces/srv/detail/get_distance__rosidl_typesupport_introspection_cpp.hpp
[5.613s] -- Installing: /home/max/temp_workspace/src/install/interfaces/include/interfaces/srv/detail/get_distance__type_support.cpp
[5.614s] -- Installing: /home/max/temp_workspace/src/install/interfaces/lib/libinterfaces__rosidl_typesupport_introspection_cpp.so
[5.614s] -- Set runtime path of "/home/max/temp_workspace/src/install/interfaces/lib/libinterfaces__rosidl_typesupport_introspection_cpp.so" to ""
[5.614s] -- Installing: /home/max/temp_workspace/src/install/interfaces/lib/libinterfaces__rosidl_typesupport_cpp.so
[5.615s] -- Set runtime path of "/home/max/temp_workspace/src/install/interfaces/lib/libinterfaces__rosidl_typesupport_cpp.so" to ""
[5.615s] -- Installing: /home/max/temp_workspace/src/install/interfaces/share/interfaces/environment/pythonpath.sh
[5.615s] -- Installing: /home/max/temp_workspace/src/install/interfaces/share/interfaces/environment/pythonpath.dsv
[5.615s] -- Installing: /home/max/temp_workspace/src/install/interfaces/lib/python3.8/site-packages/interfaces/__init__.py
[5.650s] Compiling '/home/max/temp_workspace/src/install/interfaces/lib/python3.8/site-packages/interfaces/__init__.py'...
[5.655s] -- Installing: /home/max/temp_workspace/src/install/interfaces/lib/python3.8/site-packages/interfaces/srv
[5.655s] -- Installing: /home/max/temp_workspace/src/install/interfaces/lib/python3.8/site-packages/interfaces/srv/_get_distance_s.c
[5.655s] -- Installing: /home/max/temp_workspace/src/install/interfaces/lib/python3.8/site-packages/interfaces/srv/_get_distance.py
[5.655s] -- Installing: /home/max/temp_workspace/src/install/interfaces/lib/python3.8/site-packages/interfaces/srv/__init__.py
[5.655s] -- Installing: /home/max/temp_workspace/src/install/interfaces/lib/python3.8/site-packages/interfaces/interfaces_s__rosidl_typesupport_fastrtps_c.cpython-38-x86_64-linux-gnu.so
[5.656s] -- Set runtime path of "/home/max/temp_workspace/src/install/interfaces/lib/python3.8/site-packages/interfaces/interfaces_s__rosidl_typesupport_fastrtps_c.cpython-38-x86_64-linux-gnu.so" to ""
[5.656s] -- Installing: /home/max/temp_workspace/src/install/interfaces/lib/python3.8/site-packages/interfaces/interfaces_s__rosidl_typesupport_introspection_c.cpython-38-x86_64-linux-gnu.so
[5.657s] -- Set runtime path of "/home/max/temp_workspace/src/install/interfaces/lib/python3.8/site-packages/interfaces/interfaces_s__rosidl_typesupport_introspection_c.cpython-38-x86_64-linux-gnu.so" to ""
[5.657s] -- Installing: /home/max/temp_workspace/src/install/interfaces/lib/python3.8/site-packages/interfaces/interfaces_s__rosidl_typesupport_c.cpython-38-x86_64-linux-gnu.so
[5.658s] -- Set runtime path of "/home/max/temp_workspace/src/install/interfaces/lib/python3.8/site-packages/interfaces/interfaces_s__rosidl_typesupport_c.cpython-38-x86_64-linux-gnu.so" to ""
[5.658s] -- Installing: /home/max/temp_workspace/src/install/interfaces/lib/libinterfaces__python.so
[5.658s] -- Set runtime path of "/home/max/temp_workspace/src/install/interfaces/lib/libinterfaces__python.so" to ""
[5.659s] -- Installing: /home/max/temp_workspace/src/install/interfaces/share/interfaces/srv/GetDistance.idl
[5.659s] -- Installing: /home/max/temp_workspace/src/install/interfaces/share/interfaces/srv/GetDistance.srv
[5.659s] -- Installing: /home/max/temp_workspace/src/install/interfaces/share/interfaces/srv/GetDistance_Request.msg
[5.659s] -- Installing: /home/max/temp_workspace/src/install/interfaces/share/interfaces/srv/GetDistance_Response.msg
[5.659s] -- Installing: /home/max/temp_workspace/src/install/interfaces/share/ament_index/resource_index/package_run_dependencies/interfaces
[5.659s] -- Installing: /home/max/temp_workspace/src/install/interfaces/share/ament_index/resource_index/parent_prefix_path/interfaces
[5.659s] -- Installing: /home/max/temp_workspace/src/install/interfaces/share/interfaces/environment/ament_prefix_path.sh
[5.660s] -- Installing: /home/max/temp_workspace/src/install/interfaces/share/interfaces/environment/ament_prefix_path.dsv
[5.660s] -- Installing: /home/max/temp_workspace/src/install/interfaces/share/interfaces/environment/path.sh
[5.660s] -- Installing: /home/max/temp_workspace/src/install/interfaces/share/interfaces/environment/path.dsv
[5.660s] -- Installing: /home/max/temp_workspace/src/install/interfaces/share/interfaces/local_setup.bash
[5.660s] -- Installing: /home/max/temp_workspace/src/install/interfaces/share/interfaces/local_setup.sh
[5.660s] -- Installing: /home/max/temp_workspace/src/install/interfaces/share/interfaces/local_setup.zsh
[5.660s] -- Installing: /home/max/temp_workspace/src/install/interfaces/share/interfaces/local_setup.dsv
[5.661s] -- Installing: /home/max/temp_workspace/src/install/interfaces/share/interfaces/package.dsv
[5.661s] -- Installing: /home/max/temp_workspace/src/install/interfaces/share/ament_index/resource_index/packages/interfaces
[5.661s] -- Installing: /home/max/temp_workspace/src/install/interfaces/share/interfaces/cmake/interfaces__rosidl_generator_cExport.cmake
[5.661s] -- Installing: /home/max/temp_workspace/src/install/interfaces/share/interfaces/cmake/interfaces__rosidl_generator_cExport-noconfig.cmake
[5.661s] -- Installing: /home/max/temp_workspace/src/install/interfaces/share/interfaces/cmake/interfaces__rosidl_typesupport_introspection_cExport.cmake
[5.661s] -- Installing: /home/max/temp_workspace/src/install/interfaces/share/interfaces/cmake/interfaces__rosidl_typesupport_introspection_cExport-noconfig.cmake
[5.662s] -- Installing: /home/max/temp_workspace/src/install/interfaces/share/interfaces/cmake/interfaces__rosidl_typesupport_cExport.cmake
[5.662s] -- Installing: /home/max/temp_workspace/src/install/interfaces/share/interfaces/cmake/interfaces__rosidl_typesupport_cExport-noconfig.cmake
[5.662s] -- Installing: /home/max/temp_workspace/src/install/interfaces/share/interfaces/cmake/interfaces__rosidl_generator_cppExport.cmake
[5.662s] -- Installing: /home/max/temp_workspace/src/install/interfaces/share/interfaces/cmake/interfaces__rosidl_typesupport_introspection_cppExport.cmake
[5.662s] -- Installing: /home/max/temp_workspace/src/install/interfaces/share/interfaces/cmake/interfaces__rosidl_typesupport_introspection_cppExport-noconfig.cmake
[5.662s] -- Installing: /home/max/temp_workspace/src/install/interfaces/share/interfaces/cmake/interfaces__rosidl_typesupport_cppExport.cmake
[5.663s] -- Installing: /home/max/temp_workspace/src/install/interfaces/share/interfaces/cmake/interfaces__rosidl_typesupport_cppExport-noconfig.cmake
[5.663s] -- Installing: /home/max/temp_workspace/src/install/interfaces/share/interfaces/cmake/rosidl_cmake-extras.cmake
[5.663s] -- Installing: /home/max/temp_workspace/src/install/interfaces/share/interfaces/cmake/ament_cmake_export_dependencies-extras.cmake
[5.663s] -- Installing: /home/max/temp_workspace/src/install/interfaces/share/interfaces/cmake/ament_cmake_export_libraries-extras.cmake
[5.663s] -- Installing: /home/max/temp_workspace/src/install/interfaces/share/interfaces/cmake/ament_cmake_export_targets-extras.cmake
[5.663s] -- Installing: /home/max/temp_workspace/src/install/interfaces/share/interfaces/cmake/ament_cmake_export_include_directories-extras.cmake
[5.664s] -- Installing: /home/max/temp_workspace/src/install/interfaces/share/interfaces/cmake/rosidl_cmake_export_typesupport_libraries-extras.cmake
[5.664s] -- Installing: /home/max/temp_workspace/src/install/interfaces/share/interfaces/cmake/rosidl_cmake_export_typesupport_targets-extras.cmake
[5.664s] -- Installing: /home/max/temp_workspace/src/install/interfaces/share/interfaces/cmake/interfacesConfig.cmake
[5.664s] -- Installing: /home/max/temp_workspace/src/install/interfaces/share/interfaces/cmake/interfacesConfig-version.cmake
[5.664s] -- Installing: /home/max/temp_workspace/src/install/interfaces/share/interfaces/package.xml
[5.668s] Invoked command in '/home/max/temp_workspace/src/build/interfaces' returned '0': CMAKE_PREFIX_PATH=/home/max/temp_workspace/install/talker:/home/max/temp_workspace/install/listener:/opt/ros/foxy /usr/bin/cmake --install /home/max/temp_workspace/src/build/interfaces
