running egg_info
creating ../../build/action_service_client/action_service_client.egg-info
writing ../../build/action_service_client/action_service_client.egg-info/PKG-INFO
writing dependency_links to ../../build/action_service_client/action_service_client.egg-info/dependency_links.txt
writing entry points to ../../build/action_service_client/action_service_client.egg-info/entry_points.txt
writing requirements to ../../build/action_service_client/action_service_client.egg-info/requires.txt
writing top-level names to ../../build/action_service_client/action_service_client.egg-info/top_level.txt
writing manifest file '../../build/action_service_client/action_service_client.egg-info/SOURCES.txt'
reading manifest file '../../build/action_service_client/action_service_client.egg-info/SOURCES.txt'
writing manifest file '../../build/action_service_client/action_service_client.egg-info/SOURCES.txt'
running build
running build_py
creating /home/max/temp_workspace/build/action_service_client/build
creating /home/max/temp_workspace/build/action_service_client/build/lib
creating /home/max/temp_workspace/build/action_service_client/build/lib/action_service_client
copying action_service_client/action_client.py -> /home/max/temp_workspace/build/action_service_client/build/lib/action_service_client
copying action_service_client/action_service.py -> /home/max/temp_workspace/build/action_service_client/build/lib/action_service_client
copying action_service_client/__init__.py -> /home/max/temp_workspace/build/action_service_client/build/lib/action_service_client
running install
running install_lib
creating /home/max/temp_workspace/install/action_service_client/lib/python3.8/site-packages/action_service_client
copying /home/max/temp_workspace/build/action_service_client/build/lib/action_service_client/action_client.py -> /home/max/temp_workspace/install/action_service_client/lib/python3.8/site-packages/action_service_client
copying /home/max/temp_workspace/build/action_service_client/build/lib/action_service_client/action_service.py -> /home/max/temp_workspace/install/action_service_client/lib/python3.8/site-packages/action_service_client
copying /home/max/temp_workspace/build/action_service_client/build/lib/action_service_client/__init__.py -> /home/max/temp_workspace/install/action_service_client/lib/python3.8/site-packages/action_service_client
byte-compiling /home/max/temp_workspace/install/action_service_client/lib/python3.8/site-packages/action_service_client/action_client.py to action_client.cpython-38.pyc
byte-compiling /home/max/temp_workspace/install/action_service_client/lib/python3.8/site-packages/action_service_client/action_service.py to action_service.cpython-38.pyc
byte-compiling /home/max/temp_workspace/install/action_service_client/lib/python3.8/site-packages/action_service_client/__init__.py to __init__.cpython-38.pyc
running install_data
creating /home/max/temp_workspace/install/action_service_client/share/ament_index
creating /home/max/temp_workspace/install/action_service_client/share/ament_index/resource_index
creating /home/max/temp_workspace/install/action_service_client/share/ament_index/resource_index/packages
copying resource/action_service_client -> /home/max/temp_workspace/install/action_service_client/share/ament_index/resource_index/packages
copying package.xml -> /home/max/temp_workspace/install/action_service_client/share/action_service_client
running install_egg_info
Copying ../../build/action_service_client/action_service_client.egg-info to /home/max/temp_workspace/install/action_service_client/lib/python3.8/site-packages/action_service_client-0.0.0-py3.8.egg-info
running install_scripts
Installing squares_action_client script to /home/max/temp_workspace/install/action_service_client/lib/action_service_client
Installing squares_action_server script to /home/max/temp_workspace/install/action_service_client/lib/action_service_client
writing list of installed files to '/home/max/temp_workspace/build/action_service_client/install.log'
