[0.987s] Invoking command in '/home/max/temp_workspace/src/talker': PYTHONPATH=/home/max/temp_workspace/install/talker/lib/python3.8/site-packages:${PYTHONPATH} /usr/bin/python3 setup.py egg_info --egg-base ../../build/talker build --build-base /home/max/temp_workspace/build/talker/build install --prefix /home/max/temp_workspace/install/talker --record /home/max/temp_workspace/build/talker/install.log --single-version-externally-managed
[1.274s] running egg_info
[1.274s] writing ../../build/talker/talker.egg-info/PKG-INFO
[1.275s] writing dependency_links to ../../build/talker/talker.egg-info/dependency_links.txt
[1.275s] writing entry points to ../../build/talker/talker.egg-info/entry_points.txt
[1.275s] writing requirements to ../../build/talker/talker.egg-info/requires.txt
[1.275s] writing top-level names to ../../build/talker/talker.egg-info/top_level.txt
[1.323s] reading manifest file '../../build/talker/talker.egg-info/SOURCES.txt'
[1.325s] writing manifest file '../../build/talker/talker.egg-info/SOURCES.txt'
[1.325s] running build
[1.325s] running build_py
[1.326s] running install
[1.327s] running install_lib
[1.329s] running install_data
[1.330s] running install_egg_info
[1.332s] removing '/home/max/temp_workspace/install/talker/lib/python3.8/site-packages/talker-0.0.0-py3.8.egg-info' (and everything under it)
[1.332s] Copying ../../build/talker/talker.egg-info to /home/max/temp_workspace/install/talker/lib/python3.8/site-packages/talker-0.0.0-py3.8.egg-info
[1.334s] running install_scripts
[1.363s] Installing talker script to /home/max/temp_workspace/install/talker/lib/talker
[1.363s] writing list of installed files to '/home/max/temp_workspace/build/talker/install.log'
[1.402s] Invoked command in '/home/max/temp_workspace/src/talker' returned '0': PYTHONPATH=/home/max/temp_workspace/install/talker/lib/python3.8/site-packages:${PYTHONPATH} /usr/bin/python3 setup.py egg_info --egg-base ../../build/talker build --build-base /home/max/temp_workspace/build/talker/build install --prefix /home/max/temp_workspace/install/talker --record /home/max/temp_workspace/build/talker/install.log --single-version-externally-managed
