[2.893s] Invoking command in '/home/max/temp_workspace/src/listener': PYTHONPATH=/home/max/temp_workspace/install/listener/lib/python3.8/site-packages:${PYTHONPATH} /usr/bin/python3 setup.py egg_info --egg-base ../../build/listener build --build-base /home/max/temp_workspace/build/listener/build install --prefix /home/max/temp_workspace/install/listener --record /home/max/temp_workspace/build/listener/install.log --single-version-externally-managed
[3.519s] /home/max/.local/lib/python3.8/site-packages/setuptools/dist.py:771: UserWarning: Usage of dash-separated 'script-dir' will not be supported in future versions. Please use the underscore name 'script_dir' instead
[3.519s]   warnings.warn(
[3.521s] /home/max/.local/lib/python3.8/site-packages/setuptools/dist.py:771: UserWarning: Usage of dash-separated 'install-scripts' will not be supported in future versions. Please use the underscore name 'install_scripts' instead
[3.521s]   warnings.warn(
[3.730s] running egg_info
[3.776s] writing ../../build/listener/listener.egg-info/PKG-INFO
[3.777s] writing dependency_links to ../../build/listener/listener.egg-info/dependency_links.txt
[3.777s] writing entry points to ../../build/listener/listener.egg-info/entry_points.txt
[3.777s] writing requirements to ../../build/listener/listener.egg-info/requires.txt
[3.777s] writing top-level names to ../../build/listener/listener.egg-info/top_level.txt
[3.878s] reading manifest file '../../build/listener/listener.egg-info/SOURCES.txt'
[3.880s] writing manifest file '../../build/listener/listener.egg-info/SOURCES.txt'
[3.881s] running build
[3.882s] running build_py
[3.883s] running install
[3.895s] /home/max/.local/lib/python3.8/site-packages/setuptools/command/install.py:34: SetuptoolsDeprecationWarning: setup.py install is deprecated. Use build and pip and other standards-based tools.
[3.897s]   warnings.warn(
[3.946s] running install_lib
[4.001s] running install_data
[4.033s] running install_egg_info
[4.078s] removing '/home/max/temp_workspace/install/listener/lib/python3.8/site-packages/listener-0.0.0-py3.8.egg-info' (and everything under it)
[4.093s] Copying ../../build/listener/listener.egg-info to /home/max/temp_workspace/install/listener/lib/python3.8/site-packages/listener-0.0.0-py3.8.egg-info
[4.099s] running install_scripts
[4.362s] Installing listener script to /home/max/temp_workspace/install/listener/lib/listener
[4.362s] writing list of installed files to '/home/max/temp_workspace/build/listener/install.log'
[5.128s] Invoked command in '/home/max/temp_workspace/src/listener' returned '0': PYTHONPATH=/home/max/temp_workspace/install/listener/lib/python3.8/site-packages:${PYTHONPATH} /usr/bin/python3 setup.py egg_info --egg-base ../../build/listener build --build-base /home/max/temp_workspace/build/listener/build install --prefix /home/max/temp_workspace/install/listener --record /home/max/temp_workspace/build/listener/install.log --single-version-externally-managed
