[1.095s] Invoking command in '/home/max/temp_workspace/src/listener': PYTHONPATH=/home/max/temp_workspace/install/listener/lib/python3.8/site-packages:${PYTHONPATH} /usr/bin/python3 setup.py egg_info --egg-base ../../build/listener build --build-base /home/max/temp_workspace/build/listener/build install --prefix /home/max/temp_workspace/install/listener --record /home/max/temp_workspace/build/listener/install.log --single-version-externally-managed
[1.398s] /home/max/.local/lib/python3.8/site-packages/setuptools/dist.py:771: UserWarning: Usage of dash-separated 'script-dir' will not be supported in future versions. Please use the underscore name 'script_dir' instead
[1.398s]   warnings.warn(
[1.398s] /home/max/.local/lib/python3.8/site-packages/setuptools/dist.py:771: UserWarning: Usage of dash-separated 'install-scripts' will not be supported in future versions. Please use the underscore name 'install_scripts' instead
[1.398s]   warnings.warn(
[1.476s] running egg_info
[1.488s] writing ../../build/listener/listener.egg-info/PKG-INFO
[1.488s] writing dependency_links to ../../build/listener/listener.egg-info/dependency_links.txt
[1.488s] writing entry points to ../../build/listener/listener.egg-info/entry_points.txt
[1.489s] writing requirements to ../../build/listener/listener.egg-info/requires.txt
[1.489s] writing top-level names to ../../build/listener/listener.egg-info/top_level.txt
[1.513s] reading manifest file '../../build/listener/listener.egg-info/SOURCES.txt'
[1.514s] writing manifest file '../../build/listener/listener.egg-info/SOURCES.txt'
[1.515s] running build
[1.515s] running build_py
[1.515s] running install
[1.515s] /home/max/.local/lib/python3.8/site-packages/setuptools/command/install.py:34: SetuptoolsDeprecationWarning: setup.py install is deprecated. Use build and pip and other standards-based tools.
[1.515s]   warnings.warn(
[1.521s] running install_lib
[1.533s] running install_data
[1.545s] running install_egg_info
[1.557s] removing '/home/max/temp_workspace/install/listener/lib/python3.8/site-packages/listener-0.0.0-py3.8.egg-info' (and everything under it)
[1.557s] Copying ../../build/listener/listener.egg-info to /home/max/temp_workspace/install/listener/lib/python3.8/site-packages/listener-0.0.0-py3.8.egg-info
[1.559s] running install_scripts
[1.626s] Installing listener script to /home/max/temp_workspace/install/listener/lib/listener
[1.626s] writing list of installed files to '/home/max/temp_workspace/build/listener/install.log'
[1.690s] Invoked command in '/home/max/temp_workspace/src/listener' returned '0': PYTHONPATH=/home/max/temp_workspace/install/listener/lib/python3.8/site-packages:${PYTHONPATH} /usr/bin/python3 setup.py egg_info --egg-base ../../build/listener build --build-base /home/max/temp_workspace/build/listener/build install --prefix /home/max/temp_workspace/install/listener --record /home/max/temp_workspace/build/listener/install.log --single-version-externally-managed
