[3.653s] Invoking command in '/home/max/temp_workspace/src/listener': PYTHONPATH=/home/max/temp_workspace/install/listener/lib/python3.8/site-packages:${PYTHONPATH} /usr/bin/python3 setup.py egg_info --egg-base ../../build/listener build --build-base /home/max/temp_workspace/build/listener/build install --prefix /home/max/temp_workspace/install/listener --record /home/max/temp_workspace/build/listener/install.log --single-version-externally-managed
[4.591s] /home/max/.local/lib/python3.8/site-packages/setuptools/dist.py:771: UserWarning: Usage of dash-separated 'script-dir' will not be supported in future versions. Please use the underscore name 'script_dir' instead
[4.591s]   warnings.warn(
[4.597s] /home/max/.local/lib/python3.8/site-packages/setuptools/dist.py:771: UserWarning: Usage of dash-separated 'install-scripts' will not be supported in future versions. Please use the underscore name 'install_scripts' instead
[4.597s]   warnings.warn(
[5.048s] running egg_info
[5.094s] writing ../../build/listener/listener.egg-info/PKG-INFO
[5.098s] writing dependency_links to ../../build/listener/listener.egg-info/dependency_links.txt
[5.100s] writing entry points to ../../build/listener/listener.egg-info/entry_points.txt
[5.101s] writing requirements to ../../build/listener/listener.egg-info/requires.txt
[5.102s] writing top-level names to ../../build/listener/listener.egg-info/top_level.txt
[5.168s] reading manifest file '../../build/listener/listener.egg-info/SOURCES.txt'
[5.171s] writing manifest file '../../build/listener/listener.egg-info/SOURCES.txt'
[5.172s] running build
[5.173s] running build_py
[5.174s] running install
[5.175s] /home/max/.local/lib/python3.8/site-packages/setuptools/command/install.py:34: SetuptoolsDeprecationWarning: setup.py install is deprecated. Use build and pip and other standards-based tools.
[5.175s]   warnings.warn(
[5.191s] running install_lib
[5.223s] running install_data
[5.265s] running install_egg_info
[5.325s] removing '/home/max/temp_workspace/install/listener/lib/python3.8/site-packages/listener-0.0.0-py3.8.egg-info' (and everything under it)
[5.339s] Copying ../../build/listener/listener.egg-info to /home/max/temp_workspace/install/listener/lib/python3.8/site-packages/listener-0.0.0-py3.8.egg-info
[5.355s] running install_scripts
[5.626s] Installing listener script to /home/max/temp_workspace/install/listener/lib/listener
[5.627s] writing list of installed files to '/home/max/temp_workspace/build/listener/install.log'
[5.738s] Invoked command in '/home/max/temp_workspace/src/listener' returned '0': PYTHONPATH=/home/max/temp_workspace/install/listener/lib/python3.8/site-packages:${PYTHONPATH} /usr/bin/python3 setup.py egg_info --egg-base ../../build/listener build --build-base /home/max/temp_workspace/build/listener/build install --prefix /home/max/temp_workspace/install/listener --record /home/max/temp_workspace/build/listener/install.log --single-version-externally-managed
