[3.340s] Invoking command in '/home/max/temp_workspace/src/listener': PYTHONPATH=/home/max/temp_workspace/install/listener/lib/python3.8/site-packages:${PYTHONPATH} /usr/bin/python3 setup.py egg_info --egg-base ../../build/listener build --build-base /home/max/temp_workspace/build/listener/build install --prefix /home/max/temp_workspace/install/listener --record /home/max/temp_workspace/build/listener/install.log --single-version-externally-managed
[4.875s] running egg_info
[4.875s] writing ../../build/listener/listener.egg-info/PKG-INFO
[4.875s] writing dependency_links to ../../build/listener/listener.egg-info/dependency_links.txt
[4.876s] writing entry points to ../../build/listener/listener.egg-info/entry_points.txt
[4.876s] writing requirements to ../../build/listener/listener.egg-info/requires.txt
[4.876s] writing top-level names to ../../build/listener/listener.egg-info/top_level.txt
[4.877s] reading manifest file '../../build/listener/listener.egg-info/SOURCES.txt'
[4.877s] writing manifest file '../../build/listener/listener.egg-info/SOURCES.txt'
[4.878s] running build
[4.878s] running build_py
[4.878s] running install
[4.879s] running install_lib
[4.879s] running install_data
[4.879s] running install_egg_info
[4.879s] removing '/home/max/temp_workspace/install/listener/lib/python3.8/site-packages/listener-0.0.0-py3.8.egg-info' (and everything under it)
[4.880s] Copying ../../build/listener/listener.egg-info to /home/max/temp_workspace/install/listener/lib/python3.8/site-packages/listener-0.0.0-py3.8.egg-info
[4.880s] running install_scripts
[4.880s] Installing listener script to /home/max/temp_workspace/install/listener/lib/listener
[4.881s] writing list of installed files to '/home/max/temp_workspace/build/listener/install.log'
[4.881s] /home/max/.local/lib/python3.8/site-packages/setuptools/dist.py:771: UserWarning: Usage of dash-separated 'script-dir' will not be supported in future versions. Please use the underscore name 'script_dir' instead
[4.881s]   warnings.warn(
[4.881s] /home/max/.local/lib/python3.8/site-packages/setuptools/dist.py:771: UserWarning: Usage of dash-separated 'install-scripts' will not be supported in future versions. Please use the underscore name 'install_scripts' instead
[4.882s]   warnings.warn(
[4.882s] /home/max/.local/lib/python3.8/site-packages/setuptools/command/install.py:34: SetuptoolsDeprecationWarning: setup.py install is deprecated. Use build and pip and other standards-based tools.
[4.882s]   warnings.warn(
[4.892s] Invoked command in '/home/max/temp_workspace/src/listener' returned '0': PYTHONPATH=/home/max/temp_workspace/install/listener/lib/python3.8/site-packages:${PYTHONPATH} /usr/bin/python3 setup.py egg_info --egg-base ../../build/listener build --build-base /home/max/temp_workspace/build/listener/build install --prefix /home/max/temp_workspace/install/listener --record /home/max/temp_workspace/build/listener/install.log --single-version-externally-managed
