[2.790s] Invoking command in '/home/max/temp_workspace/src/listener': PYTHONPATH=/home/max/temp_workspace/install/listener/lib/python3.8/site-packages:${PYTHONPATH} /usr/bin/python3 setup.py egg_info --egg-base ../../build/listener build --build-base /home/max/temp_workspace/build/listener/build install --prefix /home/max/temp_workspace/install/listener --record /home/max/temp_workspace/build/listener/install.log --single-version-externally-managed
[3.343s] /home/max/.local/lib/python3.8/site-packages/setuptools/dist.py:771: UserWarning: Usage of dash-separated 'script-dir' will not be supported in future versions. Please use the underscore name 'script_dir' instead
[3.343s]   warnings.warn(
[3.344s] /home/max/.local/lib/python3.8/site-packages/setuptools/dist.py:771: UserWarning: Usage of dash-separated 'install-scripts' will not be supported in future versions. Please use the underscore name 'install_scripts' instead
[3.344s]   warnings.warn(
[3.506s] running egg_info
[3.531s] writing ../../build/listener/listener.egg-info/PKG-INFO
[3.532s] writing dependency_links to ../../build/listener/listener.egg-info/dependency_links.txt
[3.533s] writing entry points to ../../build/listener/listener.egg-info/entry_points.txt
[3.533s] writing requirements to ../../build/listener/listener.egg-info/requires.txt
[3.534s] writing top-level names to ../../build/listener/listener.egg-info/top_level.txt
[3.586s] reading manifest file '../../build/listener/listener.egg-info/SOURCES.txt'
[3.586s] writing manifest file '../../build/listener/listener.egg-info/SOURCES.txt'
[3.588s] running build
[3.588s] running build_py
[3.589s] /home/max/.local/lib/python3.8/site-packages/setuptools/command/install.py:34: SetuptoolsDeprecationWarning: setup.py install is deprecated. Use build and pip and other standards-based tools.
[3.589s]   warnings.warn(
[3.589s] running install
[3.599s] running install_lib
[3.622s] running install_data
[3.644s] running install_egg_info
[3.670s] removing '/home/max/temp_workspace/install/listener/lib/python3.8/site-packages/listener-0.0.0-py3.8.egg-info' (and everything under it)
[3.671s] Copying ../../build/listener/listener.egg-info to /home/max/temp_workspace/install/listener/lib/python3.8/site-packages/listener-0.0.0-py3.8.egg-info
[3.673s] running install_scripts
[3.788s] Installing listener script to /home/max/temp_workspace/install/listener/lib/listener
[3.789s] writing list of installed files to '/home/max/temp_workspace/build/listener/install.log'
[3.924s] Invoked command in '/home/max/temp_workspace/src/listener' returned '0': PYTHONPATH=/home/max/temp_workspace/install/listener/lib/python3.8/site-packages:${PYTHONPATH} /usr/bin/python3 setup.py egg_info --egg-base ../../build/listener build --build-base /home/max/temp_workspace/build/listener/build install --prefix /home/max/temp_workspace/install/listener --record /home/max/temp_workspace/build/listener/install.log --single-version-externally-managed
