[1.110s] Invoking command in '/home/max/temp_workspace/src/talker': PYTHONPATH=/home/max/temp_workspace/install/talker/lib/python3.8/site-packages:${PYTHONPATH} /usr/bin/python3 setup.py egg_info --egg-base ../../build/talker build --build-base /home/max/temp_workspace/build/talker/build install --prefix /home/max/temp_workspace/install/talker --record /home/max/temp_workspace/build/talker/install.log --single-version-externally-managed
[1.395s] /home/max/.local/lib/python3.8/site-packages/setuptools/dist.py:771: UserWarning: Usage of dash-separated 'script-dir' will not be supported in future versions. Please use the underscore name 'script_dir' instead
[1.396s]   warnings.warn(
[1.396s] /home/max/.local/lib/python3.8/site-packages/setuptools/dist.py:771: UserWarning: Usage of dash-separated 'install-scripts' will not be supported in future versions. Please use the underscore name 'install_scripts' instead
[1.396s]   warnings.warn(
[1.470s] running egg_info
[1.481s] writing ../../build/talker/talker.egg-info/PKG-INFO
[1.481s] writing dependency_links to ../../build/talker/talker.egg-info/dependency_links.txt
[1.481s] writing entry points to ../../build/talker/talker.egg-info/entry_points.txt
[1.482s] writing requirements to ../../build/talker/talker.egg-info/requires.txt
[1.482s] writing top-level names to ../../build/talker/talker.egg-info/top_level.txt
[1.507s] reading manifest file '../../build/talker/talker.egg-info/SOURCES.txt'
[1.508s] writing manifest file '../../build/talker/talker.egg-info/SOURCES.txt'
[1.509s] running build
[1.509s] running build_py
[1.509s] running install
[1.509s] /home/max/.local/lib/python3.8/site-packages/setuptools/command/install.py:34: SetuptoolsDeprecationWarning: setup.py install is deprecated. Use build and pip and other standards-based tools.
[1.510s]   warnings.warn(
[1.516s] running install_lib
[1.527s] running install_data
[1.539s] running install_egg_info
[1.551s] removing '/home/max/temp_workspace/install/talker/lib/python3.8/site-packages/talker-0.0.0-py3.8.egg-info' (and everything under it)
[1.551s] Copying ../../build/talker/talker.egg-info to /home/max/temp_workspace/install/talker/lib/python3.8/site-packages/talker-0.0.0-py3.8.egg-info
[1.552s] running install_scripts
[1.619s] Installing talker script to /home/max/temp_workspace/install/talker/lib/talker
[1.620s] writing list of installed files to '/home/max/temp_workspace/build/talker/install.log'
[1.679s] Invoked command in '/home/max/temp_workspace/src/talker' returned '0': PYTHONPATH=/home/max/temp_workspace/install/talker/lib/python3.8/site-packages:${PYTHONPATH} /usr/bin/python3 setup.py egg_info --egg-base ../../build/talker build --build-base /home/max/temp_workspace/build/talker/build install --prefix /home/max/temp_workspace/install/talker --record /home/max/temp_workspace/build/talker/install.log --single-version-externally-managed
