[0.026s] Invoking command in '/home/max/temp_workspace/build/action_tutorials_interfaces': CMAKE_PREFIX_PATH=/opt/ros/foxy /usr/bin/cmake --build /home/max/temp_workspace/build/action_tutorials_interfaces -- -j4 -l4
[0.133s] [  3%] Built target action_tutorials_interfaces__cpp
[0.138s] [ 12%] Built target action_tutorials_interfaces__rosidl_generator_c
[0.173s] [ 22%] Built target action_tutorials_interfaces__rosidl_typesupport_introspection_cpp
[0.174s] [ 32%] Built target action_tutorials_interfaces__rosidl_typesupport_cpp
[0.177s] [ 41%] Built target action_tutorials_interfaces__rosidl_typesupport_introspection_c
[0.179s] [ 51%] Built target action_tutorials_interfaces__rosidl_typesupport_fastrtps_cpp
[0.202s] [ 61%] Built target action_tutorials_interfaces__rosidl_typesupport_c
[0.212s] [ 70%] Built target action_tutorials_interfaces__rosidl_typesupport_fastrtps_c
[0.237s] [ 70%] Built target action_tutorials_interfaces
[0.264s] [ 74%] Built target action_tutorials_interfaces__py
[0.307s] [ 80%] Built target action_tutorials_interfaces__python
[0.358s] [ 87%] Built target action_tutorials_interfaces__rosidl_typesupport_introspection_c__pyext
[0.360s] [ 93%] Built target action_tutorials_interfaces__rosidl_typesupport_c__pyext
[0.368s] [100%] Built target action_tutorials_interfaces__rosidl_typesupport_fastrtps_c__pyext
[0.387s] Invoked command in '/home/max/temp_workspace/build/action_tutorials_interfaces' returned '0': CMAKE_PREFIX_PATH=/opt/ros/foxy /usr/bin/cmake --build /home/max/temp_workspace/build/action_tutorials_interfaces -- -j4 -l4
[0.480s] Invoking command in '/home/max/temp_workspace/build/action_tutorials_interfaces': CMAKE_PREFIX_PATH=/opt/ros/foxy /usr/bin/cmake --install /home/max/temp_workspace/build/action_tutorials_interfaces
[0.494s] -- Install configuration: ""
[0.494s] -- Up-to-date: /home/max/temp_workspace/install/action_tutorials_interfaces/share/ament_index/resource_index/rosidl_interfaces/action_tutorials_interfaces
[0.495s] -- Up-to-date: /home/max/temp_workspace/install/action_tutorials_interfaces/include/action_tutorials_interfaces
[0.495s] -- Up-to-date: /home/max/temp_workspace/install/action_tutorials_interfaces/include/action_tutorials_interfaces/msg
[0.495s] -- Up-to-date: /home/max/temp_workspace/install/action_tutorials_interfaces/include/action_tutorials_interfaces/msg/rosidl_generator_c__visibility_control.h
[0.495s] -- Up-to-date: /home/max/temp_workspace/install/action_tutorials_interfaces/include/action_tutorials_interfaces/action
[0.495s] -- Up-to-date: /home/max/temp_workspace/install/action_tutorials_interfaces/include/action_tutorials_interfaces/action/detail
[0.495s] -- Up-to-date: /home/max/temp_workspace/install/action_tutorials_interfaces/include/action_tutorials_interfaces/action/detail/squares__functions.c
[0.495s] -- Up-to-date: /home/max/temp_workspace/install/action_tutorials_interfaces/include/action_tutorials_interfaces/action/detail/squares__struct.h
[0.496s] -- Up-to-date: /home/max/temp_workspace/install/action_tutorials_interfaces/include/action_tutorials_interfaces/action/detail/squares__type_support.h
[0.496s] -- Up-to-date: /home/max/temp_workspace/install/action_tutorials_interfaces/include/action_tutorials_interfaces/action/detail/squares__functions.h
[0.496s] -- Up-to-date: /home/max/temp_workspace/install/action_tutorials_interfaces/include/action_tutorials_interfaces/action/squares.h
[0.496s] -- Up-to-date: /home/max/temp_workspace/install/action_tutorials_interfaces/share/action_tutorials_interfaces/environment/library_path.sh
[0.496s] -- Up-to-date: /home/max/temp_workspace/install/action_tutorials_interfaces/share/action_tutorials_interfaces/environment/library_path.dsv
[0.496s] -- Up-to-date: /home/max/temp_workspace/install/action_tutorials_interfaces/lib/libaction_tutorials_interfaces__rosidl_generator_c.so
[0.497s] -- Up-to-date: /home/max/temp_workspace/install/action_tutorials_interfaces/include/action_tutorials_interfaces
[0.497s] -- Up-to-date: /home/max/temp_workspace/install/action_tutorials_interfaces/include/action_tutorials_interfaces/msg
[0.497s] -- Up-to-date: /home/max/temp_workspace/install/action_tutorials_interfaces/include/action_tutorials_interfaces/msg/rosidl_typesupport_fastrtps_c__visibility_control.h
[0.497s] -- Up-to-date: /home/max/temp_workspace/install/action_tutorials_interfaces/include/action_tutorials_interfaces/action
[0.497s] -- Up-to-date: /home/max/temp_workspace/install/action_tutorials_interfaces/include/action_tutorials_interfaces/action/detail
[0.497s] -- Up-to-date: /home/max/temp_workspace/install/action_tutorials_interfaces/include/action_tutorials_interfaces/action/detail/squares__rosidl_typesupport_fastrtps_c.h
[0.497s] -- Up-to-date: /home/max/temp_workspace/install/action_tutorials_interfaces/lib/libaction_tutorials_interfaces__rosidl_typesupport_fastrtps_c.so
[0.497s] -- Up-to-date: /home/max/temp_workspace/install/action_tutorials_interfaces/include/action_tutorials_interfaces
[0.498s] -- Up-to-date: /home/max/temp_workspace/install/action_tutorials_interfaces/include/action_tutorials_interfaces/msg
[0.498s] -- Up-to-date: /home/max/temp_workspace/install/action_tutorials_interfaces/include/action_tutorials_interfaces/msg/rosidl_typesupport_fastrtps_cpp__visibility_control.h
[0.498s] -- Up-to-date: /home/max/temp_workspace/install/action_tutorials_interfaces/include/action_tutorials_interfaces/action
[0.498s] -- Up-to-date: /home/max/temp_workspace/install/action_tutorials_interfaces/include/action_tutorials_interfaces/action/detail
[0.498s] -- Up-to-date: /home/max/temp_workspace/install/action_tutorials_interfaces/include/action_tutorials_interfaces/action/detail/squares__rosidl_typesupport_fastrtps_cpp.hpp
[0.498s] -- Up-to-date: /home/max/temp_workspace/install/action_tutorials_interfaces/include/action_tutorials_interfaces/action/detail/dds_fastrtps
[0.499s] -- Up-to-date: /home/max/temp_workspace/install/action_tutorials_interfaces/lib/libaction_tutorials_interfaces__rosidl_typesupport_fastrtps_cpp.so
[0.499s] -- Up-to-date: /home/max/temp_workspace/install/action_tutorials_interfaces/include/action_tutorials_interfaces
[0.499s] -- Up-to-date: /home/max/temp_workspace/install/action_tutorials_interfaces/include/action_tutorials_interfaces/msg
[0.499s] -- Up-to-date: /home/max/temp_workspace/install/action_tutorials_interfaces/include/action_tutorials_interfaces/msg/rosidl_typesupport_introspection_c__visibility_control.h
[0.500s] -- Up-to-date: /home/max/temp_workspace/install/action_tutorials_interfaces/include/action_tutorials_interfaces/action
[0.500s] -- Up-to-date: /home/max/temp_workspace/install/action_tutorials_interfaces/include/action_tutorials_interfaces/action/detail
[0.500s] -- Up-to-date: /home/max/temp_workspace/install/action_tutorials_interfaces/include/action_tutorials_interfaces/action/detail/squares__type_support.c
[0.500s] -- Up-to-date: /home/max/temp_workspace/install/action_tutorials_interfaces/include/action_tutorials_interfaces/action/detail/squares__rosidl_typesupport_introspection_c.h
[0.500s] -- Up-to-date: /home/max/temp_workspace/install/action_tutorials_interfaces/lib/libaction_tutorials_interfaces__rosidl_typesupport_introspection_c.so
[0.501s] -- Up-to-date: /home/max/temp_workspace/install/action_tutorials_interfaces/lib/libaction_tutorials_interfaces__rosidl_typesupport_c.so
[0.502s] -- Up-to-date: /home/max/temp_workspace/install/action_tutorials_interfaces/include/action_tutorials_interfaces
[0.502s] -- Up-to-date: /home/max/temp_workspace/install/action_tutorials_interfaces/include/action_tutorials_interfaces/action
[0.503s] -- Up-to-date: /home/max/temp_workspace/install/action_tutorials_interfaces/include/action_tutorials_interfaces/action/detail
[0.503s] -- Up-to-date: /home/max/temp_workspace/install/action_tutorials_interfaces/include/action_tutorials_interfaces/action/detail/squares__builder.hpp
[0.503s] -- Up-to-date: /home/max/temp_workspace/install/action_tutorials_interfaces/include/action_tutorials_interfaces/action/detail/squares__struct.hpp
[0.503s] -- Up-to-date: /home/max/temp_workspace/install/action_tutorials_interfaces/include/action_tutorials_interfaces/action/detail/squares__traits.hpp
[0.503s] -- Up-to-date: /home/max/temp_workspace/install/action_tutorials_interfaces/include/action_tutorials_interfaces/action/squares.hpp
[0.503s] -- Up-to-date: /home/max/temp_workspace/install/action_tutorials_interfaces/include/action_tutorials_interfaces
[0.503s] -- Up-to-date: /home/max/temp_workspace/install/action_tutorials_interfaces/include/action_tutorials_interfaces/action
[0.504s] -- Up-to-date: /home/max/temp_workspace/install/action_tutorials_interfaces/include/action_tutorials_interfaces/action/detail
[0.504s] -- Up-to-date: /home/max/temp_workspace/install/action_tutorials_interfaces/include/action_tutorials_interfaces/action/detail/squares__rosidl_typesupport_introspection_cpp.hpp
[0.504s] -- Up-to-date: /home/max/temp_workspace/install/action_tutorials_interfaces/include/action_tutorials_interfaces/action/detail/squares__type_support.cpp
[0.504s] -- Up-to-date: /home/max/temp_workspace/install/action_tutorials_interfaces/lib/libaction_tutorials_interfaces__rosidl_typesupport_introspection_cpp.so
[0.504s] -- Up-to-date: /home/max/temp_workspace/install/action_tutorials_interfaces/lib/libaction_tutorials_interfaces__rosidl_typesupport_cpp.so
[0.505s] -- Up-to-date: /home/max/temp_workspace/install/action_tutorials_interfaces/share/action_tutorials_interfaces/environment/pythonpath.sh
[0.505s] -- Up-to-date: /home/max/temp_workspace/install/action_tutorials_interfaces/share/action_tutorials_interfaces/environment/pythonpath.dsv
[0.505s] -- Up-to-date: /home/max/temp_workspace/install/action_tutorials_interfaces/lib/python3.8/site-packages/action_tutorials_interfaces/__init__.py
[0.544s] -- Up-to-date: /home/max/temp_workspace/install/action_tutorials_interfaces/lib/python3.8/site-packages/action_tutorials_interfaces/action
[0.544s] -- Up-to-date: /home/max/temp_workspace/install/action_tutorials_interfaces/lib/python3.8/site-packages/action_tutorials_interfaces/action/_squares_s.c
[0.544s] -- Up-to-date: /home/max/temp_workspace/install/action_tutorials_interfaces/lib/python3.8/site-packages/action_tutorials_interfaces/action/__init__.py
[0.544s] -- Up-to-date: /home/max/temp_workspace/install/action_tutorials_interfaces/lib/python3.8/site-packages/action_tutorials_interfaces/action/_squares.py
[0.545s] -- Up-to-date: /home/max/temp_workspace/install/action_tutorials_interfaces/lib/python3.8/site-packages/action_tutorials_interfaces/action_tutorials_interfaces_s__rosidl_typesupport_fastrtps_c.cpython-38-x86_64-linux-gnu.so
[0.546s] -- Up-to-date: /home/max/temp_workspace/install/action_tutorials_interfaces/lib/python3.8/site-packages/action_tutorials_interfaces/action_tutorials_interfaces_s__rosidl_typesupport_introspection_c.cpython-38-x86_64-linux-gnu.so
[0.547s] -- Up-to-date: /home/max/temp_workspace/install/action_tutorials_interfaces/lib/python3.8/site-packages/action_tutorials_interfaces/action_tutorials_interfaces_s__rosidl_typesupport_c.cpython-38-x86_64-linux-gnu.so
[0.548s] -- Up-to-date: /home/max/temp_workspace/install/action_tutorials_interfaces/lib/libaction_tutorials_interfaces__python.so
[0.549s] -- Up-to-date: /home/max/temp_workspace/install/action_tutorials_interfaces/share/action_tutorials_interfaces/action/Squares.idl
[0.549s] -- Up-to-date: /home/max/temp_workspace/install/action_tutorials_interfaces/share/action_tutorials_interfaces/action/Squares.action
[0.549s] -- Up-to-date: /home/max/temp_workspace/install/action_tutorials_interfaces/share/ament_index/resource_index/package_run_dependencies/action_tutorials_interfaces
[0.549s] -- Up-to-date: /home/max/temp_workspace/install/action_tutorials_interfaces/share/ament_index/resource_index/parent_prefix_path/action_tutorials_interfaces
[0.549s] -- Up-to-date: /home/max/temp_workspace/install/action_tutorials_interfaces/share/action_tutorials_interfaces/environment/ament_prefix_path.sh
[0.549s] -- Up-to-date: /home/max/temp_workspace/install/action_tutorials_interfaces/share/action_tutorials_interfaces/environment/ament_prefix_path.dsv
[0.550s] -- Up-to-date: /home/max/temp_workspace/install/action_tutorials_interfaces/share/action_tutorials_interfaces/environment/path.sh
[0.550s] -- Up-to-date: /home/max/temp_workspace/install/action_tutorials_interfaces/share/action_tutorials_interfaces/environment/path.dsv
[0.550s] -- Up-to-date: /home/max/temp_workspace/install/action_tutorials_interfaces/share/action_tutorials_interfaces/local_setup.bash
[0.550s] -- Up-to-date: /home/max/temp_workspace/install/action_tutorials_interfaces/share/action_tutorials_interfaces/local_setup.sh
[0.550s] -- Up-to-date: /home/max/temp_workspace/install/action_tutorials_interfaces/share/action_tutorials_interfaces/local_setup.zsh
[0.550s] -- Up-to-date: /home/max/temp_workspace/install/action_tutorials_interfaces/share/action_tutorials_interfaces/local_setup.dsv
[0.550s] -- Installing: /home/max/temp_workspace/install/action_tutorials_interfaces/share/action_tutorials_interfaces/package.dsv
[0.550s] -- Up-to-date: /home/max/temp_workspace/install/action_tutorials_interfaces/share/ament_index/resource_index/packages/action_tutorials_interfaces
[0.551s] -- Up-to-date: /home/max/temp_workspace/install/action_tutorials_interfaces/share/action_tutorials_interfaces/cmake/action_tutorials_interfaces__rosidl_generator_cExport.cmake
[0.551s] -- Up-to-date: /home/max/temp_workspace/install/action_tutorials_interfaces/share/action_tutorials_interfaces/cmake/action_tutorials_interfaces__rosidl_generator_cExport-noconfig.cmake
[0.552s] -- Up-to-date: /home/max/temp_workspace/install/action_tutorials_interfaces/share/action_tutorials_interfaces/cmake/action_tutorials_interfaces__rosidl_typesupport_introspection_cExport.cmake
[0.552s] -- Up-to-date: /home/max/temp_workspace/install/action_tutorials_interfaces/share/action_tutorials_interfaces/cmake/action_tutorials_interfaces__rosidl_typesupport_introspection_cExport-noconfig.cmake
[0.552s] -- Up-to-date: /home/max/temp_workspace/install/action_tutorials_interfaces/share/action_tutorials_interfaces/cmake/action_tutorials_interfaces__rosidl_typesupport_cExport.cmake
[0.553s] -- Up-to-date: /home/max/temp_workspace/install/action_tutorials_interfaces/share/action_tutorials_interfaces/cmake/action_tutorials_interfaces__rosidl_typesupport_cExport-noconfig.cmake
[0.553s] -- Up-to-date: /home/max/temp_workspace/install/action_tutorials_interfaces/share/action_tutorials_interfaces/cmake/action_tutorials_interfaces__rosidl_generator_cppExport.cmake
[0.553s] -- Up-to-date: /home/max/temp_workspace/install/action_tutorials_interfaces/share/action_tutorials_interfaces/cmake/action_tutorials_interfaces__rosidl_typesupport_introspection_cppExport.cmake
[0.554s] -- Up-to-date: /home/max/temp_workspace/install/action_tutorials_interfaces/share/action_tutorials_interfaces/cmake/action_tutorials_interfaces__rosidl_typesupport_introspection_cppExport-noconfig.cmake
[0.554s] -- Up-to-date: /home/max/temp_workspace/install/action_tutorials_interfaces/share/action_tutorials_interfaces/cmake/action_tutorials_interfaces__rosidl_typesupport_cppExport.cmake
[0.554s] -- Up-to-date: /home/max/temp_workspace/install/action_tutorials_interfaces/share/action_tutorials_interfaces/cmake/action_tutorials_interfaces__rosidl_typesupport_cppExport-noconfig.cmake
[0.554s] -- Up-to-date: /home/max/temp_workspace/install/action_tutorials_interfaces/share/action_tutorials_interfaces/cmake/rosidl_cmake-extras.cmake
[0.555s] -- Up-to-date: /home/max/temp_workspace/install/action_tutorials_interfaces/share/action_tutorials_interfaces/cmake/ament_cmake_export_dependencies-extras.cmake
[0.555s] -- Up-to-date: /home/max/temp_workspace/install/action_tutorials_interfaces/share/action_tutorials_interfaces/cmake/ament_cmake_export_libraries-extras.cmake
[0.555s] -- Up-to-date: /home/max/temp_workspace/install/action_tutorials_interfaces/share/action_tutorials_interfaces/cmake/ament_cmake_export_targets-extras.cmake
[0.555s] -- Up-to-date: /home/max/temp_workspace/install/action_tutorials_interfaces/share/action_tutorials_interfaces/cmake/ament_cmake_export_include_directories-extras.cmake
[0.555s] -- Up-to-date: /home/max/temp_workspace/install/action_tutorials_interfaces/share/action_tutorials_interfaces/cmake/rosidl_cmake_export_typesupport_libraries-extras.cmake
[0.555s] -- Up-to-date: /home/max/temp_workspace/install/action_tutorials_interfaces/share/action_tutorials_interfaces/cmake/rosidl_cmake_export_typesupport_targets-extras.cmake
[0.555s] -- Up-to-date: /home/max/temp_workspace/install/action_tutorials_interfaces/share/action_tutorials_interfaces/cmake/action_tutorials_interfacesConfig.cmake
[0.555s] -- Up-to-date: /home/max/temp_workspace/install/action_tutorials_interfaces/share/action_tutorials_interfaces/cmake/action_tutorials_interfacesConfig-version.cmake
[0.555s] -- Up-to-date: /home/max/temp_workspace/install/action_tutorials_interfaces/share/action_tutorials_interfaces/package.xml
[0.559s] Invoked command in '/home/max/temp_workspace/build/action_tutorials_interfaces' returned '0': CMAKE_PREFIX_PATH=/opt/ros/foxy /usr/bin/cmake --install /home/max/temp_workspace/build/action_tutorials_interfaces
