[3.328s] Invoking command in '/home/max/temp_workspace/src/service': PYTHONPATH=/home/max/temp_workspace/install/service/lib/python3.8/site-packages:${PYTHONPATH} /usr/bin/python3 setup.py egg_info --egg-base ../../build/service build --build-base /home/max/temp_workspace/build/service/build install --prefix /home/max/temp_workspace/install/service --record /home/max/temp_workspace/build/service/install.log --single-version-externally-managed
[4.770s] /home/max/.local/lib/python3.8/site-packages/setuptools/dist.py:771: UserWarning: Usage of dash-separated 'script-dir' will not be supported in future versions. Please use the underscore name 'script_dir' instead
[4.770s]   warnings.warn(
[4.770s] /home/max/.local/lib/python3.8/site-packages/setuptools/dist.py:771: UserWarning: Usage of dash-separated 'install-scripts' will not be supported in future versions. Please use the underscore name 'install_scripts' instead
[4.771s]   warnings.warn(
[4.957s] running egg_info
[4.957s] creating ../../build/service/service.egg-info
[4.983s] writing ../../build/service/service.egg-info/PKG-INFO
[4.984s] writing dependency_links to ../../build/service/service.egg-info/dependency_links.txt
[4.984s] writing entry points to ../../build/service/service.egg-info/entry_points.txt
[4.985s] writing requirements to ../../build/service/service.egg-info/requires.txt
[4.985s] writing top-level names to ../../build/service/service.egg-info/top_level.txt
[4.986s] writing manifest file '../../build/service/service.egg-info/SOURCES.txt'
[5.067s] reading manifest file '../../build/service/service.egg-info/SOURCES.txt'
[5.069s] writing manifest file '../../build/service/service.egg-info/SOURCES.txt'
[5.070s] running build
[5.070s] running build_py
[5.071s] creating /home/max/temp_workspace/build/service/build
[5.071s] creating /home/max/temp_workspace/build/service/build/lib
[5.071s] creating /home/max/temp_workspace/build/service/build/lib/service
[5.072s] copying service/main.py -> /home/max/temp_workspace/build/service/build/lib/service
[5.072s] copying service/__init__.py -> /home/max/temp_workspace/build/service/build/lib/service
[5.073s] running install
[5.073s] /home/max/.local/lib/python3.8/site-packages/setuptools/command/install.py:34: SetuptoolsDeprecationWarning: setup.py install is deprecated. Use build and pip and other standards-based tools.
[5.074s]   warnings.warn(
[5.088s] running install_lib
[5.135s] creating /home/max/temp_workspace/install/service/lib/python3.8/site-packages/service
[5.136s] copying /home/max/temp_workspace/build/service/build/lib/service/main.py -> /home/max/temp_workspace/install/service/lib/python3.8/site-packages/service
[5.137s] copying /home/max/temp_workspace/build/service/build/lib/service/__init__.py -> /home/max/temp_workspace/install/service/lib/python3.8/site-packages/service
[5.139s] byte-compiling /home/max/temp_workspace/install/service/lib/python3.8/site-packages/service/main.py to main.cpython-38.pyc
[5.141s]   File "/home/max/temp_workspace/install/service/lib/python3.8/site-packages/service/main.py", line 47
[5.141s]     def main(args = none)
[5.142s]                         ^
[5.142s] SyntaxError: invalid syntax
[5.143s] 
[5.143s] byte-compiling /home/max/temp_workspace/install/service/lib/python3.8/site-packages/service/__init__.py to __init__.cpython-38.pyc
[5.144s] running install_data
[5.172s] creating /home/max/temp_workspace/install/service/share/ament_index
[5.173s] creating /home/max/temp_workspace/install/service/share/ament_index/resource_index
[5.173s] creating /home/max/temp_workspace/install/service/share/ament_index/resource_index/packages
[5.173s] copying resource/service -> /home/max/temp_workspace/install/service/share/ament_index/resource_index/packages
[5.174s] copying package.xml -> /home/max/temp_workspace/install/service/share/service
[5.174s] running install_egg_info
[5.205s] Copying ../../build/service/service.egg-info to /home/max/temp_workspace/install/service/lib/python3.8/site-packages/service-0.0.0-py3.8.egg-info
[5.207s] running install_scripts
[5.360s] Installing service script to /home/max/temp_workspace/install/service/lib/service
[5.362s] writing list of installed files to '/home/max/temp_workspace/build/service/install.log'
[5.468s] Invoked command in '/home/max/temp_workspace/src/service' returned '0': PYTHONPATH=/home/max/temp_workspace/install/service/lib/python3.8/site-packages:${PYTHONPATH} /usr/bin/python3 setup.py egg_info --egg-base ../../build/service build --build-base /home/max/temp_workspace/build/service/build install --prefix /home/max/temp_workspace/install/service --record /home/max/temp_workspace/build/service/install.log --single-version-externally-managed
