[2.306s] Invoking command in '/home/max/temp_workspace/src/service': PYTHONPATH=/home/max/temp_workspace/install/service/lib/python3.8/site-packages:${PYTHONPATH} /usr/bin/python3 setup.py egg_info --egg-base ../../build/service build --build-base /home/max/temp_workspace/build/service/build install --prefix /home/max/temp_workspace/install/service --record /home/max/temp_workspace/build/service/install.log --single-version-externally-managed
[2.657s] /home/max/.local/lib/python3.8/site-packages/setuptools/dist.py:771: UserWarning: Usage of dash-separated 'script-dir' will not be supported in future versions. Please use the underscore name 'script_dir' instead
[2.657s]   warnings.warn(
[2.657s] /home/max/.local/lib/python3.8/site-packages/setuptools/dist.py:771: UserWarning: Usage of dash-separated 'install-scripts' will not be supported in future versions. Please use the underscore name 'install_scripts' instead
[2.657s]   warnings.warn(
[2.745s] running egg_info
[2.758s] writing ../../build/service/service.egg-info/PKG-INFO
[2.758s] writing dependency_links to ../../build/service/service.egg-info/dependency_links.txt
[2.759s] writing entry points to ../../build/service/service.egg-info/entry_points.txt
[2.759s] writing requirements to ../../build/service/service.egg-info/requires.txt
[2.759s] writing top-level names to ../../build/service/service.egg-info/top_level.txt
[2.789s] reading manifest file '../../build/service/service.egg-info/SOURCES.txt'
[2.790s] writing manifest file '../../build/service/service.egg-info/SOURCES.txt'
[2.790s] running build
[2.791s] running build_py
[2.791s] running install
[2.792s] /home/max/.local/lib/python3.8/site-packages/setuptools/command/install.py:34: SetuptoolsDeprecationWarning: setup.py install is deprecated. Use build and pip and other standards-based tools.
[2.792s]   warnings.warn(
[2.800s] running install_lib
[2.813s] byte-compiling /home/max/temp_workspace/install/service/lib/python3.8/site-packages/service/main.py to main.cpython-38.pyc
[2.814s]   File "/home/max/temp_workspace/install/service/lib/python3.8/site-packages/service/main.py", line 47
[2.814s]     def main(args = none)
[2.814s]                         ^
[2.814s] SyntaxError: invalid syntax
[2.814s] 
[2.815s] running install_data
[2.827s] running install_egg_info
[2.841s] removing '/home/max/temp_workspace/install/service/lib/python3.8/site-packages/service-0.0.0-py3.8.egg-info' (and everything under it)
[2.841s] Copying ../../build/service/service.egg-info to /home/max/temp_workspace/install/service/lib/python3.8/site-packages/service-0.0.0-py3.8.egg-info
[2.843s] running install_scripts
[2.914s] Installing client script to /home/max/temp_workspace/install/service/lib/service
[2.914s] Installing service script to /home/max/temp_workspace/install/service/lib/service
[2.915s] writing list of installed files to '/home/max/temp_workspace/build/service/install.log'
[2.986s] Invoked command in '/home/max/temp_workspace/src/service' returned '0': PYTHONPATH=/home/max/temp_workspace/install/service/lib/python3.8/site-packages:${PYTHONPATH} /usr/bin/python3 setup.py egg_info --egg-base ../../build/service build --build-base /home/max/temp_workspace/build/service/build install --prefix /home/max/temp_workspace/install/service --record /home/max/temp_workspace/build/service/install.log --single-version-externally-managed
