[0.019s] Invoking command in '/home/max/temp_workspace/build/interfaces': CMAKE_PREFIX_PATH=/home/max/temp_workspace/install/talker:/home/max/temp_workspace/install/listener:/opt/ros/foxy /usr/bin/cmake /home/max/temp_workspace/src/interfaces -DCMAKE_INSTALL_PREFIX=/home/max/temp_workspace/install/interfaces
[0.038s] -- Found ament_cmake: 0.9.9 (/opt/ros/foxy/share/ament_cmake/cmake)
[0.061s] -- Using PYTHON_EXECUTABLE: /usr/bin/python3
[0.284s] -- Found rosidl_default_generators: 1.0.1 (/opt/ros/foxy/share/rosidl_default_generators/cmake)
[0.287s] -- Using all available rosidl_typesupport_c: rosidl_typesupport_fastrtps_c;rosidl_typesupport_introspection_c
[0.295s] -- Found rosidl_adapter: 1.2.1 (/opt/ros/foxy/share/rosidl_adapter/cmake)
[0.408s] -- Found OpenSSL: /usr/lib/x86_64-linux-gnu/libcrypto.so (found version "1.1.1f")  
[0.447s] -- Found FastRTPS: /opt/ros/foxy/include  
[0.552s] -- Using all available rosidl_typesupport_cpp: rosidl_typesupport_fastrtps_cpp;rosidl_typesupport_introspection_cpp
[0.601s] -- Found PythonInterp: /usr/bin/python3 (found version "3.8.10") 
[0.796s] CMake Error at /opt/ros/foxy/share/rosidl_adapter/cmake/rosidl_adapt_interfaces.cmake:60 (message):
[0.796s]   execute_process(/usr/bin/python3 -m rosidl_adapter --package-name
[0.796s]   interfaces --arguments-file
[0.796s]   /home/max/temp_workspace/build/interfaces/rosidl_adapter__arguments__interfaces.json
[0.797s]   --output-dir
[0.797s]   /home/max/temp_workspace/build/interfaces/rosidl_adapter/interfaces
[0.797s]   --output-file
[0.797s]   /home/max/temp_workspace/build/interfaces/rosidl_adapter/interfaces.idls)
[0.797s]   returned error code 1:
[0.797s] 
[0.797s]   Error processing 'float64 Distance' of 'interfaces/GetDistance_Response':
[0.797s]   ''Distance' is an invalid field name.  It should have the pattern
[0.798s]   '^(?!.*__)(?!.*_$)[a-z][a-z0-9_]*$''
[0.798s] 
[0.798s]   Traceback (most recent call last):
[0.798s] 
[0.798s]     File "/usr/lib/python3.8/runpy.py", line 194, in _run_module_as_main
[0.798s]       return _run_code(code, main_globals, None,
[0.799s]     File "/usr/lib/python3.8/runpy.py", line 87, in _run_code
[0.799s]       exec(code, run_globals)
[0.799s]     File "/opt/ros/foxy/lib/python3.8/site-packages/rosidl_adapter/__main__.py", line 19, in <module>
[0.799s]       sys.exit(main())
[0.800s]     File "/opt/ros/foxy/lib/python3.8/site-packages/rosidl_adapter/main.py", line 53, in main
[0.800s]       abs_idl_file = convert_to_idl(
[0.800s]     File "/opt/ros/foxy/lib/python3.8/site-packages/rosidl_adapter/__init__.py", line 24, in convert_to_idl
[0.800s]       return convert_srv_to_idl(
[0.800s]     File "/opt/ros/foxy/lib/python3.8/site-packages/rosidl_adapter/srv/__init__.py", line 28, in convert_srv_to_idl
[0.800s]       srv = parse_service_string(package_name, input_file.stem, content)
[0.801s]     File "/opt/ros/foxy/lib/python3.8/site-packages/rosidl_adapter/parser.py", line 856, in parse_service_string
[0.801s]       response_message = parse_message_string(
[0.801s]     File "/opt/ros/foxy/lib/python3.8/site-packages/rosidl_adapter/parser.py", line 515, in parse_message_string
[0.801s]       fields.append(Field(
[0.801s]     File "/opt/ros/foxy/lib/python3.8/site-packages/rosidl_adapter/parser.py", line 353, in __init__
[0.801s]       raise NameError(
[0.801s] 
[0.802s]   NameError: 'Distance' is an invalid field name.  It should have the pattern
[0.802s]   '^(?!.*__)(?!.*_$)[a-z][a-z0-9_]*$'
[0.802s] 
[0.802s] Call Stack (most recent call first):
[0.802s]   /opt/ros/foxy/share/rosidl_cmake/cmake/rosidl_generate_interfaces.cmake:130 (rosidl_adapt_interfaces)
[0.802s]   CMakeLists.txt:29 (rosidl_generate_interfaces)
[0.802s] 
[0.803s] 
[0.803s] -- Configuring incomplete, errors occurred!
[0.803s] See also "/home/max/temp_workspace/build/interfaces/CMakeFiles/CMakeOutput.log".
[0.807s] Invoked command in '/home/max/temp_workspace/build/interfaces' returned '1': CMAKE_PREFIX_PATH=/home/max/temp_workspace/install/talker:/home/max/temp_workspace/install/listener:/opt/ros/foxy /usr/bin/cmake /home/max/temp_workspace/src/interfaces -DCMAKE_INSTALL_PREFIX=/home/max/temp_workspace/install/interfaces
