[1.110s] Invoking command in '/home/max/temp_workspace/src/service': PYTHONPATH=/home/max/temp_workspace/install/service/lib/python3.8/site-packages:/home/max/temp_workspace/install/test_interfaces1/lib/python3.8/site-packages:/home/max/temp_workspace/install/service/lib/python3.8/site-packages:/home/max/temp_workspace/install/talker/lib/python3.8/site-packages:/home/max/temp_workspace/install/listener/lib/python3.8/site-packages:/home/max/temp_workspace/install/interfaces/lib/python3.8/site-packages:/opt/ros/foxy/lib/python3.8/site-packages /usr/bin/python3 setup.py egg_info --egg-base ../../build/service build --build-base /home/max/temp_workspace/build/service/build install --prefix /home/max/temp_workspace/install/service --record /home/max/temp_workspace/build/service/install.log --single-version-externally-managed
[1.397s] /home/max/.local/lib/python3.8/site-packages/setuptools/dist.py:771: UserWarning: Usage of dash-separated 'script-dir' will not be supported in future versions. Please use the underscore name 'script_dir' instead
[1.397s]   warnings.warn(
[1.397s] /home/max/.local/lib/python3.8/site-packages/setuptools/dist.py:771: UserWarning: Usage of dash-separated 'install-scripts' will not be supported in future versions. Please use the underscore name 'install_scripts' instead
[1.397s]   warnings.warn(
[1.474s] running egg_info
[1.485s] writing ../../build/service/service.egg-info/PKG-INFO
[1.485s] writing dependency_links to ../../build/service/service.egg-info/dependency_links.txt
[1.485s] writing entry points to ../../build/service/service.egg-info/entry_points.txt
[1.485s] writing requirements to ../../build/service/service.egg-info/requires.txt
[1.486s] writing top-level names to ../../build/service/service.egg-info/top_level.txt
[1.510s] reading manifest file '../../build/service/service.egg-info/SOURCES.txt'
[1.511s] writing manifest file '../../build/service/service.egg-info/SOURCES.txt'
[1.511s] running build
[1.511s] running build_py
[1.512s] copying service/main.py -> /home/max/temp_workspace/build/service/build/lib/service
[1.512s] running install
[1.512s] /home/max/.local/lib/python3.8/site-packages/setuptools/command/install.py:34: SetuptoolsDeprecationWarning: setup.py install is deprecated. Use build and pip and other standards-based tools.
[1.512s]   warnings.warn(
[1.518s] running install_lib
[1.530s] copying /home/max/temp_workspace/build/service/build/lib/service/main.py -> /home/max/temp_workspace/install/service/lib/python3.8/site-packages/service
[1.531s] byte-compiling /home/max/temp_workspace/install/service/lib/python3.8/site-packages/service/main.py to main.cpython-38.pyc
[1.531s] running install_data
[1.543s] running install_egg_info
[1.556s] removing '/home/max/temp_workspace/install/service/lib/python3.8/site-packages/service-0.0.0-py3.8.egg-info' (and everything under it)
[1.556s] Copying ../../build/service/service.egg-info to /home/max/temp_workspace/install/service/lib/python3.8/site-packages/service-0.0.0-py3.8.egg-info
[1.557s] running install_scripts
[1.622s] Installing client script to /home/max/temp_workspace/install/service/lib/service
[1.622s] Installing service script to /home/max/temp_workspace/install/service/lib/service
[1.623s] writing list of installed files to '/home/max/temp_workspace/build/service/install.log'
[1.684s] Invoked command in '/home/max/temp_workspace/src/service' returned '0': PYTHONPATH=/home/max/temp_workspace/install/service/lib/python3.8/site-packages:/home/max/temp_workspace/install/test_interfaces1/lib/python3.8/site-packages:/home/max/temp_workspace/install/service/lib/python3.8/site-packages:/home/max/temp_workspace/install/talker/lib/python3.8/site-packages:/home/max/temp_workspace/install/listener/lib/python3.8/site-packages:/home/max/temp_workspace/install/interfaces/lib/python3.8/site-packages:/opt/ros/foxy/lib/python3.8/site-packages /usr/bin/python3 setup.py egg_info --egg-base ../../build/service build --build-base /home/max/temp_workspace/build/service/build install --prefix /home/max/temp_workspace/install/service --record /home/max/temp_workspace/build/service/install.log --single-version-externally-managed
