[0.599s] DEBUG:colcon:Command line arguments: ['/usr/bin/colcon', 'build']
[0.599s] DEBUG:colcon:Parsed command line arguments: Namespace(allow_overriding=[], ament_cmake_args=None, base_paths=['.'], build_base='build', catkin_cmake_args=None, catkin_skip_building_tests=False, cmake_args=None, cmake_clean_cache=False, cmake_clean_first=False, cmake_force_configure=False, cmake_target=None, cmake_target_skip_unavailable=False, continue_on_error=False, event_handlers=None, executor='parallel', ignore_user_meta=False, install_base='install', log_base=None, log_level=None, main=<bound method BuildVerb.main of <colcon_core.verb.build.BuildVerb object at 0x7f6b4c59b6d0>>, merge_install=False, metas=['./colcon.meta'], packages_above=None, packages_above_and_dependencies=None, packages_above_depth=None, packages_end=None, packages_ignore=None, packages_ignore_regex=None, packages_select=None, packages_select_build_failed=False, packages_select_by_dep=None, packages_select_regex=None, packages_select_test_failures=False, packages_skip=None, packages_skip_build_finished=False, packages_skip_by_dep=None, packages_skip_regex=None, packages_skip_test_passed=False, packages_skip_up_to=None, packages_start=None, packages_up_to=None, packages_up_to_regex=None, parallel_workers=4, paths=None, symlink_install=False, test_result_base=None, verb_extension=<colcon_core.verb.build.BuildVerb object at 0x7f6b4c59b6d0>, verb_name='build', verb_parser=<colcon_defaults.argument_parser.defaults.DefaultArgumentsDecorator object at 0x7f6b4c469700>)
[0.705s] Level 1:colcon.colcon_core.package_discovery:discover_packages(colcon_meta) check parameters
[0.706s] Level 1:colcon.colcon_core.package_discovery:discover_packages(recursive) check parameters
[0.706s] Level 1:colcon.colcon_core.package_discovery:discover_packages(ignore) check parameters
[0.706s] Level 1:colcon.colcon_core.package_discovery:discover_packages(path) check parameters
[0.706s] Level 1:colcon.colcon_core.package_discovery:discover_packages(colcon_meta) discover
[0.706s] Level 1:colcon.colcon_core.package_discovery:discover_packages(recursive) discover
[0.706s] INFO:colcon.colcon_core.package_discovery:Crawling recursively for packages in '/home/max/temp_workspace/src'
[0.706s] Level 1:colcon.colcon_core.package_identification:_identify(.) by extensions ['ignore', 'ignore_ament_install']
[0.706s] Level 1:colcon.colcon_core.package_identification:_identify(.) by extension 'ignore'
[0.706s] Level 1:colcon.colcon_core.package_identification:_identify(.) by extension 'ignore_ament_install'
[0.706s] Level 1:colcon.colcon_core.package_identification:_identify(.) by extensions ['colcon_pkg']
[0.706s] Level 1:colcon.colcon_core.package_identification:_identify(.) by extension 'colcon_pkg'
[0.706s] Level 1:colcon.colcon_core.package_identification:_identify(.) by extensions ['colcon_meta']
[0.706s] Level 1:colcon.colcon_core.package_identification:_identify(.) by extension 'colcon_meta'
[0.706s] Level 1:colcon.colcon_core.package_identification:_identify(.) by extensions ['ros']
[0.706s] Level 1:colcon.colcon_core.package_identification:_identify(.) by extension 'ros'
[0.732s] Level 1:colcon.colcon_core.package_identification:_identify(.) by extensions ['cmake', 'python']
[0.732s] Level 1:colcon.colcon_core.package_identification:_identify(.) by extension 'cmake'
[0.732s] Level 1:colcon.colcon_core.package_identification:_identify(.) by extension 'python'
[0.732s] Level 1:colcon.colcon_core.package_identification:_identify(.) by extensions ['python_setup_py']
[0.732s] Level 1:colcon.colcon_core.package_identification:_identify(.) by extension 'python_setup_py'
[0.732s] Level 1:colcon.colcon_core.package_identification:_identify(build) by extensions ['ignore', 'ignore_ament_install']
[0.733s] Level 1:colcon.colcon_core.package_identification:_identify(build) by extension 'ignore'
[0.733s] Level 1:colcon.colcon_core.package_identification:_identify(build) ignored
[0.733s] Level 1:colcon.colcon_core.package_identification:_identify(install) by extensions ['ignore', 'ignore_ament_install']
[0.733s] Level 1:colcon.colcon_core.package_identification:_identify(install) by extension 'ignore'
[0.733s] Level 1:colcon.colcon_core.package_identification:_identify(install) ignored
[0.733s] Level 1:colcon.colcon_core.package_identification:_identify(interfaces) by extensions ['ignore', 'ignore_ament_install']
[0.733s] Level 1:colcon.colcon_core.package_identification:_identify(interfaces) by extension 'ignore'
[0.733s] Level 1:colcon.colcon_core.package_identification:_identify(interfaces) by extension 'ignore_ament_install'
[0.733s] Level 1:colcon.colcon_core.package_identification:_identify(interfaces) by extensions ['colcon_pkg']
[0.733s] Level 1:colcon.colcon_core.package_identification:_identify(interfaces) by extension 'colcon_pkg'
[0.733s] Level 1:colcon.colcon_core.package_identification:_identify(interfaces) by extensions ['colcon_meta']
[0.733s] Level 1:colcon.colcon_core.package_identification:_identify(interfaces) by extension 'colcon_meta'
[0.734s] Level 1:colcon.colcon_core.package_identification:_identify(interfaces) by extensions ['ros']
[0.734s] Level 1:colcon.colcon_core.package_identification:_identify(interfaces) by extension 'ros'
[0.738s] DEBUG:colcon.colcon_core.package_identification:Package 'interfaces' with type 'ros.ament_cmake' and name 'interfaces'
[0.738s] Level 1:colcon.colcon_core.package_identification:_identify(listener) by extensions ['ignore', 'ignore_ament_install']
[0.738s] Level 1:colcon.colcon_core.package_identification:_identify(listener) by extension 'ignore'
[0.738s] Level 1:colcon.colcon_core.package_identification:_identify(listener) by extension 'ignore_ament_install'
[0.738s] Level 1:colcon.colcon_core.package_identification:_identify(listener) by extensions ['colcon_pkg']
[0.738s] Level 1:colcon.colcon_core.package_identification:_identify(listener) by extension 'colcon_pkg'
[0.738s] Level 1:colcon.colcon_core.package_identification:_identify(listener) by extensions ['colcon_meta']
[0.738s] Level 1:colcon.colcon_core.package_identification:_identify(listener) by extension 'colcon_meta'
[0.738s] Level 1:colcon.colcon_core.package_identification:_identify(listener) by extensions ['ros']
[0.738s] Level 1:colcon.colcon_core.package_identification:_identify(listener) by extension 'ros'
[0.739s] DEBUG:colcon.colcon_core.package_identification:Package 'listener' with type 'ros.ament_python' and name 'listener'
[0.739s] Level 1:colcon.colcon_core.package_identification:_identify(log) by extensions ['ignore', 'ignore_ament_install']
[0.739s] Level 1:colcon.colcon_core.package_identification:_identify(log) by extension 'ignore'
[0.739s] Level 1:colcon.colcon_core.package_identification:_identify(log) ignored
[0.740s] Level 1:colcon.colcon_core.package_identification:_identify(service) by extensions ['ignore', 'ignore_ament_install']
[0.740s] Level 1:colcon.colcon_core.package_identification:_identify(service) by extension 'ignore'
[0.740s] Level 1:colcon.colcon_core.package_identification:_identify(service) by extension 'ignore_ament_install'
[0.740s] Level 1:colcon.colcon_core.package_identification:_identify(service) by extensions ['colcon_pkg']
[0.740s] Level 1:colcon.colcon_core.package_identification:_identify(service) by extension 'colcon_pkg'
[0.740s] Level 1:colcon.colcon_core.package_identification:_identify(service) by extensions ['colcon_meta']
[0.740s] Level 1:colcon.colcon_core.package_identification:_identify(service) by extension 'colcon_meta'
[0.740s] Level 1:colcon.colcon_core.package_identification:_identify(service) by extensions ['ros']
[0.740s] Level 1:colcon.colcon_core.package_identification:_identify(service) by extension 'ros'
[0.741s] DEBUG:colcon.colcon_core.package_identification:Package 'service' with type 'ros.ament_python' and name 'service'
[0.741s] Level 1:colcon.colcon_core.package_identification:_identify(talker) by extensions ['ignore', 'ignore_ament_install']
[0.741s] Level 1:colcon.colcon_core.package_identification:_identify(talker) by extension 'ignore'
[0.741s] Level 1:colcon.colcon_core.package_identification:_identify(talker) by extension 'ignore_ament_install'
[0.741s] Level 1:colcon.colcon_core.package_identification:_identify(talker) by extensions ['colcon_pkg']
[0.741s] Level 1:colcon.colcon_core.package_identification:_identify(talker) by extension 'colcon_pkg'
[0.741s] Level 1:colcon.colcon_core.package_identification:_identify(talker) by extensions ['colcon_meta']
[0.742s] Level 1:colcon.colcon_core.package_identification:_identify(talker) by extension 'colcon_meta'
[0.742s] Level 1:colcon.colcon_core.package_identification:_identify(talker) by extensions ['ros']
[0.742s] Level 1:colcon.colcon_core.package_identification:_identify(talker) by extension 'ros'
[0.742s] DEBUG:colcon.colcon_core.package_identification:Package 'talker' with type 'ros.ament_python' and name 'talker'
[0.743s] Level 1:colcon.colcon_core.package_discovery:discover_packages(recursive) using defaults
[0.743s] Level 1:colcon.colcon_core.package_discovery:discover_packages(ignore) discover
[0.743s] Level 1:colcon.colcon_core.package_discovery:discover_packages(ignore) using defaults
[0.743s] Level 1:colcon.colcon_core.package_discovery:discover_packages(path) discover
[0.743s] Level 1:colcon.colcon_core.package_discovery:discover_packages(path) using defaults
[0.785s] Level 1:colcon.colcon_core.package_discovery:discover_packages(prefix_path) check parameters
[0.785s] Level 1:colcon.colcon_core.package_discovery:discover_packages(prefix_path) discover
[0.791s] DEBUG:colcon.colcon_installed_package_information.package_discovery:Found 256 installed packages in /opt/ros/foxy
[0.793s] Level 1:colcon.colcon_core.package_discovery:discover_packages(prefix_path) using defaults
[0.892s] Level 5:colcon.colcon_core.verb:set package 'interfaces' build argument 'cmake_args' from command line to 'None'
[0.892s] Level 5:colcon.colcon_core.verb:set package 'interfaces' build argument 'cmake_target' from command line to 'None'
[0.892s] Level 5:colcon.colcon_core.verb:set package 'interfaces' build argument 'cmake_target_skip_unavailable' from command line to 'False'
[0.892s] Level 5:colcon.colcon_core.verb:set package 'interfaces' build argument 'cmake_clean_cache' from command line to 'False'
[0.892s] Level 5:colcon.colcon_core.verb:set package 'interfaces' build argument 'cmake_clean_first' from command line to 'False'
[0.892s] Level 5:colcon.colcon_core.verb:set package 'interfaces' build argument 'cmake_force_configure' from command line to 'False'
[0.892s] Level 5:colcon.colcon_core.verb:set package 'interfaces' build argument 'ament_cmake_args' from command line to 'None'
[0.892s] Level 5:colcon.colcon_core.verb:set package 'interfaces' build argument 'catkin_cmake_args' from command line to 'None'
[0.892s] Level 5:colcon.colcon_core.verb:set package 'interfaces' build argument 'catkin_skip_building_tests' from command line to 'False'
[0.892s] DEBUG:colcon.colcon_core.verb:Building package 'interfaces' with the following arguments: {'ament_cmake_args': None, 'build_base': '/home/max/temp_workspace/src/build/interfaces', 'catkin_cmake_args': None, 'catkin_skip_building_tests': False, 'cmake_args': None, 'cmake_clean_cache': False, 'cmake_clean_first': False, 'cmake_force_configure': False, 'cmake_target': None, 'cmake_target_skip_unavailable': False, 'install_base': '/home/max/temp_workspace/src/install/interfaces', 'merge_install': False, 'path': '/home/max/temp_workspace/src/interfaces', 'symlink_install': False, 'test_result_base': None}
[0.895s] Level 5:colcon.colcon_core.verb:set package 'listener' build argument 'cmake_args' from command line to 'None'
[0.895s] Level 5:colcon.colcon_core.verb:set package 'listener' build argument 'cmake_target' from command line to 'None'
[0.895s] Level 5:colcon.colcon_core.verb:set package 'listener' build argument 'cmake_target_skip_unavailable' from command line to 'False'
[0.895s] Level 5:colcon.colcon_core.verb:set package 'listener' build argument 'cmake_clean_cache' from command line to 'False'
[0.895s] Level 5:colcon.colcon_core.verb:set package 'listener' build argument 'cmake_clean_first' from command line to 'False'
[0.895s] Level 5:colcon.colcon_core.verb:set package 'listener' build argument 'cmake_force_configure' from command line to 'False'
[0.895s] Level 5:colcon.colcon_core.verb:set package 'listener' build argument 'ament_cmake_args' from command line to 'None'
[0.895s] Level 5:colcon.colcon_core.verb:set package 'listener' build argument 'catkin_cmake_args' from command line to 'None'
[0.895s] Level 5:colcon.colcon_core.verb:set package 'listener' build argument 'catkin_skip_building_tests' from command line to 'False'
[0.895s] DEBUG:colcon.colcon_core.verb:Building package 'listener' with the following arguments: {'ament_cmake_args': None, 'build_base': '/home/max/temp_workspace/src/build/listener', 'catkin_cmake_args': None, 'catkin_skip_building_tests': False, 'cmake_args': None, 'cmake_clean_cache': False, 'cmake_clean_first': False, 'cmake_force_configure': False, 'cmake_target': None, 'cmake_target_skip_unavailable': False, 'install_base': '/home/max/temp_workspace/src/install/listener', 'merge_install': False, 'path': '/home/max/temp_workspace/src/listener', 'symlink_install': False, 'test_result_base': None}
[0.897s] Level 5:colcon.colcon_core.verb:set package 'service' build argument 'cmake_args' from command line to 'None'
[0.897s] Level 5:colcon.colcon_core.verb:set package 'service' build argument 'cmake_target' from command line to 'None'
[0.897s] Level 5:colcon.colcon_core.verb:set package 'service' build argument 'cmake_target_skip_unavailable' from command line to 'False'
[0.897s] Level 5:colcon.colcon_core.verb:set package 'service' build argument 'cmake_clean_cache' from command line to 'False'
[0.897s] Level 5:colcon.colcon_core.verb:set package 'service' build argument 'cmake_clean_first' from command line to 'False'
[0.897s] Level 5:colcon.colcon_core.verb:set package 'service' build argument 'cmake_force_configure' from command line to 'False'
[0.898s] Level 5:colcon.colcon_core.verb:set package 'service' build argument 'ament_cmake_args' from command line to 'None'
[0.898s] Level 5:colcon.colcon_core.verb:set package 'service' build argument 'catkin_cmake_args' from command line to 'None'
[0.898s] Level 5:colcon.colcon_core.verb:set package 'service' build argument 'catkin_skip_building_tests' from command line to 'False'
[0.898s] DEBUG:colcon.colcon_core.verb:Building package 'service' with the following arguments: {'ament_cmake_args': None, 'build_base': '/home/max/temp_workspace/src/build/service', 'catkin_cmake_args': None, 'catkin_skip_building_tests': False, 'cmake_args': None, 'cmake_clean_cache': False, 'cmake_clean_first': False, 'cmake_force_configure': False, 'cmake_target': None, 'cmake_target_skip_unavailable': False, 'install_base': '/home/max/temp_workspace/src/install/service', 'merge_install': False, 'path': '/home/max/temp_workspace/src/service', 'symlink_install': False, 'test_result_base': None}
[0.899s] Level 5:colcon.colcon_core.verb:set package 'talker' build argument 'cmake_args' from command line to 'None'
[0.900s] Level 5:colcon.colcon_core.verb:set package 'talker' build argument 'cmake_target' from command line to 'None'
[0.900s] Level 5:colcon.colcon_core.verb:set package 'talker' build argument 'cmake_target_skip_unavailable' from command line to 'False'
[0.900s] Level 5:colcon.colcon_core.verb:set package 'talker' build argument 'cmake_clean_cache' from command line to 'False'
[0.900s] Level 5:colcon.colcon_core.verb:set package 'talker' build argument 'cmake_clean_first' from command line to 'False'
[0.900s] Level 5:colcon.colcon_core.verb:set package 'talker' build argument 'cmake_force_configure' from command line to 'False'
[0.900s] Level 5:colcon.colcon_core.verb:set package 'talker' build argument 'ament_cmake_args' from command line to 'None'
[0.900s] Level 5:colcon.colcon_core.verb:set package 'talker' build argument 'catkin_cmake_args' from command line to 'None'
[0.900s] Level 5:colcon.colcon_core.verb:set package 'talker' build argument 'catkin_skip_building_tests' from command line to 'False'
[0.900s] DEBUG:colcon.colcon_core.verb:Building package 'talker' with the following arguments: {'ament_cmake_args': None, 'build_base': '/home/max/temp_workspace/src/build/talker', 'catkin_cmake_args': None, 'catkin_skip_building_tests': False, 'cmake_args': None, 'cmake_clean_cache': False, 'cmake_clean_first': False, 'cmake_force_configure': False, 'cmake_target': None, 'cmake_target_skip_unavailable': False, 'install_base': '/home/max/temp_workspace/src/install/talker', 'merge_install': False, 'path': '/home/max/temp_workspace/src/talker', 'symlink_install': False, 'test_result_base': None}
[0.901s] INFO:colcon.colcon_core.executor:Executing jobs using 'parallel' executor
[0.911s] DEBUG:colcon.colcon_parallel_executor.executor.parallel:run_until_complete
[0.912s] INFO:colcon.colcon_ros.task.ament_cmake.build:Building ROS package in '/home/max/temp_workspace/src/interfaces' with build type 'ament_cmake'
[0.912s] INFO:colcon.colcon_cmake.task.cmake.build:Building CMake package in '/home/max/temp_workspace/src/interfaces'
[0.928s] INFO:colcon.colcon_core.plugin_system:Skipping extension 'colcon_core.shell.bat': Not used on non-Windows systems
[0.929s] INFO:colcon.colcon_core.shell:Skip shell extension 'powershell' for command environment: Not usable outside of PowerShell
[0.929s] DEBUG:colcon.colcon_core.shell:Skip shell extension 'dsv' for command environment
[0.938s] INFO:colcon.colcon_ros.task.ament_python.build:Building ROS package in '/home/max/temp_workspace/src/listener' with build type 'ament_python'
[0.939s] Level 1:colcon.colcon_core.shell:create_environment_hook('listener', 'ament_prefix_path')
[0.948s] INFO:colcon.colcon_core.shell:Creating environment hook '/home/max/temp_workspace/src/install/listener/share/listener/hook/ament_prefix_path.ps1'
[0.949s] INFO:colcon.colcon_core.shell:Creating environment descriptor '/home/max/temp_workspace/src/install/listener/share/listener/hook/ament_prefix_path.dsv'
[0.950s] INFO:colcon.colcon_core.shell:Creating environment hook '/home/max/temp_workspace/src/install/listener/share/listener/hook/ament_prefix_path.sh'
[0.956s] INFO:colcon.colcon_core.shell:Skip shell extension 'powershell' for command environment: Not usable outside of PowerShell
[0.956s] DEBUG:colcon.colcon_core.shell:Skip shell extension 'dsv' for command environment
[0.969s] INFO:colcon.colcon_ros.task.ament_python.build:Building ROS package in '/home/max/temp_workspace/src/service' with build type 'ament_python'
[0.970s] Level 1:colcon.colcon_core.shell:create_environment_hook('service', 'ament_prefix_path')
[0.978s] INFO:colcon.colcon_core.shell:Creating environment hook '/home/max/temp_workspace/src/install/service/share/service/hook/ament_prefix_path.ps1'
[0.980s] INFO:colcon.colcon_core.shell:Creating environment descriptor '/home/max/temp_workspace/src/install/service/share/service/hook/ament_prefix_path.dsv'
[0.980s] INFO:colcon.colcon_core.shell:Creating environment hook '/home/max/temp_workspace/src/install/service/share/service/hook/ament_prefix_path.sh'
[0.989s] INFO:colcon.colcon_core.shell:Skip shell extension 'powershell' for command environment: Not usable outside of PowerShell
[0.989s] DEBUG:colcon.colcon_core.shell:Skip shell extension 'dsv' for command environment
[0.999s] INFO:colcon.colcon_ros.task.ament_python.build:Building ROS package in '/home/max/temp_workspace/src/talker' with build type 'ament_python'
[0.999s] Level 1:colcon.colcon_core.shell:create_environment_hook('talker', 'ament_prefix_path')
[1.005s] INFO:colcon.colcon_core.shell:Creating environment hook '/home/max/temp_workspace/src/install/talker/share/talker/hook/ament_prefix_path.ps1'
[1.006s] INFO:colcon.colcon_core.shell:Creating environment descriptor '/home/max/temp_workspace/src/install/talker/share/talker/hook/ament_prefix_path.dsv'
[1.007s] INFO:colcon.colcon_core.shell:Creating environment hook '/home/max/temp_workspace/src/install/talker/share/talker/hook/ament_prefix_path.sh'
[1.013s] INFO:colcon.colcon_core.shell:Skip shell extension 'powershell' for command environment: Not usable outside of PowerShell
[1.013s] DEBUG:colcon.colcon_core.shell:Skip shell extension 'dsv' for command environment
[1.039s] DEBUG:colcon.colcon_core.event_handler.log_command:Invoking command in '/home/max/temp_workspace/src/build/interfaces': CMAKE_PREFIX_PATH=/opt/ros/foxy /usr/bin/cmake --build /home/max/temp_workspace/src/build/interfaces -- -j4 -l4
[1.587s] INFO:colcon.colcon_core.task.python.build:Building Python package in '/home/max/temp_workspace/src/listener'
[1.593s] INFO:colcon.colcon_core.shell:Skip shell extension 'powershell' for command environment: Not usable outside of PowerShell
[1.593s] DEBUG:colcon.colcon_core.shell:Skip shell extension 'dsv' for command environment
[2.100s] INFO:colcon.colcon_core.task.python.build:Building Python package in '/home/max/temp_workspace/src/service'
[2.110s] INFO:colcon.colcon_core.shell:Skip shell extension 'powershell' for command environment: Not usable outside of PowerShell
[2.110s] DEBUG:colcon.colcon_core.shell:Skip shell extension 'dsv' for command environment
[2.668s] INFO:colcon.colcon_core.task.python.build:Building Python package in '/home/max/temp_workspace/src/talker'
[2.677s] INFO:colcon.colcon_core.shell:Skip shell extension 'powershell' for command environment: Not usable outside of PowerShell
[2.677s] DEBUG:colcon.colcon_core.shell:Skip shell extension 'dsv' for command environment
[5.289s] DEBUG:colcon.colcon_core.event_handler.log_command:Invoking command in '/home/max/temp_workspace/src/listener': PYTHONPATH=/home/max/temp_workspace/src/install/listener/lib/python3.8/site-packages:${PYTHONPATH} /usr/bin/python3 setup.py egg_info --egg-base ../build/listener build --build-base /home/max/temp_workspace/src/build/listener/build install --prefix /home/max/temp_workspace/src/install/listener --record /home/max/temp_workspace/src/build/listener/install.log --single-version-externally-managed
[5.405s] DEBUG:colcon.colcon_core.event_handler.log_command:Invoking command in '/home/max/temp_workspace/src/service': PYTHONPATH=/home/max/temp_workspace/src/install/service/lib/python3.8/site-packages:${PYTHONPATH} /usr/bin/python3 setup.py egg_info --egg-base ../build/service build --build-base /home/max/temp_workspace/src/build/service/build install --prefix /home/max/temp_workspace/src/install/service --record /home/max/temp_workspace/src/build/service/install.log --single-version-externally-managed
[5.565s] DEBUG:colcon.colcon_core.event_handler.log_command:Invoking command in '/home/max/temp_workspace/src/talker': PYTHONPATH=/home/max/temp_workspace/src/install/talker/lib/python3.8/site-packages:${PYTHONPATH} /usr/bin/python3 setup.py egg_info --egg-base ../build/talker build --build-base /home/max/temp_workspace/src/build/talker/build install --prefix /home/max/temp_workspace/src/install/talker --record /home/max/temp_workspace/src/build/talker/install.log --single-version-externally-managed
[7.189s] DEBUG:colcon.colcon_core.event_handler.log_command:Invoked command in '/home/max/temp_workspace/src/service' returned '0': PYTHONPATH=/home/max/temp_workspace/src/install/service/lib/python3.8/site-packages:${PYTHONPATH} /usr/bin/python3 setup.py egg_info --egg-base ../build/service build --build-base /home/max/temp_workspace/src/build/service/build install --prefix /home/max/temp_workspace/src/install/service --record /home/max/temp_workspace/src/build/service/install.log --single-version-externally-managed
[7.239s] Level 1:colcon.colcon_core.environment:checking '/home/max/temp_workspace/src/install/service' for CMake module files
[7.240s] Level 1:colcon.colcon_core.environment:checking '/home/max/temp_workspace/src/install/service' for CMake config files
[7.243s] Level 1:colcon.colcon_core.environment:checking '/home/max/temp_workspace/src/install/service/lib'
[7.243s] Level 1:colcon.colcon_core.environment:checking '/home/max/temp_workspace/src/install/service/bin'
[7.243s] Level 1:colcon.colcon_core.environment:checking '/home/max/temp_workspace/src/install/service/lib/pkgconfig/service.pc'
[7.244s] Level 1:colcon.colcon_core.environment:checking '/home/max/temp_workspace/src/install/service/lib/python3.8/site-packages'
[7.244s] Level 1:colcon.colcon_core.shell:create_environment_hook('service', 'pythonpath')
[7.261s] INFO:colcon.colcon_core.shell:Creating environment hook '/home/max/temp_workspace/src/install/service/share/service/hook/pythonpath.ps1'
[7.274s] INFO:colcon.colcon_core.shell:Creating environment descriptor '/home/max/temp_workspace/src/install/service/share/service/hook/pythonpath.dsv'
[7.275s] INFO:colcon.colcon_core.shell:Creating environment hook '/home/max/temp_workspace/src/install/service/share/service/hook/pythonpath.sh'
[7.276s] Level 1:colcon.colcon_core.environment:checking '/home/max/temp_workspace/src/install/service/bin'
[7.277s] Level 1:colcon.colcon_core.environment:create_environment_scripts_only(service)
[7.286s] INFO:colcon.colcon_core.shell:Creating package script '/home/max/temp_workspace/src/install/service/share/service/package.ps1'
[7.289s] INFO:colcon.colcon_core.shell:Creating package descriptor '/home/max/temp_workspace/src/install/service/share/service/package.dsv'
[7.292s] INFO:colcon.colcon_core.shell:Creating package script '/home/max/temp_workspace/src/install/service/share/service/package.sh'
[7.294s] INFO:colcon.colcon_core.shell:Creating package script '/home/max/temp_workspace/src/install/service/share/service/package.bash'
[7.298s] INFO:colcon.colcon_core.shell:Creating package script '/home/max/temp_workspace/src/install/service/share/service/package.zsh'
[7.304s] Level 1:colcon.colcon_core.environment:create_file_with_runtime_dependencies(/home/max/temp_workspace/src/install/service/share/colcon-core/packages/service)
[7.475s] DEBUG:colcon.colcon_core.event_handler.log_command:Invoked command in '/home/max/temp_workspace/src/listener' returned '0': PYTHONPATH=/home/max/temp_workspace/src/install/listener/lib/python3.8/site-packages:${PYTHONPATH} /usr/bin/python3 setup.py egg_info --egg-base ../build/listener build --build-base /home/max/temp_workspace/src/build/listener/build install --prefix /home/max/temp_workspace/src/install/listener --record /home/max/temp_workspace/src/build/listener/install.log --single-version-externally-managed
[7.484s] Level 1:colcon.colcon_core.environment:checking '/home/max/temp_workspace/src/install/listener' for CMake module files
[7.487s] Level 1:colcon.colcon_core.environment:checking '/home/max/temp_workspace/src/install/listener' for CMake config files
[7.488s] Level 1:colcon.colcon_core.environment:checking '/home/max/temp_workspace/src/install/listener/lib'
[7.488s] Level 1:colcon.colcon_core.environment:checking '/home/max/temp_workspace/src/install/listener/bin'
[7.488s] Level 1:colcon.colcon_core.environment:checking '/home/max/temp_workspace/src/install/listener/lib/pkgconfig/listener.pc'
[7.489s] Level 1:colcon.colcon_core.environment:checking '/home/max/temp_workspace/src/install/listener/lib/python3.8/site-packages'
[7.492s] Level 1:colcon.colcon_core.shell:create_environment_hook('listener', 'pythonpath')
[7.502s] INFO:colcon.colcon_core.shell:Creating environment hook '/home/max/temp_workspace/src/install/listener/share/listener/hook/pythonpath.ps1'
[7.511s] INFO:colcon.colcon_core.shell:Creating environment descriptor '/home/max/temp_workspace/src/install/listener/share/listener/hook/pythonpath.dsv'
[7.512s] INFO:colcon.colcon_core.shell:Creating environment hook '/home/max/temp_workspace/src/install/listener/share/listener/hook/pythonpath.sh'
[7.513s] Level 1:colcon.colcon_core.environment:checking '/home/max/temp_workspace/src/install/listener/bin'
[7.513s] Level 1:colcon.colcon_core.environment:create_environment_scripts_only(listener)
[7.538s] INFO:colcon.colcon_core.shell:Creating package script '/home/max/temp_workspace/src/install/listener/share/listener/package.ps1'
[7.544s] INFO:colcon.colcon_core.shell:Creating package descriptor '/home/max/temp_workspace/src/install/listener/share/listener/package.dsv'
[7.551s] INFO:colcon.colcon_core.shell:Creating package script '/home/max/temp_workspace/src/install/listener/share/listener/package.sh'
[7.554s] INFO:colcon.colcon_core.shell:Creating package script '/home/max/temp_workspace/src/install/listener/share/listener/package.bash'
[7.554s] INFO:colcon.colcon_core.shell:Creating package script '/home/max/temp_workspace/src/install/listener/share/listener/package.zsh'
[7.555s] Level 1:colcon.colcon_core.environment:create_file_with_runtime_dependencies(/home/max/temp_workspace/src/install/listener/share/colcon-core/packages/listener)
[7.979s] Level 1:colcon.colcon_core.environment:checking '/home/max/temp_workspace/src/install/talker' for CMake module files
[7.980s] DEBUG:colcon.colcon_core.event_handler.log_command:Invoked command in '/home/max/temp_workspace/src/talker' returned '0': PYTHONPATH=/home/max/temp_workspace/src/install/talker/lib/python3.8/site-packages:${PYTHONPATH} /usr/bin/python3 setup.py egg_info --egg-base ../build/talker build --build-base /home/max/temp_workspace/src/build/talker/build install --prefix /home/max/temp_workspace/src/install/talker --record /home/max/temp_workspace/src/build/talker/install.log --single-version-externally-managed
[7.981s] Level 1:colcon.colcon_core.environment:checking '/home/max/temp_workspace/src/install/talker' for CMake config files
[7.981s] Level 1:colcon.colcon_core.environment:checking '/home/max/temp_workspace/src/install/talker/lib'
[7.981s] Level 1:colcon.colcon_core.environment:checking '/home/max/temp_workspace/src/install/talker/bin'
[7.982s] Level 1:colcon.colcon_core.environment:checking '/home/max/temp_workspace/src/install/talker/lib/pkgconfig/talker.pc'
[7.982s] Level 1:colcon.colcon_core.environment:checking '/home/max/temp_workspace/src/install/talker/lib/python3.8/site-packages'
[7.982s] Level 1:colcon.colcon_core.shell:create_environment_hook('talker', 'pythonpath')
[7.986s] INFO:colcon.colcon_core.shell:Creating environment hook '/home/max/temp_workspace/src/install/talker/share/talker/hook/pythonpath.ps1'
[7.987s] INFO:colcon.colcon_core.shell:Creating environment descriptor '/home/max/temp_workspace/src/install/talker/share/talker/hook/pythonpath.dsv'
[7.987s] INFO:colcon.colcon_core.shell:Creating environment hook '/home/max/temp_workspace/src/install/talker/share/talker/hook/pythonpath.sh'
[7.988s] Level 1:colcon.colcon_core.environment:checking '/home/max/temp_workspace/src/install/talker/bin'
[7.988s] Level 1:colcon.colcon_core.environment:create_environment_scripts_only(talker)
[7.992s] INFO:colcon.colcon_core.shell:Creating package script '/home/max/temp_workspace/src/install/talker/share/talker/package.ps1'
[7.993s] INFO:colcon.colcon_core.shell:Creating package descriptor '/home/max/temp_workspace/src/install/talker/share/talker/package.dsv'
[7.994s] INFO:colcon.colcon_core.shell:Creating package script '/home/max/temp_workspace/src/install/talker/share/talker/package.sh'
[7.994s] INFO:colcon.colcon_core.shell:Creating package script '/home/max/temp_workspace/src/install/talker/share/talker/package.bash'
[7.995s] INFO:colcon.colcon_core.shell:Creating package script '/home/max/temp_workspace/src/install/talker/share/talker/package.zsh'
[7.995s] Level 1:colcon.colcon_core.environment:create_file_with_runtime_dependencies(/home/max/temp_workspace/src/install/talker/share/colcon-core/packages/talker)
[10.278s] DEBUG:colcon.colcon_core.event_handler.log_command:Invoked command in '/home/max/temp_workspace/src/build/interfaces' returned '0': CMAKE_PREFIX_PATH=/opt/ros/foxy /usr/bin/cmake --build /home/max/temp_workspace/src/build/interfaces -- -j4 -l4
[10.358s] DEBUG:colcon.colcon_core.event_handler.log_command:Invoking command in '/home/max/temp_workspace/src/build/interfaces': CMAKE_PREFIX_PATH=/opt/ros/foxy /usr/bin/cmake --install /home/max/temp_workspace/src/build/interfaces
[10.460s] Level 1:colcon.colcon_core.environment:create_environment_scripts_only(interfaces)
[10.467s] Level 1:colcon.colcon_core.environment:checking '/home/max/temp_workspace/src/install/interfaces' for CMake module files
[10.468s] DEBUG:colcon.colcon_core.event_handler.log_command:Invoked command in '/home/max/temp_workspace/src/build/interfaces' returned '0': CMAKE_PREFIX_PATH=/opt/ros/foxy /usr/bin/cmake --install /home/max/temp_workspace/src/build/interfaces
[10.468s] Level 1:colcon.colcon_core.environment:checking '/home/max/temp_workspace/src/install/interfaces' for CMake config files
[10.469s] Level 1:colcon.colcon_core.shell:create_environment_hook('interfaces', 'cmake_prefix_path')
[10.473s] INFO:colcon.colcon_core.shell:Creating environment hook '/home/max/temp_workspace/src/install/interfaces/share/interfaces/hook/cmake_prefix_path.ps1'
[10.474s] INFO:colcon.colcon_core.shell:Creating environment descriptor '/home/max/temp_workspace/src/install/interfaces/share/interfaces/hook/cmake_prefix_path.dsv'
[10.474s] INFO:colcon.colcon_core.shell:Creating environment hook '/home/max/temp_workspace/src/install/interfaces/share/interfaces/hook/cmake_prefix_path.sh'
[10.475s] Level 1:colcon.colcon_core.environment:checking '/home/max/temp_workspace/src/install/interfaces/lib'
[10.475s] Level 1:colcon.colcon_core.shell:create_environment_hook('interfaces', 'ld_library_path_lib')
[10.480s] INFO:colcon.colcon_core.shell:Creating environment hook '/home/max/temp_workspace/src/install/interfaces/share/interfaces/hook/ld_library_path_lib.ps1'
[10.480s] INFO:colcon.colcon_core.shell:Creating environment descriptor '/home/max/temp_workspace/src/install/interfaces/share/interfaces/hook/ld_library_path_lib.dsv'
[10.481s] INFO:colcon.colcon_core.shell:Creating environment hook '/home/max/temp_workspace/src/install/interfaces/share/interfaces/hook/ld_library_path_lib.sh'
[10.481s] Level 1:colcon.colcon_core.environment:checking '/home/max/temp_workspace/src/install/interfaces/bin'
[10.482s] Level 1:colcon.colcon_core.environment:checking '/home/max/temp_workspace/src/install/interfaces/lib/pkgconfig/interfaces.pc'
[10.482s] Level 1:colcon.colcon_core.environment:checking '/home/max/temp_workspace/src/install/interfaces/lib/python3.8/site-packages'
[10.482s] Level 1:colcon.colcon_core.shell:create_environment_hook('interfaces', 'pythonpath')
[10.486s] INFO:colcon.colcon_core.shell:Creating environment hook '/home/max/temp_workspace/src/install/interfaces/share/interfaces/hook/pythonpath.ps1'
[10.487s] INFO:colcon.colcon_core.shell:Creating environment descriptor '/home/max/temp_workspace/src/install/interfaces/share/interfaces/hook/pythonpath.dsv'
[10.487s] INFO:colcon.colcon_core.shell:Creating environment hook '/home/max/temp_workspace/src/install/interfaces/share/interfaces/hook/pythonpath.sh'
[10.488s] Level 1:colcon.colcon_core.environment:checking '/home/max/temp_workspace/src/install/interfaces/bin'
[10.493s] INFO:colcon.colcon_core.shell:Creating package script '/home/max/temp_workspace/src/install/interfaces/share/interfaces/package.ps1'
[10.493s] INFO:colcon.colcon_core.shell:Creating package descriptor '/home/max/temp_workspace/src/install/interfaces/share/interfaces/package.dsv'
[10.494s] INFO:colcon.colcon_core.shell:Creating package script '/home/max/temp_workspace/src/install/interfaces/share/interfaces/package.sh'
[10.495s] INFO:colcon.colcon_core.shell:Creating package script '/home/max/temp_workspace/src/install/interfaces/share/interfaces/package.bash'
[10.495s] INFO:colcon.colcon_core.shell:Creating package script '/home/max/temp_workspace/src/install/interfaces/share/interfaces/package.zsh'
[10.496s] Level 1:colcon.colcon_core.environment:create_file_with_runtime_dependencies(/home/max/temp_workspace/src/install/interfaces/share/colcon-core/packages/interfaces)
[10.579s] Level 1:colcon.colcon_core.environment:create_environment_scripts_only(interfaces)
[10.591s] Level 1:colcon.colcon_core.environment:checking '/home/max/temp_workspace/src/install/interfaces' for CMake module files
[10.592s] Level 1:colcon.colcon_core.environment:checking '/home/max/temp_workspace/src/install/interfaces' for CMake config files
[10.593s] Level 1:colcon.colcon_core.shell:create_environment_hook('interfaces', 'cmake_prefix_path')
[10.601s] INFO:colcon.colcon_core.shell:Creating environment hook '/home/max/temp_workspace/src/install/interfaces/share/interfaces/hook/cmake_prefix_path.ps1'
[10.602s] INFO:colcon.colcon_core.shell:Creating environment descriptor '/home/max/temp_workspace/src/install/interfaces/share/interfaces/hook/cmake_prefix_path.dsv'
[10.603s] INFO:colcon.colcon_core.shell:Creating environment hook '/home/max/temp_workspace/src/install/interfaces/share/interfaces/hook/cmake_prefix_path.sh'
[10.604s] Level 1:colcon.colcon_core.environment:checking '/home/max/temp_workspace/src/install/interfaces/lib'
[10.604s] Level 1:colcon.colcon_core.shell:create_environment_hook('interfaces', 'ld_library_path_lib')
[10.612s] INFO:colcon.colcon_core.shell:Creating environment hook '/home/max/temp_workspace/src/install/interfaces/share/interfaces/hook/ld_library_path_lib.ps1'
[10.613s] INFO:colcon.colcon_core.shell:Creating environment descriptor '/home/max/temp_workspace/src/install/interfaces/share/interfaces/hook/ld_library_path_lib.dsv'
[10.614s] INFO:colcon.colcon_core.shell:Creating environment hook '/home/max/temp_workspace/src/install/interfaces/share/interfaces/hook/ld_library_path_lib.sh'
[10.614s] Level 1:colcon.colcon_core.environment:checking '/home/max/temp_workspace/src/install/interfaces/bin'
[10.614s] Level 1:colcon.colcon_core.environment:checking '/home/max/temp_workspace/src/install/interfaces/lib/pkgconfig/interfaces.pc'
[10.615s] Level 1:colcon.colcon_core.environment:checking '/home/max/temp_workspace/src/install/interfaces/lib/python3.8/site-packages'
[10.615s] Level 1:colcon.colcon_core.shell:create_environment_hook('interfaces', 'pythonpath')
[10.623s] INFO:colcon.colcon_core.shell:Creating environment hook '/home/max/temp_workspace/src/install/interfaces/share/interfaces/hook/pythonpath.ps1'
[10.624s] INFO:colcon.colcon_core.shell:Creating environment descriptor '/home/max/temp_workspace/src/install/interfaces/share/interfaces/hook/pythonpath.dsv'
[10.625s] INFO:colcon.colcon_core.shell:Creating environment hook '/home/max/temp_workspace/src/install/interfaces/share/interfaces/hook/pythonpath.sh'
[10.626s] Level 1:colcon.colcon_core.environment:checking '/home/max/temp_workspace/src/install/interfaces/bin'
[10.635s] INFO:colcon.colcon_core.shell:Creating package script '/home/max/temp_workspace/src/install/interfaces/share/interfaces/package.ps1'
[10.636s] INFO:colcon.colcon_core.shell:Creating package descriptor '/home/max/temp_workspace/src/install/interfaces/share/interfaces/package.dsv'
[10.638s] INFO:colcon.colcon_core.shell:Creating package script '/home/max/temp_workspace/src/install/interfaces/share/interfaces/package.sh'
[10.638s] INFO:colcon.colcon_core.shell:Creating package script '/home/max/temp_workspace/src/install/interfaces/share/interfaces/package.bash'
[10.639s] INFO:colcon.colcon_core.shell:Creating package script '/home/max/temp_workspace/src/install/interfaces/share/interfaces/package.zsh'
[10.641s] Level 1:colcon.colcon_core.environment:create_file_with_runtime_dependencies(/home/max/temp_workspace/src/install/interfaces/share/colcon-core/packages/interfaces)
[10.642s] DEBUG:colcon.colcon_parallel_executor.executor.parallel:closing loop
[10.643s] DEBUG:colcon.colcon_parallel_executor.executor.parallel:loop closed
[10.643s] DEBUG:colcon.colcon_parallel_executor.executor.parallel:run_until_complete finished with '0'
[10.643s] DEBUG:colcon.colcon_core.event_reactor:joining thread
[10.660s] INFO:colcon.colcon_core.plugin_system:Skipping extension 'colcon_notification.desktop_notification.terminal_notifier': Not used on non-Darwin systems
[10.660s] INFO:colcon.colcon_core.plugin_system:Skipping extension 'colcon_notification.desktop_notification.win32': Not used on non-Windows systems
[10.660s] INFO:colcon.colcon_notification.desktop_notification:Sending desktop notification using 'notify2'
[10.695s] DEBUG:colcon.colcon_core.event_reactor:joined thread
[10.704s] INFO:colcon.colcon_core.shell:Creating prefix script '/home/max/temp_workspace/src/install/local_setup.ps1'
[10.706s] INFO:colcon.colcon_core.shell:Creating prefix util module '/home/max/temp_workspace/src/install/_local_setup_util_ps1.py'
[10.710s] INFO:colcon.colcon_core.shell:Creating prefix chain script '/home/max/temp_workspace/src/install/setup.ps1'
[10.713s] INFO:colcon.colcon_core.shell:Creating prefix script '/home/max/temp_workspace/src/install/local_setup.sh'
[10.715s] INFO:colcon.colcon_core.shell:Creating prefix util module '/home/max/temp_workspace/src/install/_local_setup_util_sh.py'
[10.716s] INFO:colcon.colcon_core.shell:Creating prefix chain script '/home/max/temp_workspace/src/install/setup.sh'
[10.720s] INFO:colcon.colcon_core.shell:Creating prefix script '/home/max/temp_workspace/src/install/local_setup.bash'
[10.721s] INFO:colcon.colcon_core.shell:Creating prefix chain script '/home/max/temp_workspace/src/install/setup.bash'
[10.724s] INFO:colcon.colcon_core.shell:Creating prefix script '/home/max/temp_workspace/src/install/local_setup.zsh'
[10.725s] INFO:colcon.colcon_core.shell:Creating prefix chain script '/home/max/temp_workspace/src/install/setup.zsh'
