[0.832s] Invoking command in '/home/max/temp_workspace/src/talker': PYTHONPATH=/home/max/temp_workspace/install/talker/lib/python3.8/site-packages:${PYTHONPATH} /usr/bin/python3 setup.py egg_info --egg-base ../../build/talker build --build-base /home/max/temp_workspace/build/talker/build install --prefix /home/max/temp_workspace/install/talker --record /home/max/temp_workspace/build/talker/install.log --single-version-externally-managed
[1.067s] running egg_info
[1.067s] writing ../../build/talker/talker.egg-info/PKG-INFO
[1.068s] writing dependency_links to ../../build/talker/talker.egg-info/dependency_links.txt
[1.068s] writing entry points to ../../build/talker/talker.egg-info/entry_points.txt
[1.068s] writing requirements to ../../build/talker/talker.egg-info/requires.txt
[1.068s] writing top-level names to ../../build/talker/talker.egg-info/top_level.txt
[1.105s] reading manifest file '../../build/talker/talker.egg-info/SOURCES.txt'
[1.106s] writing manifest file '../../build/talker/talker.egg-info/SOURCES.txt'
[1.106s] running build
[1.106s] running build_py
[1.106s] copying talker/main.py -> /home/max/temp_workspace/build/talker/build/lib/talker
[1.106s] running install
[1.107s] running install_lib
[1.109s] copying /home/max/temp_workspace/build/talker/build/lib/talker/main.py -> /home/max/temp_workspace/install/talker/lib/python3.8/site-packages/talker
[1.109s] byte-compiling /home/max/temp_workspace/install/talker/lib/python3.8/site-packages/talker/main.py to main.cpython-38.pyc
[1.111s] running install_data
[1.111s] running install_egg_info
[1.113s] removing '/home/max/temp_workspace/install/talker/lib/python3.8/site-packages/talker-0.0.0-py3.8.egg-info' (and everything under it)
[1.114s] Copying ../../build/talker/talker.egg-info to /home/max/temp_workspace/install/talker/lib/python3.8/site-packages/talker-0.0.0-py3.8.egg-info
[1.115s] running install_scripts
[1.134s] Installing talker script to /home/max/temp_workspace/install/talker/lib/talker
[1.135s] writing list of installed files to '/home/max/temp_workspace/build/talker/install.log'
[1.164s] Invoked command in '/home/max/temp_workspace/src/talker' returned '0': PYTHONPATH=/home/max/temp_workspace/install/talker/lib/python3.8/site-packages:${PYTHONPATH} /usr/bin/python3 setup.py egg_info --egg-base ../../build/talker build --build-base /home/max/temp_workspace/build/talker/build install --prefix /home/max/temp_workspace/install/talker --record /home/max/temp_workspace/build/talker/install.log --single-version-externally-managed
