[1.661s] Invoking command in '/home/max/temp_workspace/src/talker': PYTHONPATH=/home/max/temp_workspace/install/talker/lib/python3.8/site-packages:${PYTHONPATH} /usr/bin/python3 setup.py egg_info --egg-base ../../build/talker build --build-base /home/max/temp_workspace/build/talker/build install --prefix /home/max/temp_workspace/install/talker --record /home/max/temp_workspace/build/talker/install.log --single-version-externally-managed
[1.978s] /home/max/.local/lib/python3.8/site-packages/setuptools/dist.py:771: UserWarning: Usage of dash-separated 'script-dir' will not be supported in future versions. Please use the underscore name 'script_dir' instead
[1.978s]   warnings.warn(
[1.978s] /home/max/.local/lib/python3.8/site-packages/setuptools/dist.py:771: UserWarning: Usage of dash-separated 'install-scripts' will not be supported in future versions. Please use the underscore name 'install_scripts' instead
[1.979s]   warnings.warn(
[2.066s] running egg_info
[2.066s] creating ../../build/talker/talker.egg-info
[2.080s] writing ../../build/talker/talker.egg-info/PKG-INFO
[2.081s] writing dependency_links to ../../build/talker/talker.egg-info/dependency_links.txt
[2.081s] writing entry points to ../../build/talker/talker.egg-info/entry_points.txt
[2.081s] writing requirements to ../../build/talker/talker.egg-info/requires.txt
[2.081s] writing top-level names to ../../build/talker/talker.egg-info/top_level.txt
[2.082s] writing manifest file '../../build/talker/talker.egg-info/SOURCES.txt'
[2.111s] reading manifest file '../../build/talker/talker.egg-info/SOURCES.txt'
[2.112s] writing manifest file '../../build/talker/talker.egg-info/SOURCES.txt'
[2.113s] running build
[2.113s] running build_py
[2.113s] creating /home/max/temp_workspace/build/talker/build
[2.113s] creating /home/max/temp_workspace/build/talker/build/lib
[2.113s] creating /home/max/temp_workspace/build/talker/build/lib/talker
[2.114s] copying talker/main.py -> /home/max/temp_workspace/build/talker/build/lib/talker
[2.114s] copying talker/__init__.py -> /home/max/temp_workspace/build/talker/build/lib/talker
[2.114s] running install
[2.114s] /home/max/.local/lib/python3.8/site-packages/setuptools/command/install.py:34: SetuptoolsDeprecationWarning: setup.py install is deprecated. Use build and pip and other standards-based tools.
[2.114s]   warnings.warn(
[2.121s] running install_lib
[2.135s] creating /home/max/temp_workspace/install/talker/lib/python3.8/site-packages/talker
[2.135s] copying /home/max/temp_workspace/build/talker/build/lib/talker/main.py -> /home/max/temp_workspace/install/talker/lib/python3.8/site-packages/talker
[2.136s] copying /home/max/temp_workspace/build/talker/build/lib/talker/__init__.py -> /home/max/temp_workspace/install/talker/lib/python3.8/site-packages/talker
[2.136s] byte-compiling /home/max/temp_workspace/install/talker/lib/python3.8/site-packages/talker/main.py to main.cpython-38.pyc
[2.136s] byte-compiling /home/max/temp_workspace/install/talker/lib/python3.8/site-packages/talker/__init__.py to __init__.cpython-38.pyc
[2.137s] running install_data
[2.150s] creating /home/max/temp_workspace/install/talker/share/ament_index
[2.150s] creating /home/max/temp_workspace/install/talker/share/ament_index/resource_index
[2.150s] creating /home/max/temp_workspace/install/talker/share/ament_index/resource_index/packages
[2.151s] copying resource/talker -> /home/max/temp_workspace/install/talker/share/ament_index/resource_index/packages
[2.151s] copying package.xml -> /home/max/temp_workspace/install/talker/share/talker
[2.151s] running install_egg_info
[2.165s] Copying ../../build/talker/talker.egg-info to /home/max/temp_workspace/install/talker/lib/python3.8/site-packages/talker-0.0.0-py3.8.egg-info
[2.166s] running install_scripts
[2.247s] Installing talker script to /home/max/temp_workspace/install/talker/lib/talker
[2.247s] writing list of installed files to '/home/max/temp_workspace/build/talker/install.log'
[2.361s] Invoked command in '/home/max/temp_workspace/src/talker' returned '0': PYTHONPATH=/home/max/temp_workspace/install/talker/lib/python3.8/site-packages:${PYTHONPATH} /usr/bin/python3 setup.py egg_info --egg-base ../../build/talker build --build-base /home/max/temp_workspace/build/talker/build install --prefix /home/max/temp_workspace/install/talker --record /home/max/temp_workspace/build/talker/install.log --single-version-externally-managed
