[3.020s] Invoking command in '/home/max/temp_workspace/src/talker': PYTHONPATH=/home/max/temp_workspace/install/talker/lib/python3.8/site-packages:${PYTHONPATH} /usr/bin/python3 setup.py egg_info --egg-base ../../build/talker build --build-base /home/max/temp_workspace/build/talker/build install --prefix /home/max/temp_workspace/install/talker --record /home/max/temp_workspace/build/talker/install.log --single-version-externally-managed
[3.613s] /home/max/.local/lib/python3.8/site-packages/setuptools/dist.py:771: UserWarning: Usage of dash-separated 'script-dir' will not be supported in future versions. Please use the underscore name 'script_dir' instead
[3.613s]   warnings.warn(
[3.613s] /home/max/.local/lib/python3.8/site-packages/setuptools/dist.py:771: UserWarning: Usage of dash-separated 'install-scripts' will not be supported in future versions. Please use the underscore name 'install_scripts' instead
[3.613s]   warnings.warn(
[3.777s] running egg_info
[3.797s] writing ../../build/talker/talker.egg-info/PKG-INFO
[3.798s] writing dependency_links to ../../build/talker/talker.egg-info/dependency_links.txt
[3.799s] writing entry points to ../../build/talker/talker.egg-info/entry_points.txt
[3.800s] writing requirements to ../../build/talker/talker.egg-info/requires.txt
[3.800s] writing top-level names to ../../build/talker/talker.egg-info/top_level.txt
[3.906s] /home/max/.local/lib/python3.8/site-packages/setuptools/command/install.py:34: SetuptoolsDeprecationWarning: setup.py install is deprecated. Use build and pip and other standards-based tools.
[3.906s]   warnings.warn(
[3.907s] reading manifest file '../../build/talker/talker.egg-info/SOURCES.txt'
[3.907s] writing manifest file '../../build/talker/talker.egg-info/SOURCES.txt'
[3.907s] running build
[3.907s] running build_py
[3.907s] running install
[3.907s] running install_lib
[3.928s] running install_data
[3.946s] running install_egg_info
[3.974s] removing '/home/max/temp_workspace/install/talker/lib/python3.8/site-packages/talker-0.0.0-py3.8.egg-info' (and everything under it)
[3.976s] Copying ../../build/talker/talker.egg-info to /home/max/temp_workspace/install/talker/lib/python3.8/site-packages/talker-0.0.0-py3.8.egg-info
[3.977s] running install_scripts
[4.108s] Installing talker script to /home/max/temp_workspace/install/talker/lib/talker
[4.109s] writing list of installed files to '/home/max/temp_workspace/build/talker/install.log'
[4.218s] Invoked command in '/home/max/temp_workspace/src/talker' returned '0': PYTHONPATH=/home/max/temp_workspace/install/talker/lib/python3.8/site-packages:${PYTHONPATH} /usr/bin/python3 setup.py egg_info --egg-base ../../build/talker build --build-base /home/max/temp_workspace/build/talker/build install --prefix /home/max/temp_workspace/install/talker --record /home/max/temp_workspace/build/talker/install.log --single-version-externally-managed
