[3.188s] Invoking command in '/home/max/temp_workspace/src/listener': PYTHONPATH=/home/max/temp_workspace/install/listener/lib/python3.8/site-packages:${PYTHONPATH} /usr/bin/python3 setup.py egg_info --egg-base ../../build/listener build --build-base /home/max/temp_workspace/build/listener/build install --prefix /home/max/temp_workspace/install/listener --record /home/max/temp_workspace/build/listener/install.log --single-version-externally-managed
[3.722s] /home/max/.local/lib/python3.8/site-packages/setuptools/dist.py:771: UserWarning: Usage of dash-separated 'script-dir' will not be supported in future versions. Please use the underscore name 'script_dir' instead
[3.722s]   warnings.warn(
[3.724s] /home/max/.local/lib/python3.8/site-packages/setuptools/dist.py:771: UserWarning: Usage of dash-separated 'install-scripts' will not be supported in future versions. Please use the underscore name 'install_scripts' instead
[3.724s]   warnings.warn(
[3.919s] running egg_info
[3.946s] writing ../../build/listener/listener.egg-info/PKG-INFO
[3.950s] writing dependency_links to ../../build/listener/listener.egg-info/dependency_links.txt
[3.950s] writing entry points to ../../build/listener/listener.egg-info/entry_points.txt
[3.950s] writing requirements to ../../build/listener/listener.egg-info/requires.txt
[3.950s] writing top-level names to ../../build/listener/listener.egg-info/top_level.txt
[3.991s] reading manifest file '../../build/listener/listener.egg-info/SOURCES.txt'
[3.993s] writing manifest file '../../build/listener/listener.egg-info/SOURCES.txt'
[3.993s] running build
[3.993s] running build_py
[3.994s] running install
[3.994s] /home/max/.local/lib/python3.8/site-packages/setuptools/command/install.py:34: SetuptoolsDeprecationWarning: setup.py install is deprecated. Use build and pip and other standards-based tools.
[3.994s]   warnings.warn(
[4.007s] running install_lib
[4.028s] running install_data
[4.041s] running install_egg_info
[4.056s] removing '/home/max/temp_workspace/install/listener/lib/python3.8/site-packages/listener-0.0.0-py3.8.egg-info' (and everything under it)
[4.057s] Copying ../../build/listener/listener.egg-info to /home/max/temp_workspace/install/listener/lib/python3.8/site-packages/listener-0.0.0-py3.8.egg-info
[4.058s] running install_scripts
[4.169s] Installing listener script to /home/max/temp_workspace/install/listener/lib/listener
[4.178s] writing list of installed files to '/home/max/temp_workspace/build/listener/install.log'
[4.273s] Invoked command in '/home/max/temp_workspace/src/listener' returned '0': PYTHONPATH=/home/max/temp_workspace/install/listener/lib/python3.8/site-packages:${PYTHONPATH} /usr/bin/python3 setup.py egg_info --egg-base ../../build/listener build --build-base /home/max/temp_workspace/build/listener/build install --prefix /home/max/temp_workspace/install/listener --record /home/max/temp_workspace/build/listener/install.log --single-version-externally-managed
