[0.550s] DEBUG:colcon:Command line arguments: ['/usr/bin/colcon', 'build']
[0.550s] DEBUG:colcon:Parsed command line arguments: Namespace(allow_overriding=[], ament_cmake_args=None, base_paths=['.'], build_base='build', catkin_cmake_args=None, catkin_skip_building_tests=False, cmake_args=None, cmake_clean_cache=False, cmake_clean_first=False, cmake_force_configure=False, cmake_target=None, cmake_target_skip_unavailable=False, continue_on_error=False, event_handlers=None, executor='parallel', ignore_user_meta=False, install_base='install', log_base=None, log_level=None, main=<bound method BuildVerb.main of <colcon_core.verb.build.BuildVerb object at 0x7fdcf9902fd0>>, merge_install=False, metas=['./colcon.meta'], packages_above=None, packages_above_and_dependencies=None, packages_above_depth=None, packages_end=None, packages_ignore=None, packages_ignore_regex=None, packages_select=None, packages_select_build_failed=False, packages_select_by_dep=None, packages_select_regex=None, packages_select_test_failures=False, packages_skip=None, packages_skip_build_finished=False, packages_skip_by_dep=None, packages_skip_regex=None, packages_skip_test_passed=False, packages_skip_up_to=None, packages_start=None, packages_up_to=None, packages_up_to_regex=None, parallel_workers=4, paths=None, symlink_install=False, test_result_base=None, verb_extension=<colcon_core.verb.build.BuildVerb object at 0x7fdcf9902fd0>, verb_name='build', verb_parser=<colcon_defaults.argument_parser.defaults.DefaultArgumentsDecorator object at 0x7fdcf97d8610>)
[0.632s] Level 1:colcon.colcon_core.package_discovery:discover_packages(colcon_meta) check parameters
[0.632s] Level 1:colcon.colcon_core.package_discovery:discover_packages(recursive) check parameters
[0.632s] Level 1:colcon.colcon_core.package_discovery:discover_packages(ignore) check parameters
[0.632s] Level 1:colcon.colcon_core.package_discovery:discover_packages(path) check parameters
[0.632s] Level 1:colcon.colcon_core.package_discovery:discover_packages(colcon_meta) discover
[0.633s] Level 1:colcon.colcon_core.package_discovery:discover_packages(recursive) discover
[0.633s] INFO:colcon.colcon_core.package_discovery:Crawling recursively for packages in '/home/jasper/dev/temp_workspace'
[0.633s] Level 1:colcon.colcon_core.package_identification:_identify(.) by extensions ['ignore', 'ignore_ament_install']
[0.633s] Level 1:colcon.colcon_core.package_identification:_identify(.) by extension 'ignore'
[0.633s] Level 1:colcon.colcon_core.package_identification:_identify(.) by extension 'ignore_ament_install'
[0.633s] Level 1:colcon.colcon_core.package_identification:_identify(.) by extensions ['colcon_pkg']
[0.633s] Level 1:colcon.colcon_core.package_identification:_identify(.) by extension 'colcon_pkg'
[0.633s] Level 1:colcon.colcon_core.package_identification:_identify(.) by extensions ['colcon_meta']
[0.633s] Level 1:colcon.colcon_core.package_identification:_identify(.) by extension 'colcon_meta'
[0.633s] Level 1:colcon.colcon_core.package_identification:_identify(.) by extensions ['ros']
[0.634s] Level 1:colcon.colcon_core.package_identification:_identify(.) by extension 'ros'
[0.657s] Level 1:colcon.colcon_core.package_identification:_identify(.) by extensions ['cmake', 'python']
[0.657s] Level 1:colcon.colcon_core.package_identification:_identify(.) by extension 'cmake'
[0.657s] Level 1:colcon.colcon_core.package_identification:_identify(.) by extension 'python'
[0.657s] Level 1:colcon.colcon_core.package_identification:_identify(.) by extensions ['python_setup_py']
[0.658s] Level 1:colcon.colcon_core.package_identification:_identify(.) by extension 'python_setup_py'
[0.658s] Level 1:colcon.colcon_core.package_identification:_identify(build) by extensions ['ignore', 'ignore_ament_install']
[0.658s] Level 1:colcon.colcon_core.package_identification:_identify(build) by extension 'ignore'
[0.658s] Level 1:colcon.colcon_core.package_identification:_identify(build) ignored
[0.658s] Level 1:colcon.colcon_core.package_identification:_identify(install) by extensions ['ignore', 'ignore_ament_install']
[0.658s] Level 1:colcon.colcon_core.package_identification:_identify(install) by extension 'ignore'
[0.658s] Level 1:colcon.colcon_core.package_identification:_identify(install) ignored
[0.659s] Level 1:colcon.colcon_core.package_identification:_identify(log) by extensions ['ignore', 'ignore_ament_install']
[0.659s] Level 1:colcon.colcon_core.package_identification:_identify(log) by extension 'ignore'
[0.659s] Level 1:colcon.colcon_core.package_identification:_identify(log) ignored
[0.659s] Level 1:colcon.colcon_core.package_identification:_identify(src) by extensions ['ignore', 'ignore_ament_install']
[0.659s] Level 1:colcon.colcon_core.package_identification:_identify(src) by extension 'ignore'
[0.659s] Level 1:colcon.colcon_core.package_identification:_identify(src) by extension 'ignore_ament_install'
[0.659s] Level 1:colcon.colcon_core.package_identification:_identify(src) by extensions ['colcon_pkg']
[0.659s] Level 1:colcon.colcon_core.package_identification:_identify(src) by extension 'colcon_pkg'
[0.659s] Level 1:colcon.colcon_core.package_identification:_identify(src) by extensions ['colcon_meta']
[0.659s] Level 1:colcon.colcon_core.package_identification:_identify(src) by extension 'colcon_meta'
[0.659s] Level 1:colcon.colcon_core.package_identification:_identify(src) by extensions ['ros']
[0.659s] Level 1:colcon.colcon_core.package_identification:_identify(src) by extension 'ros'
[0.660s] Level 1:colcon.colcon_core.package_identification:_identify(src) by extensions ['cmake', 'python']
[0.660s] Level 1:colcon.colcon_core.package_identification:_identify(src) by extension 'cmake'
[0.660s] Level 1:colcon.colcon_core.package_identification:_identify(src) by extension 'python'
[0.660s] Level 1:colcon.colcon_core.package_identification:_identify(src) by extensions ['python_setup_py']
[0.660s] Level 1:colcon.colcon_core.package_identification:_identify(src) by extension 'python_setup_py'
[0.660s] Level 1:colcon.colcon_core.package_identification:_identify(src/talker) by extensions ['ignore', 'ignore_ament_install']
[0.660s] Level 1:colcon.colcon_core.package_identification:_identify(src/talker) by extension 'ignore'
[0.660s] Level 1:colcon.colcon_core.package_identification:_identify(src/talker) by extension 'ignore_ament_install'
[0.660s] Level 1:colcon.colcon_core.package_identification:_identify(src/talker) by extensions ['colcon_pkg']
[0.660s] Level 1:colcon.colcon_core.package_identification:_identify(src/talker) by extension 'colcon_pkg'
[0.660s] Level 1:colcon.colcon_core.package_identification:_identify(src/talker) by extensions ['colcon_meta']
[0.661s] Level 1:colcon.colcon_core.package_identification:_identify(src/talker) by extension 'colcon_meta'
[0.661s] Level 1:colcon.colcon_core.package_identification:_identify(src/talker) by extensions ['ros']
[0.661s] Level 1:colcon.colcon_core.package_identification:_identify(src/talker) by extension 'ros'
[0.664s] DEBUG:colcon.colcon_core.package_identification:Package 'src/talker' with type 'ros.ament_python' and name 'talker'
[0.664s] Level 1:colcon.colcon_core.package_discovery:discover_packages(recursive) using defaults
[0.664s] Level 1:colcon.colcon_core.package_discovery:discover_packages(ignore) discover
[0.664s] Level 1:colcon.colcon_core.package_discovery:discover_packages(ignore) using defaults
[0.664s] Level 1:colcon.colcon_core.package_discovery:discover_packages(path) discover
[0.664s] Level 1:colcon.colcon_core.package_discovery:discover_packages(path) using defaults
[0.710s] Level 1:colcon.colcon_core.package_discovery:discover_packages(prefix_path) check parameters
[0.710s] Level 1:colcon.colcon_core.package_discovery:discover_packages(prefix_path) discover
[0.715s] DEBUG:colcon.colcon_installed_package_information.package_discovery:Found 1 installed packages in /home/jasper/dev/temp_workspace/install
[0.718s] DEBUG:colcon.colcon_installed_package_information.package_discovery:Found 256 installed packages in /opt/ros/foxy
[0.719s] Level 1:colcon.colcon_core.package_discovery:discover_packages(prefix_path) using defaults
[0.808s] Level 5:colcon.colcon_core.verb:set package 'talker' build argument 'cmake_args' from command line to 'None'
[0.808s] Level 5:colcon.colcon_core.verb:set package 'talker' build argument 'cmake_target' from command line to 'None'
[0.808s] Level 5:colcon.colcon_core.verb:set package 'talker' build argument 'cmake_target_skip_unavailable' from command line to 'False'
[0.808s] Level 5:colcon.colcon_core.verb:set package 'talker' build argument 'cmake_clean_cache' from command line to 'False'
[0.808s] Level 5:colcon.colcon_core.verb:set package 'talker' build argument 'cmake_clean_first' from command line to 'False'
[0.808s] Level 5:colcon.colcon_core.verb:set package 'talker' build argument 'cmake_force_configure' from command line to 'False'
[0.808s] Level 5:colcon.colcon_core.verb:set package 'talker' build argument 'ament_cmake_args' from command line to 'None'
[0.808s] Level 5:colcon.colcon_core.verb:set package 'talker' build argument 'catkin_cmake_args' from command line to 'None'
[0.808s] Level 5:colcon.colcon_core.verb:set package 'talker' build argument 'catkin_skip_building_tests' from command line to 'False'
[0.808s] DEBUG:colcon.colcon_core.verb:Building package 'talker' with the following arguments: {'ament_cmake_args': None, 'build_base': '/home/jasper/dev/temp_workspace/build/talker', 'catkin_cmake_args': None, 'catkin_skip_building_tests': False, 'cmake_args': None, 'cmake_clean_cache': False, 'cmake_clean_first': False, 'cmake_force_configure': False, 'cmake_target': None, 'cmake_target_skip_unavailable': False, 'install_base': '/home/jasper/dev/temp_workspace/install/talker', 'merge_install': False, 'path': '/home/jasper/dev/temp_workspace/src/talker', 'symlink_install': False, 'test_result_base': None}
[0.811s] INFO:colcon.colcon_core.executor:Executing jobs using 'parallel' executor
[0.823s] DEBUG:colcon.colcon_parallel_executor.executor.parallel:run_until_complete
[0.824s] INFO:colcon.colcon_ros.task.ament_python.build:Building ROS package in '/home/jasper/dev/temp_workspace/src/talker' with build type 'ament_python'
[0.824s] Level 1:colcon.colcon_core.shell:create_environment_hook('talker', 'ament_prefix_path')
[0.832s] INFO:colcon.colcon_core.plugin_system:Skipping extension 'colcon_core.shell.bat': Not used on non-Windows systems
[0.832s] INFO:colcon.colcon_core.shell:Creating environment hook '/home/jasper/dev/temp_workspace/install/talker/share/talker/hook/ament_prefix_path.ps1'
[0.833s] INFO:colcon.colcon_core.shell:Creating environment descriptor '/home/jasper/dev/temp_workspace/install/talker/share/talker/hook/ament_prefix_path.dsv'
[0.833s] INFO:colcon.colcon_core.shell:Creating environment hook '/home/jasper/dev/temp_workspace/install/talker/share/talker/hook/ament_prefix_path.sh'
[0.839s] INFO:colcon.colcon_core.shell:Skip shell extension 'powershell' for command environment: Not usable outside of PowerShell
[0.839s] DEBUG:colcon.colcon_core.shell:Skip shell extension 'dsv' for command environment
[1.314s] INFO:colcon.colcon_core.task.python.build:Building Python package in '/home/jasper/dev/temp_workspace/src/talker'
[1.319s] INFO:colcon.colcon_core.shell:Skip shell extension 'powershell' for command environment: Not usable outside of PowerShell
[1.320s] DEBUG:colcon.colcon_core.shell:Skip shell extension 'dsv' for command environment
[2.283s] DEBUG:colcon.colcon_core.event_handler.log_command:Invoking command in '/home/jasper/dev/temp_workspace/src/talker': PYTHONPATH=/home/jasper/dev/temp_workspace/install/talker/lib/python3.8/site-packages:${PYTHONPATH} /usr/bin/python3 setup.py egg_info --egg-base ../../build/talker build --build-base /home/jasper/dev/temp_workspace/build/talker/build install --prefix /home/jasper/dev/temp_workspace/install/talker --record /home/jasper/dev/temp_workspace/build/talker/install.log --single-version-externally-managed
[2.950s] DEBUG:colcon.colcon_core.event_handler.log_command:Invoked command in '/home/jasper/dev/temp_workspace/src/talker' returned '0': PYTHONPATH=/home/jasper/dev/temp_workspace/install/talker/lib/python3.8/site-packages:${PYTHONPATH} /usr/bin/python3 setup.py egg_info --egg-base ../../build/talker build --build-base /home/jasper/dev/temp_workspace/build/talker/build install --prefix /home/jasper/dev/temp_workspace/install/talker --record /home/jasper/dev/temp_workspace/build/talker/install.log --single-version-externally-managed
[2.956s] Level 1:colcon.colcon_core.environment:checking '/home/jasper/dev/temp_workspace/install/talker' for CMake module files
[2.957s] Level 1:colcon.colcon_core.environment:checking '/home/jasper/dev/temp_workspace/install/talker' for CMake config files
[2.958s] Level 1:colcon.colcon_core.environment:checking '/home/jasper/dev/temp_workspace/install/talker/lib'
[2.958s] Level 1:colcon.colcon_core.environment:checking '/home/jasper/dev/temp_workspace/install/talker/bin'
[2.959s] Level 1:colcon.colcon_core.environment:checking '/home/jasper/dev/temp_workspace/install/talker/lib/pkgconfig/talker.pc'
[2.959s] Level 1:colcon.colcon_core.environment:checking '/home/jasper/dev/temp_workspace/install/talker/lib/python3.8/site-packages'
[2.959s] Level 1:colcon.colcon_core.shell:create_environment_hook('talker', 'pythonpath')
[2.964s] INFO:colcon.colcon_core.shell:Creating environment hook '/home/jasper/dev/temp_workspace/install/talker/share/talker/hook/pythonpath.ps1'
[2.964s] INFO:colcon.colcon_core.shell:Creating environment descriptor '/home/jasper/dev/temp_workspace/install/talker/share/talker/hook/pythonpath.dsv'
[2.965s] INFO:colcon.colcon_core.shell:Creating environment hook '/home/jasper/dev/temp_workspace/install/talker/share/talker/hook/pythonpath.sh'
[2.965s] Level 1:colcon.colcon_core.environment:checking '/home/jasper/dev/temp_workspace/install/talker/bin'
[2.965s] Level 1:colcon.colcon_core.environment:create_environment_scripts_only(talker)
[2.970s] INFO:colcon.colcon_core.shell:Creating package script '/home/jasper/dev/temp_workspace/install/talker/share/talker/package.ps1'
[2.971s] INFO:colcon.colcon_core.shell:Creating package descriptor '/home/jasper/dev/temp_workspace/install/talker/share/talker/package.dsv'
[2.971s] INFO:colcon.colcon_core.shell:Creating package script '/home/jasper/dev/temp_workspace/install/talker/share/talker/package.sh'
[2.972s] INFO:colcon.colcon_core.shell:Creating package script '/home/jasper/dev/temp_workspace/install/talker/share/talker/package.bash'
[2.973s] INFO:colcon.colcon_core.shell:Creating package script '/home/jasper/dev/temp_workspace/install/talker/share/talker/package.zsh'
[2.974s] Level 1:colcon.colcon_core.environment:create_file_with_runtime_dependencies(/home/jasper/dev/temp_workspace/install/talker/share/colcon-core/packages/talker)
[2.975s] DEBUG:colcon.colcon_parallel_executor.executor.parallel:closing loop
[2.975s] DEBUG:colcon.colcon_parallel_executor.executor.parallel:loop closed
[2.975s] DEBUG:colcon.colcon_parallel_executor.executor.parallel:run_until_complete finished with '0'
[2.975s] DEBUG:colcon.colcon_core.event_reactor:joining thread
[2.985s] INFO:colcon.colcon_core.plugin_system:Skipping extension 'colcon_notification.desktop_notification.terminal_notifier': Not used on non-Darwin systems
[2.985s] INFO:colcon.colcon_core.plugin_system:Skipping extension 'colcon_notification.desktop_notification.win32': Not used on non-Windows systems
[2.985s] INFO:colcon.colcon_notification.desktop_notification:Sending desktop notification using 'notify2'
[3.011s] DEBUG:colcon.colcon_core.event_reactor:joined thread
[3.018s] INFO:colcon.colcon_core.shell:Creating prefix script '/home/jasper/dev/temp_workspace/install/local_setup.ps1'
[3.019s] INFO:colcon.colcon_core.shell:Creating prefix util module '/home/jasper/dev/temp_workspace/install/_local_setup_util_ps1.py'
[3.020s] INFO:colcon.colcon_core.shell:Creating prefix chain script '/home/jasper/dev/temp_workspace/install/setup.ps1'
[3.023s] INFO:colcon.colcon_core.shell:Creating prefix script '/home/jasper/dev/temp_workspace/install/local_setup.sh'
[3.023s] INFO:colcon.colcon_core.shell:Creating prefix util module '/home/jasper/dev/temp_workspace/install/_local_setup_util_sh.py'
[3.024s] INFO:colcon.colcon_core.shell:Creating prefix chain script '/home/jasper/dev/temp_workspace/install/setup.sh'
[3.028s] INFO:colcon.colcon_core.shell:Creating prefix script '/home/jasper/dev/temp_workspace/install/local_setup.bash'
[3.029s] INFO:colcon.colcon_core.shell:Creating prefix chain script '/home/jasper/dev/temp_workspace/install/setup.bash'
[3.031s] INFO:colcon.colcon_core.shell:Creating prefix script '/home/jasper/dev/temp_workspace/install/local_setup.zsh'
[3.032s] INFO:colcon.colcon_core.shell:Creating prefix chain script '/home/jasper/dev/temp_workspace/install/setup.zsh'
