[1.107s] Invoking command in '/home/max/temp_workspace/src/service': PYTHONPATH=/home/max/temp_workspace/install/service/lib/python3.8/site-packages:/home/max/temp_workspace/install/test_interfaces1/lib/python3.8/site-packages:/home/max/temp_workspace/install/service/lib/python3.8/site-packages:/home/max/temp_workspace/install/talker/lib/python3.8/site-packages:/home/max/temp_workspace/install/listener/lib/python3.8/site-packages:/home/max/temp_workspace/install/interfaces/lib/python3.8/site-packages:/opt/ros/foxy/lib/python3.8/site-packages /usr/bin/python3 setup.py egg_info --egg-base ../../build/service build --build-base /home/max/temp_workspace/build/service/build install --prefix /home/max/temp_workspace/install/service --record /home/max/temp_workspace/build/service/install.log --single-version-externally-managed
[1.458s] /home/max/.local/lib/python3.8/site-packages/setuptools/dist.py:771: UserWarning: Usage of dash-separated 'script-dir' will not be supported in future versions. Please use the underscore name 'script_dir' instead
[1.459s]   warnings.warn(
[1.459s] /home/max/.local/lib/python3.8/site-packages/setuptools/dist.py:771: UserWarning: Usage of dash-separated 'install-scripts' will not be supported in future versions. Please use the underscore name 'install_scripts' instead
[1.459s]   warnings.warn(
[1.547s] running egg_info
[1.561s] writing ../../build/service/service.egg-info/PKG-INFO
[1.561s] writing dependency_links to ../../build/service/service.egg-info/dependency_links.txt
[1.561s] writing entry points to ../../build/service/service.egg-info/entry_points.txt
[1.561s] writing requirements to ../../build/service/service.egg-info/requires.txt
[1.562s] writing top-level names to ../../build/service/service.egg-info/top_level.txt
[1.590s] reading manifest file '../../build/service/service.egg-info/SOURCES.txt'
[1.591s] writing manifest file '../../build/service/service.egg-info/SOURCES.txt'
[1.591s] running build
[1.592s] running build_py
[1.592s] copying service/main.py -> /home/max/temp_workspace/build/service/build/lib/service
[1.592s] running install
[1.592s] /home/max/.local/lib/python3.8/site-packages/setuptools/command/install.py:34: SetuptoolsDeprecationWarning: setup.py install is deprecated. Use build and pip and other standards-based tools.
[1.592s]   warnings.warn(
[1.599s] running install_lib
[1.612s] copying /home/max/temp_workspace/build/service/build/lib/service/main.py -> /home/max/temp_workspace/install/service/lib/python3.8/site-packages/service
[1.613s] byte-compiling /home/max/temp_workspace/install/service/lib/python3.8/site-packages/service/main.py to main.cpython-38.pyc
[1.614s] running install_data
[1.628s] running install_egg_info
[1.642s] removing '/home/max/temp_workspace/install/service/lib/python3.8/site-packages/service-0.0.0-py3.8.egg-info' (and everything under it)
[1.642s] Copying ../../build/service/service.egg-info to /home/max/temp_workspace/install/service/lib/python3.8/site-packages/service-0.0.0-py3.8.egg-info
[1.643s] running install_scripts
[1.725s] Installing client script to /home/max/temp_workspace/install/service/lib/service
[1.725s] Installing service script to /home/max/temp_workspace/install/service/lib/service
[1.726s] writing list of installed files to '/home/max/temp_workspace/build/service/install.log'
[1.795s] Invoked command in '/home/max/temp_workspace/src/service' returned '0': PYTHONPATH=/home/max/temp_workspace/install/service/lib/python3.8/site-packages:/home/max/temp_workspace/install/test_interfaces1/lib/python3.8/site-packages:/home/max/temp_workspace/install/service/lib/python3.8/site-packages:/home/max/temp_workspace/install/talker/lib/python3.8/site-packages:/home/max/temp_workspace/install/listener/lib/python3.8/site-packages:/home/max/temp_workspace/install/interfaces/lib/python3.8/site-packages:/opt/ros/foxy/lib/python3.8/site-packages /usr/bin/python3 setup.py egg_info --egg-base ../../build/service build --build-base /home/max/temp_workspace/build/service/build install --prefix /home/max/temp_workspace/install/service --record /home/max/temp_workspace/build/service/install.log --single-version-externally-managed
