[0.449s] DEBUG:colcon:Command line arguments: ['/usr/bin/colcon', 'build']
[0.449s] DEBUG:colcon:Parsed command line arguments: Namespace(allow_overriding=[], ament_cmake_args=None, base_paths=['.'], build_base='build', catkin_cmake_args=None, catkin_skip_building_tests=False, cmake_args=None, cmake_clean_cache=False, cmake_clean_first=False, cmake_force_configure=False, cmake_target=None, cmake_target_skip_unavailable=False, continue_on_error=False, event_handlers=None, executor='parallel', ignore_user_meta=False, install_base='install', log_base=None, log_level=None, main=<bound method BuildVerb.main of <colcon_core.verb.build.BuildVerb object at 0x7f948aa68a30>>, merge_install=False, metas=['./colcon.meta'], packages_above=None, packages_above_and_dependencies=None, packages_above_depth=None, packages_end=None, packages_ignore=None, packages_ignore_regex=None, packages_select=None, packages_select_build_failed=False, packages_select_by_dep=None, packages_select_regex=None, packages_select_test_failures=False, packages_skip=None, packages_skip_build_finished=False, packages_skip_by_dep=None, packages_skip_regex=None, packages_skip_test_passed=False, packages_skip_up_to=None, packages_start=None, packages_up_to=None, packages_up_to_regex=None, parallel_workers=4, paths=None, symlink_install=False, test_result_base=None, verb_extension=<colcon_core.verb.build.BuildVerb object at 0x7f948aa68a30>, verb_name='build', verb_parser=<colcon_defaults.argument_parser.defaults.DefaultArgumentsDecorator object at 0x7f948a939640>)
[0.527s] Level 1:colcon.colcon_core.package_discovery:discover_packages(colcon_meta) check parameters
[0.527s] Level 1:colcon.colcon_core.package_discovery:discover_packages(recursive) check parameters
[0.527s] Level 1:colcon.colcon_core.package_discovery:discover_packages(ignore) check parameters
[0.527s] Level 1:colcon.colcon_core.package_discovery:discover_packages(path) check parameters
[0.527s] Level 1:colcon.colcon_core.package_discovery:discover_packages(colcon_meta) discover
[0.527s] Level 1:colcon.colcon_core.package_discovery:discover_packages(recursive) discover
[0.527s] INFO:colcon.colcon_core.package_discovery:Crawling recursively for packages in '/home/max/temp_workspace'
[0.527s] Level 1:colcon.colcon_core.package_identification:_identify(.) by extensions ['ignore', 'ignore_ament_install']
[0.527s] Level 1:colcon.colcon_core.package_identification:_identify(.) by extension 'ignore'
[0.527s] Level 1:colcon.colcon_core.package_identification:_identify(.) by extension 'ignore_ament_install'
[0.528s] Level 1:colcon.colcon_core.package_identification:_identify(.) by extensions ['colcon_pkg']
[0.528s] Level 1:colcon.colcon_core.package_identification:_identify(.) by extension 'colcon_pkg'
[0.528s] Level 1:colcon.colcon_core.package_identification:_identify(.) by extensions ['colcon_meta']
[0.528s] Level 1:colcon.colcon_core.package_identification:_identify(.) by extension 'colcon_meta'
[0.528s] Level 1:colcon.colcon_core.package_identification:_identify(.) by extensions ['ros']
[0.528s] Level 1:colcon.colcon_core.package_identification:_identify(.) by extension 'ros'
[0.550s] Level 1:colcon.colcon_core.package_identification:_identify(.) by extensions ['cmake', 'python']
[0.550s] Level 1:colcon.colcon_core.package_identification:_identify(.) by extension 'cmake'
[0.550s] Level 1:colcon.colcon_core.package_identification:_identify(.) by extension 'python'
[0.550s] Level 1:colcon.colcon_core.package_identification:_identify(.) by extensions ['python_setup_py']
[0.550s] Level 1:colcon.colcon_core.package_identification:_identify(.) by extension 'python_setup_py'
[0.550s] Level 1:colcon.colcon_core.package_identification:_identify(build) by extensions ['ignore', 'ignore_ament_install']
[0.551s] Level 1:colcon.colcon_core.package_identification:_identify(build) by extension 'ignore'
[0.551s] Level 1:colcon.colcon_core.package_identification:_identify(build) ignored
[0.551s] Level 1:colcon.colcon_core.package_identification:_identify(install) by extensions ['ignore', 'ignore_ament_install']
[0.551s] Level 1:colcon.colcon_core.package_identification:_identify(install) by extension 'ignore'
[0.551s] Level 1:colcon.colcon_core.package_identification:_identify(install) ignored
[0.551s] Level 1:colcon.colcon_core.package_identification:_identify(log) by extensions ['ignore', 'ignore_ament_install']
[0.551s] Level 1:colcon.colcon_core.package_identification:_identify(log) by extension 'ignore'
[0.551s] Level 1:colcon.colcon_core.package_identification:_identify(log) ignored
[0.551s] Level 1:colcon.colcon_core.package_identification:_identify(src) by extensions ['ignore', 'ignore_ament_install']
[0.552s] Level 1:colcon.colcon_core.package_identification:_identify(src) by extension 'ignore'
[0.552s] Level 1:colcon.colcon_core.package_identification:_identify(src) by extension 'ignore_ament_install'
[0.552s] Level 1:colcon.colcon_core.package_identification:_identify(src) by extensions ['colcon_pkg']
[0.552s] Level 1:colcon.colcon_core.package_identification:_identify(src) by extension 'colcon_pkg'
[0.552s] Level 1:colcon.colcon_core.package_identification:_identify(src) by extensions ['colcon_meta']
[0.552s] Level 1:colcon.colcon_core.package_identification:_identify(src) by extension 'colcon_meta'
[0.552s] Level 1:colcon.colcon_core.package_identification:_identify(src) by extensions ['ros']
[0.552s] Level 1:colcon.colcon_core.package_identification:_identify(src) by extension 'ros'
[0.552s] Level 1:colcon.colcon_core.package_identification:_identify(src) by extensions ['cmake', 'python']
[0.552s] Level 1:colcon.colcon_core.package_identification:_identify(src) by extension 'cmake'
[0.552s] Level 1:colcon.colcon_core.package_identification:_identify(src) by extension 'python'
[0.552s] Level 1:colcon.colcon_core.package_identification:_identify(src) by extensions ['python_setup_py']
[0.552s] Level 1:colcon.colcon_core.package_identification:_identify(src) by extension 'python_setup_py'
[0.553s] Level 1:colcon.colcon_core.package_identification:_identify(src/build) by extensions ['ignore', 'ignore_ament_install']
[0.553s] Level 1:colcon.colcon_core.package_identification:_identify(src/build) by extension 'ignore'
[0.553s] Level 1:colcon.colcon_core.package_identification:_identify(src/build) ignored
[0.553s] Level 1:colcon.colcon_core.package_identification:_identify(src/install) by extensions ['ignore', 'ignore_ament_install']
[0.553s] Level 1:colcon.colcon_core.package_identification:_identify(src/install) by extension 'ignore'
[0.553s] Level 1:colcon.colcon_core.package_identification:_identify(src/install) ignored
[0.553s] Level 1:colcon.colcon_core.package_identification:_identify(src/interfaces) by extensions ['ignore', 'ignore_ament_install']
[0.553s] Level 1:colcon.colcon_core.package_identification:_identify(src/interfaces) by extension 'ignore'
[0.553s] Level 1:colcon.colcon_core.package_identification:_identify(src/interfaces) by extension 'ignore_ament_install'
[0.553s] Level 1:colcon.colcon_core.package_identification:_identify(src/interfaces) by extensions ['colcon_pkg']
[0.554s] Level 1:colcon.colcon_core.package_identification:_identify(src/interfaces) by extension 'colcon_pkg'
[0.554s] Level 1:colcon.colcon_core.package_identification:_identify(src/interfaces) by extensions ['colcon_meta']
[0.554s] Level 1:colcon.colcon_core.package_identification:_identify(src/interfaces) by extension 'colcon_meta'
[0.554s] Level 1:colcon.colcon_core.package_identification:_identify(src/interfaces) by extensions ['ros']
[0.554s] Level 1:colcon.colcon_core.package_identification:_identify(src/interfaces) by extension 'ros'
[0.557s] DEBUG:colcon.colcon_core.package_identification:Package 'src/interfaces' with type 'ros.ament_cmake' and name 'interfaces'
[0.557s] Level 1:colcon.colcon_core.package_identification:_identify(src/listener) by extensions ['ignore', 'ignore_ament_install']
[0.557s] Level 1:colcon.colcon_core.package_identification:_identify(src/listener) by extension 'ignore'
[0.557s] Level 1:colcon.colcon_core.package_identification:_identify(src/listener) by extension 'ignore_ament_install'
[0.557s] Level 1:colcon.colcon_core.package_identification:_identify(src/listener) by extensions ['colcon_pkg']
[0.557s] Level 1:colcon.colcon_core.package_identification:_identify(src/listener) by extension 'colcon_pkg'
[0.557s] Level 1:colcon.colcon_core.package_identification:_identify(src/listener) by extensions ['colcon_meta']
[0.557s] Level 1:colcon.colcon_core.package_identification:_identify(src/listener) by extension 'colcon_meta'
[0.557s] Level 1:colcon.colcon_core.package_identification:_identify(src/listener) by extensions ['ros']
[0.557s] Level 1:colcon.colcon_core.package_identification:_identify(src/listener) by extension 'ros'
[0.558s] DEBUG:colcon.colcon_core.package_identification:Package 'src/listener' with type 'ros.ament_python' and name 'listener'
[0.558s] Level 1:colcon.colcon_core.package_identification:_identify(src/log) by extensions ['ignore', 'ignore_ament_install']
[0.558s] Level 1:colcon.colcon_core.package_identification:_identify(src/log) by extension 'ignore'
[0.558s] Level 1:colcon.colcon_core.package_identification:_identify(src/log) ignored
[0.559s] Level 1:colcon.colcon_core.package_identification:_identify(src/service) by extensions ['ignore', 'ignore_ament_install']
[0.559s] Level 1:colcon.colcon_core.package_identification:_identify(src/service) by extension 'ignore'
[0.559s] Level 1:colcon.colcon_core.package_identification:_identify(src/service) by extension 'ignore_ament_install'
[0.559s] Level 1:colcon.colcon_core.package_identification:_identify(src/service) by extensions ['colcon_pkg']
[0.559s] Level 1:colcon.colcon_core.package_identification:_identify(src/service) by extension 'colcon_pkg'
[0.559s] Level 1:colcon.colcon_core.package_identification:_identify(src/service) by extensions ['colcon_meta']
[0.559s] Level 1:colcon.colcon_core.package_identification:_identify(src/service) by extension 'colcon_meta'
[0.559s] Level 1:colcon.colcon_core.package_identification:_identify(src/service) by extensions ['ros']
[0.559s] Level 1:colcon.colcon_core.package_identification:_identify(src/service) by extension 'ros'
[0.560s] DEBUG:colcon.colcon_core.package_identification:Package 'src/service' with type 'ros.ament_python' and name 'service'
[0.560s] Level 1:colcon.colcon_core.package_identification:_identify(src/talker) by extensions ['ignore', 'ignore_ament_install']
[0.560s] Level 1:colcon.colcon_core.package_identification:_identify(src/talker) by extension 'ignore'
[0.560s] Level 1:colcon.colcon_core.package_identification:_identify(src/talker) by extension 'ignore_ament_install'
[0.560s] Level 1:colcon.colcon_core.package_identification:_identify(src/talker) by extensions ['colcon_pkg']
[0.560s] Level 1:colcon.colcon_core.package_identification:_identify(src/talker) by extension 'colcon_pkg'
[0.560s] Level 1:colcon.colcon_core.package_identification:_identify(src/talker) by extensions ['colcon_meta']
[0.560s] Level 1:colcon.colcon_core.package_identification:_identify(src/talker) by extension 'colcon_meta'
[0.560s] Level 1:colcon.colcon_core.package_identification:_identify(src/talker) by extensions ['ros']
[0.560s] Level 1:colcon.colcon_core.package_identification:_identify(src/talker) by extension 'ros'
[0.561s] DEBUG:colcon.colcon_core.package_identification:Package 'src/talker' with type 'ros.ament_python' and name 'talker'
[0.561s] Level 1:colcon.colcon_core.package_discovery:discover_packages(recursive) using defaults
[0.561s] Level 1:colcon.colcon_core.package_discovery:discover_packages(ignore) discover
[0.561s] Level 1:colcon.colcon_core.package_discovery:discover_packages(ignore) using defaults
[0.561s] Level 1:colcon.colcon_core.package_discovery:discover_packages(path) discover
[0.561s] Level 1:colcon.colcon_core.package_discovery:discover_packages(path) using defaults
[0.599s] Level 1:colcon.colcon_core.package_discovery:discover_packages(prefix_path) check parameters
[0.599s] Level 1:colcon.colcon_core.package_discovery:discover_packages(prefix_path) discover
[0.606s] DEBUG:colcon.colcon_installed_package_information.package_discovery:Found 256 installed packages in /opt/ros/foxy
[0.608s] Level 1:colcon.colcon_core.package_discovery:discover_packages(prefix_path) using defaults
[0.714s] Level 5:colcon.colcon_core.verb:set package 'interfaces' build argument 'cmake_args' from command line to 'None'
[0.714s] Level 5:colcon.colcon_core.verb:set package 'interfaces' build argument 'cmake_target' from command line to 'None'
[0.714s] Level 5:colcon.colcon_core.verb:set package 'interfaces' build argument 'cmake_target_skip_unavailable' from command line to 'False'
[0.714s] Level 5:colcon.colcon_core.verb:set package 'interfaces' build argument 'cmake_clean_cache' from command line to 'False'
[0.714s] Level 5:colcon.colcon_core.verb:set package 'interfaces' build argument 'cmake_clean_first' from command line to 'False'
[0.714s] Level 5:colcon.colcon_core.verb:set package 'interfaces' build argument 'cmake_force_configure' from command line to 'False'
[0.714s] Level 5:colcon.colcon_core.verb:set package 'interfaces' build argument 'ament_cmake_args' from command line to 'None'
[0.714s] Level 5:colcon.colcon_core.verb:set package 'interfaces' build argument 'catkin_cmake_args' from command line to 'None'
[0.714s] Level 5:colcon.colcon_core.verb:set package 'interfaces' build argument 'catkin_skip_building_tests' from command line to 'False'
[0.714s] DEBUG:colcon.colcon_core.verb:Building package 'interfaces' with the following arguments: {'ament_cmake_args': None, 'build_base': '/home/max/temp_workspace/build/interfaces', 'catkin_cmake_args': None, 'catkin_skip_building_tests': False, 'cmake_args': None, 'cmake_clean_cache': False, 'cmake_clean_first': False, 'cmake_force_configure': False, 'cmake_target': None, 'cmake_target_skip_unavailable': False, 'install_base': '/home/max/temp_workspace/install/interfaces', 'merge_install': False, 'path': '/home/max/temp_workspace/src/interfaces', 'symlink_install': False, 'test_result_base': None}
[0.718s] Level 5:colcon.colcon_core.verb:set package 'listener' build argument 'cmake_args' from command line to 'None'
[0.718s] Level 5:colcon.colcon_core.verb:set package 'listener' build argument 'cmake_target' from command line to 'None'
[0.718s] Level 5:colcon.colcon_core.verb:set package 'listener' build argument 'cmake_target_skip_unavailable' from command line to 'False'
[0.718s] Level 5:colcon.colcon_core.verb:set package 'listener' build argument 'cmake_clean_cache' from command line to 'False'
[0.718s] Level 5:colcon.colcon_core.verb:set package 'listener' build argument 'cmake_clean_first' from command line to 'False'
[0.718s] Level 5:colcon.colcon_core.verb:set package 'listener' build argument 'cmake_force_configure' from command line to 'False'
[0.718s] Level 5:colcon.colcon_core.verb:set package 'listener' build argument 'ament_cmake_args' from command line to 'None'
[0.718s] Level 5:colcon.colcon_core.verb:set package 'listener' build argument 'catkin_cmake_args' from command line to 'None'
[0.718s] Level 5:colcon.colcon_core.verb:set package 'listener' build argument 'catkin_skip_building_tests' from command line to 'False'
[0.718s] DEBUG:colcon.colcon_core.verb:Building package 'listener' with the following arguments: {'ament_cmake_args': None, 'build_base': '/home/max/temp_workspace/build/listener', 'catkin_cmake_args': None, 'catkin_skip_building_tests': False, 'cmake_args': None, 'cmake_clean_cache': False, 'cmake_clean_first': False, 'cmake_force_configure': False, 'cmake_target': None, 'cmake_target_skip_unavailable': False, 'install_base': '/home/max/temp_workspace/install/listener', 'merge_install': False, 'path': '/home/max/temp_workspace/src/listener', 'symlink_install': False, 'test_result_base': None}
[0.720s] Level 5:colcon.colcon_core.verb:set package 'service' build argument 'cmake_args' from command line to 'None'
[0.720s] Level 5:colcon.colcon_core.verb:set package 'service' build argument 'cmake_target' from command line to 'None'
[0.721s] Level 5:colcon.colcon_core.verb:set package 'service' build argument 'cmake_target_skip_unavailable' from command line to 'False'
[0.721s] Level 5:colcon.colcon_core.verb:set package 'service' build argument 'cmake_clean_cache' from command line to 'False'
[0.721s] Level 5:colcon.colcon_core.verb:set package 'service' build argument 'cmake_clean_first' from command line to 'False'
[0.721s] Level 5:colcon.colcon_core.verb:set package 'service' build argument 'cmake_force_configure' from command line to 'False'
[0.721s] Level 5:colcon.colcon_core.verb:set package 'service' build argument 'ament_cmake_args' from command line to 'None'
[0.721s] Level 5:colcon.colcon_core.verb:set package 'service' build argument 'catkin_cmake_args' from command line to 'None'
[0.721s] Level 5:colcon.colcon_core.verb:set package 'service' build argument 'catkin_skip_building_tests' from command line to 'False'
[0.721s] DEBUG:colcon.colcon_core.verb:Building package 'service' with the following arguments: {'ament_cmake_args': None, 'build_base': '/home/max/temp_workspace/build/service', 'catkin_cmake_args': None, 'catkin_skip_building_tests': False, 'cmake_args': None, 'cmake_clean_cache': False, 'cmake_clean_first': False, 'cmake_force_configure': False, 'cmake_target': None, 'cmake_target_skip_unavailable': False, 'install_base': '/home/max/temp_workspace/install/service', 'merge_install': False, 'path': '/home/max/temp_workspace/src/service', 'symlink_install': False, 'test_result_base': None}
[0.724s] Level 5:colcon.colcon_core.verb:set package 'talker' build argument 'cmake_args' from command line to 'None'
[0.725s] Level 5:colcon.colcon_core.verb:set package 'talker' build argument 'cmake_target' from command line to 'None'
[0.725s] Level 5:colcon.colcon_core.verb:set package 'talker' build argument 'cmake_target_skip_unavailable' from command line to 'False'
[0.725s] Level 5:colcon.colcon_core.verb:set package 'talker' build argument 'cmake_clean_cache' from command line to 'False'
[0.725s] Level 5:colcon.colcon_core.verb:set package 'talker' build argument 'cmake_clean_first' from command line to 'False'
[0.725s] Level 5:colcon.colcon_core.verb:set package 'talker' build argument 'cmake_force_configure' from command line to 'False'
[0.725s] Level 5:colcon.colcon_core.verb:set package 'talker' build argument 'ament_cmake_args' from command line to 'None'
[0.725s] Level 5:colcon.colcon_core.verb:set package 'talker' build argument 'catkin_cmake_args' from command line to 'None'
[0.725s] Level 5:colcon.colcon_core.verb:set package 'talker' build argument 'catkin_skip_building_tests' from command line to 'False'
[0.725s] DEBUG:colcon.colcon_core.verb:Building package 'talker' with the following arguments: {'ament_cmake_args': None, 'build_base': '/home/max/temp_workspace/build/talker', 'catkin_cmake_args': None, 'catkin_skip_building_tests': False, 'cmake_args': None, 'cmake_clean_cache': False, 'cmake_clean_first': False, 'cmake_force_configure': False, 'cmake_target': None, 'cmake_target_skip_unavailable': False, 'install_base': '/home/max/temp_workspace/install/talker', 'merge_install': False, 'path': '/home/max/temp_workspace/src/talker', 'symlink_install': False, 'test_result_base': None}
[0.727s] INFO:colcon.colcon_core.executor:Executing jobs using 'parallel' executor
[0.741s] DEBUG:colcon.colcon_parallel_executor.executor.parallel:run_until_complete
[0.741s] INFO:colcon.colcon_ros.task.ament_cmake.build:Building ROS package in '/home/max/temp_workspace/src/interfaces' with build type 'ament_cmake'
[0.742s] INFO:colcon.colcon_cmake.task.cmake.build:Building CMake package in '/home/max/temp_workspace/src/interfaces'
[0.754s] INFO:colcon.colcon_core.plugin_system:Skipping extension 'colcon_core.shell.bat': Not used on non-Windows systems
[0.754s] INFO:colcon.colcon_core.shell:Skip shell extension 'powershell' for command environment: Not usable outside of PowerShell
[0.754s] DEBUG:colcon.colcon_core.shell:Skip shell extension 'dsv' for command environment
[0.762s] INFO:colcon.colcon_ros.task.ament_python.build:Building ROS package in '/home/max/temp_workspace/src/listener' with build type 'ament_python'
[0.763s] Level 1:colcon.colcon_core.shell:create_environment_hook('listener', 'ament_prefix_path')
[0.773s] INFO:colcon.colcon_core.shell:Creating environment hook '/home/max/temp_workspace/install/listener/share/listener/hook/ament_prefix_path.ps1'
[0.774s] INFO:colcon.colcon_core.shell:Creating environment descriptor '/home/max/temp_workspace/install/listener/share/listener/hook/ament_prefix_path.dsv'
[0.775s] INFO:colcon.colcon_core.shell:Creating environment hook '/home/max/temp_workspace/install/listener/share/listener/hook/ament_prefix_path.sh'
[0.779s] INFO:colcon.colcon_core.shell:Skip shell extension 'powershell' for command environment: Not usable outside of PowerShell
[0.779s] DEBUG:colcon.colcon_core.shell:Skip shell extension 'dsv' for command environment
[0.787s] INFO:colcon.colcon_ros.task.ament_python.build:Building ROS package in '/home/max/temp_workspace/src/service' with build type 'ament_python'
[0.787s] Level 1:colcon.colcon_core.shell:create_environment_hook('service', 'ament_prefix_path')
[0.794s] INFO:colcon.colcon_core.shell:Creating environment hook '/home/max/temp_workspace/install/service/share/service/hook/ament_prefix_path.ps1'
[0.795s] INFO:colcon.colcon_core.shell:Creating environment descriptor '/home/max/temp_workspace/install/service/share/service/hook/ament_prefix_path.dsv'
[0.795s] INFO:colcon.colcon_core.shell:Creating environment hook '/home/max/temp_workspace/install/service/share/service/hook/ament_prefix_path.sh'
[0.800s] INFO:colcon.colcon_core.shell:Skip shell extension 'powershell' for command environment: Not usable outside of PowerShell
[0.801s] DEBUG:colcon.colcon_core.shell:Skip shell extension 'dsv' for command environment
[0.809s] INFO:colcon.colcon_ros.task.ament_python.build:Building ROS package in '/home/max/temp_workspace/src/talker' with build type 'ament_python'
[0.810s] Level 1:colcon.colcon_core.shell:create_environment_hook('talker', 'ament_prefix_path')
[0.815s] INFO:colcon.colcon_core.shell:Creating environment hook '/home/max/temp_workspace/install/talker/share/talker/hook/ament_prefix_path.ps1'
[0.816s] INFO:colcon.colcon_core.shell:Creating environment descriptor '/home/max/temp_workspace/install/talker/share/talker/hook/ament_prefix_path.dsv'
[0.817s] INFO:colcon.colcon_core.shell:Creating environment hook '/home/max/temp_workspace/install/talker/share/talker/hook/ament_prefix_path.sh'
[0.824s] INFO:colcon.colcon_core.shell:Skip shell extension 'powershell' for command environment: Not usable outside of PowerShell
[0.824s] DEBUG:colcon.colcon_core.shell:Skip shell extension 'dsv' for command environment
[0.844s] DEBUG:colcon.colcon_core.event_handler.log_command:Invoking command in '/home/max/temp_workspace/build/interfaces': CMAKE_PREFIX_PATH=/opt/ros/foxy /usr/bin/cmake /home/max/temp_workspace/src/interfaces -DCMAKE_INSTALL_PREFIX=/home/max/temp_workspace/install/interfaces
[1.355s] INFO:colcon.colcon_core.task.python.build:Building Python package in '/home/max/temp_workspace/src/listener'
[1.361s] INFO:colcon.colcon_core.shell:Skip shell extension 'powershell' for command environment: Not usable outside of PowerShell
[1.361s] DEBUG:colcon.colcon_core.shell:Skip shell extension 'dsv' for command environment
[1.837s] INFO:colcon.colcon_core.task.python.build:Building Python package in '/home/max/temp_workspace/src/service'
[1.843s] INFO:colcon.colcon_core.shell:Skip shell extension 'powershell' for command environment: Not usable outside of PowerShell
[1.843s] DEBUG:colcon.colcon_core.shell:Skip shell extension 'dsv' for command environment
[2.392s] INFO:colcon.colcon_core.task.python.build:Building Python package in '/home/max/temp_workspace/src/talker'
[2.403s] INFO:colcon.colcon_core.shell:Skip shell extension 'powershell' for command environment: Not usable outside of PowerShell
[2.403s] DEBUG:colcon.colcon_core.shell:Skip shell extension 'dsv' for command environment
[2.534s] DEBUG:colcon.colcon_core.event_handler.log_command:Invoked command in '/home/max/temp_workspace/build/interfaces' returned '0': CMAKE_PREFIX_PATH=/opt/ros/foxy /usr/bin/cmake /home/max/temp_workspace/src/interfaces -DCMAKE_INSTALL_PREFIX=/home/max/temp_workspace/install/interfaces
[2.535s] DEBUG:colcon.colcon_core.event_handler.log_command:Invoking command in '/home/max/temp_workspace/build/interfaces': CMAKE_PREFIX_PATH=/opt/ros/foxy /usr/bin/cmake --build /home/max/temp_workspace/build/interfaces -- -j4 -l4
[3.889s] DEBUG:colcon.colcon_core.event_handler.log_command:Invoking command in '/home/max/temp_workspace/src/talker': PYTHONPATH=/home/max/temp_workspace/install/talker/lib/python3.8/site-packages:${PYTHONPATH} /usr/bin/python3 setup.py egg_info --egg-base ../../build/talker build --build-base /home/max/temp_workspace/build/talker/build install --prefix /home/max/temp_workspace/install/talker --record /home/max/temp_workspace/build/talker/install.log --single-version-externally-managed
[4.116s] DEBUG:colcon.colcon_core.event_handler.log_command:Invoking command in '/home/max/temp_workspace/src/service': PYTHONPATH=/home/max/temp_workspace/install/service/lib/python3.8/site-packages:${PYTHONPATH} /usr/bin/python3 setup.py egg_info --egg-base ../../build/service build --build-base /home/max/temp_workspace/build/service/build install --prefix /home/max/temp_workspace/install/service --record /home/max/temp_workspace/build/service/install.log --single-version-externally-managed
[4.416s] DEBUG:colcon.colcon_core.event_handler.log_command:Invoking command in '/home/max/temp_workspace/src/listener': PYTHONPATH=/home/max/temp_workspace/install/listener/lib/python3.8/site-packages:${PYTHONPATH} /usr/bin/python3 setup.py egg_info --egg-base ../../build/listener build --build-base /home/max/temp_workspace/build/listener/build install --prefix /home/max/temp_workspace/install/listener --record /home/max/temp_workspace/build/listener/install.log --single-version-externally-managed
[5.622s] DEBUG:colcon.colcon_core.event_handler.log_command:Invoked command in '/home/max/temp_workspace/src/talker' returned '0': PYTHONPATH=/home/max/temp_workspace/install/talker/lib/python3.8/site-packages:${PYTHONPATH} /usr/bin/python3 setup.py egg_info --egg-base ../../build/talker build --build-base /home/max/temp_workspace/build/talker/build install --prefix /home/max/temp_workspace/install/talker --record /home/max/temp_workspace/build/talker/install.log --single-version-externally-managed
[5.651s] Level 1:colcon.colcon_core.environment:checking '/home/max/temp_workspace/install/talker' for CMake module files
[5.657s] Level 1:colcon.colcon_core.environment:checking '/home/max/temp_workspace/install/talker' for CMake config files
[5.665s] Level 1:colcon.colcon_core.environment:checking '/home/max/temp_workspace/install/talker/lib'
[5.672s] Level 1:colcon.colcon_core.environment:checking '/home/max/temp_workspace/install/talker/bin'
[5.672s] Level 1:colcon.colcon_core.environment:checking '/home/max/temp_workspace/install/talker/lib/pkgconfig/talker.pc'
[5.673s] Level 1:colcon.colcon_core.environment:checking '/home/max/temp_workspace/install/talker/lib/python3.8/site-packages'
[5.673s] Level 1:colcon.colcon_core.shell:create_environment_hook('talker', 'pythonpath')
[5.704s] INFO:colcon.colcon_core.shell:Creating environment hook '/home/max/temp_workspace/install/talker/share/talker/hook/pythonpath.ps1'
[5.712s] INFO:colcon.colcon_core.shell:Creating environment descriptor '/home/max/temp_workspace/install/talker/share/talker/hook/pythonpath.dsv'
[5.713s] INFO:colcon.colcon_core.shell:Creating environment hook '/home/max/temp_workspace/install/talker/share/talker/hook/pythonpath.sh'
[5.714s] Level 1:colcon.colcon_core.environment:checking '/home/max/temp_workspace/install/talker/bin'
[5.714s] Level 1:colcon.colcon_core.environment:create_environment_scripts_only(talker)
[5.723s] INFO:colcon.colcon_core.shell:Creating package script '/home/max/temp_workspace/install/talker/share/talker/package.ps1'
[5.740s] INFO:colcon.colcon_core.shell:Creating package descriptor '/home/max/temp_workspace/install/talker/share/talker/package.dsv'
[5.741s] INFO:colcon.colcon_core.shell:Creating package script '/home/max/temp_workspace/install/talker/share/talker/package.sh'
[5.743s] INFO:colcon.colcon_core.shell:Creating package script '/home/max/temp_workspace/install/talker/share/talker/package.bash'
[5.745s] INFO:colcon.colcon_core.shell:Creating package script '/home/max/temp_workspace/install/talker/share/talker/package.zsh'
[5.747s] Level 1:colcon.colcon_core.environment:create_file_with_runtime_dependencies(/home/max/temp_workspace/install/talker/share/colcon-core/packages/talker)
[6.255s] DEBUG:colcon.colcon_core.event_handler.log_command:Invoked command in '/home/max/temp_workspace/src/service' returned '0': PYTHONPATH=/home/max/temp_workspace/install/service/lib/python3.8/site-packages:${PYTHONPATH} /usr/bin/python3 setup.py egg_info --egg-base ../../build/service build --build-base /home/max/temp_workspace/build/service/build install --prefix /home/max/temp_workspace/install/service --record /home/max/temp_workspace/build/service/install.log --single-version-externally-managed
[6.266s] Level 1:colcon.colcon_core.environment:checking '/home/max/temp_workspace/install/service' for CMake module files
[6.267s] Level 1:colcon.colcon_core.environment:checking '/home/max/temp_workspace/install/service' for CMake config files
[6.270s] Level 1:colcon.colcon_core.environment:checking '/home/max/temp_workspace/install/service/lib'
[6.275s] Level 1:colcon.colcon_core.environment:checking '/home/max/temp_workspace/install/service/bin'
[6.275s] Level 1:colcon.colcon_core.environment:checking '/home/max/temp_workspace/install/service/lib/pkgconfig/service.pc'
[6.276s] Level 1:colcon.colcon_core.environment:checking '/home/max/temp_workspace/install/service/lib/python3.8/site-packages'
[6.276s] Level 1:colcon.colcon_core.shell:create_environment_hook('service', 'pythonpath')
[6.290s] INFO:colcon.colcon_core.shell:Creating environment hook '/home/max/temp_workspace/install/service/share/service/hook/pythonpath.ps1'
[6.292s] INFO:colcon.colcon_core.shell:Creating environment descriptor '/home/max/temp_workspace/install/service/share/service/hook/pythonpath.dsv'
[6.300s] INFO:colcon.colcon_core.shell:Creating environment hook '/home/max/temp_workspace/install/service/share/service/hook/pythonpath.sh'
[6.301s] Level 1:colcon.colcon_core.environment:checking '/home/max/temp_workspace/install/service/bin'
[6.302s] Level 1:colcon.colcon_core.environment:create_environment_scripts_only(service)
[6.319s] INFO:colcon.colcon_core.shell:Creating package script '/home/max/temp_workspace/install/service/share/service/package.ps1'
[6.321s] INFO:colcon.colcon_core.shell:Creating package descriptor '/home/max/temp_workspace/install/service/share/service/package.dsv'
[6.322s] INFO:colcon.colcon_core.shell:Creating package script '/home/max/temp_workspace/install/service/share/service/package.sh'
[6.323s] INFO:colcon.colcon_core.shell:Creating package script '/home/max/temp_workspace/install/service/share/service/package.bash'
[6.324s] INFO:colcon.colcon_core.shell:Creating package script '/home/max/temp_workspace/install/service/share/service/package.zsh'
[6.327s] Level 1:colcon.colcon_core.environment:create_file_with_runtime_dependencies(/home/max/temp_workspace/install/service/share/colcon-core/packages/service)
[6.501s] DEBUG:colcon.colcon_core.event_handler.log_command:Invoked command in '/home/max/temp_workspace/src/listener' returned '0': PYTHONPATH=/home/max/temp_workspace/install/listener/lib/python3.8/site-packages:${PYTHONPATH} /usr/bin/python3 setup.py egg_info --egg-base ../../build/listener build --build-base /home/max/temp_workspace/build/listener/build install --prefix /home/max/temp_workspace/install/listener --record /home/max/temp_workspace/build/listener/install.log --single-version-externally-managed
[6.510s] Level 1:colcon.colcon_core.environment:checking '/home/max/temp_workspace/install/listener' for CMake module files
[6.511s] Level 1:colcon.colcon_core.environment:checking '/home/max/temp_workspace/install/listener' for CMake config files
[6.512s] Level 1:colcon.colcon_core.environment:checking '/home/max/temp_workspace/install/listener/lib'
[6.512s] Level 1:colcon.colcon_core.environment:checking '/home/max/temp_workspace/install/listener/bin'
[6.513s] Level 1:colcon.colcon_core.environment:checking '/home/max/temp_workspace/install/listener/lib/pkgconfig/listener.pc'
[6.513s] Level 1:colcon.colcon_core.environment:checking '/home/max/temp_workspace/install/listener/lib/python3.8/site-packages'
[6.513s] Level 1:colcon.colcon_core.shell:create_environment_hook('listener', 'pythonpath')
[6.523s] INFO:colcon.colcon_core.shell:Creating environment hook '/home/max/temp_workspace/install/listener/share/listener/hook/pythonpath.ps1'
[6.524s] INFO:colcon.colcon_core.shell:Creating environment descriptor '/home/max/temp_workspace/install/listener/share/listener/hook/pythonpath.dsv'
[6.525s] INFO:colcon.colcon_core.shell:Creating environment hook '/home/max/temp_workspace/install/listener/share/listener/hook/pythonpath.sh'
[6.526s] Level 1:colcon.colcon_core.environment:checking '/home/max/temp_workspace/install/listener/bin'
[6.526s] Level 1:colcon.colcon_core.environment:create_environment_scripts_only(listener)
[6.536s] INFO:colcon.colcon_core.shell:Creating package script '/home/max/temp_workspace/install/listener/share/listener/package.ps1'
[6.538s] INFO:colcon.colcon_core.shell:Creating package descriptor '/home/max/temp_workspace/install/listener/share/listener/package.dsv'
[6.539s] INFO:colcon.colcon_core.shell:Creating package script '/home/max/temp_workspace/install/listener/share/listener/package.sh'
[6.539s] INFO:colcon.colcon_core.shell:Creating package script '/home/max/temp_workspace/install/listener/share/listener/package.bash'
[6.540s] INFO:colcon.colcon_core.shell:Creating package script '/home/max/temp_workspace/install/listener/share/listener/package.zsh'
[6.541s] Level 1:colcon.colcon_core.environment:create_file_with_runtime_dependencies(/home/max/temp_workspace/install/listener/share/colcon-core/packages/listener)
[9.061s] DEBUG:colcon.colcon_core.event_handler.log_command:Invoked command in '/home/max/temp_workspace/build/interfaces' returned '0': CMAKE_PREFIX_PATH=/opt/ros/foxy /usr/bin/cmake --build /home/max/temp_workspace/build/interfaces -- -j4 -l4
[9.132s] DEBUG:colcon.colcon_core.event_handler.log_command:Invoking command in '/home/max/temp_workspace/build/interfaces': CMAKE_PREFIX_PATH=/opt/ros/foxy /usr/bin/cmake --install /home/max/temp_workspace/build/interfaces
[9.212s] Level 1:colcon.colcon_core.environment:create_environment_scripts_only(interfaces)
[9.219s] Level 1:colcon.colcon_core.environment:checking '/home/max/temp_workspace/install/interfaces' for CMake module files
[9.219s] DEBUG:colcon.colcon_core.event_handler.log_command:Invoked command in '/home/max/temp_workspace/build/interfaces' returned '0': CMAKE_PREFIX_PATH=/opt/ros/foxy /usr/bin/cmake --install /home/max/temp_workspace/build/interfaces
[9.220s] Level 1:colcon.colcon_core.environment:checking '/home/max/temp_workspace/install/interfaces' for CMake config files
[9.220s] Level 1:colcon.colcon_core.shell:create_environment_hook('interfaces', 'cmake_prefix_path')
[9.224s] INFO:colcon.colcon_core.shell:Creating environment hook '/home/max/temp_workspace/install/interfaces/share/interfaces/hook/cmake_prefix_path.ps1'
[9.225s] INFO:colcon.colcon_core.shell:Creating environment descriptor '/home/max/temp_workspace/install/interfaces/share/interfaces/hook/cmake_prefix_path.dsv'
[9.225s] INFO:colcon.colcon_core.shell:Creating environment hook '/home/max/temp_workspace/install/interfaces/share/interfaces/hook/cmake_prefix_path.sh'
[9.226s] Level 1:colcon.colcon_core.environment:checking '/home/max/temp_workspace/install/interfaces/lib'
[9.226s] Level 1:colcon.colcon_core.shell:create_environment_hook('interfaces', 'ld_library_path_lib')
[9.231s] INFO:colcon.colcon_core.shell:Creating environment hook '/home/max/temp_workspace/install/interfaces/share/interfaces/hook/ld_library_path_lib.ps1'
[9.231s] INFO:colcon.colcon_core.shell:Creating environment descriptor '/home/max/temp_workspace/install/interfaces/share/interfaces/hook/ld_library_path_lib.dsv'
[9.231s] INFO:colcon.colcon_core.shell:Creating environment hook '/home/max/temp_workspace/install/interfaces/share/interfaces/hook/ld_library_path_lib.sh'
[9.232s] Level 1:colcon.colcon_core.environment:checking '/home/max/temp_workspace/install/interfaces/bin'
[9.232s] Level 1:colcon.colcon_core.environment:checking '/home/max/temp_workspace/install/interfaces/lib/pkgconfig/interfaces.pc'
[9.232s] Level 1:colcon.colcon_core.environment:checking '/home/max/temp_workspace/install/interfaces/lib/python3.8/site-packages'
[9.232s] Level 1:colcon.colcon_core.shell:create_environment_hook('interfaces', 'pythonpath')
[9.237s] INFO:colcon.colcon_core.shell:Creating environment hook '/home/max/temp_workspace/install/interfaces/share/interfaces/hook/pythonpath.ps1'
[9.237s] INFO:colcon.colcon_core.shell:Creating environment descriptor '/home/max/temp_workspace/install/interfaces/share/interfaces/hook/pythonpath.dsv'
[9.237s] INFO:colcon.colcon_core.shell:Creating environment hook '/home/max/temp_workspace/install/interfaces/share/interfaces/hook/pythonpath.sh'
[9.238s] Level 1:colcon.colcon_core.environment:checking '/home/max/temp_workspace/install/interfaces/bin'
[9.242s] INFO:colcon.colcon_core.shell:Creating package script '/home/max/temp_workspace/install/interfaces/share/interfaces/package.ps1'
[9.243s] INFO:colcon.colcon_core.shell:Creating package descriptor '/home/max/temp_workspace/install/interfaces/share/interfaces/package.dsv'
[9.244s] INFO:colcon.colcon_core.shell:Creating package script '/home/max/temp_workspace/install/interfaces/share/interfaces/package.sh'
[9.245s] INFO:colcon.colcon_core.shell:Creating package script '/home/max/temp_workspace/install/interfaces/share/interfaces/package.bash'
[9.245s] INFO:colcon.colcon_core.shell:Creating package script '/home/max/temp_workspace/install/interfaces/share/interfaces/package.zsh'
[9.245s] Level 1:colcon.colcon_core.environment:create_file_with_runtime_dependencies(/home/max/temp_workspace/install/interfaces/share/colcon-core/packages/interfaces)
[9.299s] Level 1:colcon.colcon_core.environment:create_environment_scripts_only(interfaces)
[9.305s] Level 1:colcon.colcon_core.environment:checking '/home/max/temp_workspace/install/interfaces' for CMake module files
[9.305s] Level 1:colcon.colcon_core.environment:checking '/home/max/temp_workspace/install/interfaces' for CMake config files
[9.306s] Level 1:colcon.colcon_core.shell:create_environment_hook('interfaces', 'cmake_prefix_path')
[9.310s] INFO:colcon.colcon_core.shell:Creating environment hook '/home/max/temp_workspace/install/interfaces/share/interfaces/hook/cmake_prefix_path.ps1'
[9.310s] INFO:colcon.colcon_core.shell:Creating environment descriptor '/home/max/temp_workspace/install/interfaces/share/interfaces/hook/cmake_prefix_path.dsv'
[9.311s] INFO:colcon.colcon_core.shell:Creating environment hook '/home/max/temp_workspace/install/interfaces/share/interfaces/hook/cmake_prefix_path.sh'
[9.312s] Level 1:colcon.colcon_core.environment:checking '/home/max/temp_workspace/install/interfaces/lib'
[9.312s] Level 1:colcon.colcon_core.shell:create_environment_hook('interfaces', 'ld_library_path_lib')
[9.316s] INFO:colcon.colcon_core.shell:Creating environment hook '/home/max/temp_workspace/install/interfaces/share/interfaces/hook/ld_library_path_lib.ps1'
[9.316s] INFO:colcon.colcon_core.shell:Creating environment descriptor '/home/max/temp_workspace/install/interfaces/share/interfaces/hook/ld_library_path_lib.dsv'
[9.317s] INFO:colcon.colcon_core.shell:Creating environment hook '/home/max/temp_workspace/install/interfaces/share/interfaces/hook/ld_library_path_lib.sh'
[9.317s] Level 1:colcon.colcon_core.environment:checking '/home/max/temp_workspace/install/interfaces/bin'
[9.317s] Level 1:colcon.colcon_core.environment:checking '/home/max/temp_workspace/install/interfaces/lib/pkgconfig/interfaces.pc'
[9.317s] Level 1:colcon.colcon_core.environment:checking '/home/max/temp_workspace/install/interfaces/lib/python3.8/site-packages'
[9.318s] Level 1:colcon.colcon_core.shell:create_environment_hook('interfaces', 'pythonpath')
[9.322s] INFO:colcon.colcon_core.shell:Creating environment hook '/home/max/temp_workspace/install/interfaces/share/interfaces/hook/pythonpath.ps1'
[9.322s] INFO:colcon.colcon_core.shell:Creating environment descriptor '/home/max/temp_workspace/install/interfaces/share/interfaces/hook/pythonpath.dsv'
[9.323s] INFO:colcon.colcon_core.shell:Creating environment hook '/home/max/temp_workspace/install/interfaces/share/interfaces/hook/pythonpath.sh'
[9.323s] Level 1:colcon.colcon_core.environment:checking '/home/max/temp_workspace/install/interfaces/bin'
[9.328s] INFO:colcon.colcon_core.shell:Creating package script '/home/max/temp_workspace/install/interfaces/share/interfaces/package.ps1'
[9.329s] INFO:colcon.colcon_core.shell:Creating package descriptor '/home/max/temp_workspace/install/interfaces/share/interfaces/package.dsv'
[9.330s] INFO:colcon.colcon_core.shell:Creating package script '/home/max/temp_workspace/install/interfaces/share/interfaces/package.sh'
[9.330s] INFO:colcon.colcon_core.shell:Creating package script '/home/max/temp_workspace/install/interfaces/share/interfaces/package.bash'
[9.331s] INFO:colcon.colcon_core.shell:Creating package script '/home/max/temp_workspace/install/interfaces/share/interfaces/package.zsh'
[9.331s] Level 1:colcon.colcon_core.environment:create_file_with_runtime_dependencies(/home/max/temp_workspace/install/interfaces/share/colcon-core/packages/interfaces)
[9.332s] DEBUG:colcon.colcon_parallel_executor.executor.parallel:closing loop
[9.332s] DEBUG:colcon.colcon_parallel_executor.executor.parallel:loop closed
[9.332s] DEBUG:colcon.colcon_parallel_executor.executor.parallel:run_until_complete finished with '0'
[9.333s] DEBUG:colcon.colcon_core.event_reactor:joining thread
[9.343s] INFO:colcon.colcon_core.plugin_system:Skipping extension 'colcon_notification.desktop_notification.terminal_notifier': Not used on non-Darwin systems
[9.343s] INFO:colcon.colcon_core.plugin_system:Skipping extension 'colcon_notification.desktop_notification.win32': Not used on non-Windows systems
[9.344s] INFO:colcon.colcon_notification.desktop_notification:Sending desktop notification using 'notify2'
[9.363s] DEBUG:colcon.colcon_core.event_reactor:joined thread
[9.370s] INFO:colcon.colcon_core.shell:Creating prefix script '/home/max/temp_workspace/install/local_setup.ps1'
[9.371s] INFO:colcon.colcon_core.shell:Creating prefix util module '/home/max/temp_workspace/install/_local_setup_util_ps1.py'
[9.373s] INFO:colcon.colcon_core.shell:Creating prefix chain script '/home/max/temp_workspace/install/setup.ps1'
[9.376s] INFO:colcon.colcon_core.shell:Creating prefix script '/home/max/temp_workspace/install/local_setup.sh'
[9.376s] INFO:colcon.colcon_core.shell:Creating prefix util module '/home/max/temp_workspace/install/_local_setup_util_sh.py'
[9.377s] INFO:colcon.colcon_core.shell:Creating prefix chain script '/home/max/temp_workspace/install/setup.sh'
[9.379s] INFO:colcon.colcon_core.shell:Creating prefix script '/home/max/temp_workspace/install/local_setup.bash'
[9.380s] INFO:colcon.colcon_core.shell:Creating prefix chain script '/home/max/temp_workspace/install/setup.bash'
[9.382s] INFO:colcon.colcon_core.shell:Creating prefix script '/home/max/temp_workspace/install/local_setup.zsh'
[9.383s] INFO:colcon.colcon_core.shell:Creating prefix chain script '/home/max/temp_workspace/install/setup.zsh'
