[5.537s] Invoking command in '/home/max/temp_workspace/src/listener': PYTHONPATH=/home/max/temp_workspace/install/listener/lib/python3.8/site-packages:${PYTHONPATH} /usr/bin/python3 setup.py egg_info --egg-base ../../build/listener build --build-base /home/max/temp_workspace/build/listener/build install --prefix /home/max/temp_workspace/install/listener --record /home/max/temp_workspace/build/listener/install.log --single-version-externally-managed
[6.107s] /home/max/.local/lib/python3.8/site-packages/setuptools/dist.py:771: UserWarning: Usage of dash-separated 'script-dir' will not be supported in future versions. Please use the underscore name 'script_dir' instead
[6.107s]   warnings.warn(
[6.108s] /home/max/.local/lib/python3.8/site-packages/setuptools/dist.py:771: UserWarning: Usage of dash-separated 'install-scripts' will not be supported in future versions. Please use the underscore name 'install_scripts' instead
[6.108s]   warnings.warn(
[6.266s] running egg_info
[6.292s] writing ../../build/listener/listener.egg-info/PKG-INFO
[6.293s] writing dependency_links to ../../build/listener/listener.egg-info/dependency_links.txt
[6.294s] writing entry points to ../../build/listener/listener.egg-info/entry_points.txt
[6.294s] writing requirements to ../../build/listener/listener.egg-info/requires.txt
[6.295s] writing top-level names to ../../build/listener/listener.egg-info/top_level.txt
[6.350s] reading manifest file '../../build/listener/listener.egg-info/SOURCES.txt'
[6.352s] writing manifest file '../../build/listener/listener.egg-info/SOURCES.txt'
[6.353s] running build
[6.353s] running build_py
[6.355s] running install
[6.355s] /home/max/.local/lib/python3.8/site-packages/setuptools/command/install.py:34: SetuptoolsDeprecationWarning: setup.py install is deprecated. Use build and pip and other standards-based tools.
[6.356s]   warnings.warn(
[6.368s] running install_lib
[6.394s] running install_data
[6.419s] running install_egg_info
[6.459s] removing '/home/max/temp_workspace/install/listener/lib/python3.8/site-packages/listener-0.0.0-py3.8.egg-info' (and everything under it)
[6.466s] Copying ../../build/listener/listener.egg-info to /home/max/temp_workspace/install/listener/lib/python3.8/site-packages/listener-0.0.0-py3.8.egg-info
[6.477s] running install_scripts
[6.690s] Installing listener script to /home/max/temp_workspace/install/listener/lib/listener
[6.691s] writing list of installed files to '/home/max/temp_workspace/build/listener/install.log'
[6.830s] Invoked command in '/home/max/temp_workspace/src/listener' returned '0': PYTHONPATH=/home/max/temp_workspace/install/listener/lib/python3.8/site-packages:${PYTHONPATH} /usr/bin/python3 setup.py egg_info --egg-base ../../build/listener build --build-base /home/max/temp_workspace/build/listener/build install --prefix /home/max/temp_workspace/install/listener --record /home/max/temp_workspace/build/listener/install.log --single-version-externally-managed
