[0.125s] Invoking command in '/home/max/temp_workspace/src/build/interfaces': CMAKE_PREFIX_PATH=/opt/ros/foxy /usr/bin/cmake --build /home/max/temp_workspace/src/build/interfaces -- -j4 -l4
[1.779s] -- Found ament_cmake: 0.9.9 (/opt/ros/foxy/share/ament_cmake/cmake)
[1.780s] -- Found PythonInterp: /usr/bin/python3 (found suitable version "3.8.10", minimum required is "3") 
[1.781s] -- Using PYTHON_EXECUTABLE: /usr/bin/python3
[1.781s] -- Found rosidl_default_generators: 1.0.1 (/opt/ros/foxy/share/rosidl_default_generators/cmake)
[1.783s] -- Using all available rosidl_typesupport_c: rosidl_typesupport_fastrtps_c;rosidl_typesupport_introspection_c
[1.784s] -- Found rosidl_adapter: 1.2.1 (/opt/ros/foxy/share/rosidl_adapter/cmake)
[1.786s] -- Using all available rosidl_typesupport_cpp: rosidl_typesupport_fastrtps_cpp;rosidl_typesupport_introspection_cpp
[1.787s] -- Found PythonInterp: /usr/bin/python3 (found version "3.8.10") 
[1.787s] -- Found ament_cmake_ros: 0.9.2 (/opt/ros/foxy/share/ament_cmake_ros/cmake)
[1.788s] -- Using all available rosidl_typesupport_c: rosidl_typesupport_fastrtps_c;rosidl_typesupport_introspection_c
[1.793s] -- Using all available rosidl_typesupport_cpp: rosidl_typesupport_fastrtps_cpp;rosidl_typesupport_introspection_cpp
[1.793s] -- Found PythonInterp: /usr/bin/python3 (found suitable version "3.8.10", minimum required is "3.5") 
[1.793s] -- Found python_cmake_module: 0.8.1 (/opt/ros/foxy/share/python_cmake_module/cmake)
[1.793s] -- Using PYTHON_EXECUTABLE: /usr/bin/python3
[1.794s] -- Using PYTHON_INCLUDE_DIRS: /usr/include/python3.8
[1.794s] -- Using PYTHON_LIBRARIES: /usr/lib/x86_64-linux-gnu/libpython3.8.so
[1.794s] -- Found ament_lint_auto: 0.9.6 (/opt/ros/foxy/share/ament_lint_auto/cmake)
[1.794s] -- Added test 'copyright' to check source files copyright and LICENSE
[1.794s] -- Added test 'lint_cmake' to check CMake code style
[1.794s] -- Added test 'xmllint' to check XML markup files
[1.795s] -- Configuring done
[1.795s] -- Generating done
[1.795s] -- Build files have been written to: /home/max/temp_workspace/src/build/interfaces
[1.795s] [  3%] [34m[1mGenerating C code for ROS interfaces[0m
[1.795s] [  6%] [34m[1mGenerating C++ code for ROS interfaces[0m
[2.611s] [35m[1mScanning dependencies of target interfaces__rosidl_generator_c[0m
[2.666s] [  9%] [32mBuilding C object CMakeFiles/interfaces__rosidl_generator_c.dir/rosidl_generator_c/interfaces/srv/detail/get_distance__functions.c.o[0m
[2.695s] [  9%] Built target interfaces__cpp
[2.749s] [ 12%] [34m[1mGenerating C++ introspection for ROS interfaces[0m
[2.770s] [ 16%] [34m[1mGenerating C++ type support for eProsima Fast-RTPS[0m
[2.774s] [ 19%] [34m[1mGenerating C++ type support dispatch for ROS interfaces[0m
[2.819s] [ 22%] [32m[1mLinking C shared library libinterfaces__rosidl_generator_c.so[0m
[3.048s] [ 22%] Built target interfaces__rosidl_generator_c
[3.183s] [ 25%] [34m[1mGenerating C type support dispatch for ROS interfaces[0m
[3.758s] [35m[1mScanning dependencies of target interfaces__rosidl_typesupport_cpp[0m
[3.836s] [ 29%] [32mBuilding CXX object CMakeFiles/interfaces__rosidl_typesupport_cpp.dir/rosidl_typesupport_cpp/interfaces/srv/get_distance__type_support.cpp.o[0m
[3.865s] [35m[1mScanning dependencies of target interfaces__rosidl_typesupport_fastrtps_cpp[0m
[3.890s] [35m[1mScanning dependencies of target interfaces__rosidl_typesupport_c[0m
[3.935s] [ 32%] [32mBuilding CXX object CMakeFiles/interfaces__rosidl_typesupport_fastrtps_cpp.dir/rosidl_typesupport_fastrtps_cpp/interfaces/srv/detail/dds_fastrtps/get_distance__type_support.cpp.o[0m
[3.954s] [ 35%] [32mBuilding CXX object CMakeFiles/interfaces__rosidl_typesupport_c.dir/rosidl_typesupport_c/interfaces/srv/get_distance__type_support.cpp.o[0m
[4.098s] [ 38%] [32m[1mLinking CXX shared library libinterfaces__rosidl_typesupport_c.so[0m
[4.500s] [ 38%] Built target interfaces__rosidl_typesupport_c
[4.620s] [ 41%] [34m[1mGenerating C introspection for ROS interfaces[0m
[4.776s] [ 45%] [32m[1mLinking CXX shared library libinterfaces__rosidl_typesupport_cpp.so[0m
[5.028s] [ 45%] Built target interfaces__rosidl_typesupport_cpp
[5.227s] [35m[1mScanning dependencies of target interfaces__rosidl_typesupport_introspection_cpp[0m
[5.315s] [ 48%] [32mBuilding CXX object CMakeFiles/interfaces__rosidl_typesupport_introspection_cpp.dir/rosidl_typesupport_introspection_cpp/interfaces/srv/detail/get_distance__type_support.cpp.o[0m
[6.324s] [ 51%] [32m[1mLinking CXX shared library libinterfaces__rosidl_typesupport_fastrtps_cpp.so[0m
[6.360s] [ 54%] [32m[1mLinking CXX shared library libinterfaces__rosidl_typesupport_introspection_cpp.so[0m
[6.541s] [35m[1mScanning dependencies of target interfaces__rosidl_typesupport_introspection_c[0m
[6.598s] [ 58%] [32mBuilding C object CMakeFiles/interfaces__rosidl_typesupport_introspection_c.dir/rosidl_typesupport_introspection_c/interfaces/srv/detail/get_distance__type_support.c.o[0m
[6.635s] [ 58%] Built target interfaces__rosidl_typesupport_introspection_cpp
[6.726s] [ 58%] Built target interfaces__rosidl_typesupport_fastrtps_cpp
[6.744s] [ 61%] [32m[1mLinking C shared library libinterfaces__rosidl_typesupport_introspection_c.so[0m
[6.758s] [ 64%] [34m[1mGenerating C type support for eProsima Fast-RTPS[0m
[6.820s] [ 64%] Built target interfaces__rosidl_typesupport_introspection_c
[7.284s] [35m[1mScanning dependencies of target interfaces__rosidl_typesupport_fastrtps_c[0m
[7.305s] [ 67%] [32mBuilding CXX object CMakeFiles/interfaces__rosidl_typesupport_fastrtps_c.dir/rosidl_typesupport_fastrtps_c/interfaces/srv/detail/get_distance__type_support_c.cpp.o[0m
[7.800s] [ 70%] [32m[1mLinking CXX shared library libinterfaces__rosidl_typesupport_fastrtps_c.so[0m
[7.934s] [ 70%] Built target interfaces__rosidl_typesupport_fastrtps_c
[7.960s] [ 70%] Built target interfaces
[7.984s] [ 74%] [34m[1mGenerating Python code for ROS interfaces[0m
[8.707s] [ 74%] Built target interfaces__py
[8.729s] [35m[1mScanning dependencies of target interfaces__python[0m
[8.754s] [ 77%] [32mBuilding C object CMakeFiles/interfaces__python.dir/rosidl_generator_py/interfaces/srv/_get_distance_s.c.o[0m
[8.891s] [ 80%] [32m[1mLinking C shared library rosidl_generator_py/interfaces/libinterfaces__python.so[0m
[8.947s] [ 80%] Built target interfaces__python
[8.968s] [35m[1mScanning dependencies of target interfaces__rosidl_typesupport_fastrtps_c__pyext[0m
[8.969s] [35m[1mScanning dependencies of target interfaces__rosidl_typesupport_introspection_c__pyext[0m
[8.969s] [35m[1mScanning dependencies of target interfaces__rosidl_typesupport_c__pyext[0m
[9.007s] [ 83%] [32mBuilding C object CMakeFiles/interfaces__rosidl_typesupport_introspection_c__pyext.dir/rosidl_generator_py/interfaces/_interfaces_s.ep.rosidl_typesupport_introspection_c.c.o[0m
[9.007s] [ 87%] [32mBuilding C object CMakeFiles/interfaces__rosidl_typesupport_c__pyext.dir/rosidl_generator_py/interfaces/_interfaces_s.ep.rosidl_typesupport_c.c.o[0m
[9.024s] [ 90%] [32mBuilding C object CMakeFiles/interfaces__rosidl_typesupport_fastrtps_c__pyext.dir/rosidl_generator_py/interfaces/_interfaces_s.ep.rosidl_typesupport_fastrtps_c.c.o[0m
[9.225s] [ 96%] [32m[1mLinking C shared library rosidl_generator_py/interfaces/interfaces_s__rosidl_typesupport_introspection_c.cpython-38-x86_64-linux-gnu.so[0m
[9.225s] [ 96%] [32m[1mLinking CXX shared library rosidl_generator_py/interfaces/interfaces_s__rosidl_typesupport_fastrtps_c.cpython-38-x86_64-linux-gnu.so[0m
[9.232s] [100%] [32m[1mLinking C shared library rosidl_generator_py/interfaces/interfaces_s__rosidl_typesupport_c.cpython-38-x86_64-linux-gnu.so[0m
[9.302s] [100%] Built target interfaces__rosidl_typesupport_c__pyext
[9.306s] [100%] Built target interfaces__rosidl_typesupport_introspection_c__pyext
[9.348s] [100%] Built target interfaces__rosidl_typesupport_fastrtps_c__pyext
[9.364s] Invoked command in '/home/max/temp_workspace/src/build/interfaces' returned '0': CMAKE_PREFIX_PATH=/opt/ros/foxy /usr/bin/cmake --build /home/max/temp_workspace/src/build/interfaces -- -j4 -l4
[9.444s] Invoking command in '/home/max/temp_workspace/src/build/interfaces': CMAKE_PREFIX_PATH=/opt/ros/foxy /usr/bin/cmake --install /home/max/temp_workspace/src/build/interfaces
[9.457s] -- Install configuration: ""
[9.457s] -- Up-to-date: /home/max/temp_workspace/src/install/interfaces/share/ament_index/resource_index/rosidl_interfaces/interfaces
[9.458s] -- Up-to-date: /home/max/temp_workspace/src/install/interfaces/include/interfaces
[9.458s] -- Up-to-date: /home/max/temp_workspace/src/install/interfaces/include/interfaces/srv
[9.458s] -- Up-to-date: /home/max/temp_workspace/src/install/interfaces/include/interfaces/srv/detail
[9.458s] -- Installing: /home/max/temp_workspace/src/install/interfaces/include/interfaces/srv/detail/get_distance__functions.c
[9.458s] -- Installing: /home/max/temp_workspace/src/install/interfaces/include/interfaces/srv/detail/get_distance__struct.h
[9.459s] -- Installing: /home/max/temp_workspace/src/install/interfaces/include/interfaces/srv/detail/get_distance__functions.h
[9.459s] -- Installing: /home/max/temp_workspace/src/install/interfaces/include/interfaces/srv/detail/get_distance__type_support.h
[9.459s] -- Installing: /home/max/temp_workspace/src/install/interfaces/include/interfaces/srv/get_distance.h
[9.459s] -- Up-to-date: /home/max/temp_workspace/src/install/interfaces/include/interfaces/msg
[9.460s] -- Up-to-date: /home/max/temp_workspace/src/install/interfaces/include/interfaces/msg/rosidl_generator_c__visibility_control.h
[9.460s] -- Up-to-date: /home/max/temp_workspace/src/install/interfaces/share/interfaces/environment/library_path.sh
[9.460s] -- Installing: /home/max/temp_workspace/src/install/interfaces/share/interfaces/environment/library_path.dsv
[9.460s] -- Installing: /home/max/temp_workspace/src/install/interfaces/lib/libinterfaces__rosidl_generator_c.so
[9.461s] -- Set runtime path of "/home/max/temp_workspace/src/install/interfaces/lib/libinterfaces__rosidl_generator_c.so" to ""
[9.461s] -- Up-to-date: /home/max/temp_workspace/src/install/interfaces/include/interfaces
[9.462s] -- Up-to-date: /home/max/temp_workspace/src/install/interfaces/include/interfaces/srv
[9.462s] -- Up-to-date: /home/max/temp_workspace/src/install/interfaces/include/interfaces/srv/detail
[9.462s] -- Installing: /home/max/temp_workspace/src/install/interfaces/include/interfaces/srv/detail/get_distance__rosidl_typesupport_fastrtps_c.h
[9.462s] -- Up-to-date: /home/max/temp_workspace/src/install/interfaces/include/interfaces/msg
[9.462s] -- Up-to-date: /home/max/temp_workspace/src/install/interfaces/include/interfaces/msg/rosidl_typesupport_fastrtps_c__visibility_control.h
[9.463s] -- Installing: /home/max/temp_workspace/src/install/interfaces/lib/libinterfaces__rosidl_typesupport_fastrtps_c.so
[9.463s] -- Set runtime path of "/home/max/temp_workspace/src/install/interfaces/lib/libinterfaces__rosidl_typesupport_fastrtps_c.so" to ""
[9.464s] -- Up-to-date: /home/max/temp_workspace/src/install/interfaces/include/interfaces
[9.464s] -- Up-to-date: /home/max/temp_workspace/src/install/interfaces/include/interfaces/srv
[9.464s] -- Up-to-date: /home/max/temp_workspace/src/install/interfaces/include/interfaces/srv/detail
[9.464s] -- Installing: /home/max/temp_workspace/src/install/interfaces/include/interfaces/srv/detail/get_distance__rosidl_typesupport_fastrtps_cpp.hpp
[9.465s] -- Up-to-date: /home/max/temp_workspace/src/install/interfaces/include/interfaces/srv/detail/dds_fastrtps
[9.465s] -- Up-to-date: /home/max/temp_workspace/src/install/interfaces/include/interfaces/msg
[9.465s] -- Up-to-date: /home/max/temp_workspace/src/install/interfaces/include/interfaces/msg/rosidl_typesupport_fastrtps_cpp__visibility_control.h
[9.465s] -- Installing: /home/max/temp_workspace/src/install/interfaces/lib/libinterfaces__rosidl_typesupport_fastrtps_cpp.so
[9.466s] -- Set runtime path of "/home/max/temp_workspace/src/install/interfaces/lib/libinterfaces__rosidl_typesupport_fastrtps_cpp.so" to ""
[9.466s] -- Up-to-date: /home/max/temp_workspace/src/install/interfaces/include/interfaces
[9.467s] -- Up-to-date: /home/max/temp_workspace/src/install/interfaces/include/interfaces/srv
[9.467s] -- Up-to-date: /home/max/temp_workspace/src/install/interfaces/include/interfaces/srv/detail
[9.467s] -- Installing: /home/max/temp_workspace/src/install/interfaces/include/interfaces/srv/detail/get_distance__type_support.c
[9.467s] -- Installing: /home/max/temp_workspace/src/install/interfaces/include/interfaces/srv/detail/get_distance__rosidl_typesupport_introspection_c.h
[9.467s] -- Up-to-date: /home/max/temp_workspace/src/install/interfaces/include/interfaces/msg
[9.467s] -- Up-to-date: /home/max/temp_workspace/src/install/interfaces/include/interfaces/msg/rosidl_typesupport_introspection_c__visibility_control.h
[9.468s] -- Installing: /home/max/temp_workspace/src/install/interfaces/lib/libinterfaces__rosidl_typesupport_introspection_c.so
[9.469s] -- Set runtime path of "/home/max/temp_workspace/src/install/interfaces/lib/libinterfaces__rosidl_typesupport_introspection_c.so" to ""
[9.470s] -- Installing: /home/max/temp_workspace/src/install/interfaces/lib/libinterfaces__rosidl_typesupport_c.so
[9.470s] -- Set runtime path of "/home/max/temp_workspace/src/install/interfaces/lib/libinterfaces__rosidl_typesupport_c.so" to ""
[9.470s] -- Up-to-date: /home/max/temp_workspace/src/install/interfaces/include/interfaces
[9.471s] -- Up-to-date: /home/max/temp_workspace/src/install/interfaces/include/interfaces/srv
[9.471s] -- Up-to-date: /home/max/temp_workspace/src/install/interfaces/include/interfaces/srv/detail
[9.471s] -- Installing: /home/max/temp_workspace/src/install/interfaces/include/interfaces/srv/detail/get_distance__struct.hpp
[9.472s] -- Installing: /home/max/temp_workspace/src/install/interfaces/include/interfaces/srv/detail/get_distance__traits.hpp
[9.472s] -- Installing: /home/max/temp_workspace/src/install/interfaces/include/interfaces/srv/detail/get_distance__builder.hpp
[9.472s] -- Installing: /home/max/temp_workspace/src/install/interfaces/include/interfaces/srv/get_distance.hpp
[9.472s] -- Up-to-date: /home/max/temp_workspace/src/install/interfaces/include/interfaces
[9.473s] -- Up-to-date: /home/max/temp_workspace/src/install/interfaces/include/interfaces/srv
[9.473s] -- Up-to-date: /home/max/temp_workspace/src/install/interfaces/include/interfaces/srv/detail
[9.473s] -- Installing: /home/max/temp_workspace/src/install/interfaces/include/interfaces/srv/detail/get_distance__rosidl_typesupport_introspection_cpp.hpp
[9.473s] -- Installing: /home/max/temp_workspace/src/install/interfaces/include/interfaces/srv/detail/get_distance__type_support.cpp
[9.473s] -- Installing: /home/max/temp_workspace/src/install/interfaces/lib/libinterfaces__rosidl_typesupport_introspection_cpp.so
[9.474s] -- Set runtime path of "/home/max/temp_workspace/src/install/interfaces/lib/libinterfaces__rosidl_typesupport_introspection_cpp.so" to ""
[9.474s] -- Installing: /home/max/temp_workspace/src/install/interfaces/lib/libinterfaces__rosidl_typesupport_cpp.so
[9.475s] -- Set runtime path of "/home/max/temp_workspace/src/install/interfaces/lib/libinterfaces__rosidl_typesupport_cpp.so" to ""
[9.476s] -- Up-to-date: /home/max/temp_workspace/src/install/interfaces/share/interfaces/environment/pythonpath.sh
[9.476s] -- Installing: /home/max/temp_workspace/src/install/interfaces/share/interfaces/environment/pythonpath.dsv
[9.476s] -- Installing: /home/max/temp_workspace/src/install/interfaces/lib/python3.8/site-packages/interfaces/__init__.py
[9.518s] Compiling '/home/max/temp_workspace/src/install/interfaces/lib/python3.8/site-packages/interfaces/__init__.py'...
[9.524s] -- Up-to-date: /home/max/temp_workspace/src/install/interfaces/lib/python3.8/site-packages/interfaces/srv
[9.525s] -- Installing: /home/max/temp_workspace/src/install/interfaces/lib/python3.8/site-packages/interfaces/srv/_get_distance_s.c
[9.525s] -- Installing: /home/max/temp_workspace/src/install/interfaces/lib/python3.8/site-packages/interfaces/srv/_get_distance.py
[9.525s] -- Installing: /home/max/temp_workspace/src/install/interfaces/lib/python3.8/site-packages/interfaces/srv/__init__.py
[9.526s] -- Installing: /home/max/temp_workspace/src/install/interfaces/lib/python3.8/site-packages/interfaces/interfaces_s__rosidl_typesupport_fastrtps_c.cpython-38-x86_64-linux-gnu.so
[9.527s] -- Set runtime path of "/home/max/temp_workspace/src/install/interfaces/lib/python3.8/site-packages/interfaces/interfaces_s__rosidl_typesupport_fastrtps_c.cpython-38-x86_64-linux-gnu.so" to ""
[9.529s] -- Installing: /home/max/temp_workspace/src/install/interfaces/lib/python3.8/site-packages/interfaces/interfaces_s__rosidl_typesupport_introspection_c.cpython-38-x86_64-linux-gnu.so
[9.530s] -- Set runtime path of "/home/max/temp_workspace/src/install/interfaces/lib/python3.8/site-packages/interfaces/interfaces_s__rosidl_typesupport_introspection_c.cpython-38-x86_64-linux-gnu.so" to ""
[9.530s] -- Installing: /home/max/temp_workspace/src/install/interfaces/lib/python3.8/site-packages/interfaces/interfaces_s__rosidl_typesupport_c.cpython-38-x86_64-linux-gnu.so
[9.531s] -- Set runtime path of "/home/max/temp_workspace/src/install/interfaces/lib/python3.8/site-packages/interfaces/interfaces_s__rosidl_typesupport_c.cpython-38-x86_64-linux-gnu.so" to ""
[9.532s] -- Installing: /home/max/temp_workspace/src/install/interfaces/lib/libinterfaces__python.so
[9.533s] -- Set runtime path of "/home/max/temp_workspace/src/install/interfaces/lib/libinterfaces__python.so" to ""
[9.533s] -- Installing: /home/max/temp_workspace/src/install/interfaces/share/interfaces/srv/GetDistance.idl
[9.533s] -- Installing: /home/max/temp_workspace/src/install/interfaces/share/interfaces/srv/GetDistance.srv
[9.534s] -- Installing: /home/max/temp_workspace/src/install/interfaces/share/interfaces/srv/GetDistance_Request.msg
[9.534s] -- Up-to-date: /home/max/temp_workspace/src/install/interfaces/share/interfaces/srv/GetDistance_Response.msg
[9.534s] -- Up-to-date: /home/max/temp_workspace/src/install/interfaces/share/ament_index/resource_index/package_run_dependencies/interfaces
[9.534s] -- Installing: /home/max/temp_workspace/src/install/interfaces/share/ament_index/resource_index/parent_prefix_path/interfaces
[9.535s] -- Up-to-date: /home/max/temp_workspace/src/install/interfaces/share/interfaces/environment/ament_prefix_path.sh
[9.535s] -- Installing: /home/max/temp_workspace/src/install/interfaces/share/interfaces/environment/ament_prefix_path.dsv
[9.535s] -- Up-to-date: /home/max/temp_workspace/src/install/interfaces/share/interfaces/environment/path.sh
[9.535s] -- Installing: /home/max/temp_workspace/src/install/interfaces/share/interfaces/environment/path.dsv
[9.535s] -- Up-to-date: /home/max/temp_workspace/src/install/interfaces/share/interfaces/local_setup.bash
[9.536s] -- Up-to-date: /home/max/temp_workspace/src/install/interfaces/share/interfaces/local_setup.sh
[9.536s] -- Up-to-date: /home/max/temp_workspace/src/install/interfaces/share/interfaces/local_setup.zsh
[9.536s] -- Installing: /home/max/temp_workspace/src/install/interfaces/share/interfaces/local_setup.dsv
[9.536s] -- Installing: /home/max/temp_workspace/src/install/interfaces/share/interfaces/package.dsv
[9.536s] -- Up-to-date: /home/max/temp_workspace/src/install/interfaces/share/ament_index/resource_index/packages/interfaces
[9.537s] -- Up-to-date: /home/max/temp_workspace/src/install/interfaces/share/interfaces/cmake/interfaces__rosidl_generator_cExport.cmake
[9.537s] -- Installing: /home/max/temp_workspace/src/install/interfaces/share/interfaces/cmake/interfaces__rosidl_generator_cExport-noconfig.cmake
[9.538s] -- Up-to-date: /home/max/temp_workspace/src/install/interfaces/share/interfaces/cmake/interfaces__rosidl_typesupport_introspection_cExport.cmake
[9.538s] -- Installing: /home/max/temp_workspace/src/install/interfaces/share/interfaces/cmake/interfaces__rosidl_typesupport_introspection_cExport-noconfig.cmake
[9.539s] -- Up-to-date: /home/max/temp_workspace/src/install/interfaces/share/interfaces/cmake/interfaces__rosidl_typesupport_cExport.cmake
[9.539s] -- Installing: /home/max/temp_workspace/src/install/interfaces/share/interfaces/cmake/interfaces__rosidl_typesupport_cExport-noconfig.cmake
[9.540s] -- Up-to-date: /home/max/temp_workspace/src/install/interfaces/share/interfaces/cmake/interfaces__rosidl_generator_cppExport.cmake
[9.540s] -- Up-to-date: /home/max/temp_workspace/src/install/interfaces/share/interfaces/cmake/interfaces__rosidl_typesupport_introspection_cppExport.cmake
[9.540s] -- Installing: /home/max/temp_workspace/src/install/interfaces/share/interfaces/cmake/interfaces__rosidl_typesupport_introspection_cppExport-noconfig.cmake
[9.541s] -- Up-to-date: /home/max/temp_workspace/src/install/interfaces/share/interfaces/cmake/interfaces__rosidl_typesupport_cppExport.cmake
[9.541s] -- Installing: /home/max/temp_workspace/src/install/interfaces/share/interfaces/cmake/interfaces__rosidl_typesupport_cppExport-noconfig.cmake
[9.541s] -- Up-to-date: /home/max/temp_workspace/src/install/interfaces/share/interfaces/cmake/rosidl_cmake-extras.cmake
[9.542s] -- Up-to-date: /home/max/temp_workspace/src/install/interfaces/share/interfaces/cmake/ament_cmake_export_dependencies-extras.cmake
[9.543s] -- Up-to-date: /home/max/temp_workspace/src/install/interfaces/share/interfaces/cmake/ament_cmake_export_libraries-extras.cmake
[9.543s] -- Up-to-date: /home/max/temp_workspace/src/install/interfaces/share/interfaces/cmake/ament_cmake_export_targets-extras.cmake
[9.543s] -- Up-to-date: /home/max/temp_workspace/src/install/interfaces/share/interfaces/cmake/ament_cmake_export_include_directories-extras.cmake
[9.544s] -- Up-to-date: /home/max/temp_workspace/src/install/interfaces/share/interfaces/cmake/rosidl_cmake_export_typesupport_libraries-extras.cmake
[9.544s] -- Up-to-date: /home/max/temp_workspace/src/install/interfaces/share/interfaces/cmake/rosidl_cmake_export_typesupport_targets-extras.cmake
[9.544s] -- Up-to-date: /home/max/temp_workspace/src/install/interfaces/share/interfaces/cmake/interfacesConfig.cmake
[9.544s] -- Up-to-date: /home/max/temp_workspace/src/install/interfaces/share/interfaces/cmake/interfacesConfig-version.cmake
[9.544s] -- Up-to-date: /home/max/temp_workspace/src/install/interfaces/share/interfaces/package.xml
[9.554s] Invoked command in '/home/max/temp_workspace/src/build/interfaces' returned '0': CMAKE_PREFIX_PATH=/opt/ros/foxy /usr/bin/cmake --install /home/max/temp_workspace/src/build/interfaces
