[4.134s] Invoking command in '/home/max/temp_workspace/src/action_service_client': CMAKE_PREFIX_PATH=/home/max/temp_workspace/install/action_tutorials_interfaces:/home/max/temp_workspace/install/test_interfaces1 LD_LIBRARY_PATH=/home/max/temp_workspace/install/action_tutorials_interfaces/lib:/home/max/temp_workspace/install/test_interfaces1/lib:/opt/ros/foxy/opt/yaml_cpp_vendor/lib:/opt/ros/foxy/opt/rviz_ogre_vendor/lib:/opt/ros/foxy/lib/x86_64-linux-gnu:/opt/ros/foxy/lib PYTHONPATH=/home/max/temp_workspace/install/action_service_client/lib/python3.8/site-packages:/home/max/temp_workspace/install/action_tutorials_interfaces/lib/python3.8/site-packages:/home/max/temp_workspace/install/service/lib/python3.8/site-packages:/home/max/temp_workspace/install/test_interfaces1/lib/python3.8/site-packages:/home/max/temp_workspace/install/talker/lib/python3.8/site-packages:/home/max/temp_workspace/install/listener/lib/python3.8/site-packages:/home/max/temp_workspace/install/action_service_client/lib/python3.8/site-packages:/opt/ros/foxy/lib/python3.8/site-packages /usr/bin/python3 setup.py egg_info --egg-base ../../build/action_service_client build --build-base /home/max/temp_workspace/build/action_service_client/build install --prefix /home/max/temp_workspace/install/action_service_client --record /home/max/temp_workspace/build/action_service_client/install.log --single-version-externally-managed
[4.743s] /home/max/.local/lib/python3.8/site-packages/setuptools/dist.py:771: UserWarning: Usage of dash-separated 'script-dir' will not be supported in future versions. Please use the underscore name 'script_dir' instead
[4.743s]   warnings.warn(
[4.744s] /home/max/.local/lib/python3.8/site-packages/setuptools/dist.py:771: UserWarning: Usage of dash-separated 'install-scripts' will not be supported in future versions. Please use the underscore name 'install_scripts' instead
[4.744s]   warnings.warn(
[4.923s] running egg_info
[4.976s] writing ../../build/action_service_client/action_service_client.egg-info/PKG-INFO
[4.976s] writing dependency_links to ../../build/action_service_client/action_service_client.egg-info/dependency_links.txt
[4.977s] writing entry points to ../../build/action_service_client/action_service_client.egg-info/entry_points.txt
[4.978s] writing requirements to ../../build/action_service_client/action_service_client.egg-info/requires.txt
[4.978s] writing top-level names to ../../build/action_service_client/action_service_client.egg-info/top_level.txt
[5.042s] reading manifest file '../../build/action_service_client/action_service_client.egg-info/SOURCES.txt'
[5.044s] writing manifest file '../../build/action_service_client/action_service_client.egg-info/SOURCES.txt'
[5.045s] running build
[5.045s] running build_py
[5.046s] copying action_service_client/action_client.py -> /home/max/temp_workspace/build/action_service_client/build/lib/action_service_client
[5.047s] running install
[5.048s] /home/max/.local/lib/python3.8/site-packages/setuptools/command/install.py:34: SetuptoolsDeprecationWarning: setup.py install is deprecated. Use build and pip and other standards-based tools.
[5.048s]   warnings.warn(
[5.062s] running install_lib
[5.088s] copying /home/max/temp_workspace/build/action_service_client/build/lib/action_service_client/action_client.py -> /home/max/temp_workspace/install/action_service_client/lib/python3.8/site-packages/action_service_client
[5.089s] byte-compiling /home/max/temp_workspace/install/action_service_client/lib/python3.8/site-packages/action_service_client/action_client.py to action_client.cpython-38.pyc
[5.091s] running install_data
[5.119s] running install_egg_info
[5.140s] removing '/home/max/temp_workspace/install/action_service_client/lib/python3.8/site-packages/action_service_client-0.0.0-py3.8.egg-info' (and everything under it)
[5.140s] Copying ../../build/action_service_client/action_service_client.egg-info to /home/max/temp_workspace/install/action_service_client/lib/python3.8/site-packages/action_service_client-0.0.0-py3.8.egg-info
[5.142s] running install_scripts
[5.271s] Installing squares_action_client script to /home/max/temp_workspace/install/action_service_client/lib/action_service_client
[5.271s] Installing squares_action_server script to /home/max/temp_workspace/install/action_service_client/lib/action_service_client
[5.273s] writing list of installed files to '/home/max/temp_workspace/build/action_service_client/install.log'
[5.386s] Invoked command in '/home/max/temp_workspace/src/action_service_client' returned '0': CMAKE_PREFIX_PATH=/home/max/temp_workspace/install/action_tutorials_interfaces:/home/max/temp_workspace/install/test_interfaces1 LD_LIBRARY_PATH=/home/max/temp_workspace/install/action_tutorials_interfaces/lib:/home/max/temp_workspace/install/test_interfaces1/lib:/opt/ros/foxy/opt/yaml_cpp_vendor/lib:/opt/ros/foxy/opt/rviz_ogre_vendor/lib:/opt/ros/foxy/lib/x86_64-linux-gnu:/opt/ros/foxy/lib PYTHONPATH=/home/max/temp_workspace/install/action_service_client/lib/python3.8/site-packages:/home/max/temp_workspace/install/action_tutorials_interfaces/lib/python3.8/site-packages:/home/max/temp_workspace/install/service/lib/python3.8/site-packages:/home/max/temp_workspace/install/test_interfaces1/lib/python3.8/site-packages:/home/max/temp_workspace/install/talker/lib/python3.8/site-packages:/home/max/temp_workspace/install/listener/lib/python3.8/site-packages:/home/max/temp_workspace/install/action_service_client/lib/python3.8/site-packages:/opt/ros/foxy/lib/python3.8/site-packages /usr/bin/python3 setup.py egg_info --egg-base ../../build/action_service_client build --build-base /home/max/temp_workspace/build/action_service_client/build install --prefix /home/max/temp_workspace/install/action_service_client --record /home/max/temp_workspace/build/action_service_client/install.log --single-version-externally-managed
