[0.071s] Invoking command in '/home/max/temp_workspace/build/interfaces': CMAKE_PREFIX_PATH=/opt/ros/foxy /usr/bin/cmake /home/max/temp_workspace/src/interfaces -DCMAKE_INSTALL_PREFIX=/home/max/temp_workspace/install/interfaces
[1.380s] -- The C compiler identification is GNU 9.4.0
[1.380s] -- The CXX compiler identification is GNU 9.4.0
[1.381s] -- Check for working C compiler: /usr/bin/cc
[1.381s] -- Check for working C compiler: /usr/bin/cc -- works
[1.382s] -- Detecting C compiler ABI info
[1.382s] -- Detecting C compiler ABI info - done
[1.383s] -- Detecting C compile features
[1.383s] -- Detecting C compile features - done
[1.384s] -- Check for working CXX compiler: /usr/bin/c++
[1.386s] -- Check for working CXX compiler: /usr/bin/c++ -- works
[1.386s] -- Detecting CXX compiler ABI info
[1.386s] -- Detecting CXX compiler ABI info - done
[1.387s] -- Detecting CXX compile features
[1.389s] -- Detecting CXX compile features - done
[1.389s] -- Found ament_cmake: 0.9.9 (/opt/ros/foxy/share/ament_cmake/cmake)
[1.391s] -- Found PythonInterp: /usr/bin/python3 (found suitable version "3.8.10", minimum required is "3") 
[1.394s] -- Using PYTHON_EXECUTABLE: /usr/bin/python3
[1.394s] -- Configuring incomplete, errors occurred!
[1.394s] See also "/home/max/temp_workspace/build/interfaces/CMakeFiles/CMakeOutput.log".
[1.395s] CMake Error at CMakeLists.txt:27 (rosidl_generate_interfaces):
[1.397s]   Unknown CMake command "rosidl_generate_interfaces".
[1.398s] 
[1.401s] 
[1.402s] Invoked command in '/home/max/temp_workspace/build/interfaces' returned '1': CMAKE_PREFIX_PATH=/opt/ros/foxy /usr/bin/cmake /home/max/temp_workspace/src/interfaces -DCMAKE_INSTALL_PREFIX=/home/max/temp_workspace/install/interfaces
