[0.081s] Invoking command in '/home/max/temp_workspace/build/interfaces': CMAKE_PREFIX_PATH=/opt/ros/foxy /usr/bin/cmake --build /home/max/temp_workspace/build/interfaces -- -j4 -l4
[1.313s] [  3%] Built target interfaces__cpp
[1.314s] [ 12%] Built target interfaces__rosidl_generator_c
[1.315s] [ 22%] Built target interfaces__rosidl_typesupport_cpp
[1.315s] [ 32%] Built target interfaces__rosidl_typesupport_introspection_cpp
[1.316s] [ 41%] Built target interfaces__rosidl_typesupport_fastrtps_cpp
[1.317s] [ 51%] Built target interfaces__rosidl_typesupport_c
[1.319s] [ 61%] Built target interfaces__rosidl_typesupport_introspection_c
[1.320s] [ 70%] Built target interfaces__rosidl_typesupport_fastrtps_c
[1.322s] [ 70%] Built target interfaces
[1.322s] [ 74%] Built target interfaces__py
[1.323s] [ 80%] Built target interfaces__python
[1.323s] [100%] Built target interfaces__rosidl_typesupport_fastrtps_c__pyext
[1.323s] [100%] Built target interfaces__rosidl_typesupport_introspection_c__pyext
[1.324s] [100%] Built target interfaces__rosidl_typesupport_c__pyext
[1.326s] Invoked command in '/home/max/temp_workspace/build/interfaces' returned '0': CMAKE_PREFIX_PATH=/opt/ros/foxy /usr/bin/cmake --build /home/max/temp_workspace/build/interfaces -- -j4 -l4
[1.427s] Invoking command in '/home/max/temp_workspace/build/interfaces': CMAKE_PREFIX_PATH=/opt/ros/foxy /usr/bin/cmake --install /home/max/temp_workspace/build/interfaces
[1.448s] -- Install configuration: ""
[1.448s] -- Up-to-date: /home/max/temp_workspace/install/interfaces/share/ament_index/resource_index/rosidl_interfaces/interfaces
[1.449s] -- Up-to-date: /home/max/temp_workspace/install/interfaces/include/interfaces
[1.450s] -- Up-to-date: /home/max/temp_workspace/install/interfaces/include/interfaces/srv
[1.450s] -- Up-to-date: /home/max/temp_workspace/install/interfaces/include/interfaces/srv/detail
[1.451s] -- Up-to-date: /home/max/temp_workspace/install/interfaces/include/interfaces/srv/detail/get_distance__functions.c
[1.451s] -- Up-to-date: /home/max/temp_workspace/install/interfaces/include/interfaces/srv/detail/get_distance__struct.h
[1.451s] -- Up-to-date: /home/max/temp_workspace/install/interfaces/include/interfaces/srv/detail/get_distance__functions.h
[1.451s] -- Up-to-date: /home/max/temp_workspace/install/interfaces/include/interfaces/srv/detail/get_distance__type_support.h
[1.451s] -- Up-to-date: /home/max/temp_workspace/install/interfaces/include/interfaces/srv/get_distance.h
[1.452s] -- Up-to-date: /home/max/temp_workspace/install/interfaces/include/interfaces/msg
[1.452s] -- Up-to-date: /home/max/temp_workspace/install/interfaces/include/interfaces/msg/rosidl_generator_c__visibility_control.h
[1.453s] -- Up-to-date: /home/max/temp_workspace/install/interfaces/share/interfaces/environment/library_path.sh
[1.453s] -- Up-to-date: /home/max/temp_workspace/install/interfaces/share/interfaces/environment/library_path.dsv
[1.455s] -- Up-to-date: /home/max/temp_workspace/install/interfaces/lib/libinterfaces__rosidl_generator_c.so
[1.455s] -- Up-to-date: /home/max/temp_workspace/install/interfaces/include/interfaces
[1.456s] -- Up-to-date: /home/max/temp_workspace/install/interfaces/include/interfaces/srv
[1.456s] -- Up-to-date: /home/max/temp_workspace/install/interfaces/include/interfaces/srv/detail
[1.456s] -- Up-to-date: /home/max/temp_workspace/install/interfaces/include/interfaces/srv/detail/get_distance__rosidl_typesupport_fastrtps_c.h
[1.456s] -- Up-to-date: /home/max/temp_workspace/install/interfaces/include/interfaces/msg
[1.457s] -- Up-to-date: /home/max/temp_workspace/install/interfaces/include/interfaces/msg/rosidl_typesupport_fastrtps_c__visibility_control.h
[1.458s] -- Up-to-date: /home/max/temp_workspace/install/interfaces/lib/libinterfaces__rosidl_typesupport_fastrtps_c.so
[1.458s] -- Up-to-date: /home/max/temp_workspace/install/interfaces/include/interfaces
[1.459s] -- Up-to-date: /home/max/temp_workspace/install/interfaces/include/interfaces/srv
[1.459s] -- Up-to-date: /home/max/temp_workspace/install/interfaces/include/interfaces/srv/detail
[1.459s] -- Up-to-date: /home/max/temp_workspace/install/interfaces/include/interfaces/srv/detail/get_distance__rosidl_typesupport_fastrtps_cpp.hpp
[1.460s] -- Up-to-date: /home/max/temp_workspace/install/interfaces/include/interfaces/srv/detail/dds_fastrtps
[1.460s] -- Up-to-date: /home/max/temp_workspace/install/interfaces/include/interfaces/msg
[1.460s] -- Up-to-date: /home/max/temp_workspace/install/interfaces/include/interfaces/msg/rosidl_typesupport_fastrtps_cpp__visibility_control.h
[1.461s] -- Up-to-date: /home/max/temp_workspace/install/interfaces/lib/libinterfaces__rosidl_typesupport_fastrtps_cpp.so
[1.462s] -- Up-to-date: /home/max/temp_workspace/install/interfaces/include/interfaces
[1.462s] -- Up-to-date: /home/max/temp_workspace/install/interfaces/include/interfaces/srv
[1.463s] -- Up-to-date: /home/max/temp_workspace/install/interfaces/include/interfaces/srv/detail
[1.463s] -- Up-to-date: /home/max/temp_workspace/install/interfaces/include/interfaces/srv/detail/get_distance__type_support.c
[1.463s] -- Up-to-date: /home/max/temp_workspace/install/interfaces/include/interfaces/srv/detail/get_distance__rosidl_typesupport_introspection_c.h
[1.464s] -- Up-to-date: /home/max/temp_workspace/install/interfaces/include/interfaces/msg
[1.464s] -- Up-to-date: /home/max/temp_workspace/install/interfaces/include/interfaces/msg/rosidl_typesupport_introspection_c__visibility_control.h
[1.465s] -- Up-to-date: /home/max/temp_workspace/install/interfaces/lib/libinterfaces__rosidl_typesupport_introspection_c.so
[1.466s] -- Up-to-date: /home/max/temp_workspace/install/interfaces/lib/libinterfaces__rosidl_typesupport_c.so
[1.467s] -- Up-to-date: /home/max/temp_workspace/install/interfaces/include/interfaces
[1.467s] -- Up-to-date: /home/max/temp_workspace/install/interfaces/include/interfaces/srv
[1.468s] -- Up-to-date: /home/max/temp_workspace/install/interfaces/include/interfaces/srv/detail
[1.468s] -- Up-to-date: /home/max/temp_workspace/install/interfaces/include/interfaces/srv/detail/get_distance__struct.hpp
[1.468s] -- Up-to-date: /home/max/temp_workspace/install/interfaces/include/interfaces/srv/detail/get_distance__traits.hpp
[1.468s] -- Up-to-date: /home/max/temp_workspace/install/interfaces/include/interfaces/srv/detail/get_distance__builder.hpp
[1.469s] -- Up-to-date: /home/max/temp_workspace/install/interfaces/include/interfaces/srv/get_distance.hpp
[1.469s] -- Up-to-date: /home/max/temp_workspace/install/interfaces/include/interfaces
[1.469s] -- Up-to-date: /home/max/temp_workspace/install/interfaces/include/interfaces/srv
[1.470s] -- Up-to-date: /home/max/temp_workspace/install/interfaces/include/interfaces/srv/detail
[1.470s] -- Up-to-date: /home/max/temp_workspace/install/interfaces/include/interfaces/srv/detail/get_distance__rosidl_typesupport_introspection_cpp.hpp
[1.470s] -- Up-to-date: /home/max/temp_workspace/install/interfaces/include/interfaces/srv/detail/get_distance__type_support.cpp
[1.471s] -- Up-to-date: /home/max/temp_workspace/install/interfaces/lib/libinterfaces__rosidl_typesupport_introspection_cpp.so
[1.472s] -- Up-to-date: /home/max/temp_workspace/install/interfaces/lib/libinterfaces__rosidl_typesupport_cpp.so
[1.473s] -- Up-to-date: /home/max/temp_workspace/install/interfaces/share/interfaces/environment/pythonpath.sh
[1.473s] -- Up-to-date: /home/max/temp_workspace/install/interfaces/share/interfaces/environment/pythonpath.dsv
[1.474s] -- Up-to-date: /home/max/temp_workspace/install/interfaces/lib/python3.8/site-packages/interfaces/__init__.py
[1.532s] -- Up-to-date: /home/max/temp_workspace/install/interfaces/lib/python3.8/site-packages/interfaces/srv
[1.532s] -- Up-to-date: /home/max/temp_workspace/install/interfaces/lib/python3.8/site-packages/interfaces/srv/_get_distance_s.c
[1.532s] -- Up-to-date: /home/max/temp_workspace/install/interfaces/lib/python3.8/site-packages/interfaces/srv/_get_distance.py
[1.532s] -- Up-to-date: /home/max/temp_workspace/install/interfaces/lib/python3.8/site-packages/interfaces/srv/__init__.py
[1.533s] -- Up-to-date: /home/max/temp_workspace/install/interfaces/lib/python3.8/site-packages/interfaces/interfaces_s__rosidl_typesupport_fastrtps_c.cpython-38-x86_64-linux-gnu.so
[1.534s] -- Up-to-date: /home/max/temp_workspace/install/interfaces/lib/python3.8/site-packages/interfaces/interfaces_s__rosidl_typesupport_introspection_c.cpython-38-x86_64-linux-gnu.so
[1.535s] -- Up-to-date: /home/max/temp_workspace/install/interfaces/lib/python3.8/site-packages/interfaces/interfaces_s__rosidl_typesupport_c.cpython-38-x86_64-linux-gnu.so
[1.539s] -- Up-to-date: /home/max/temp_workspace/install/interfaces/lib/libinterfaces__python.so
[1.539s] -- Up-to-date: /home/max/temp_workspace/install/interfaces/share/interfaces/srv/GetDistance.idl
[1.539s] -- Up-to-date: /home/max/temp_workspace/install/interfaces/share/interfaces/srv/GetDistance.srv
[1.540s] -- Up-to-date: /home/max/temp_workspace/install/interfaces/share/interfaces/srv/GetDistance_Request.msg
[1.542s] -- Up-to-date: /home/max/temp_workspace/install/interfaces/share/interfaces/srv/GetDistance_Response.msg
[1.542s] -- Up-to-date: /home/max/temp_workspace/install/interfaces/share/ament_index/resource_index/package_run_dependencies/interfaces
[1.542s] -- Up-to-date: /home/max/temp_workspace/install/interfaces/share/ament_index/resource_index/parent_prefix_path/interfaces
[1.542s] -- Up-to-date: /home/max/temp_workspace/install/interfaces/share/interfaces/environment/ament_prefix_path.sh
[1.542s] -- Up-to-date: /home/max/temp_workspace/install/interfaces/share/interfaces/environment/ament_prefix_path.dsv
[1.542s] -- Up-to-date: /home/max/temp_workspace/install/interfaces/share/interfaces/environment/path.sh
[1.543s] -- Up-to-date: /home/max/temp_workspace/install/interfaces/share/interfaces/environment/path.dsv
[1.543s] -- Up-to-date: /home/max/temp_workspace/install/interfaces/share/interfaces/local_setup.bash
[1.543s] -- Up-to-date: /home/max/temp_workspace/install/interfaces/share/interfaces/local_setup.sh
[1.543s] -- Up-to-date: /home/max/temp_workspace/install/interfaces/share/interfaces/local_setup.zsh
[1.543s] -- Up-to-date: /home/max/temp_workspace/install/interfaces/share/interfaces/local_setup.dsv
[1.543s] -- Installing: /home/max/temp_workspace/install/interfaces/share/interfaces/package.dsv
[1.544s] -- Up-to-date: /home/max/temp_workspace/install/interfaces/share/ament_index/resource_index/packages/interfaces
[1.544s] -- Up-to-date: /home/max/temp_workspace/install/interfaces/share/interfaces/cmake/interfaces__rosidl_generator_cExport.cmake
[1.545s] -- Up-to-date: /home/max/temp_workspace/install/interfaces/share/interfaces/cmake/interfaces__rosidl_generator_cExport-noconfig.cmake
[1.546s] -- Up-to-date: /home/max/temp_workspace/install/interfaces/share/interfaces/cmake/interfaces__rosidl_typesupport_introspection_cExport.cmake
[1.546s] -- Up-to-date: /home/max/temp_workspace/install/interfaces/share/interfaces/cmake/interfaces__rosidl_typesupport_introspection_cExport-noconfig.cmake
[1.547s] -- Up-to-date: /home/max/temp_workspace/install/interfaces/share/interfaces/cmake/interfaces__rosidl_typesupport_cExport.cmake
[1.547s] -- Up-to-date: /home/max/temp_workspace/install/interfaces/share/interfaces/cmake/interfaces__rosidl_typesupport_cExport-noconfig.cmake
[1.547s] -- Up-to-date: /home/max/temp_workspace/install/interfaces/share/interfaces/cmake/interfaces__rosidl_generator_cppExport.cmake
[1.548s] -- Up-to-date: /home/max/temp_workspace/install/interfaces/share/interfaces/cmake/interfaces__rosidl_typesupport_introspection_cppExport.cmake
[1.548s] -- Up-to-date: /home/max/temp_workspace/install/interfaces/share/interfaces/cmake/interfaces__rosidl_typesupport_introspection_cppExport-noconfig.cmake
[1.549s] -- Up-to-date: /home/max/temp_workspace/install/interfaces/share/interfaces/cmake/interfaces__rosidl_typesupport_cppExport.cmake
[1.549s] -- Up-to-date: /home/max/temp_workspace/install/interfaces/share/interfaces/cmake/interfaces__rosidl_typesupport_cppExport-noconfig.cmake
[1.550s] -- Up-to-date: /home/max/temp_workspace/install/interfaces/share/interfaces/cmake/rosidl_cmake-extras.cmake
[1.550s] -- Up-to-date: /home/max/temp_workspace/install/interfaces/share/interfaces/cmake/ament_cmake_export_dependencies-extras.cmake
[1.551s] -- Up-to-date: /home/max/temp_workspace/install/interfaces/share/interfaces/cmake/ament_cmake_export_libraries-extras.cmake
[1.551s] -- Up-to-date: /home/max/temp_workspace/install/interfaces/share/interfaces/cmake/ament_cmake_export_targets-extras.cmake
[1.551s] -- Up-to-date: /home/max/temp_workspace/install/interfaces/share/interfaces/cmake/ament_cmake_export_include_directories-extras.cmake
[1.552s] -- Up-to-date: /home/max/temp_workspace/install/interfaces/share/interfaces/cmake/rosidl_cmake_export_typesupport_libraries-extras.cmake
[1.552s] -- Up-to-date: /home/max/temp_workspace/install/interfaces/share/interfaces/cmake/rosidl_cmake_export_typesupport_targets-extras.cmake
[1.552s] -- Up-to-date: /home/max/temp_workspace/install/interfaces/share/interfaces/cmake/interfacesConfig.cmake
[1.553s] -- Up-to-date: /home/max/temp_workspace/install/interfaces/share/interfaces/cmake/interfacesConfig-version.cmake
[1.553s] -- Up-to-date: /home/max/temp_workspace/install/interfaces/share/interfaces/package.xml
[1.562s] Invoked command in '/home/max/temp_workspace/build/interfaces' returned '0': CMAKE_PREFIX_PATH=/opt/ros/foxy /usr/bin/cmake --install /home/max/temp_workspace/build/interfaces
