[1.947s] Invoking command in '/home/max/temp_workspace/src/action_service_client': AMENT_PREFIX_PATH=/home/max/temp_workspace/install/action_tutorials_interfaces:${AMENT_PREFIX_PATH} CMAKE_PREFIX_PATH=/home/max/temp_workspace/install/action_tutorials_interfaces LD_LIBRARY_PATH=/home/max/temp_workspace/install/action_tutorials_interfaces/lib:${LD_LIBRARY_PATH} PYTHONPATH=/home/max/temp_workspace/install/action_service_client/lib/python3.8/site-packages:/home/max/temp_workspace/install/action_tutorials_interfaces/lib/python3.8/site-packages:${PYTHONPATH} /usr/bin/python3 setup.py egg_info --egg-base ../../build/action_service_client build --build-base /home/max/temp_workspace/build/action_service_client/build install --prefix /home/max/temp_workspace/install/action_service_client --record /home/max/temp_workspace/build/action_service_client/install.log --single-version-externally-managed
[2.428s] /home/max/.local/lib/python3.8/site-packages/setuptools/dist.py:771: UserWarning: Usage of dash-separated 'script-dir' will not be supported in future versions. Please use the underscore name 'script_dir' instead
[2.428s]   warnings.warn(
[2.429s] /home/max/.local/lib/python3.8/site-packages/setuptools/dist.py:771: UserWarning: Usage of dash-separated 'install-scripts' will not be supported in future versions. Please use the underscore name 'install_scripts' instead
[2.429s]   warnings.warn(
[2.523s] running egg_info
[2.544s] writing ../../build/action_service_client/action_service_client.egg-info/PKG-INFO
[2.544s] writing dependency_links to ../../build/action_service_client/action_service_client.egg-info/dependency_links.txt
[2.545s] writing entry points to ../../build/action_service_client/action_service_client.egg-info/entry_points.txt
[2.545s] writing requirements to ../../build/action_service_client/action_service_client.egg-info/requires.txt
[2.545s] writing top-level names to ../../build/action_service_client/action_service_client.egg-info/top_level.txt
[2.576s] reading manifest file '../../build/action_service_client/action_service_client.egg-info/SOURCES.txt'
[2.577s] writing manifest file '../../build/action_service_client/action_service_client.egg-info/SOURCES.txt'
[2.577s] running build
[2.577s] running build_py
[2.578s] running install
[2.578s] /home/max/.local/lib/python3.8/site-packages/setuptools/command/install.py:34: SetuptoolsDeprecationWarning: setup.py install is deprecated. Use build and pip and other standards-based tools.
[2.578s]   warnings.warn(
[2.589s] running install_lib
[2.605s] running install_data
[2.626s] running install_egg_info
[2.648s] removing '/home/max/temp_workspace/install/action_service_client/lib/python3.8/site-packages/action_service_client-0.0.0-py3.8.egg-info' (and everything under it)
[2.648s] Copying ../../build/action_service_client/action_service_client.egg-info to /home/max/temp_workspace/install/action_service_client/lib/python3.8/site-packages/action_service_client-0.0.0-py3.8.egg-info
[2.650s] running install_scripts
[2.761s] Installing squares_action_client script to /home/max/temp_workspace/install/action_service_client/lib/action_service_client
[2.761s] Installing squares_action_server script to /home/max/temp_workspace/install/action_service_client/lib/action_service_client
[2.762s] writing list of installed files to '/home/max/temp_workspace/build/action_service_client/install.log'
[2.852s] Invoked command in '/home/max/temp_workspace/src/action_service_client' returned '0': AMENT_PREFIX_PATH=/home/max/temp_workspace/install/action_tutorials_interfaces:${AMENT_PREFIX_PATH} CMAKE_PREFIX_PATH=/home/max/temp_workspace/install/action_tutorials_interfaces LD_LIBRARY_PATH=/home/max/temp_workspace/install/action_tutorials_interfaces/lib:${LD_LIBRARY_PATH} PYTHONPATH=/home/max/temp_workspace/install/action_service_client/lib/python3.8/site-packages:/home/max/temp_workspace/install/action_tutorials_interfaces/lib/python3.8/site-packages:${PYTHONPATH} /usr/bin/python3 setup.py egg_info --egg-base ../../build/action_service_client build --build-base /home/max/temp_workspace/build/action_service_client/build install --prefix /home/max/temp_workspace/install/action_service_client --record /home/max/temp_workspace/build/action_service_client/install.log --single-version-externally-managed
