[3.079s] Invoking command in '/home/max/temp_workspace/src/talker': PYTHONPATH=/home/max/temp_workspace/install/talker/lib/python3.8/site-packages:${PYTHONPATH} /usr/bin/python3 setup.py egg_info --egg-base ../../build/talker build --build-base /home/max/temp_workspace/build/talker/build install --prefix /home/max/temp_workspace/install/talker --record /home/max/temp_workspace/build/talker/install.log --single-version-externally-managed
[3.826s] /home/max/.local/lib/python3.8/site-packages/setuptools/dist.py:771: UserWarning: Usage of dash-separated 'script-dir' will not be supported in future versions. Please use the underscore name 'script_dir' instead
[3.826s]   warnings.warn(
[3.826s] /home/max/.local/lib/python3.8/site-packages/setuptools/dist.py:771: UserWarning: Usage of dash-separated 'install-scripts' will not be supported in future versions. Please use the underscore name 'install_scripts' instead
[3.827s]   warnings.warn(
[4.035s] running egg_info
[4.095s] writing ../../build/talker/talker.egg-info/PKG-INFO
[4.097s] writing dependency_links to ../../build/talker/talker.egg-info/dependency_links.txt
[4.099s] writing entry points to ../../build/talker/talker.egg-info/entry_points.txt
[4.100s] writing requirements to ../../build/talker/talker.egg-info/requires.txt
[4.101s] writing top-level names to ../../build/talker/talker.egg-info/top_level.txt
[4.228s] reading manifest file '../../build/talker/talker.egg-info/SOURCES.txt'
[4.232s] writing manifest file '../../build/talker/talker.egg-info/SOURCES.txt'
[4.232s] running build
[4.233s] running build_py
[4.233s] running install
[4.233s] /home/max/.local/lib/python3.8/site-packages/setuptools/command/install.py:34: SetuptoolsDeprecationWarning: setup.py install is deprecated. Use build and pip and other standards-based tools.
[4.234s]   warnings.warn(
[4.259s] running install_lib
[4.315s] running install_data
[4.348s] running install_egg_info
[4.401s] removing '/home/max/temp_workspace/install/talker/lib/python3.8/site-packages/talker-0.0.0-py3.8.egg-info' (and everything under it)
[4.425s] Copying ../../build/talker/talker.egg-info to /home/max/temp_workspace/install/talker/lib/python3.8/site-packages/talker-0.0.0-py3.8.egg-info
[4.430s] running install_scripts
[4.599s] Installing talker script to /home/max/temp_workspace/install/talker/lib/talker
[4.600s] writing list of installed files to '/home/max/temp_workspace/build/talker/install.log'
[4.811s] Invoked command in '/home/max/temp_workspace/src/talker' returned '0': PYTHONPATH=/home/max/temp_workspace/install/talker/lib/python3.8/site-packages:${PYTHONPATH} /usr/bin/python3 setup.py egg_info --egg-base ../../build/talker build --build-base /home/max/temp_workspace/build/talker/build install --prefix /home/max/temp_workspace/install/talker --record /home/max/temp_workspace/build/talker/install.log --single-version-externally-managed
