[0.100s] Invoking command in '/home/max/temp_workspace/build/interfaces': CMAKE_PREFIX_PATH=/opt/ros/foxy /usr/bin/cmake /home/max/temp_workspace/src/interfaces -DCMAKE_INSTALL_PREFIX=/home/max/temp_workspace/install/interfaces
[1.677s] -- Found ament_cmake: 0.9.9 (/opt/ros/foxy/share/ament_cmake/cmake)
[1.678s] -- Found PythonInterp: /usr/bin/python3 (found suitable version "3.8.10", minimum required is "3") 
[1.678s] -- Using PYTHON_EXECUTABLE: /usr/bin/python3
[1.679s] -- Found rosidl_default_generators: 1.0.1 (/opt/ros/foxy/share/rosidl_default_generators/cmake)
[1.681s] -- Using all available rosidl_typesupport_c: rosidl_typesupport_fastrtps_c;rosidl_typesupport_introspection_c
[1.682s] -- Found rosidl_adapter: 1.2.1 (/opt/ros/foxy/share/rosidl_adapter/cmake)
[1.685s] -- Using all available rosidl_typesupport_cpp: rosidl_typesupport_fastrtps_cpp;rosidl_typesupport_introspection_cpp
[1.686s] -- Found PythonInterp: /usr/bin/python3 (found version "3.8.10") 
[1.686s] -- Found ament_cmake_ros: 0.9.2 (/opt/ros/foxy/share/ament_cmake_ros/cmake)
[1.687s] -- Using all available rosidl_typesupport_c: rosidl_typesupport_fastrtps_c;rosidl_typesupport_introspection_c
[1.687s] -- Using all available rosidl_typesupport_cpp: rosidl_typesupport_fastrtps_cpp;rosidl_typesupport_introspection_cpp
[1.687s] -- Found PythonInterp: /usr/bin/python3 (found suitable version "3.8.10", minimum required is "3.5") 
[1.687s] -- Found python_cmake_module: 0.8.1 (/opt/ros/foxy/share/python_cmake_module/cmake)
[1.687s] -- Found PythonLibs: /usr/lib/x86_64-linux-gnu/libpython3.8.so (found suitable version "3.8.10", minimum required is "3.5") 
[1.688s] -- Using PYTHON_EXECUTABLE: /usr/bin/python3
[1.688s] -- Using PYTHON_INCLUDE_DIRS: /usr/include/python3.8
[1.688s] -- Using PYTHON_LIBRARIES: /usr/lib/x86_64-linux-gnu/libpython3.8.so
[1.688s] -- Found PythonExtra: .so  
[1.688s] -- Found ament_lint_auto: 0.9.6 (/opt/ros/foxy/share/ament_lint_auto/cmake)
[1.688s] -- Added test 'copyright' to check source files copyright and LICENSE
[1.689s] -- Added test 'lint_cmake' to check CMake code style
[1.689s] -- Added test 'xmllint' to check XML markup files
[1.689s] -- Configuring done
[1.759s] -- Generating done
[1.770s] -- Build files have been written to: /home/max/temp_workspace/build/interfaces
[1.790s] Invoked command in '/home/max/temp_workspace/build/interfaces' returned '0': CMAKE_PREFIX_PATH=/opt/ros/foxy /usr/bin/cmake /home/max/temp_workspace/src/interfaces -DCMAKE_INSTALL_PREFIX=/home/max/temp_workspace/install/interfaces
[1.792s] Invoking command in '/home/max/temp_workspace/build/interfaces': CMAKE_PREFIX_PATH=/opt/ros/foxy /usr/bin/cmake --build /home/max/temp_workspace/build/interfaces -- -j4 -l4
[1.882s] [35m[1mScanning dependencies of target interfaces__cpp[0m
[1.903s] [  3%] [34m[1mGenerating C code for ROS interfaces[0m
[1.952s] [  6%] [34m[1mGenerating C++ code for ROS interfaces[0m
[2.729s] [35m[1mScanning dependencies of target interfaces__rosidl_generator_c[0m
[2.814s] [  9%] [32mBuilding C object CMakeFiles/interfaces__rosidl_generator_c.dir/rosidl_generator_c/interfaces/srv/detail/get_distance__functions.c.o[0m
[3.003s] [  9%] Built target interfaces__cpp
[3.024s] [ 12%] [32m[1mLinking C shared library libinterfaces__rosidl_generator_c.so[0m
[3.039s] [ 16%] [34m[1mGenerating C++ type support dispatch for ROS interfaces[0m
[3.059s] [ 19%] [34m[1mGenerating C++ type support for eProsima Fast-RTPS[0m
[3.064s] [ 22%] [34m[1mGenerating C++ introspection for ROS interfaces[0m
[3.270s] [ 22%] Built target interfaces__rosidl_generator_c
[3.348s] [ 25%] [34m[1mGenerating C type support dispatch for ROS interfaces[0m
[4.275s] [35m[1mScanning dependencies of target interfaces__rosidl_typesupport_cpp[0m
[4.385s] [ 29%] [32mBuilding CXX object CMakeFiles/interfaces__rosidl_typesupport_cpp.dir/rosidl_typesupport_cpp/interfaces/srv/get_distance__type_support.cpp.o[0m
[4.461s] [35m[1mScanning dependencies of target interfaces__rosidl_typesupport_introspection_cpp[0m
[4.541s] [35m[1mScanning dependencies of target interfaces__rosidl_typesupport_fastrtps_cpp[0m
[4.574s] [35m[1mScanning dependencies of target interfaces__rosidl_typesupport_c[0m
[4.577s] [ 32%] [32mBuilding CXX object CMakeFiles/interfaces__rosidl_typesupport_introspection_cpp.dir/rosidl_typesupport_introspection_cpp/interfaces/srv/detail/get_distance__type_support.cpp.o[0m
[4.662s] [ 35%] [32mBuilding CXX object CMakeFiles/interfaces__rosidl_typesupport_fastrtps_cpp.dir/rosidl_typesupport_fastrtps_cpp/interfaces/srv/detail/dds_fastrtps/get_distance__type_support.cpp.o[0m
[4.728s] [ 38%] [32mBuilding CXX object CMakeFiles/interfaces__rosidl_typesupport_c.dir/rosidl_typesupport_c/interfaces/srv/get_distance__type_support.cpp.o[0m
[4.944s] [ 41%] [32m[1mLinking CXX shared library libinterfaces__rosidl_typesupport_c.so[0m
[5.160s] [ 41%] Built target interfaces__rosidl_typesupport_c
[5.260s] [ 45%] [34m[1mGenerating C introspection for ROS interfaces[0m
[5.573s] [ 48%] [32m[1mLinking CXX shared library libinterfaces__rosidl_typesupport_introspection_cpp.so[0m
[5.678s] [ 48%] Built target interfaces__rosidl_typesupport_introspection_cpp
[5.793s] [ 51%] [32m[1mLinking CXX shared library libinterfaces__rosidl_typesupport_cpp.so[0m
[5.887s] [ 51%] Built target interfaces__rosidl_typesupport_cpp
[6.005s] [ 54%] [32m[1mLinking CXX shared library libinterfaces__rosidl_typesupport_fastrtps_cpp.so[0m
[6.053s] [35m[1mScanning dependencies of target interfaces__rosidl_typesupport_introspection_c[0m
[6.071s] [ 58%] [32mBuilding C object CMakeFiles/interfaces__rosidl_typesupport_introspection_c.dir/rosidl_typesupport_introspection_c/interfaces/srv/detail/get_distance__type_support.c.o[0m
[6.125s] [ 61%] [32m[1mLinking C shared library libinterfaces__rosidl_typesupport_introspection_c.so[0m
[6.142s] [ 61%] Built target interfaces__rosidl_typesupport_fastrtps_cpp
[6.157s] [ 64%] [34m[1mGenerating C type support for eProsima Fast-RTPS[0m
[6.169s] [ 64%] Built target interfaces__rosidl_typesupport_introspection_c
[6.498s] [35m[1mScanning dependencies of target interfaces__rosidl_typesupport_fastrtps_c[0m
[6.523s] [ 67%] [32mBuilding CXX object CMakeFiles/interfaces__rosidl_typesupport_fastrtps_c.dir/rosidl_typesupport_fastrtps_c/interfaces/srv/detail/get_distance__type_support_c.cpp.o[0m
[6.967s] [ 70%] [32m[1mLinking CXX shared library libinterfaces__rosidl_typesupport_fastrtps_c.so[0m
[7.093s] [ 70%] Built target interfaces__rosidl_typesupport_fastrtps_c
[7.110s] [35m[1mScanning dependencies of target interfaces[0m
[7.124s] [ 70%] Built target interfaces
[7.137s] [35m[1mScanning dependencies of target interfaces__py[0m
[7.151s] [ 74%] [34m[1mGenerating Python code for ROS interfaces[0m
[7.776s] [ 74%] Built target interfaces__py
[7.790s] [35m[1mScanning dependencies of target interfaces__python[0m
[7.813s] [ 77%] [32mBuilding C object CMakeFiles/interfaces__python.dir/rosidl_generator_py/interfaces/srv/_get_distance_s.c.o[0m
[7.929s] [ 80%] [32m[1mLinking C shared library rosidl_generator_py/interfaces/libinterfaces__python.so[0m
[7.974s] [ 80%] Built target interfaces__python
[7.987s] [35m[1mScanning dependencies of target interfaces__rosidl_typesupport_introspection_c__pyext[0m
[7.990s] [35m[1mScanning dependencies of target interfaces__rosidl_typesupport_c__pyext[0m
[7.991s] [35m[1mScanning dependencies of target interfaces__rosidl_typesupport_fastrtps_c__pyext[0m
[8.019s] [ 83%] [32mBuilding C object CMakeFiles/interfaces__rosidl_typesupport_introspection_c__pyext.dir/rosidl_generator_py/interfaces/_interfaces_s.ep.rosidl_typesupport_introspection_c.c.o[0m
[8.025s] [ 87%] [32mBuilding C object CMakeFiles/interfaces__rosidl_typesupport_c__pyext.dir/rosidl_generator_py/interfaces/_interfaces_s.ep.rosidl_typesupport_c.c.o[0m
[8.033s] [ 90%] [32mBuilding C object CMakeFiles/interfaces__rosidl_typesupport_fastrtps_c__pyext.dir/rosidl_generator_py/interfaces/_interfaces_s.ep.rosidl_typesupport_fastrtps_c.c.o[0m
[8.160s] [ 93%] [32m[1mLinking C shared library rosidl_generator_py/interfaces/interfaces_s__rosidl_typesupport_c.cpython-38-x86_64-linux-gnu.so[0m
[8.181s] [ 96%] [32m[1mLinking C shared library rosidl_generator_py/interfaces/interfaces_s__rosidl_typesupport_introspection_c.cpython-38-x86_64-linux-gnu.so[0m
[8.217s] [100%] [32m[1mLinking CXX shared library rosidl_generator_py/interfaces/interfaces_s__rosidl_typesupport_fastrtps_c.cpython-38-x86_64-linux-gnu.so[0m
[8.218s] [100%] Built target interfaces__rosidl_typesupport_c__pyext
[8.240s] [100%] Built target interfaces__rosidl_typesupport_introspection_c__pyext
[8.302s] [100%] Built target interfaces__rosidl_typesupport_fastrtps_c__pyext
[8.317s] Invoked command in '/home/max/temp_workspace/build/interfaces' returned '0': CMAKE_PREFIX_PATH=/opt/ros/foxy /usr/bin/cmake --build /home/max/temp_workspace/build/interfaces -- -j4 -l4
[8.388s] Invoking command in '/home/max/temp_workspace/build/interfaces': CMAKE_PREFIX_PATH=/opt/ros/foxy /usr/bin/cmake --install /home/max/temp_workspace/build/interfaces
[8.400s] -- Install configuration: ""
[8.400s] -- Installing: /home/max/temp_workspace/install/interfaces/share/ament_index/resource_index/rosidl_interfaces/interfaces
[8.401s] -- Installing: /home/max/temp_workspace/install/interfaces/include/interfaces
[8.401s] -- Installing: /home/max/temp_workspace/install/interfaces/include/interfaces/srv
[8.401s] -- Installing: /home/max/temp_workspace/install/interfaces/include/interfaces/srv/detail
[8.401s] -- Installing: /home/max/temp_workspace/install/interfaces/include/interfaces/srv/detail/get_distance__functions.c
[8.401s] -- Installing: /home/max/temp_workspace/install/interfaces/include/interfaces/srv/detail/get_distance__struct.h
[8.402s] -- Installing: /home/max/temp_workspace/install/interfaces/include/interfaces/srv/detail/get_distance__functions.h
[8.402s] -- Installing: /home/max/temp_workspace/install/interfaces/include/interfaces/srv/detail/get_distance__type_support.h
[8.402s] -- Installing: /home/max/temp_workspace/install/interfaces/include/interfaces/srv/get_distance.h
[8.402s] -- Installing: /home/max/temp_workspace/install/interfaces/include/interfaces/msg
[8.402s] -- Installing: /home/max/temp_workspace/install/interfaces/include/interfaces/msg/rosidl_generator_c__visibility_control.h
[8.402s] -- Installing: /home/max/temp_workspace/install/interfaces/share/interfaces/environment/library_path.sh
[8.402s] -- Installing: /home/max/temp_workspace/install/interfaces/share/interfaces/environment/library_path.dsv
[8.403s] -- Installing: /home/max/temp_workspace/install/interfaces/lib/libinterfaces__rosidl_generator_c.so
[8.403s] -- Set runtime path of "/home/max/temp_workspace/install/interfaces/lib/libinterfaces__rosidl_generator_c.so" to ""
[8.404s] -- Up-to-date: /home/max/temp_workspace/install/interfaces/include/interfaces
[8.404s] -- Up-to-date: /home/max/temp_workspace/install/interfaces/include/interfaces/srv
[8.404s] -- Up-to-date: /home/max/temp_workspace/install/interfaces/include/interfaces/srv/detail
[8.404s] -- Installing: /home/max/temp_workspace/install/interfaces/include/interfaces/srv/detail/get_distance__rosidl_typesupport_fastrtps_c.h
[8.404s] -- Up-to-date: /home/max/temp_workspace/install/interfaces/include/interfaces/msg
[8.404s] -- Installing: /home/max/temp_workspace/install/interfaces/include/interfaces/msg/rosidl_typesupport_fastrtps_c__visibility_control.h
[8.404s] -- Installing: /home/max/temp_workspace/install/interfaces/lib/libinterfaces__rosidl_typesupport_fastrtps_c.so
[8.405s] -- Set runtime path of "/home/max/temp_workspace/install/interfaces/lib/libinterfaces__rosidl_typesupport_fastrtps_c.so" to ""
[8.405s] -- Up-to-date: /home/max/temp_workspace/install/interfaces/include/interfaces
[8.405s] -- Up-to-date: /home/max/temp_workspace/install/interfaces/include/interfaces/srv
[8.405s] -- Up-to-date: /home/max/temp_workspace/install/interfaces/include/interfaces/srv/detail
[8.406s] -- Installing: /home/max/temp_workspace/install/interfaces/include/interfaces/srv/detail/get_distance__rosidl_typesupport_fastrtps_cpp.hpp
[8.406s] -- Installing: /home/max/temp_workspace/install/interfaces/include/interfaces/srv/detail/dds_fastrtps
[8.406s] -- Up-to-date: /home/max/temp_workspace/install/interfaces/include/interfaces/msg
[8.406s] -- Installing: /home/max/temp_workspace/install/interfaces/include/interfaces/msg/rosidl_typesupport_fastrtps_cpp__visibility_control.h
[8.406s] -- Installing: /home/max/temp_workspace/install/interfaces/lib/libinterfaces__rosidl_typesupport_fastrtps_cpp.so
[8.406s] -- Set runtime path of "/home/max/temp_workspace/install/interfaces/lib/libinterfaces__rosidl_typesupport_fastrtps_cpp.so" to ""
[8.407s] -- Up-to-date: /home/max/temp_workspace/install/interfaces/include/interfaces
[8.407s] -- Up-to-date: /home/max/temp_workspace/install/interfaces/include/interfaces/srv
[8.407s] -- Up-to-date: /home/max/temp_workspace/install/interfaces/include/interfaces/srv/detail
[8.407s] -- Installing: /home/max/temp_workspace/install/interfaces/include/interfaces/srv/detail/get_distance__type_support.c
[8.407s] -- Installing: /home/max/temp_workspace/install/interfaces/include/interfaces/srv/detail/get_distance__rosidl_typesupport_introspection_c.h
[8.407s] -- Up-to-date: /home/max/temp_workspace/install/interfaces/include/interfaces/msg
[8.407s] -- Installing: /home/max/temp_workspace/install/interfaces/include/interfaces/msg/rosidl_typesupport_introspection_c__visibility_control.h
[8.407s] -- Installing: /home/max/temp_workspace/install/interfaces/lib/libinterfaces__rosidl_typesupport_introspection_c.so
[8.408s] -- Set runtime path of "/home/max/temp_workspace/install/interfaces/lib/libinterfaces__rosidl_typesupport_introspection_c.so" to ""
[8.408s] -- Installing: /home/max/temp_workspace/install/interfaces/lib/libinterfaces__rosidl_typesupport_c.so
[8.409s] -- Set runtime path of "/home/max/temp_workspace/install/interfaces/lib/libinterfaces__rosidl_typesupport_c.so" to ""
[8.409s] -- Up-to-date: /home/max/temp_workspace/install/interfaces/include/interfaces
[8.409s] -- Up-to-date: /home/max/temp_workspace/install/interfaces/include/interfaces/srv
[8.409s] -- Up-to-date: /home/max/temp_workspace/install/interfaces/include/interfaces/srv/detail
[8.409s] -- Installing: /home/max/temp_workspace/install/interfaces/include/interfaces/srv/detail/get_distance__struct.hpp
[8.410s] -- Installing: /home/max/temp_workspace/install/interfaces/include/interfaces/srv/detail/get_distance__traits.hpp
[8.410s] -- Installing: /home/max/temp_workspace/install/interfaces/include/interfaces/srv/detail/get_distance__builder.hpp
[8.410s] -- Installing: /home/max/temp_workspace/install/interfaces/include/interfaces/srv/get_distance.hpp
[8.410s] -- Up-to-date: /home/max/temp_workspace/install/interfaces/include/interfaces
[8.410s] -- Up-to-date: /home/max/temp_workspace/install/interfaces/include/interfaces/srv
[8.410s] -- Up-to-date: /home/max/temp_workspace/install/interfaces/include/interfaces/srv/detail
[8.411s] -- Installing: /home/max/temp_workspace/install/interfaces/include/interfaces/srv/detail/get_distance__rosidl_typesupport_introspection_cpp.hpp
[8.411s] -- Installing: /home/max/temp_workspace/install/interfaces/include/interfaces/srv/detail/get_distance__type_support.cpp
[8.411s] -- Installing: /home/max/temp_workspace/install/interfaces/lib/libinterfaces__rosidl_typesupport_introspection_cpp.so
[8.411s] -- Set runtime path of "/home/max/temp_workspace/install/interfaces/lib/libinterfaces__rosidl_typesupport_introspection_cpp.so" to ""
[8.411s] -- Installing: /home/max/temp_workspace/install/interfaces/lib/libinterfaces__rosidl_typesupport_cpp.so
[8.412s] -- Set runtime path of "/home/max/temp_workspace/install/interfaces/lib/libinterfaces__rosidl_typesupport_cpp.so" to ""
[8.412s] -- Installing: /home/max/temp_workspace/install/interfaces/share/interfaces/environment/pythonpath.sh
[8.412s] -- Installing: /home/max/temp_workspace/install/interfaces/share/interfaces/environment/pythonpath.dsv
[8.412s] -- Installing: /home/max/temp_workspace/install/interfaces/lib/python3.8/site-packages/interfaces/__init__.py
[8.447s] Compiling '/home/max/temp_workspace/install/interfaces/lib/python3.8/site-packages/interfaces/__init__.py'...
[8.452s] -- Installing: /home/max/temp_workspace/install/interfaces/lib/python3.8/site-packages/interfaces/srv
[8.452s] -- Installing: /home/max/temp_workspace/install/interfaces/lib/python3.8/site-packages/interfaces/srv/_get_distance_s.c
[8.452s] -- Installing: /home/max/temp_workspace/install/interfaces/lib/python3.8/site-packages/interfaces/srv/_get_distance.py
[8.453s] -- Installing: /home/max/temp_workspace/install/interfaces/lib/python3.8/site-packages/interfaces/srv/__init__.py
[8.453s] -- Installing: /home/max/temp_workspace/install/interfaces/lib/python3.8/site-packages/interfaces/interfaces_s__rosidl_typesupport_fastrtps_c.cpython-38-x86_64-linux-gnu.so
[8.453s] -- Set runtime path of "/home/max/temp_workspace/install/interfaces/lib/python3.8/site-packages/interfaces/interfaces_s__rosidl_typesupport_fastrtps_c.cpython-38-x86_64-linux-gnu.so" to ""
[8.454s] -- Installing: /home/max/temp_workspace/install/interfaces/lib/python3.8/site-packages/interfaces/interfaces_s__rosidl_typesupport_introspection_c.cpython-38-x86_64-linux-gnu.so
[8.454s] -- Set runtime path of "/home/max/temp_workspace/install/interfaces/lib/python3.8/site-packages/interfaces/interfaces_s__rosidl_typesupport_introspection_c.cpython-38-x86_64-linux-gnu.so" to ""
[8.455s] -- Installing: /home/max/temp_workspace/install/interfaces/lib/python3.8/site-packages/interfaces/interfaces_s__rosidl_typesupport_c.cpython-38-x86_64-linux-gnu.so
[8.456s] -- Set runtime path of "/home/max/temp_workspace/install/interfaces/lib/python3.8/site-packages/interfaces/interfaces_s__rosidl_typesupport_c.cpython-38-x86_64-linux-gnu.so" to ""
[8.456s] -- Installing: /home/max/temp_workspace/install/interfaces/lib/libinterfaces__python.so
[8.457s] -- Set runtime path of "/home/max/temp_workspace/install/interfaces/lib/libinterfaces__python.so" to ""
[8.457s] -- Installing: /home/max/temp_workspace/install/interfaces/share/interfaces/srv/GetDistance.idl
[8.457s] -- Installing: /home/max/temp_workspace/install/interfaces/share/interfaces/srv/GetDistance.srv
[8.457s] -- Installing: /home/max/temp_workspace/install/interfaces/share/interfaces/srv/GetDistance_Request.msg
[8.457s] -- Installing: /home/max/temp_workspace/install/interfaces/share/interfaces/srv/GetDistance_Response.msg
[8.458s] -- Installing: /home/max/temp_workspace/install/interfaces/share/ament_index/resource_index/package_run_dependencies/interfaces
[8.458s] -- Installing: /home/max/temp_workspace/install/interfaces/share/ament_index/resource_index/parent_prefix_path/interfaces
[8.458s] -- Installing: /home/max/temp_workspace/install/interfaces/share/interfaces/environment/ament_prefix_path.sh
[8.458s] -- Installing: /home/max/temp_workspace/install/interfaces/share/interfaces/environment/ament_prefix_path.dsv
[8.459s] -- Installing: /home/max/temp_workspace/install/interfaces/share/interfaces/environment/path.sh
[8.459s] -- Installing: /home/max/temp_workspace/install/interfaces/share/interfaces/environment/path.dsv
[8.459s] -- Installing: /home/max/temp_workspace/install/interfaces/share/interfaces/local_setup.bash
[8.459s] -- Installing: /home/max/temp_workspace/install/interfaces/share/interfaces/local_setup.sh
[8.460s] -- Installing: /home/max/temp_workspace/install/interfaces/share/interfaces/local_setup.zsh
[8.460s] -- Installing: /home/max/temp_workspace/install/interfaces/share/interfaces/local_setup.dsv
[8.460s] -- Installing: /home/max/temp_workspace/install/interfaces/share/interfaces/package.dsv
[8.460s] -- Installing: /home/max/temp_workspace/install/interfaces/share/ament_index/resource_index/packages/interfaces
[8.461s] -- Installing: /home/max/temp_workspace/install/interfaces/share/interfaces/cmake/interfaces__rosidl_generator_cExport.cmake
[8.461s] -- Installing: /home/max/temp_workspace/install/interfaces/share/interfaces/cmake/interfaces__rosidl_generator_cExport-noconfig.cmake
[8.461s] -- Installing: /home/max/temp_workspace/install/interfaces/share/interfaces/cmake/interfaces__rosidl_typesupport_introspection_cExport.cmake
[8.462s] -- Installing: /home/max/temp_workspace/install/interfaces/share/interfaces/cmake/interfaces__rosidl_typesupport_introspection_cExport-noconfig.cmake
[8.462s] -- Installing: /home/max/temp_workspace/install/interfaces/share/interfaces/cmake/interfaces__rosidl_typesupport_cExport.cmake
[8.462s] -- Installing: /home/max/temp_workspace/install/interfaces/share/interfaces/cmake/interfaces__rosidl_typesupport_cExport-noconfig.cmake
[8.462s] -- Installing: /home/max/temp_workspace/install/interfaces/share/interfaces/cmake/interfaces__rosidl_generator_cppExport.cmake
[8.463s] -- Installing: /home/max/temp_workspace/install/interfaces/share/interfaces/cmake/interfaces__rosidl_typesupport_introspection_cppExport.cmake
[8.463s] -- Installing: /home/max/temp_workspace/install/interfaces/share/interfaces/cmake/interfaces__rosidl_typesupport_introspection_cppExport-noconfig.cmake
[8.463s] -- Installing: /home/max/temp_workspace/install/interfaces/share/interfaces/cmake/interfaces__rosidl_typesupport_cppExport.cmake
[8.463s] -- Installing: /home/max/temp_workspace/install/interfaces/share/interfaces/cmake/interfaces__rosidl_typesupport_cppExport-noconfig.cmake
[8.464s] -- Installing: /home/max/temp_workspace/install/interfaces/share/interfaces/cmake/rosidl_cmake-extras.cmake
[8.464s] -- Installing: /home/max/temp_workspace/install/interfaces/share/interfaces/cmake/ament_cmake_export_dependencies-extras.cmake
[8.464s] -- Installing: /home/max/temp_workspace/install/interfaces/share/interfaces/cmake/ament_cmake_export_libraries-extras.cmake
[8.464s] -- Installing: /home/max/temp_workspace/install/interfaces/share/interfaces/cmake/ament_cmake_export_targets-extras.cmake
[8.465s] -- Installing: /home/max/temp_workspace/install/interfaces/share/interfaces/cmake/ament_cmake_export_include_directories-extras.cmake
[8.465s] -- Installing: /home/max/temp_workspace/install/interfaces/share/interfaces/cmake/rosidl_cmake_export_typesupport_libraries-extras.cmake
[8.465s] -- Installing: /home/max/temp_workspace/install/interfaces/share/interfaces/cmake/rosidl_cmake_export_typesupport_targets-extras.cmake
[8.465s] -- Installing: /home/max/temp_workspace/install/interfaces/share/interfaces/cmake/interfacesConfig.cmake
[8.466s] -- Installing: /home/max/temp_workspace/install/interfaces/share/interfaces/cmake/interfacesConfig-version.cmake
[8.466s] -- Installing: /home/max/temp_workspace/install/interfaces/share/interfaces/package.xml
[8.475s] Invoked command in '/home/max/temp_workspace/build/interfaces' returned '0': CMAKE_PREFIX_PATH=/opt/ros/foxy /usr/bin/cmake --install /home/max/temp_workspace/build/interfaces
