[1.120s] Invoking command in '/home/max/temp_workspace/src/service': PYTHONPATH=/home/max/temp_workspace/install/service/lib/python3.8/site-packages:${PYTHONPATH} /usr/bin/python3 setup.py egg_info --egg-base ../../build/service build --build-base /home/max/temp_workspace/build/service/build install --prefix /home/max/temp_workspace/install/service --record /home/max/temp_workspace/build/service/install.log --single-version-externally-managed
[1.435s] /home/max/.local/lib/python3.8/site-packages/setuptools/dist.py:771: UserWarning: Usage of dash-separated 'script-dir' will not be supported in future versions. Please use the underscore name 'script_dir' instead
[1.435s]   warnings.warn(
[1.436s] /home/max/.local/lib/python3.8/site-packages/setuptools/dist.py:771: UserWarning: Usage of dash-separated 'install-scripts' will not be supported in future versions. Please use the underscore name 'install_scripts' instead
[1.436s]   warnings.warn(
[1.518s] running egg_info
[1.531s] writing ../../build/service/service.egg-info/PKG-INFO
[1.531s] writing dependency_links to ../../build/service/service.egg-info/dependency_links.txt
[1.531s] writing entry points to ../../build/service/service.egg-info/entry_points.txt
[1.531s] writing requirements to ../../build/service/service.egg-info/requires.txt
[1.532s] writing top-level names to ../../build/service/service.egg-info/top_level.txt
[1.558s] reading manifest file '../../build/service/service.egg-info/SOURCES.txt'
[1.559s] writing manifest file '../../build/service/service.egg-info/SOURCES.txt'
[1.559s] running build
[1.560s] running build_py
[1.560s] copying service/clientmain.py -> /home/max/temp_workspace/build/service/build/lib/service
[1.560s] running install
[1.560s] /home/max/.local/lib/python3.8/site-packages/setuptools/command/install.py:34: SetuptoolsDeprecationWarning: setup.py install is deprecated. Use build and pip and other standards-based tools.
[1.560s]   warnings.warn(
[1.567s] running install_lib
[1.579s] copying /home/max/temp_workspace/build/service/build/lib/service/clientmain.py -> /home/max/temp_workspace/install/service/lib/python3.8/site-packages/service
[1.579s] byte-compiling /home/max/temp_workspace/install/service/lib/python3.8/site-packages/service/main.py to main.cpython-38.pyc
[1.579s]   File "/home/max/temp_workspace/install/service/lib/python3.8/site-packages/service/main.py", line 47
[1.579s]     def main(args = none)
[1.580s]                         ^
[1.580s] SyntaxError: invalid syntax
[1.580s] 
[1.580s] byte-compiling /home/max/temp_workspace/install/service/lib/python3.8/site-packages/service/clientmain.py to clientmain.cpython-38.pyc
[1.580s] running install_data
[1.592s] running install_egg_info
[1.605s] removing '/home/max/temp_workspace/install/service/lib/python3.8/site-packages/service-0.0.0-py3.8.egg-info' (and everything under it)
[1.605s] Copying ../../build/service/service.egg-info to /home/max/temp_workspace/install/service/lib/python3.8/site-packages/service-0.0.0-py3.8.egg-info
[1.607s] running install_scripts
[1.678s] Installing client script to /home/max/temp_workspace/install/service/lib/service
[1.678s] Installing service script to /home/max/temp_workspace/install/service/lib/service
[1.678s] writing list of installed files to '/home/max/temp_workspace/build/service/install.log'
[1.735s] Invoked command in '/home/max/temp_workspace/src/service' returned '0': PYTHONPATH=/home/max/temp_workspace/install/service/lib/python3.8/site-packages:${PYTHONPATH} /usr/bin/python3 setup.py egg_info --egg-base ../../build/service build --build-base /home/max/temp_workspace/build/service/build install --prefix /home/max/temp_workspace/install/service --record /home/max/temp_workspace/build/service/install.log --single-version-externally-managed
