[2.333s] Invoking command in '/home/max/temp_workspace/src/listener': PYTHONPATH=/home/max/temp_workspace/install/listener/lib/python3.8/site-packages:${PYTHONPATH} /usr/bin/python3 setup.py egg_info --egg-base ../../build/listener build --build-base /home/max/temp_workspace/build/listener/build install --prefix /home/max/temp_workspace/install/listener --record /home/max/temp_workspace/build/listener/install.log --single-version-externally-managed
[2.841s] /home/max/.local/lib/python3.8/site-packages/setuptools/dist.py:771: UserWarning: Usage of dash-separated 'script-dir' will not be supported in future versions. Please use the underscore name 'script_dir' instead
[2.841s]   warnings.warn(
[2.841s] /home/max/.local/lib/python3.8/site-packages/setuptools/dist.py:771: UserWarning: Usage of dash-separated 'install-scripts' will not be supported in future versions. Please use the underscore name 'install_scripts' instead
[2.841s]   warnings.warn(
[3.004s] running egg_info
[3.025s] writing ../../build/listener/listener.egg-info/PKG-INFO
[3.026s] writing dependency_links to ../../build/listener/listener.egg-info/dependency_links.txt
[3.026s] writing entry points to ../../build/listener/listener.egg-info/entry_points.txt
[3.027s] writing requirements to ../../build/listener/listener.egg-info/requires.txt
[3.027s] writing top-level names to ../../build/listener/listener.egg-info/top_level.txt
[3.073s] reading manifest file '../../build/listener/listener.egg-info/SOURCES.txt'
[3.074s] writing manifest file '../../build/listener/listener.egg-info/SOURCES.txt'
[3.075s] running build
[3.075s] running build_py
[3.075s] running install
[3.076s] /home/max/.local/lib/python3.8/site-packages/setuptools/command/install.py:34: SetuptoolsDeprecationWarning: setup.py install is deprecated. Use build and pip and other standards-based tools.
[3.076s]   warnings.warn(
[3.086s] running install_lib
[3.106s] running install_data
[3.125s] running install_egg_info
[3.145s] removing '/home/max/temp_workspace/install/listener/lib/python3.8/site-packages/listener-0.0.0-py3.8.egg-info' (and everything under it)
[3.145s] Copying ../../build/listener/listener.egg-info to /home/max/temp_workspace/install/listener/lib/python3.8/site-packages/listener-0.0.0-py3.8.egg-info
[3.147s] running install_scripts
[3.242s] Installing listener script to /home/max/temp_workspace/install/listener/lib/listener
[3.243s] writing list of installed files to '/home/max/temp_workspace/build/listener/install.log'
[3.326s] Invoked command in '/home/max/temp_workspace/src/listener' returned '0': PYTHONPATH=/home/max/temp_workspace/install/listener/lib/python3.8/site-packages:${PYTHONPATH} /usr/bin/python3 setup.py egg_info --egg-base ../../build/listener build --build-base /home/max/temp_workspace/build/listener/build install --prefix /home/max/temp_workspace/install/listener --record /home/max/temp_workspace/build/listener/install.log --single-version-externally-managed
