[1.086s] Invoking command in '/home/max/temp_workspace/src/service': PYTHONPATH=/home/max/temp_workspace/install/service/lib/python3.8/site-packages:/home/max/temp_workspace/install/test_interfaces1/lib/python3.8/site-packages:/home/max/temp_workspace/install/service/lib/python3.8/site-packages:/home/max/temp_workspace/install/talker/lib/python3.8/site-packages:/home/max/temp_workspace/install/listener/lib/python3.8/site-packages:/home/max/temp_workspace/install/interfaces/lib/python3.8/site-packages:/opt/ros/foxy/lib/python3.8/site-packages /usr/bin/python3 setup.py egg_info --egg-base ../../build/service build --build-base /home/max/temp_workspace/build/service/build install --prefix /home/max/temp_workspace/install/service --record /home/max/temp_workspace/build/service/install.log --single-version-externally-managed
[1.364s] /home/max/.local/lib/python3.8/site-packages/setuptools/dist.py:771: UserWarning: Usage of dash-separated 'script-dir' will not be supported in future versions. Please use the underscore name 'script_dir' instead
[1.364s]   warnings.warn(
[1.364s] /home/max/.local/lib/python3.8/site-packages/setuptools/dist.py:771: UserWarning: Usage of dash-separated 'install-scripts' will not be supported in future versions. Please use the underscore name 'install_scripts' instead
[1.364s]   warnings.warn(
[1.434s] running egg_info
[1.446s] writing ../../build/service/service.egg-info/PKG-INFO
[1.446s] writing dependency_links to ../../build/service/service.egg-info/dependency_links.txt
[1.446s] writing entry points to ../../build/service/service.egg-info/entry_points.txt
[1.446s] writing requirements to ../../build/service/service.egg-info/requires.txt
[1.447s] writing top-level names to ../../build/service/service.egg-info/top_level.txt
[1.470s] reading manifest file '../../build/service/service.egg-info/SOURCES.txt'
[1.471s] writing manifest file '../../build/service/service.egg-info/SOURCES.txt'
[1.471s] running build
[1.471s] running build_py
[1.472s] copying service/main.py -> /home/max/temp_workspace/build/service/build/lib/service
[1.472s] copying service/clientmain.py -> /home/max/temp_workspace/build/service/build/lib/service
[1.472s] running install
[1.472s] /home/max/.local/lib/python3.8/site-packages/setuptools/command/install.py:34: SetuptoolsDeprecationWarning: setup.py install is deprecated. Use build and pip and other standards-based tools.
[1.472s]   warnings.warn(
[1.478s] running install_lib
[1.489s] copying /home/max/temp_workspace/build/service/build/lib/service/main.py -> /home/max/temp_workspace/install/service/lib/python3.8/site-packages/service
[1.490s] copying /home/max/temp_workspace/build/service/build/lib/service/clientmain.py -> /home/max/temp_workspace/install/service/lib/python3.8/site-packages/service
[1.490s] byte-compiling /home/max/temp_workspace/install/service/lib/python3.8/site-packages/service/main.py to main.cpython-38.pyc
[1.491s] byte-compiling /home/max/temp_workspace/install/service/lib/python3.8/site-packages/service/clientmain.py to clientmain.cpython-38.pyc
[1.491s] running install_data
[1.502s] running install_egg_info
[1.513s] removing '/home/max/temp_workspace/install/service/lib/python3.8/site-packages/service-0.0.0-py3.8.egg-info' (and everything under it)
[1.514s] Copying ../../build/service/service.egg-info to /home/max/temp_workspace/install/service/lib/python3.8/site-packages/service-0.0.0-py3.8.egg-info
[1.515s] running install_scripts
[1.579s] Installing client script to /home/max/temp_workspace/install/service/lib/service
[1.580s] Installing service script to /home/max/temp_workspace/install/service/lib/service
[1.580s] writing list of installed files to '/home/max/temp_workspace/build/service/install.log'
[1.637s] Invoked command in '/home/max/temp_workspace/src/service' returned '0': PYTHONPATH=/home/max/temp_workspace/install/service/lib/python3.8/site-packages:/home/max/temp_workspace/install/test_interfaces1/lib/python3.8/site-packages:/home/max/temp_workspace/install/service/lib/python3.8/site-packages:/home/max/temp_workspace/install/talker/lib/python3.8/site-packages:/home/max/temp_workspace/install/listener/lib/python3.8/site-packages:/home/max/temp_workspace/install/interfaces/lib/python3.8/site-packages:/opt/ros/foxy/lib/python3.8/site-packages /usr/bin/python3 setup.py egg_info --egg-base ../../build/service build --build-base /home/max/temp_workspace/build/service/build install --prefix /home/max/temp_workspace/install/service --record /home/max/temp_workspace/build/service/install.log --single-version-externally-managed
