[0.690s] Invoking command in '/home/max/temp_workspace/src/talker': PYTHONPATH=/home/max/temp_workspace/install/talker/lib/python3.8/site-packages:${PYTHONPATH} /usr/bin/python3 setup.py egg_info --egg-base ../../build/talker build --build-base /home/max/temp_workspace/build/talker/build install --prefix /home/max/temp_workspace/install/talker --record /home/max/temp_workspace/build/talker/install.log --single-version-externally-managed
[0.933s] running egg_info
[0.934s] creating ../../build/talker/talker.egg-info
[0.934s] writing ../../build/talker/talker.egg-info/PKG-INFO
[0.934s] writing dependency_links to ../../build/talker/talker.egg-info/dependency_links.txt
[0.934s] writing entry points to ../../build/talker/talker.egg-info/entry_points.txt
[0.935s] writing requirements to ../../build/talker/talker.egg-info/requires.txt
[0.935s] writing top-level names to ../../build/talker/talker.egg-info/top_level.txt
[0.936s] writing manifest file '../../build/talker/talker.egg-info/SOURCES.txt'
[0.975s] reading manifest file '../../build/talker/talker.egg-info/SOURCES.txt'
[0.976s] writing manifest file '../../build/talker/talker.egg-info/SOURCES.txt'
[0.976s] running build
[0.976s] running build_py
[0.976s] creating /home/max/temp_workspace/build/talker/build
[0.976s] creating /home/max/temp_workspace/build/talker/build/lib
[0.976s] creating /home/max/temp_workspace/build/talker/build/lib/talker
[0.976s] copying talker/main.py -> /home/max/temp_workspace/build/talker/build/lib/talker
[0.976s] copying talker/__init__.py -> /home/max/temp_workspace/build/talker/build/lib/talker
[0.976s] running install
[0.977s] running install_lib
[0.978s] creating /home/max/temp_workspace/install/talker/lib/python3.8/site-packages/talker
[0.978s] copying /home/max/temp_workspace/build/talker/build/lib/talker/main.py -> /home/max/temp_workspace/install/talker/lib/python3.8/site-packages/talker
[0.979s] copying /home/max/temp_workspace/build/talker/build/lib/talker/__init__.py -> /home/max/temp_workspace/install/talker/lib/python3.8/site-packages/talker
[0.979s] byte-compiling /home/max/temp_workspace/install/talker/lib/python3.8/site-packages/talker/main.py to main.cpython-38.pyc
[0.980s]   File "/home/max/temp_workspace/install/talker/lib/python3.8/site-packages/talker/main.py", line 38
[0.980s]     self.timer_callback
[0.981s]     ^
[0.981s] SyntaxError: invalid syntax
[0.981s] 
[0.981s] byte-compiling /home/max/temp_workspace/install/talker/lib/python3.8/site-packages/talker/__init__.py to __init__.cpython-38.pyc
[0.981s] running install_data
[0.981s] creating /home/max/temp_workspace/install/talker/share/ament_index
[0.981s] creating /home/max/temp_workspace/install/talker/share/ament_index/resource_index
[0.982s] creating /home/max/temp_workspace/install/talker/share/ament_index/resource_index/packages
[0.982s] copying resource/talker -> /home/max/temp_workspace/install/talker/share/ament_index/resource_index/packages
[0.982s] copying package.xml -> /home/max/temp_workspace/install/talker/share/talker
[0.982s] running install_egg_info
[0.984s] Copying ../../build/talker/talker.egg-info to /home/max/temp_workspace/install/talker/lib/python3.8/site-packages/talker-0.0.0-py3.8.egg-info
[0.985s] running install_scripts
[1.004s] Installing talker script to /home/max/temp_workspace/install/talker/lib/talker
[1.004s] writing list of installed files to '/home/max/temp_workspace/build/talker/install.log'
[1.032s] Invoked command in '/home/max/temp_workspace/src/talker' returned '0': PYTHONPATH=/home/max/temp_workspace/install/talker/lib/python3.8/site-packages:${PYTHONPATH} /usr/bin/python3 setup.py egg_info --egg-base ../../build/talker build --build-base /home/max/temp_workspace/build/talker/build install --prefix /home/max/temp_workspace/install/talker --record /home/max/temp_workspace/build/talker/install.log --single-version-externally-managed
