[0.078s] Invoking command in '/home/max/temp_workspace/build/action_tutorials_interfaces': CMAKE_PREFIX_PATH=/opt/ros/foxy /usr/bin/cmake --build /home/max/temp_workspace/build/action_tutorials_interfaces -- -j4 -l4
[1.406s] [  9%] Built target action_tutorials_interfaces__rosidl_generator_c
[1.406s] [ 12%] Built target action_tutorials_interfaces__cpp
[1.406s] [ 22%] Built target action_tutorials_interfaces__rosidl_typesupport_c
[1.406s] [ 32%] Built target action_tutorials_interfaces__rosidl_typesupport_introspection_c
[1.406s] [ 41%] Built target action_tutorials_interfaces__rosidl_typesupport_introspection_cpp
[1.406s] [ 51%] Built target action_tutorials_interfaces__rosidl_typesupport_cpp
[1.407s] [ 61%] Built target action_tutorials_interfaces__rosidl_typesupport_fastrtps_cpp
[1.407s] [ 70%] Built target action_tutorials_interfaces__rosidl_typesupport_fastrtps_c
[1.407s] [ 70%] Built target action_tutorials_interfaces
[1.407s] [ 74%] Built target action_tutorials_interfaces__py
[1.407s] [ 80%] Built target action_tutorials_interfaces__python
[1.407s] [ 87%] Built target action_tutorials_interfaces__rosidl_typesupport_fastrtps_c__pyext
[1.407s] [ 93%] Built target action_tutorials_interfaces__rosidl_typesupport_c__pyext
[1.416s] [100%] Built target action_tutorials_interfaces__rosidl_typesupport_introspection_c__pyext
[1.423s] Invoked command in '/home/max/temp_workspace/build/action_tutorials_interfaces' returned '0': CMAKE_PREFIX_PATH=/opt/ros/foxy /usr/bin/cmake --build /home/max/temp_workspace/build/action_tutorials_interfaces -- -j4 -l4
[1.780s] Invoking command in '/home/max/temp_workspace/build/action_tutorials_interfaces': CMAKE_PREFIX_PATH=/opt/ros/foxy /usr/bin/cmake --install /home/max/temp_workspace/build/action_tutorials_interfaces
[1.799s] -- Install configuration: ""
[1.799s] -- Up-to-date: /home/max/temp_workspace/install/action_tutorials_interfaces/share/ament_index/resource_index/rosidl_interfaces/action_tutorials_interfaces
[1.800s] -- Up-to-date: /home/max/temp_workspace/install/action_tutorials_interfaces/include/action_tutorials_interfaces
[1.800s] -- Up-to-date: /home/max/temp_workspace/install/action_tutorials_interfaces/include/action_tutorials_interfaces/msg
[1.801s] -- Up-to-date: /home/max/temp_workspace/install/action_tutorials_interfaces/include/action_tutorials_interfaces/msg/rosidl_generator_c__visibility_control.h
[1.801s] -- Up-to-date: /home/max/temp_workspace/install/action_tutorials_interfaces/include/action_tutorials_interfaces/action
[1.801s] -- Up-to-date: /home/max/temp_workspace/install/action_tutorials_interfaces/include/action_tutorials_interfaces/action/detail
[1.802s] -- Up-to-date: /home/max/temp_workspace/install/action_tutorials_interfaces/include/action_tutorials_interfaces/action/detail/squares__functions.c
[1.802s] -- Up-to-date: /home/max/temp_workspace/install/action_tutorials_interfaces/include/action_tutorials_interfaces/action/detail/squares__struct.h
[1.802s] -- Up-to-date: /home/max/temp_workspace/install/action_tutorials_interfaces/include/action_tutorials_interfaces/action/detail/squares__type_support.h
[1.803s] -- Up-to-date: /home/max/temp_workspace/install/action_tutorials_interfaces/include/action_tutorials_interfaces/action/detail/squares__functions.h
[1.803s] -- Up-to-date: /home/max/temp_workspace/install/action_tutorials_interfaces/include/action_tutorials_interfaces/action/squares.h
[1.803s] -- Up-to-date: /home/max/temp_workspace/install/action_tutorials_interfaces/share/action_tutorials_interfaces/environment/library_path.sh
[1.806s] -- Up-to-date: /home/max/temp_workspace/install/action_tutorials_interfaces/share/action_tutorials_interfaces/environment/library_path.dsv
[1.807s] -- Up-to-date: /home/max/temp_workspace/install/action_tutorials_interfaces/lib/libaction_tutorials_interfaces__rosidl_generator_c.so
[1.808s] -- Up-to-date: /home/max/temp_workspace/install/action_tutorials_interfaces/include/action_tutorials_interfaces
[1.808s] -- Up-to-date: /home/max/temp_workspace/install/action_tutorials_interfaces/include/action_tutorials_interfaces/msg
[1.809s] -- Up-to-date: /home/max/temp_workspace/install/action_tutorials_interfaces/include/action_tutorials_interfaces/msg/rosidl_typesupport_fastrtps_c__visibility_control.h
[1.809s] -- Up-to-date: /home/max/temp_workspace/install/action_tutorials_interfaces/include/action_tutorials_interfaces/action
[1.809s] -- Up-to-date: /home/max/temp_workspace/install/action_tutorials_interfaces/include/action_tutorials_interfaces/action/detail
[1.810s] -- Up-to-date: /home/max/temp_workspace/install/action_tutorials_interfaces/include/action_tutorials_interfaces/action/detail/squares__rosidl_typesupport_fastrtps_c.h
[1.810s] -- Up-to-date: /home/max/temp_workspace/install/action_tutorials_interfaces/lib/libaction_tutorials_interfaces__rosidl_typesupport_fastrtps_c.so
[1.811s] -- Up-to-date: /home/max/temp_workspace/install/action_tutorials_interfaces/include/action_tutorials_interfaces
[1.812s] -- Up-to-date: /home/max/temp_workspace/install/action_tutorials_interfaces/include/action_tutorials_interfaces/msg
[1.812s] -- Up-to-date: /home/max/temp_workspace/install/action_tutorials_interfaces/include/action_tutorials_interfaces/msg/rosidl_typesupport_fastrtps_cpp__visibility_control.h
[1.813s] -- Up-to-date: /home/max/temp_workspace/install/action_tutorials_interfaces/include/action_tutorials_interfaces/action
[1.813s] -- Up-to-date: /home/max/temp_workspace/install/action_tutorials_interfaces/include/action_tutorials_interfaces/action/detail
[1.813s] -- Up-to-date: /home/max/temp_workspace/install/action_tutorials_interfaces/include/action_tutorials_interfaces/action/detail/squares__rosidl_typesupport_fastrtps_cpp.hpp
[1.814s] -- Up-to-date: /home/max/temp_workspace/install/action_tutorials_interfaces/include/action_tutorials_interfaces/action/detail/dds_fastrtps
[1.815s] -- Up-to-date: /home/max/temp_workspace/install/action_tutorials_interfaces/lib/libaction_tutorials_interfaces__rosidl_typesupport_fastrtps_cpp.so
[1.816s] -- Up-to-date: /home/max/temp_workspace/install/action_tutorials_interfaces/include/action_tutorials_interfaces
[1.816s] -- Up-to-date: /home/max/temp_workspace/install/action_tutorials_interfaces/include/action_tutorials_interfaces/msg
[1.817s] -- Up-to-date: /home/max/temp_workspace/install/action_tutorials_interfaces/include/action_tutorials_interfaces/msg/rosidl_typesupport_introspection_c__visibility_control.h
[1.817s] -- Up-to-date: /home/max/temp_workspace/install/action_tutorials_interfaces/include/action_tutorials_interfaces/action
[1.818s] -- Up-to-date: /home/max/temp_workspace/install/action_tutorials_interfaces/include/action_tutorials_interfaces/action/detail
[1.818s] -- Up-to-date: /home/max/temp_workspace/install/action_tutorials_interfaces/include/action_tutorials_interfaces/action/detail/squares__type_support.c
[1.818s] -- Up-to-date: /home/max/temp_workspace/install/action_tutorials_interfaces/include/action_tutorials_interfaces/action/detail/squares__rosidl_typesupport_introspection_c.h
[1.819s] -- Up-to-date: /home/max/temp_workspace/install/action_tutorials_interfaces/lib/libaction_tutorials_interfaces__rosidl_typesupport_introspection_c.so
[1.821s] -- Up-to-date: /home/max/temp_workspace/install/action_tutorials_interfaces/lib/libaction_tutorials_interfaces__rosidl_typesupport_c.so
[1.821s] -- Up-to-date: /home/max/temp_workspace/install/action_tutorials_interfaces/include/action_tutorials_interfaces
[1.822s] -- Up-to-date: /home/max/temp_workspace/install/action_tutorials_interfaces/include/action_tutorials_interfaces/action
[1.822s] -- Up-to-date: /home/max/temp_workspace/install/action_tutorials_interfaces/include/action_tutorials_interfaces/action/detail
[1.823s] -- Up-to-date: /home/max/temp_workspace/install/action_tutorials_interfaces/include/action_tutorials_interfaces/action/detail/squares__builder.hpp
[1.823s] -- Up-to-date: /home/max/temp_workspace/install/action_tutorials_interfaces/include/action_tutorials_interfaces/action/detail/squares__struct.hpp
[1.823s] -- Up-to-date: /home/max/temp_workspace/install/action_tutorials_interfaces/include/action_tutorials_interfaces/action/detail/squares__traits.hpp
[1.824s] -- Up-to-date: /home/max/temp_workspace/install/action_tutorials_interfaces/include/action_tutorials_interfaces/action/squares.hpp
[1.824s] -- Up-to-date: /home/max/temp_workspace/install/action_tutorials_interfaces/include/action_tutorials_interfaces
[1.825s] -- Up-to-date: /home/max/temp_workspace/install/action_tutorials_interfaces/include/action_tutorials_interfaces/action
[1.826s] -- Up-to-date: /home/max/temp_workspace/install/action_tutorials_interfaces/include/action_tutorials_interfaces/action/detail
[1.826s] -- Up-to-date: /home/max/temp_workspace/install/action_tutorials_interfaces/include/action_tutorials_interfaces/action/detail/squares__rosidl_typesupport_introspection_cpp.hpp
[1.827s] -- Up-to-date: /home/max/temp_workspace/install/action_tutorials_interfaces/include/action_tutorials_interfaces/action/detail/squares__type_support.cpp
[1.828s] -- Up-to-date: /home/max/temp_workspace/install/action_tutorials_interfaces/lib/libaction_tutorials_interfaces__rosidl_typesupport_introspection_cpp.so
[1.829s] -- Up-to-date: /home/max/temp_workspace/install/action_tutorials_interfaces/lib/libaction_tutorials_interfaces__rosidl_typesupport_cpp.so
[1.830s] -- Up-to-date: /home/max/temp_workspace/install/action_tutorials_interfaces/share/action_tutorials_interfaces/environment/pythonpath.sh
[1.831s] -- Up-to-date: /home/max/temp_workspace/install/action_tutorials_interfaces/share/action_tutorials_interfaces/environment/pythonpath.dsv
[1.831s] -- Up-to-date: /home/max/temp_workspace/install/action_tutorials_interfaces/lib/python3.8/site-packages/action_tutorials_interfaces/__init__.py
[1.948s] -- Up-to-date: /home/max/temp_workspace/install/action_tutorials_interfaces/lib/python3.8/site-packages/action_tutorials_interfaces/action
[1.948s] -- Up-to-date: /home/max/temp_workspace/install/action_tutorials_interfaces/lib/python3.8/site-packages/action_tutorials_interfaces/action/_squares_s.c
[1.948s] -- Up-to-date: /home/max/temp_workspace/install/action_tutorials_interfaces/lib/python3.8/site-packages/action_tutorials_interfaces/action/__init__.py
[1.949s] -- Up-to-date: /home/max/temp_workspace/install/action_tutorials_interfaces/lib/python3.8/site-packages/action_tutorials_interfaces/action/_squares.py
[1.949s] -- Up-to-date: /home/max/temp_workspace/install/action_tutorials_interfaces/lib/python3.8/site-packages/action_tutorials_interfaces/action_tutorials_interfaces_s__rosidl_typesupport_fastrtps_c.cpython-38-x86_64-linux-gnu.so
[1.949s] -- Up-to-date: /home/max/temp_workspace/install/action_tutorials_interfaces/lib/python3.8/site-packages/action_tutorials_interfaces/action_tutorials_interfaces_s__rosidl_typesupport_introspection_c.cpython-38-x86_64-linux-gnu.so
[1.949s] -- Up-to-date: /home/max/temp_workspace/install/action_tutorials_interfaces/lib/python3.8/site-packages/action_tutorials_interfaces/action_tutorials_interfaces_s__rosidl_typesupport_c.cpython-38-x86_64-linux-gnu.so
[1.949s] -- Up-to-date: /home/max/temp_workspace/install/action_tutorials_interfaces/lib/libaction_tutorials_interfaces__python.so
[1.949s] -- Up-to-date: /home/max/temp_workspace/install/action_tutorials_interfaces/share/action_tutorials_interfaces/action/Squares.idl
[1.949s] -- Up-to-date: /home/max/temp_workspace/install/action_tutorials_interfaces/share/action_tutorials_interfaces/action/Squares.action
[1.949s] -- Up-to-date: /home/max/temp_workspace/install/action_tutorials_interfaces/share/ament_index/resource_index/package_run_dependencies/action_tutorials_interfaces
[1.950s] -- Up-to-date: /home/max/temp_workspace/install/action_tutorials_interfaces/share/ament_index/resource_index/parent_prefix_path/action_tutorials_interfaces
[1.950s] -- Up-to-date: /home/max/temp_workspace/install/action_tutorials_interfaces/share/action_tutorials_interfaces/environment/ament_prefix_path.sh
[1.950s] -- Up-to-date: /home/max/temp_workspace/install/action_tutorials_interfaces/share/action_tutorials_interfaces/environment/ament_prefix_path.dsv
[1.950s] -- Up-to-date: /home/max/temp_workspace/install/action_tutorials_interfaces/share/action_tutorials_interfaces/environment/path.sh
[1.950s] -- Up-to-date: /home/max/temp_workspace/install/action_tutorials_interfaces/share/action_tutorials_interfaces/environment/path.dsv
[1.950s] -- Up-to-date: /home/max/temp_workspace/install/action_tutorials_interfaces/share/action_tutorials_interfaces/local_setup.bash
[1.950s] -- Up-to-date: /home/max/temp_workspace/install/action_tutorials_interfaces/share/action_tutorials_interfaces/local_setup.sh
[1.951s] -- Up-to-date: /home/max/temp_workspace/install/action_tutorials_interfaces/share/action_tutorials_interfaces/local_setup.zsh
[1.951s] -- Up-to-date: /home/max/temp_workspace/install/action_tutorials_interfaces/share/action_tutorials_interfaces/local_setup.dsv
[1.951s] -- Installing: /home/max/temp_workspace/install/action_tutorials_interfaces/share/action_tutorials_interfaces/package.dsv
[1.951s] -- Up-to-date: /home/max/temp_workspace/install/action_tutorials_interfaces/share/ament_index/resource_index/packages/action_tutorials_interfaces
[1.951s] -- Up-to-date: /home/max/temp_workspace/install/action_tutorials_interfaces/share/action_tutorials_interfaces/cmake/action_tutorials_interfaces__rosidl_generator_cExport.cmake
[1.951s] -- Up-to-date: /home/max/temp_workspace/install/action_tutorials_interfaces/share/action_tutorials_interfaces/cmake/action_tutorials_interfaces__rosidl_generator_cExport-noconfig.cmake
[1.951s] -- Up-to-date: /home/max/temp_workspace/install/action_tutorials_interfaces/share/action_tutorials_interfaces/cmake/action_tutorials_interfaces__rosidl_typesupport_introspection_cExport.cmake
[1.952s] -- Up-to-date: /home/max/temp_workspace/install/action_tutorials_interfaces/share/action_tutorials_interfaces/cmake/action_tutorials_interfaces__rosidl_typesupport_introspection_cExport-noconfig.cmake
[1.952s] -- Up-to-date: /home/max/temp_workspace/install/action_tutorials_interfaces/share/action_tutorials_interfaces/cmake/action_tutorials_interfaces__rosidl_typesupport_cExport.cmake
[1.952s] -- Up-to-date: /home/max/temp_workspace/install/action_tutorials_interfaces/share/action_tutorials_interfaces/cmake/action_tutorials_interfaces__rosidl_typesupport_cExport-noconfig.cmake
[1.972s] -- Up-to-date: /home/max/temp_workspace/install/action_tutorials_interfaces/share/action_tutorials_interfaces/cmake/action_tutorials_interfaces__rosidl_generator_cppExport.cmake
[1.972s] -- Up-to-date: /home/max/temp_workspace/install/action_tutorials_interfaces/share/action_tutorials_interfaces/cmake/action_tutorials_interfaces__rosidl_typesupport_introspection_cppExport.cmake
[1.972s] -- Up-to-date: /home/max/temp_workspace/install/action_tutorials_interfaces/share/action_tutorials_interfaces/cmake/action_tutorials_interfaces__rosidl_typesupport_introspection_cppExport-noconfig.cmake
[1.972s] -- Up-to-date: /home/max/temp_workspace/install/action_tutorials_interfaces/share/action_tutorials_interfaces/cmake/action_tutorials_interfaces__rosidl_typesupport_cppExport.cmake
[1.972s] -- Up-to-date: /home/max/temp_workspace/install/action_tutorials_interfaces/share/action_tutorials_interfaces/cmake/action_tutorials_interfaces__rosidl_typesupport_cppExport-noconfig.cmake
[1.972s] -- Up-to-date: /home/max/temp_workspace/install/action_tutorials_interfaces/share/action_tutorials_interfaces/cmake/rosidl_cmake-extras.cmake
[1.972s] -- Up-to-date: /home/max/temp_workspace/install/action_tutorials_interfaces/share/action_tutorials_interfaces/cmake/ament_cmake_export_dependencies-extras.cmake
[1.973s] -- Up-to-date: /home/max/temp_workspace/install/action_tutorials_interfaces/share/action_tutorials_interfaces/cmake/ament_cmake_export_libraries-extras.cmake
[1.973s] -- Up-to-date: /home/max/temp_workspace/install/action_tutorials_interfaces/share/action_tutorials_interfaces/cmake/ament_cmake_export_targets-extras.cmake
[1.973s] -- Up-to-date: /home/max/temp_workspace/install/action_tutorials_interfaces/share/action_tutorials_interfaces/cmake/ament_cmake_export_include_directories-extras.cmake
[1.973s] -- Up-to-date: /home/max/temp_workspace/install/action_tutorials_interfaces/share/action_tutorials_interfaces/cmake/rosidl_cmake_export_typesupport_libraries-extras.cmake
[1.973s] -- Up-to-date: /home/max/temp_workspace/install/action_tutorials_interfaces/share/action_tutorials_interfaces/cmake/rosidl_cmake_export_typesupport_targets-extras.cmake
[1.973s] -- Up-to-date: /home/max/temp_workspace/install/action_tutorials_interfaces/share/action_tutorials_interfaces/cmake/action_tutorials_interfacesConfig.cmake
[1.974s] -- Up-to-date: /home/max/temp_workspace/install/action_tutorials_interfaces/share/action_tutorials_interfaces/cmake/action_tutorials_interfacesConfig-version.cmake
[1.974s] -- Up-to-date: /home/max/temp_workspace/install/action_tutorials_interfaces/share/action_tutorials_interfaces/package.xml
[2.037s] Invoked command in '/home/max/temp_workspace/build/action_tutorials_interfaces' returned '0': CMAKE_PREFIX_PATH=/opt/ros/foxy /usr/bin/cmake --install /home/max/temp_workspace/build/action_tutorials_interfaces
